PRT1
436
1137
4 0 2 (1835 1024 0 ) (1835 1024 760 ) (1024 1024 760 ) (1024 1024 0 ) 
4 0 1 (1024 1024 0 ) (1024 1024 760 ) (1024 1568 760 ) (1024 1568 0 ) 
4 1 82 (0 1024 0 ) (0 1024 760 ) (0 1568 760 ) (0 1568 0 ) 
4 1 68 (0 1024 192 ) (0 1024 0 ) (184 1024 0 ) (184 1024 192 ) 
4 1 52 (0 1024 360 ) (0 1024 192 ) (184 1024 192 ) (184 1024 360 ) 
4 1 51 (0 1024 440 ) (0 1024 360 ) (184 1024 360 ) (184 1024 440 ) 
4 1 49 (0 1024 456 ) (0 1024 440 ) (184 1024 440 ) (184 1024 456 ) 
4 1 48 (184 1024 760 ) (0 1024 760 ) (0 1024 456 ) (184 1024 456 ) 
4 1 33 (184 1024 456 ) (184 1024 0 ) (208 1024 0 ) (208 1024 456 ) 
4 1 24 (208 1024 0 ) (568 1024 0 ) (568 1024 456 ) (208 1024 456 ) 
4 1 23 (184 1024 464 ) (184 1024 456 ) (208 1024 456 ) (208 1024 464 ) 
4 1 21 (208 1024 456 ) (568 1024 456 ) (568 1024 464 ) (208 1024 464 ) 
4 1 20 (568 1024 760 ) (184 1024 760 ) (184 1024 464 ) (568 1024 464 ) 
4 1 12 (576 1024 760 ) (568 1024 760 ) (568 1024 0 ) (576 1024 0 ) 
4 1 7 (696 1024 136 ) (688 1024 136 ) (688 1024 0 ) (696 1024 0 ) 
4 1 8 (688 1024 136 ) (576 1024 136 ) (576 1024 0 ) (688 1024 0 ) 
4 1 5 (880 1024 136 ) (872 1024 136 ) (872 1024 0 ) (880 1024 0 ) 
4 1 4 (1024 1024 0 ) (1024 1024 136 ) (880 1024 136 ) (880 1024 0 ) 
4 1 6 (872 1024 136 ) (696 1024 136 ) (696 1024 0 ) (872 1024 0 ) 
4 1 3 (1024 1024 136 ) (1024 1024 760 ) (576 1024 760 ) (576 1024 136 ) 
4 2 299 (1835 0 0 ) (1835 0 760 ) (1024 0 760 ) (1024 0 0 ) 
4 2 10 (1024 384 0 ) (1024 0 0 ) (1024 0 136 ) (1024 384 136 ) 
4 2 4 (1024 1024 136 ) (1024 1024 0 ) (1024 384 0 ) (1024 384 136 ) 
4 2 3 (1024 1024 760 ) (1024 1024 136 ) (1024 0 136 ) (1024 0 760 ) 
4 3 300 (1024 0 136 ) (1024 0 760 ) (576 0 760 ) (576 0 136 ) 
4 3 19 (576 8 136 ) (576 0 136 ) (576 0 464 ) (576 8 464 ) 
4 3 18 (576 0 464 ) (576 0 760 ) (576 408 760 ) (576 408 464 ) 
4 3 16 (576 408 464 ) (576 408 760 ) (576 536 760 ) (576 536 464 ) 
4 3 14 (576 536 464 ) (576 536 760 ) (576 880 760 ) (576 880 464 ) 
4 3 15 (576 536 232 ) (576 536 320 ) (576 880 320 ) (576 880 232 ) 
4 3 13 (576 880 464 ) (576 880 760 ) (576 888 760 ) (576 888 464 ) 
4 3 12 (576 1024 760 ) (576 1024 136 ) (576 888 136 ) (576 888 760 ) 
4 3 11 (576 0 136 ) (576 376 136 ) (880 376 136 ) (880 0 136 ) 
4 3 10 (880 384 136 ) (1024 384 136 ) (1024 0 136 ) (880 0 136 ) 
4 3 9 (576 384 136 ) (576 560 136 ) (696 560 136 ) (696 384 136 ) 
4 3 7 (688 1024 136 ) (696 1024 136 ) (696 608 136 ) (688 608 136 ) 
4 3 8 (576 568 136 ) (576 1024 136 ) (688 1024 136 ) (688 568 136 ) 
4 3 5 (872 1024 136 ) (880 1024 136 ) (880 608 136 ) (872 608 136 ) 
4 3 4 (880 1024 136 ) (1024 1024 136 ) (1024 384 136 ) (880 384 136 ) 
4 3 6 (696 1024 136 ) (872 1024 136 ) (872 384 136 ) (696 384 136 ) 
4 4 10 (1024 384 136 ) (880 384 136 ) (880 384 0 ) (1024 384 0 ) 
4 4 5 (880 1024 0 ) (880 608 0 ) (880 608 136 ) (880 1024 136 ) 
4 5 6 (872 1024 0 ) (872 608 0 ) (872 608 136 ) (872 1024 136 ) 
4 6 9 (696 560 0 ) (696 384 0 ) (696 384 136 ) (696 560 136 ) 
4 6 7 (696 1024 0 ) (696 608 0 ) (696 608 136 ) (696 1024 136 ) 
4 7 8 (688 1024 0 ) (688 608 0 ) (688 608 136 ) (688 1024 136 ) 
4 8 12 (576 1024 136 ) (576 1024 0 ) (576 888 0 ) (576 888 136 ) 
4 9 17 (576 536 0 ) (576 408 0 ) (576 408 114 ) (576 536 114 ) 
4 10 300 (1024 0 0 ) (1024 0 136 ) (880 0 136 ) (880 0 0 ) 
4 10 11 (880 376 0 ) (880 0 0 ) (880 0 136 ) (880 376 136 ) 
4 11 300 (880 0 136 ) (576 0 136 ) (576 0 0 ) (880 0 0 ) 
4 11 19 (576 8 0 ) (576 0 0 ) (576 0 136 ) (576 8 136 ) 
4 12 24 (568 1024 0 ) (568 888 0 ) (568 888 456 ) (568 1024 456 ) 
4 12 21 (568 888 456 ) (568 888 464 ) (568 1024 464 ) (568 1024 456 ) 
4 12 20 (568 888 464 ) (568 888 760 ) (568 1024 760 ) (568 1024 464 ) 
4 12 13 (568 888 760 ) (568 888 464 ) (576 888 464 ) (576 888 760 ) 
4 13 20 (568 880 464 ) (568 880 760 ) (568 888 760 ) (568 888 464 ) 
4 13 14 (568 880 760 ) (568 880 464 ) (576 880 464 ) (576 880 760 ) 
4 14 20 (568 536 464 ) (568 536 760 ) (568 880 760 ) (568 880 464 ) 
4 14 16 (568 536 760 ) (568 536 464 ) (576 536 464 ) (576 536 760 ) 
4 15 34 (568 536 232 ) (568 536 320 ) (568 568 320 ) (568 568 232 ) 
4 15 31 (568 568 320 ) (568 576 320 ) (568 576 232 ) (568 568 232 ) 
4 15 27 (568 576 320 ) (568 756 320 ) (568 756 232 ) (568 576 232 ) 
4 15 26 (568 756 320 ) (568 880 320 ) (568 880 232 ) (568 756 232 ) 
4 16 20 (568 408 464 ) (568 408 760 ) (568 536 760 ) (568 536 464 ) 
4 16 18 (568 408 760 ) (568 408 464 ) (576 408 464 ) (576 408 760 ) 
4 17 34 (568 536 0 ) (568 408 0 ) (568 408 114 ) (568 536 114 ) 
4 18 300 (568 0 760 ) (568 0 464 ) (576 0 464 ) (576 0 760 ) 
4 18 20 (568 0 464 ) (568 0 760 ) (568 408 760 ) (568 408 464 ) 
4 18 19 (568 0 464 ) (568 8 464 ) (576 8 464 ) (576 0 464 ) 
4 19 300 (568 0 464 ) (568 0 0 ) (576 0 0 ) (576 0 464 ) 
4 19 42 (568 8 0 ) (568 0 0 ) (568 0 456 ) (568 8 456 ) 
4 19 22 (568 0 456 ) (568 0 464 ) (568 8 464 ) (568 8 456 ) 
4 20 301 (184 0 760 ) (184 0 464 ) (208 0 464 ) (208 0 760 ) 
4 20 300 (208 0 464 ) (568 0 464 ) (568 0 760 ) (208 0 760 ) 
4 20 50 (184 856 464 ) (184 0 464 ) (184 0 760 ) (184 856 760 ) 
4 20 48 (184 1024 760 ) (184 1024 464 ) (184 856 464 ) (184 856 760 ) 
4 20 23 (184 888 464 ) (184 1024 464 ) (208 1024 464 ) (208 888 464 ) 
4 20 22 (568 8 464 ) (568 0 464 ) (208 0 464 ) (208 8 464 ) 
4 20 21 (208 1024 464 ) (568 1024 464 ) (568 888 464 ) (208 888 464 ) 
4 21 24 (208 1024 456 ) (568 1024 456 ) (568 888 456 ) (208 888 456 ) 
4 21 23 (208 1024 456 ) (208 888 456 ) (208 888 464 ) (208 1024 464 ) 
4 22 300 (208 0 456 ) (568 0 456 ) (568 0 464 ) (208 0 464 ) 
4 22 47 (336 0 456 ) (208 0 456 ) (208 8 456 ) (336 8 456 ) 
4 22 44 (344 0 456 ) (336 0 456 ) (336 8 456 ) (344 8 456 ) 
4 22 42 (568 8 456 ) (568 0 456 ) (344 0 456 ) (344 8 456 ) 
4 23 48 (184 1024 464 ) (184 1024 456 ) (184 888 456 ) (184 888 464 ) 
4 23 33 (184 888 456 ) (184 1024 456 ) (208 1024 456 ) (208 888 456 ) 
4 24 33 (208 1024 0 ) (208 888 0 ) (208 888 456 ) (208 1024 456 ) 
4 24 25 (208 888 320 ) (208 888 232 ) (568 888 232 ) (568 888 320 ) 
4 25 26 (208 880 320 ) (208 880 232 ) (568 880 232 ) (568 880 320 ) 
4 26 28 (208 756 456 ) (208 756 184 ) (360 756 184 ) (360 756 456 ) 
4 26 30 (208 756 184 ) (208 756 96 ) (360 756 96 ) (360 756 184 ) 
4 26 27 (416 756 96 ) (568 756 96 ) (568 756 456 ) (416 756 456 ) 
4 27 31 (416 576 0 ) (568 576 0 ) (568 576 456 ) (416 576 456 ) 
4 28 29 (208 612 456 ) (208 612 192 ) (360 612 192 ) (360 612 456 ) 
4 28 30 (208 756 184 ) (360 756 184 ) (360 612 184 ) (208 612 184 ) 
4 29 32 (220 576 192 ) (348 576 192 ) (348 576 304 ) (220 576 304 ) 
4 31 34 (568 568 0 ) (568 568 456 ) (416 568 456 ) (416 568 0 ) 
4 32 35 (220 568 304 ) (220 568 192 ) (348 568 192 ) (348 568 304 ) 
4 33 68 (184 1024 192 ) (184 1024 0 ) (184 888 0 ) (184 888 192 ) 
4 33 52 (184 1024 360 ) (184 1024 192 ) (184 888 192 ) (184 888 360 ) 
4 33 51 (184 1024 440 ) (184 1024 360 ) (184 888 360 ) (184 888 440 ) 
4 33 49 (184 1024 456 ) (184 1024 440 ) (184 888 440 ) (184 888 456 ) 
4 34 40 (428 288 112 ) (428 288 0 ) (556 288 0 ) (556 288 112 ) 
4 35 38 (200 448 192 ) (200 322 192 ) (200 322 304 ) (200 448 304 ) 
4 36 39 (200 448 0 ) (200 322 0 ) (200 322 112 ) (200 448 112 ) 
4 36 37 (336 296 0 ) (336 296 112 ) (208 296 112 ) (208 296 0 ) 
4 37 45 (208 288 0 ) (336 288 0 ) (336 288 112 ) (208 288 112 ) 
4 38 62 (184 322 192 ) (184 322 304 ) (184 448 304 ) (184 448 192 ) 
4 39 80 (184 448 0 ) (184 322 0 ) (184 322 112 ) (184 448 112 ) 
4 40 41 (428 280 0 ) (556 280 0 ) (556 280 112 ) (428 280 112 ) 
4 41 43 (344 232 0 ) (344 104 0 ) (344 104 112 ) (344 232 112 ) 
4 41 42 (344 8 176 ) (344 8 0 ) (568 8 0 ) (568 8 176 ) 
4 42 300 (344 0 0 ) (568 0 0 ) (568 0 456 ) (344 0 456 ) 
4 42 44 (344 8 0 ) (344 0 0 ) (344 0 456 ) (344 8 456 ) 
4 43 45 (336 232 0 ) (336 104 0 ) (336 104 112 ) (336 232 112 ) 
4 44 300 (336 0 0 ) (344 0 0 ) (344 0 456 ) (336 0 456 ) 
4 44 47 (336 8 0 ) (336 0 0 ) (336 0 456 ) (336 8 456 ) 
4 45 46 (208 16 112 ) (208 16 0 ) (336 16 0 ) (336 16 112 ) 
4 46 47 (208 8 112 ) (208 8 0 ) (336 8 0 ) (336 8 112 ) 
4 47 300 (208 0 0 ) (336 0 0 ) (336 0 456 ) (208 0 456 ) 
4 48 86 (0 888 456 ) (0 856 456 ) (0 856 464 ) (0 888 464 ) 
4 48 85 (0 1024 464 ) (0 1024 456 ) (0 888 456 ) (0 888 464 ) 
4 48 84 (0 1024 760 ) (0 1024 464 ) (0 856 464 ) (0 856 760 ) 
4 48 50 (184 856 464 ) (184 856 760 ) (0 856 760 ) (0 856 464 ) 
4 48 49 (0 888 456 ) (0 1024 456 ) (184 1024 456 ) (184 888 456 ) 
4 49 85 (0 1024 456 ) (0 1024 440 ) (0 888 440 ) (0 888 456 ) 
4 49 51 (0 888 440 ) (0 1024 440 ) (184 1024 440 ) (184 888 440 ) 
4 50 303 (0 0 760 ) (0 0 464 ) (184 0 464 ) (184 0 760 ) 
4 50 84 (0 0 464 ) (0 0 760 ) (0 856 760 ) (0 856 464 ) 
4 51 88 (0 888 440 ) (0 1024 440 ) (0 1024 360 ) (0 888 360 ) 
4 51 52 (0 888 360 ) (0 1024 360 ) (184 1024 360 ) (184 888 360 ) 
4 52 89 (0 1024 360 ) (0 1024 192 ) (0 880 192 ) (0 880 360 ) 
4 52 68 (184 1024 192 ) (184 880 192 ) (0 880 192 ) (0 1024 192 ) 
4 52 53 (184 880 200 ) (184 880 360 ) (0 880 360 ) (0 880 200 ) 
4 53 90 (0 872 200 ) (0 872 360 ) (0 880 360 ) (0 880 200 ) 
4 53 54 (184 872 200 ) (184 872 360 ) (0 872 360 ) (0 872 200 ) 
4 54 91 (0 872 192 ) (0 856 192 ) (0 856 360 ) (0 872 360 ) 
4 54 60 (184 856 216 ) (184 856 218 ) (0 856 218 ) (0 856 216 ) 
4 54 56 (184 856 218 ) (184 856 342 ) (0 856 342 ) (0 856 218 ) 
4 54 55 (184 856 342 ) (184 856 344 ) (0 856 344 ) (0 856 342 ) 
4 55 100 (0 856 344 ) (0 856 342 ) (0 848 342 ) (0 848 344 ) 
4 55 64 (108 848 344 ) (0 848 344 ) (0 848 342 ) (108 848 342 ) 
4 55 61 (184 848 342 ) (184 848 344 ) (108 848 344 ) (108 848 342 ) 
4 55 57 (182 854 342 ) (184 854 342 ) (184 850 342 ) (182 850 342 ) 
4 55 58 (82 854 342 ) (84 854 342 ) (84 850 342 ) (82 850 342 ) 
4 55 56 (0 854 342 ) (0 856 342 ) (184 856 342 ) (184 854 342 ) 
4 55 59 (184 848 342 ) (0 848 342 ) (0 850 342 ) (184 850 342 ) 
4 56 103 (0 856 342 ) (0 856 218 ) (0 854 218 ) (0 854 342 ) 
4 56 60 (0 854 218 ) (0 856 218 ) (184 856 218 ) (184 854 218 ) 
4 56 57 (182 854 218 ) (184 854 218 ) (184 854 342 ) (182 854 342 ) 
4 56 58 (82 854 218 ) (84 854 218 ) (84 854 342 ) (82 854 342 ) 
4 57 60 (182 854 218 ) (184 854 218 ) (184 850 218 ) (182 850 218 ) 
4 57 59 (182 850 218 ) (184 850 218 ) (184 850 342 ) (182 850 342 ) 
4 58 60 (82 854 218 ) (84 854 218 ) (84 850 218 ) (82 850 218 ) 
4 58 59 (82 850 218 ) (84 850 218 ) (84 850 342 ) (82 850 342 ) 
4 59 115 (0 850 218 ) (0 848 218 ) (0 848 342 ) (0 850 342 ) 
4 59 64 (108 848 342 ) (0 848 342 ) (0 848 304 ) (108 848 304 ) 
4 59 67 (0 848 304 ) (0 848 218 ) (108 848 218 ) (108 848 304 ) 
4 59 61 (184 848 218 ) (184 848 342 ) (108 848 342 ) (108 848 218 ) 
4 59 60 (184 848 218 ) (0 848 218 ) (0 850 218 ) (184 850 218 ) 
4 60 118 (0 856 218 ) (0 856 216 ) (0 848 216 ) (0 848 218 ) 
4 60 67 (108 848 218 ) (0 848 218 ) (0 848 216 ) (108 848 216 ) 
4 60 61 (184 848 216 ) (184 848 218 ) (108 848 218 ) (108 848 216 ) 
4 61 64 (108 848 440 ) (108 848 304 ) (108 496 304 ) (108 496 440 ) 
4 61 67 (108 848 304 ) (108 848 192 ) (108 496 192 ) (108 496 304 ) 
4 62 65 (108 280 304 ) (108 280 440 ) (108 488 440 ) (108 488 304 ) 
4 62 67 (108 488 192 ) (108 280 192 ) (108 280 304 ) (108 488 304 ) 
4 63 310 (108 0 192 ) (184 0 192 ) (184 0 218 ) (108 0 218 ) 
4 63 306 (184 0 218 ) (184 0 342 ) (108 0 342 ) (108 0 218 ) 
4 63 304 (184 0 342 ) (184 0 440 ) (108 0 440 ) (108 0 342 ) 
4 63 66 (108 0 304 ) (108 0 440 ) (108 272 440 ) (108 272 304 ) 
4 63 67 (108 272 192 ) (108 0 192 ) (108 0 304 ) (108 272 304 ) 
4 64 121 (0 496 440 ) (0 848 440 ) (0 848 304 ) (0 496 304 ) 
4 64 67 (0 496 304 ) (0 848 304 ) (108 848 304 ) (108 496 304 ) 
4 65 122 (0 280 440 ) (0 488 440 ) (0 488 304 ) (0 280 304 ) 
4 65 67 (0 280 304 ) (0 488 304 ) (108 488 304 ) (108 280 304 ) 
4 66 306 (0 0 342 ) (0 0 304 ) (108 0 304 ) (108 0 342 ) 
4 66 304 (0 0 440 ) (0 0 342 ) (108 0 342 ) (108 0 440 ) 
4 66 123 (0 0 304 ) (0 0 440 ) (0 272 440 ) (0 272 304 ) 
4 66 67 (0 0 304 ) (0 272 304 ) (108 272 304 ) (108 0 304 ) 
4 67 310 (0 0 218 ) (0 0 192 ) (108 0 192 ) (108 0 218 ) 
4 67 306 (0 0 304 ) (0 0 218 ) (108 0 218 ) (108 0 304 ) 
4 67 124 (0 0 192 ) (0 0 304 ) (0 848 304 ) (0 848 192 ) 
4 68 160 (0 1024 26 ) (0 1024 0 ) (0 880 0 ) (0 880 26 ) 
4 68 152 (0 1024 176 ) (0 1024 26 ) (0 880 26 ) (0 880 176 ) 
4 68 146 (0 880 192 ) (0 1024 192 ) (0 1024 176 ) (0 880 176 ) 
4 68 69 (0 880 0 ) (184 880 0 ) (184 880 120 ) (0 880 120 ) 
4 69 160 (0 880 26 ) (0 880 0 ) (0 872 0 ) (0 872 26 ) 
4 69 153 (0 880 120 ) (0 880 26 ) (0 872 26 ) (0 872 120 ) 
4 69 75 (0 872 0 ) (184 872 0 ) (184 872 26 ) (0 872 26 ) 
4 69 71 (184 872 26 ) (184 872 120 ) (0 872 120 ) (0 872 26 ) 
4 70 155 (0 854 150 ) (0 848 150 ) (0 848 152 ) (0 854 152 ) 
4 70 154 (0 872 152 ) (0 872 150 ) (0 854 150 ) (0 854 152 ) 
4 70 78 (106 848 152 ) (0 848 152 ) (0 848 150 ) (106 848 150 ) 
4 70 77 (184 848 150 ) (184 848 152 ) (106 848 152 ) (106 848 150 ) 
4 70 72 (182 854 150 ) (184 854 150 ) (184 850 150 ) (182 850 150 ) 
4 70 73 (82 854 150 ) (84 854 150 ) (84 850 150 ) (82 850 150 ) 
4 70 71 (0 854 150 ) (0 872 150 ) (184 872 150 ) (184 854 150 ) 
4 70 74 (184 848 150 ) (0 848 150 ) (0 850 150 ) (184 850 150 ) 
4 71 154 (0 872 150 ) (0 872 26 ) (0 854 26 ) (0 854 150 ) 
4 71 76 (0 854 26 ) (0 856 26 ) (184 856 26 ) (184 854 26 ) 
4 71 75 (0 856 26 ) (0 872 26 ) (184 872 26 ) (184 856 26 ) 
4 71 72 (182 854 26 ) (184 854 26 ) (184 854 150 ) (182 854 150 ) 
4 71 73 (82 854 26 ) (84 854 26 ) (84 854 150 ) (82 854 150 ) 
4 72 76 (182 854 26 ) (184 854 26 ) (184 850 26 ) (182 850 26 ) 
4 72 74 (182 850 26 ) (184 850 26 ) (184 850 150 ) (182 850 150 ) 
4 73 76 (82 854 26 ) (84 854 26 ) (84 850 26 ) (82 850 26 ) 
4 73 74 (82 850 26 ) (84 850 26 ) (84 850 150 ) (82 850 150 ) 
4 74 159 (0 850 26 ) (0 848 26 ) (0 848 150 ) (0 850 150 ) 
4 74 78 (106 848 150 ) (0 848 150 ) (0 848 26 ) (106 848 26 ) 
4 74 77 (184 848 26 ) (184 848 150 ) (106 848 150 ) (106 848 26 ) 
4 74 76 (184 848 26 ) (0 848 26 ) (0 850 26 ) (184 850 26 ) 
4 75 160 (0 872 26 ) (0 872 0 ) (0 856 0 ) (0 856 26 ) 
4 75 76 (184 856 24 ) (184 856 26 ) (0 856 26 ) (0 856 24 ) 
4 76 161 (0 848 24 ) (0 848 26 ) (0 856 26 ) (0 856 24 ) 
4 76 78 (106 848 26 ) (0 848 26 ) (0 848 24 ) (106 848 24 ) 
4 76 77 (184 848 24 ) (184 848 26 ) (106 848 26 ) (106 848 24 ) 
4 77 78 (106 848 176 ) (106 848 0 ) (106 496 0 ) (106 496 176 ) 
4 78 162 (0 848 26 ) (0 848 0 ) (0 496 0 ) (0 496 26 ) 
4 78 159 (0 848 150 ) (0 848 26 ) (0 496 26 ) (0 496 150 ) 
4 78 156 (0 496 176 ) (0 848 176 ) (0 848 150 ) (0 496 150 ) 
4 78 79 (0 496 0 ) (106 496 0 ) (106 496 114 ) (0 496 114 ) 
4 79 163 (0 496 114 ) (0 496 0 ) (0 488 0 ) (0 488 114 ) 
4 79 80 (0 488 0 ) (106 488 0 ) (106 488 114 ) (0 488 114 ) 
4 80 196 (0 280 176 ) (0 488 176 ) (0 488 0 ) (0 280 0 ) 
4 81 318 (0 0 26 ) (0 0 0 ) (184 0 0 ) (184 0 26 ) 
4 81 314 (0 0 150 ) (0 0 26 ) (184 0 26 ) (184 0 150 ) 
4 81 312 (0 0 176 ) (0 0 150 ) (184 0 150 ) (184 0 176 ) 
4 81 208 (0 0 0 ) (0 0 176 ) (0 36 176 ) (0 36 0 ) 
4 81 206 (0 36 176 ) (0 164 176 ) (0 164 0 ) (0 36 0 ) 
4 81 205 (0 164 176 ) (0 248 176 ) (0 248 0 ) (0 164 0 ) 
4 81 204 (0 248 176 ) (0 272 176 ) (0 272 0 ) (0 248 0 ) 
4 82 192 (-1024 1024 26 ) (-1024 1024 0 ) (-664 1024 0 ) (-664 1024 26 ) 
4 82 183 (-664 1024 176 ) (-1024 1024 176 ) (-1024 1024 26 ) (-664 1024 26 ) 
4 82 181 (-640 1024 176 ) (-664 1024 176 ) (-664 1024 0 ) (-640 1024 0 ) 
4 82 174 (-640 1024 26 ) (-640 1024 0 ) (-240 1024 0 ) (-240 1024 26 ) 
4 82 166 (-240 1024 176 ) (-640 1024 176 ) (-640 1024 26 ) (-240 1024 26 ) 
4 82 164 (-216 1024 176 ) (-240 1024 176 ) (-240 1024 0 ) (-216 1024 0 ) 
4 82 160 (0 1024 0 ) (0 1024 26 ) (-216 1024 26 ) (-216 1024 0 ) 
4 82 152 (0 1024 26 ) (0 1024 176 ) (-216 1024 176 ) (-216 1024 26 ) 
4 82 150 (-664 1024 192 ) (-1024 1024 192 ) (-1024 1024 176 ) (-664 1024 176 ) 
4 82 149 (-640 1024 192 ) (-664 1024 192 ) (-664 1024 176 ) (-640 1024 176 ) 
4 82 148 (-240 1024 192 ) (-640 1024 192 ) (-640 1024 176 ) (-240 1024 176 ) 
4 82 147 (-216 1024 192 ) (-240 1024 192 ) (-240 1024 176 ) (-216 1024 176 ) 
4 82 146 (0 1024 176 ) (0 1024 192 ) (-216 1024 192 ) (-216 1024 176 ) 
4 82 97 (-664 1024 360 ) (-1024 1024 360 ) (-1024 1024 192 ) (-664 1024 192 ) 
4 82 96 (-640 1024 360 ) (-664 1024 360 ) (-664 1024 192 ) (-640 1024 192 ) 
4 82 93 (-240 1024 360 ) (-640 1024 360 ) (-640 1024 192 ) (-240 1024 192 ) 
4 82 92 (-216 1024 360 ) (-240 1024 360 ) (-240 1024 192 ) (-216 1024 192 ) 
4 82 89 (0 1024 192 ) (0 1024 360 ) (-216 1024 360 ) (-216 1024 192 ) 
4 82 88 (0 1024 360 ) (0 1024 440 ) (-1024 1024 440 ) (-1024 1024 360 ) 
4 82 85 (0 1024 440 ) (0 1024 464 ) (-1024 1024 464 ) (-1024 1024 440 ) 
4 82 84 (0 1024 464 ) (0 1024 760 ) (-1024 1024 760 ) (-1024 1024 464 ) 
4 82 83 (-1024 1024 0 ) (-1024 1024 760 ) (-1024 1568 760 ) (-1024 1568 0 ) 
4 83 297 (-2048 1024 0 ) (-2048 1024 760 ) (-2048 1568 760 ) (-2048 1568 0 ) 
4 83 296 (-2048 1024 760 ) (-2048 1024 0 ) (-1456 1024 0 ) (-1456 1024 760 ) 
4 83 288 (-1456 1024 0 ) (-1448 1024 0 ) (-1448 1024 232 ) (-1456 1024 232 ) 
4 83 287 (-1448 1024 232 ) (-1448 1024 464 ) (-1456 1024 464 ) (-1456 1024 232 ) 
4 83 286 (-1448 1024 464 ) (-1448 1024 760 ) (-1456 1024 760 ) (-1456 1024 464 ) 
4 83 275 (-1448 1024 0 ) (-1240 1024 0 ) (-1240 1024 760 ) (-1448 1024 760 ) 
4 83 252 (-1240 1024 0 ) (-1088 1024 0 ) (-1088 1024 760 ) (-1240 1024 760 ) 
4 83 246 (-1088 1024 0 ) (-1064 1024 0 ) (-1064 1024 464 ) (-1088 1024 464 ) 
4 83 245 (-1064 1024 464 ) (-1064 1024 760 ) (-1088 1024 760 ) (-1088 1024 464 ) 
4 83 233 (-1064 1024 0 ) (-1024 1024 0 ) (-1024 1024 176 ) (-1064 1024 176 ) 
4 83 231 (-1024 1024 176 ) (-1024 1024 192 ) (-1064 1024 192 ) (-1064 1024 176 ) 
4 83 221 (-1024 1024 192 ) (-1024 1024 200 ) (-1064 1024 200 ) (-1064 1024 192 ) 
4 83 219 (-1024 1024 200 ) (-1024 1024 440 ) (-1064 1024 440 ) (-1064 1024 200 ) 
4 83 217 (-1024 1024 440 ) (-1024 1024 464 ) (-1064 1024 464 ) (-1064 1024 440 ) 
4 83 216 (-1024 1024 464 ) (-1024 1024 760 ) (-1064 1024 760 ) (-1064 1024 464 ) 
4 84 329 (0 0 464 ) (0 0 760 ) (-1024 0 760 ) (-1024 0 464 ) 
4 84 216 (-1024 1024 760 ) (-1024 1024 464 ) (-1024 0 464 ) (-1024 0 760 ) 
4 84 87 (-352 472 464 ) (-352 304 464 ) (-528 304 464 ) (-528 472 464 ) 
4 84 86 (-1024 856 464 ) (-1024 888 464 ) (0 888 464 ) (0 856 464 ) 
4 84 85 (-1024 888 464 ) (-1024 1024 464 ) (0 1024 464 ) (0 888 464 ) 
4 85 217 (-1024 1024 464 ) (-1024 1024 440 ) (-1024 888 440 ) (-1024 888 464 ) 
4 85 88 (-1024 888 440 ) (-1024 1024 440 ) (0 1024 440 ) (0 888 440 ) 
4 85 86 (0 888 456 ) (0 888 464 ) (-1024 888 464 ) (-1024 888 456 ) 
4 86 218 (-1024 856 456 ) (-1024 856 464 ) (-1024 888 464 ) (-1024 888 456 ) 
4 87 135 (-508 472 440 ) (-352 472 440 ) (-352 304 440 ) (-508 304 440 ) 
4 87 136 (-528 304 440 ) (-528 472 440 ) (-508 472 440 ) (-508 304 440 ) 
4 88 219 (-1024 1024 440 ) (-1024 1024 360 ) (-1024 888 360 ) (-1024 888 440 ) 
4 88 97 (-1024 888 360 ) (-1024 1024 360 ) (-664 1024 360 ) (-664 888 360 ) 
4 88 96 (-664 1024 360 ) (-640 1024 360 ) (-640 888 360 ) (-664 888 360 ) 
4 88 93 (-640 1024 360 ) (-240 1024 360 ) (-240 888 360 ) (-640 888 360 ) 
4 88 92 (-240 1024 360 ) (-216 1024 360 ) (-216 888 360 ) (-240 888 360 ) 
4 88 89 (-216 1024 360 ) (0 1024 360 ) (0 888 360 ) (-216 888 360 ) 
4 89 146 (-216 1024 192 ) (0 1024 192 ) (0 880 192 ) (-216 880 192 ) 
4 89 92 (-216 1024 192 ) (-216 888 192 ) (-216 888 360 ) (-216 1024 360 ) 
4 89 90 (-216 880 360 ) (-216 880 200 ) (0 880 200 ) (0 880 360 ) 
4 90 91 (-216 872 360 ) (-216 872 200 ) (0 872 200 ) (0 872 360 ) 
4 91 118 (0 856 216 ) (0 856 218 ) (-216 856 218 ) (-216 856 216 ) 
4 91 103 (0 856 218 ) (0 856 342 ) (-216 856 342 ) (-216 856 218 ) 
4 91 100 (0 856 342 ) (0 856 344 ) (-216 856 344 ) (-216 856 342 ) 
4 92 147 (-240 1024 192 ) (-216 1024 192 ) (-216 888 192 ) (-240 888 192 ) 
4 92 93 (-240 1024 192 ) (-240 888 192 ) (-240 888 360 ) (-240 1024 360 ) 
4 93 148 (-640 1024 192 ) (-240 1024 192 ) (-240 880 192 ) (-640 880 192 ) 
4 93 96 (-640 1024 192 ) (-640 888 192 ) (-640 888 360 ) (-640 1024 360 ) 
4 93 94 (-640 880 360 ) (-640 880 200 ) (-240 880 200 ) (-240 880 360 ) 
4 94 95 (-640 872 360 ) (-640 872 200 ) (-240 872 200 ) (-240 872 360 ) 
4 95 119 (-240 856 216 ) (-240 856 218 ) (-640 856 218 ) (-640 856 216 ) 
4 95 104 (-240 856 218 ) (-240 856 342 ) (-640 856 342 ) (-640 856 218 ) 
4 95 101 (-240 856 342 ) (-240 856 344 ) (-640 856 344 ) (-640 856 342 ) 
4 96 149 (-664 1024 192 ) (-640 1024 192 ) (-640 888 192 ) (-664 888 192 ) 
4 96 97 (-664 1024 192 ) (-664 888 192 ) (-664 888 360 ) (-664 1024 360 ) 
4 97 221 (-1024 1024 200 ) (-1024 1024 192 ) (-1024 880 192 ) (-1024 880 200 ) 
4 97 220 (-1024 888 200 ) (-1024 880 200 ) (-1024 880 360 ) (-1024 888 360 ) 
4 97 219 (-1024 1024 360 ) (-1024 1024 200 ) (-1024 888 200 ) (-1024 888 360 ) 
4 97 150 (-1024 880 192 ) (-1024 1024 192 ) (-664 1024 192 ) (-664 880 192 ) 
4 97 98 (-664 880 200 ) (-664 880 360 ) (-1024 880 360 ) (-1024 880 200 ) 
4 98 220 (-1024 872 200 ) (-1024 872 360 ) (-1024 880 360 ) (-1024 880 200 ) 
4 98 99 (-664 872 200 ) (-664 872 360 ) (-1024 872 360 ) (-1024 872 200 ) 
4 99 222 (-1024 872 192 ) (-1024 856 192 ) (-1024 856 200 ) (-1024 872 200 ) 
4 99 220 (-1024 856 200 ) (-1024 856 360 ) (-1024 872 360 ) (-1024 872 200 ) 
4 99 120 (-664 856 216 ) (-664 856 218 ) (-1024 856 218 ) (-1024 856 216 ) 
4 99 105 (-664 856 218 ) (-664 856 342 ) (-1024 856 342 ) (-1024 856 218 ) 
4 99 102 (-664 856 342 ) (-664 856 344 ) (-1024 856 344 ) (-1024 856 342 ) 
4 100 129 (-104 848 344 ) (-216 848 344 ) (-216 848 342 ) (-104 848 342 ) 
4 100 128 (-96 848 344 ) (-104 848 344 ) (-104 848 342 ) (-96 848 342 ) 
4 100 125 (-20 848 344 ) (-96 848 344 ) (-96 848 342 ) (-20 848 342 ) 
4 100 121 (0 848 342 ) (0 848 344 ) (-20 848 344 ) (-20 848 342 ) 
4 100 115 (0 848 342 ) (-216 848 342 ) (-216 850 342 ) (0 850 342 ) 
4 100 106 (-18 854 342 ) (-16 854 342 ) (-16 850 342 ) (-18 850 342 ) 
4 100 107 (-118 854 342 ) (-116 854 342 ) (-116 850 342 ) (-118 850 342 ) 
4 100 103 (-216 854 342 ) (-216 856 342 ) (0 856 342 ) (0 854 342 ) 
4 101 130 (-452 848 344 ) (-468 848 344 ) (-468 848 342 ) (-452 848 342 ) 
4 101 129 (-240 848 344 ) (-452 848 344 ) (-452 848 342 ) (-240 848 342 ) 
4 101 132 (-468 848 344 ) (-640 848 344 ) (-640 848 342 ) (-468 848 342 ) 
4 101 116 (-240 848 342 ) (-640 848 342 ) (-640 850 342 ) (-240 850 342 ) 
4 101 110 (-442 854 342 ) (-440 854 342 ) (-440 850 342 ) (-442 850 342 ) 
4 101 111 (-542 854 342 ) (-540 854 342 ) (-540 850 342 ) (-542 850 342 ) 
4 101 109 (-342 854 342 ) (-340 854 342 ) (-340 850 342 ) (-342 850 342 ) 
4 101 108 (-242 854 342 ) (-240 854 342 ) (-240 850 342 ) (-242 850 342 ) 
4 101 104 (-640 854 342 ) (-640 856 342 ) (-240 856 342 ) (-240 854 342 ) 
4 102 223 (-1024 848 342 ) (-1024 848 344 ) (-1024 856 344 ) (-1024 856 342 ) 
4 102 140 (-664 848 344 ) (-1024 848 344 ) (-1024 848 342 ) (-664 848 342 ) 
4 102 117 (-664 848 342 ) (-1024 848 342 ) (-1024 850 342 ) (-664 850 342 ) 
4 102 113 (-864 854 342 ) (-862 854 342 ) (-862 850 342 ) (-864 850 342 ) 
4 102 114 (-964 854 342 ) (-962 854 342 ) (-962 850 342 ) (-964 850 342 ) 
4 102 112 (-764 854 342 ) (-762 854 342 ) (-762 850 342 ) (-764 850 342 ) 
4 102 105 (-1024 854 342 ) (-1024 856 342 ) (-664 856 342 ) (-664 854 342 ) 
4 103 118 (-216 856 218 ) (0 856 218 ) (0 854 218 ) (-216 854 218 ) 
4 103 106 (-18 854 218 ) (-16 854 218 ) (-16 854 342 ) (-18 854 342 ) 
4 103 107 (-118 854 218 ) (-116 854 218 ) (-116 854 342 ) (-118 854 342 ) 
4 104 119 (-640 856 218 ) (-240 856 218 ) (-240 854 218 ) (-640 854 218 ) 
4 104 110 (-442 854 218 ) (-440 854 218 ) (-440 854 342 ) (-442 854 342 ) 
4 104 111 (-542 854 218 ) (-540 854 218 ) (-540 854 342 ) (-542 854 342 ) 
4 104 109 (-342 854 218 ) (-340 854 218 ) (-340 854 342 ) (-342 854 342 ) 
4 104 108 (-242 854 218 ) (-240 854 218 ) (-240 854 342 ) (-242 854 342 ) 
4 105 224 (-1024 854 342 ) (-1024 856 342 ) (-1024 856 218 ) (-1024 854 218 ) 
4 105 120 (-1024 854 218 ) (-1024 856 218 ) (-664 856 218 ) (-664 854 218 ) 
4 105 113 (-864 854 218 ) (-862 854 218 ) (-862 854 342 ) (-864 854 342 ) 
4 105 114 (-964 854 218 ) (-962 854 218 ) (-962 854 342 ) (-964 854 342 ) 
4 105 112 (-764 854 218 ) (-762 854 218 ) (-762 854 342 ) (-764 854 342 ) 
4 106 118 (-18 854 218 ) (-16 854 218 ) (-16 850 218 ) (-18 850 218 ) 
4 106 115 (-18 850 218 ) (-16 850 218 ) (-16 850 342 ) (-18 850 342 ) 
4 107 118 (-118 854 218 ) (-116 854 218 ) (-116 850 218 ) (-118 850 218 ) 
4 107 115 (-118 850 218 ) (-116 850 218 ) (-116 850 342 ) (-118 850 342 ) 
4 108 119 (-242 854 218 ) (-240 854 218 ) (-240 850 218 ) (-242 850 218 ) 
4 108 116 (-242 850 218 ) (-240 850 218 ) (-240 850 342 ) (-242 850 342 ) 
4 109 119 (-342 854 218 ) (-340 854 218 ) (-340 850 218 ) (-342 850 218 ) 
4 109 116 (-342 850 218 ) (-340 850 218 ) (-340 850 342 ) (-342 850 342 ) 
4 110 119 (-442 854 218 ) (-440 854 218 ) (-440 850 218 ) (-442 850 218 ) 
4 110 116 (-442 850 218 ) (-440 850 218 ) (-440 850 342 ) (-442 850 342 ) 
4 111 119 (-542 854 218 ) (-540 854 218 ) (-540 850 218 ) (-542 850 218 ) 
4 111 116 (-542 850 218 ) (-540 850 218 ) (-540 850 342 ) (-542 850 342 ) 
4 112 120 (-764 854 218 ) (-762 854 218 ) (-762 850 218 ) (-764 850 218 ) 
4 112 117 (-764 850 218 ) (-762 850 218 ) (-762 850 342 ) (-764 850 342 ) 
4 113 120 (-864 854 218 ) (-862 854 218 ) (-862 850 218 ) (-864 850 218 ) 
4 113 117 (-864 850 218 ) (-862 850 218 ) (-862 850 342 ) (-864 850 342 ) 
4 114 120 (-964 854 218 ) (-962 854 218 ) (-962 850 218 ) (-964 850 218 ) 
4 114 117 (-964 850 218 ) (-962 850 218 ) (-962 850 342 ) (-964 850 342 ) 
4 115 129 (-104 848 342 ) (-216 848 342 ) (-216 848 218 ) (-104 848 218 ) 
4 115 128 (-96 848 342 ) (-104 848 342 ) (-104 848 218 ) (-96 848 218 ) 
4 115 125 (-20 848 342 ) (-96 848 342 ) (-96 848 218 ) (-20 848 218 ) 
4 115 121 (0 848 304 ) (0 848 342 ) (-20 848 342 ) (-20 848 304 ) 
4 115 124 (0 848 218 ) (0 848 304 ) (-20 848 304 ) (-20 848 218 ) 
4 115 118 (0 848 218 ) (-216 848 218 ) (-216 850 218 ) (0 850 218 ) 
4 116 130 (-452 848 342 ) (-468 848 342 ) (-468 848 272 ) (-452 848 272 ) 
4 116 129 (-240 848 342 ) (-452 848 342 ) (-452 848 218 ) (-240 848 218 ) 
4 116 132 (-468 848 342 ) (-640 848 342 ) (-640 848 218 ) (-468 848 218 ) 
4 116 119 (-240 848 218 ) (-640 848 218 ) (-640 850 218 ) (-240 850 218 ) 
4 117 226 (-1024 848 218 ) (-1024 848 342 ) (-1024 850 342 ) (-1024 850 218 ) 
4 117 140 (-664 848 342 ) (-1024 848 342 ) (-1024 848 218 ) (-664 848 218 ) 
4 117 120 (-664 848 218 ) (-1024 848 218 ) (-1024 850 218 ) (-664 850 218 ) 
4 118 129 (-104 848 218 ) (-216 848 218 ) (-216 848 216 ) (-104 848 216 ) 
4 118 128 (-96 848 218 ) (-104 848 218 ) (-104 848 216 ) (-96 848 216 ) 
4 118 125 (-20 848 218 ) (-96 848 218 ) (-96 848 216 ) (-20 848 216 ) 
4 118 124 (0 848 216 ) (0 848 218 ) (-20 848 218 ) (-20 848 216 ) 
4 119 129 (-240 848 216 ) (-240 848 218 ) (-452 848 218 ) (-452 848 216 ) 
4 119 132 (-468 848 218 ) (-640 848 218 ) (-640 848 216 ) (-468 848 216 ) 
4 120 225 (-1024 850 218 ) (-1024 854 218 ) (-1024 854 216 ) (-1024 850 216 ) 
4 120 224 (-1024 854 218 ) (-1024 856 218 ) (-1024 856 216 ) (-1024 854 216 ) 
4 120 226 (-1024 848 216 ) (-1024 848 218 ) (-1024 850 218 ) (-1024 850 216 ) 
4 120 140 (-664 848 216 ) (-664 848 218 ) (-1024 848 218 ) (-1024 848 216 ) 
4 121 125 (-20 848 440 ) (-20 848 304 ) (-20 496 304 ) (-20 496 440 ) 
4 121 124 (-20 496 304 ) (-20 848 304 ) (0 848 304 ) (0 496 304 ) 
4 122 126 (-20 488 304 ) (-20 280 304 ) (-20 280 440 ) (-20 488 440 ) 
4 122 124 (-20 280 304 ) (-20 488 304 ) (0 488 304 ) (0 280 304 ) 
4 123 330 (0 0 304 ) (0 0 440 ) (-20 0 440 ) (-20 0 304 ) 
4 123 127 (-20 272 304 ) (-20 0 304 ) (-20 0 440 ) (-20 272 440 ) 
4 123 124 (-20 0 304 ) (-20 272 304 ) (0 272 304 ) (0 0 304 ) 
4 124 330 (0 0 192 ) (0 0 304 ) (-20 0 304 ) (-20 0 192 ) 
4 124 126 (-20 488 192 ) (-20 280 192 ) (-20 280 304 ) (-20 488 304 ) 
4 124 127 (-20 272 192 ) (-20 0 192 ) (-20 0 304 ) (-20 272 304 ) 
4 124 125 (-20 848 304 ) (-20 848 192 ) (-20 496 192 ) (-20 496 304 ) 
4 125 128 (-96 848 440 ) (-96 848 192 ) (-96 496 192 ) (-96 496 440 ) 
4 127 330 (-20 0 440 ) (-96 0 440 ) (-96 0 192 ) (-20 0 192 ) 
4 127 138 (-96 88 192 ) (-96 0 192 ) (-96 0 440 ) (-96 88 440 ) 
4 128 133 (-104 570 192 ) (-104 496 192 ) (-104 496 440 ) (-104 570 440 ) 
4 128 129 (-104 848 440 ) (-104 848 192 ) (-104 570 192 ) (-104 570 440 ) 
4 129 134 (-336 570 240 ) (-336 570 440 ) (-452 570 440 ) (-452 570 240 ) 
4 129 133 (-336 570 192 ) (-104 570 192 ) (-104 570 440 ) (-336 570 440 ) 
4 129 130 (-452 848 440 ) (-452 848 272 ) (-452 724 272 ) (-452 724 440 ) 
4 129 131 (-452 724 192 ) (-452 570 192 ) (-452 570 440 ) (-452 724 440 ) 
4 130 131 (-468 724 440 ) (-468 724 272 ) (-452 724 272 ) (-452 724 440 ) 
4 130 132 (-468 848 440 ) (-468 848 272 ) (-468 724 272 ) (-468 724 440 ) 
4 131 134 (-452 570 240 ) (-452 570 440 ) (-468 570 440 ) (-468 570 240 ) 
4 131 132 (-468 724 192 ) (-468 570 192 ) (-468 570 440 ) (-468 724 440 ) 
4 132 139 (-648 776 192 ) (-648 648 192 ) (-648 648 304 ) (-648 776 304 ) 
4 132 134 (-468 570 240 ) (-468 570 440 ) (-508 570 440 ) (-508 570 240 ) 
4 132 136 (-648 570 440 ) (-648 570 192 ) (-508 570 192 ) (-508 570 440 ) 
4 133 137 (-336 96 192 ) (-312 96 192 ) (-312 96 304 ) (-336 96 304 ) 
4 133 134 (-336 570 440 ) (-336 570 240 ) (-336 532 240 ) (-336 532 440 ) 
4 133 135 (-336 532 192 ) (-336 96 192 ) (-336 96 440 ) (-336 532 440 ) 
4 134 135 (-508 532 440 ) (-508 532 240 ) (-336 532 240 ) (-336 532 440 ) 
4 134 136 (-508 570 440 ) (-508 570 240 ) (-508 532 240 ) (-508 532 440 ) 
4 135 137 (-440 96 192 ) (-336 96 192 ) (-336 96 304 ) (-440 96 304 ) 
4 135 136 (-508 532 192 ) (-508 96 192 ) (-508 96 440 ) (-508 532 440 ) 
4 136 142 (-648 568 192 ) (-648 96 192 ) (-648 96 440 ) (-648 568 440 ) 
4 137 138 (-440 88 192 ) (-312 88 192 ) (-312 88 304 ) (-440 88 304 ) 
4 138 330 (-96 0 440 ) (-648 0 440 ) (-648 0 192 ) (-96 0 192 ) 
4 139 140 (-656 776 192 ) (-656 648 192 ) (-656 648 304 ) (-656 776 304 ) 
4 140 228 (-1024 848 192 ) (-1024 576 192 ) (-1024 576 440 ) (-1024 848 440 ) 
4 140 141 (-920 576 192 ) (-792 576 192 ) (-792 576 304 ) (-920 576 304 ) 
4 141 143 (-920 568 192 ) (-804 568 192 ) (-804 568 304 ) (-920 568 304 ) 
4 141 142 (-804 568 192 ) (-792 568 192 ) (-792 568 304 ) (-804 568 304 ) 
4 142 144 (-792 96 192 ) (-664 96 192 ) (-664 96 304 ) (-792 96 304 ) 
4 142 143 (-804 568 440 ) (-804 568 192 ) (-804 192 192 ) (-804 192 440 ) 
4 143 229 (-1024 568 192 ) (-1024 192 192 ) (-1024 192 440 ) (-1024 568 440 ) 
4 144 145 (-792 88 192 ) (-664 88 192 ) (-664 88 304 ) (-792 88 304 ) 
4 145 331 (-656 0 440 ) (-1024 0 440 ) (-1024 0 192 ) (-656 0 192 ) 
4 145 230 (-1024 88 192 ) (-1024 0 192 ) (-1024 0 440 ) (-1024 88 440 ) 
4 145 151 (-1024 0 192 ) (-1024 16 192 ) (-932 16 192 ) (-932 0 192 ) 
4 146 152 (-216 880 176 ) (-216 1024 176 ) (0 1024 176 ) (0 880 176 ) 
4 146 147 (-216 1024 176 ) (-216 888 176 ) (-216 888 192 ) (-216 1024 192 ) 
4 147 164 (-240 888 176 ) (-240 1024 176 ) (-216 1024 176 ) (-216 888 176 ) 
4 147 148 (-240 1024 176 ) (-240 888 176 ) (-240 888 192 ) (-240 1024 192 ) 
4 148 166 (-640 880 176 ) (-640 1024 176 ) (-240 1024 176 ) (-240 880 176 ) 
4 148 149 (-640 1024 176 ) (-640 888 176 ) (-640 888 192 ) (-640 1024 192 ) 
4 149 181 (-664 888 176 ) (-664 1024 176 ) (-640 1024 176 ) (-640 888 176 ) 
4 149 150 (-664 1024 176 ) (-664 888 176 ) (-664 888 192 ) (-664 1024 192 ) 
4 150 231 (-1024 1024 192 ) (-1024 1024 176 ) (-1024 880 176 ) (-1024 880 192 ) 
4 150 183 (-1024 880 176 ) (-1024 1024 176 ) (-664 1024 176 ) (-664 880 176 ) 
4 151 354 (-932 0 192 ) (-1024 0 192 ) (-1024 0 176 ) (-932 0 176 ) 
4 151 232 (-1024 16 176 ) (-1024 0 176 ) (-1024 0 192 ) (-1024 16 192 ) 
4 151 215 (-932 0 176 ) (-1024 0 176 ) (-1024 16 176 ) (-932 16 176 ) 
4 152 164 (-216 888 176 ) (-216 1024 176 ) (-216 1024 26 ) (-216 888 26 ) 
4 152 160 (-216 880 26 ) (-216 1024 26 ) (0 1024 26 ) (0 880 26 ) 
4 152 153 (-216 880 120 ) (-216 880 26 ) (0 880 26 ) (0 880 120 ) 
4 153 160 (-216 872 26 ) (-216 880 26 ) (0 880 26 ) (0 872 26 ) 
4 153 154 (-216 872 120 ) (-216 872 26 ) (0 872 26 ) (0 872 120 ) 
4 154 161 (-216 854 26 ) (-216 856 26 ) (0 856 26 ) (0 854 26 ) 
4 154 160 (-216 856 26 ) (-216 872 26 ) (0 872 26 ) (0 856 26 ) 
4 154 157 (-18 854 26 ) (-16 854 26 ) (-16 854 150 ) (-18 854 150 ) 
4 154 158 (-118 854 26 ) (-116 854 26 ) (-116 854 150 ) (-118 854 150 ) 
4 154 155 (-216 854 152 ) (-216 854 150 ) (0 854 150 ) (0 854 152 ) 
4 155 157 (-18 854 150 ) (-16 854 150 ) (-16 850 150 ) (-18 850 150 ) 
4 155 158 (-118 854 150 ) (-116 854 150 ) (-116 850 150 ) (-118 850 150 ) 
4 155 159 (-216 848 150 ) (-216 850 150 ) (0 850 150 ) (0 848 150 ) 
4 155 156 (-216 848 152 ) (-216 848 150 ) (0 848 150 ) (0 848 152 ) 
4 156 165 (-216 496 150 ) (-216 496 176 ) (-216 824 176 ) (-216 824 150 ) 
4 156 159 (0 496 150 ) (-216 496 150 ) (-216 848 150 ) (0 848 150 ) 
4 157 161 (-18 854 26 ) (-16 854 26 ) (-16 850 26 ) (-18 850 26 ) 
4 157 159 (-18 850 26 ) (-16 850 26 ) (-16 850 150 ) (-18 850 150 ) 
4 158 161 (-118 854 26 ) (-116 854 26 ) (-116 850 26 ) (-118 850 26 ) 
4 158 159 (-118 850 26 ) (-116 850 26 ) (-116 850 150 ) (-118 850 150 ) 
4 159 165 (-216 496 26 ) (-216 496 150 ) (-216 824 150 ) (-216 824 26 ) 
4 159 163 (-18 496 26 ) (0 496 26 ) (0 496 114 ) (-18 496 114 ) 
4 159 161 (-216 848 26 ) (-216 850 26 ) (0 850 26 ) (0 848 26 ) 
4 159 162 (0 496 26 ) (-216 496 26 ) (-216 848 26 ) (0 848 26 ) 
4 160 164 (-216 1024 0 ) (-216 888 0 ) (-216 888 26 ) (-216 1024 26 ) 
4 160 161 (0 856 26 ) (-216 856 26 ) (-216 856 24 ) (0 856 24 ) 
4 161 162 (0 848 26 ) (-216 848 26 ) (-216 848 24 ) (0 848 24 ) 
4 162 165 (-216 824 0 ) (-216 496 0 ) (-216 496 26 ) (-216 824 26 ) 
4 162 163 (-18 496 0 ) (0 496 0 ) (0 496 26 ) (-18 496 26 ) 
4 163 196 (-18 488 0 ) (0 488 0 ) (0 488 114 ) (-18 488 114 ) 
4 164 174 (-240 1024 0 ) (-240 888 0 ) (-240 888 26 ) (-240 1024 26 ) 
4 164 166 (-240 888 26 ) (-240 888 176 ) (-240 1024 176 ) (-240 1024 26 ) 
4 165 177 (-240 824 0 ) (-240 496 0 ) (-240 496 176 ) (-240 824 176 ) 
4 166 181 (-640 888 176 ) (-640 1024 176 ) (-640 1024 26 ) (-640 888 26 ) 
4 166 174 (-640 880 26 ) (-640 1024 26 ) (-240 1024 26 ) (-240 880 26 ) 
4 166 167 (-640 880 120 ) (-640 880 26 ) (-240 880 26 ) (-240 880 120 ) 
4 167 174 (-640 872 26 ) (-640 880 26 ) (-240 880 26 ) (-240 872 26 ) 
4 167 168 (-640 872 120 ) (-640 872 26 ) (-240 872 26 ) (-240 872 120 ) 
4 168 175 (-640 854 26 ) (-640 856 26 ) (-240 856 26 ) (-240 854 26 ) 
4 168 174 (-640 856 26 ) (-640 872 26 ) (-240 872 26 ) (-240 856 26 ) 
4 168 172 (-442 854 26 ) (-440 854 26 ) (-440 854 150 ) (-442 854 150 ) 
4 168 173 (-542 854 26 ) (-540 854 26 ) (-540 854 150 ) (-542 854 150 ) 
4 168 170 (-242 854 26 ) (-240 854 26 ) (-240 854 150 ) (-242 854 150 ) 
4 168 171 (-342 854 26 ) (-340 854 26 ) (-340 854 150 ) (-342 854 150 ) 
4 168 169 (-640 854 152 ) (-640 854 150 ) (-240 854 150 ) (-240 854 152 ) 
4 169 176 (-640 850 152 ) (-640 850 150 ) (-240 850 150 ) (-240 850 152 ) 
4 169 172 (-440 850 150 ) (-442 850 150 ) (-442 854 150 ) (-440 854 150 ) 
4 169 173 (-540 850 150 ) (-542 850 150 ) (-542 854 150 ) (-540 854 150 ) 
4 169 170 (-240 850 150 ) (-242 850 150 ) (-242 854 150 ) (-240 854 150 ) 
4 169 171 (-340 850 150 ) (-342 850 150 ) (-342 854 150 ) (-340 854 150 ) 
4 170 176 (-242 850 26 ) (-240 850 26 ) (-240 850 150 ) (-242 850 150 ) 
4 170 175 (-240 850 26 ) (-242 850 26 ) (-242 854 26 ) (-240 854 26 ) 
4 171 176 (-342 850 26 ) (-340 850 26 ) (-340 850 150 ) (-342 850 150 ) 
4 171 175 (-340 850 26 ) (-342 850 26 ) (-342 854 26 ) (-340 854 26 ) 
4 172 176 (-442 850 26 ) (-440 850 26 ) (-440 850 150 ) (-442 850 150 ) 
4 172 175 (-440 850 26 ) (-442 850 26 ) (-442 854 26 ) (-440 854 26 ) 
4 173 176 (-542 850 26 ) (-540 850 26 ) (-540 850 150 ) (-542 850 150 ) 
4 173 175 (-540 850 26 ) (-542 850 26 ) (-542 854 26 ) (-540 854 26 ) 
4 174 181 (-640 1024 0 ) (-640 888 0 ) (-640 888 26 ) (-640 1024 26 ) 
4 174 175 (-240 856 24 ) (-240 856 26 ) (-640 856 26 ) (-640 856 24 ) 
4 175 176 (-640 850 26 ) (-640 850 24 ) (-240 850 24 ) (-240 850 26 ) 
4 176 178 (-460 848 24 ) (-420 848 24 ) (-420 848 152 ) (-460 848 152 ) 
4 176 177 (-420 848 24 ) (-240 848 24 ) (-240 848 152 ) (-420 848 152 ) 
4 176 180 (-640 848 152 ) (-640 848 24 ) (-460 848 24 ) (-460 848 152 ) 
4 177 179 (-420 496 101 ) (-420 496 176 ) (-420 624 176 ) (-420 624 101 ) 
4 177 178 (-420 848 176 ) (-420 848 0 ) (-420 624 0 ) (-420 624 176 ) 
4 178 179 (-460 624 176 ) (-460 624 101 ) (-420 624 101 ) (-420 624 176 ) 
4 178 180 (-460 848 176 ) (-460 848 0 ) (-460 624 0 ) (-460 624 176 ) 
4 179 180 (-460 496 101 ) (-460 496 176 ) (-460 624 176 ) (-460 624 101 ) 
4 180 182 (-640 824 0 ) (-640 496 0 ) (-640 496 176 ) (-640 824 176 ) 
4 181 192 (-664 1024 0 ) (-664 888 0 ) (-664 888 26 ) (-664 1024 26 ) 
4 181 183 (-664 888 26 ) (-664 888 176 ) (-664 1024 176 ) (-664 1024 26 ) 
4 182 194 (-664 824 0 ) (-664 496 0 ) (-664 496 26 ) (-664 824 26 ) 
4 182 191 (-664 496 26 ) (-664 496 150 ) (-664 824 150 ) (-664 824 26 ) 
4 182 187 (-664 496 150 ) (-664 496 176 ) (-664 824 176 ) (-664 824 150 ) 
4 183 233 (-1024 1024 176 ) (-1024 1024 26 ) (-1024 880 26 ) (-1024 880 176 ) 
4 183 192 (-1024 880 26 ) (-1024 1024 26 ) (-664 1024 26 ) (-664 880 26 ) 
4 183 184 (-1024 880 26 ) (-664 880 26 ) (-664 880 120 ) (-1024 880 120 ) 
4 184 234 (-1024 880 26 ) (-1024 872 26 ) (-1024 872 120 ) (-1024 880 120 ) 
4 184 192 (-1024 872 26 ) (-1024 880 26 ) (-664 880 26 ) (-664 872 26 ) 
4 184 185 (-1024 872 26 ) (-664 872 26 ) (-664 872 120 ) (-1024 872 120 ) 
4 185 235 (-1024 872 26 ) (-1024 854 26 ) (-1024 854 152 ) (-1024 872 152 ) 
4 185 193 (-1024 854 26 ) (-1024 856 26 ) (-664 856 26 ) (-664 854 26 ) 
4 185 192 (-1024 856 26 ) (-1024 872 26 ) (-664 872 26 ) (-664 856 26 ) 
4 185 190 (-964 854 26 ) (-962 854 26 ) (-962 854 150 ) (-964 854 150 ) 
4 185 188 (-764 854 26 ) (-762 854 26 ) (-762 854 150 ) (-764 854 150 ) 
4 185 189 (-864 854 26 ) (-862 854 26 ) (-862 854 150 ) (-864 854 150 ) 
4 185 186 (-664 854 150 ) (-664 854 152 ) (-1024 854 152 ) (-1024 854 150 ) 
4 186 236 (-1024 854 152 ) (-1024 854 150 ) (-1024 850 150 ) (-1024 850 152 ) 
4 186 237 (-1024 850 150 ) (-1024 848 150 ) (-1024 848 152 ) (-1024 850 152 ) 
4 186 190 (-964 854 150 ) (-962 854 150 ) (-962 850 150 ) (-964 850 150 ) 
4 186 188 (-764 854 150 ) (-762 854 150 ) (-762 850 150 ) (-764 850 150 ) 
4 186 189 (-864 854 150 ) (-862 854 150 ) (-862 850 150 ) (-864 850 150 ) 
4 186 191 (-1024 848 150 ) (-1024 850 150 ) (-664 850 150 ) (-664 848 150 ) 
4 186 187 (-1024 848 150 ) (-664 848 150 ) (-664 848 152 ) (-1024 848 152 ) 
4 187 241 (-1024 496 150 ) (-1024 496 176 ) (-1024 848 176 ) (-1024 848 150 ) 
4 187 191 (-664 496 150 ) (-1024 496 150 ) (-1024 848 150 ) (-664 848 150 ) 
4 188 193 (-764 854 26 ) (-762 854 26 ) (-762 850 26 ) (-764 850 26 ) 
4 188 191 (-764 850 26 ) (-762 850 26 ) (-762 850 150 ) (-764 850 150 ) 
4 189 193 (-864 854 26 ) (-862 854 26 ) (-862 850 26 ) (-864 850 26 ) 
4 189 191 (-864 850 26 ) (-862 850 26 ) (-862 850 150 ) (-864 850 150 ) 
4 190 193 (-964 854 26 ) (-962 854 26 ) (-962 850 26 ) (-964 850 26 ) 
4 190 191 (-964 850 26 ) (-962 850 26 ) (-962 850 150 ) (-964 850 150 ) 
4 191 241 (-1024 848 26 ) (-1024 496 26 ) (-1024 496 150 ) (-1024 848 150 ) 
4 191 237 (-1024 850 26 ) (-1024 848 26 ) (-1024 848 150 ) (-1024 850 150 ) 
4 191 195 (-986 496 114 ) (-986 496 26 ) (-860 496 26 ) (-860 496 114 ) 
4 191 193 (-1024 848 26 ) (-1024 850 26 ) (-664 850 26 ) (-664 848 26 ) 
4 191 194 (-664 496 26 ) (-1024 496 26 ) (-1024 848 26 ) (-664 848 26 ) 
4 192 239 (-1024 872 0 ) (-1024 856 0 ) (-1024 856 26 ) (-1024 872 26 ) 
4 192 234 (-1024 880 0 ) (-1024 872 0 ) (-1024 872 26 ) (-1024 880 26 ) 
4 192 233 (-1024 1024 26 ) (-1024 1024 0 ) (-1024 880 0 ) (-1024 880 26 ) 
4 192 193 (-664 856 24 ) (-664 856 26 ) (-1024 856 26 ) (-1024 856 24 ) 
4 193 240 (-1024 848 24 ) (-1024 848 26 ) (-1024 856 26 ) (-1024 856 24 ) 
4 193 194 (-664 848 24 ) (-664 848 26 ) (-1024 848 26 ) (-1024 848 24 ) 
4 194 241 (-1024 848 0 ) (-1024 496 0 ) (-1024 496 26 ) (-1024 848 26 ) 
4 194 195 (-986 496 0 ) (-860 496 0 ) (-860 496 26 ) (-986 496 26 ) 
4 195 201 (-986 488 0 ) (-860 488 0 ) (-860 488 114 ) (-986 488 114 ) 
4 196 197 (-96 448 0 ) (-96 320 0 ) (-96 320 112 ) (-96 448 112 ) 
4 197 198 (-104 448 0 ) (-104 320 0 ) (-104 320 112 ) (-104 448 112 ) 
4 198 202 (-452 280 0 ) (-324 280 0 ) (-324 280 112 ) (-452 280 112 ) 
4 199 200 (-776 448 0 ) (-776 320 0 ) (-776 320 112 ) (-776 448 112 ) 
4 200 201 (-784 448 0 ) (-784 320 0 ) (-784 320 112 ) (-784 448 112 ) 
4 201 242 (-1024 488 0 ) (-1024 280 0 ) (-1024 280 176 ) (-1024 488 176 ) 
4 201 203 (-986 280 0 ) (-860 280 0 ) (-860 280 114 ) (-986 280 114 ) 
4 202 209 (-452 272 0 ) (-324 272 0 ) (-324 272 112 ) (-452 272 112 ) 
4 203 211 (-986 272 0 ) (-860 272 0 ) (-860 272 114 ) (-986 272 114 ) 
4 204 205 (-216 248 0 ) (0 248 0 ) (0 248 176 ) (-216 248 176 ) 
4 205 206 (-232 164 0 ) (0 164 0 ) (0 164 176 ) (-232 164 176 ) 
4 206 208 (-232 36 0 ) (0 36 0 ) (0 36 176 ) (-232 36 176 ) 
4 206 207 (-232 164 112 ) (-232 164 0 ) (-232 36 0 ) (-232 36 112 ) 
4 207 209 (-240 164 0 ) (-240 36 0 ) (-240 36 112 ) (-240 164 112 ) 
4 208 363 (-216 0 176 ) (-232 0 176 ) (-232 0 0 ) (-216 0 0 ) 
4 208 361 (0 0 0 ) (0 0 26 ) (-216 0 26 ) (-216 0 0 ) 
4 208 357 (0 0 26 ) (0 0 150 ) (-216 0 150 ) (-216 0 26 ) 
4 208 355 (0 0 150 ) (0 0 176 ) (-216 0 176 ) (-216 0 150 ) 
4 209 372 (-640 0 26 ) (-640 0 0 ) (-240 0 0 ) (-240 0 26 ) 
4 209 366 (-640 0 150 ) (-640 0 26 ) (-240 0 26 ) (-240 0 150 ) 
4 209 364 (-240 0 176 ) (-640 0 176 ) (-640 0 150 ) (-240 0 150 ) 
4 209 214 (-640 40 0 ) (-640 0 0 ) (-640 0 112 ) (-640 40 112 ) 
4 209 210 (-640 272 176 ) (-640 272 0 ) (-640 84 0 ) (-640 84 176 ) 
4 210 211 (-664 272 176 ) (-664 272 0 ) (-664 84 0 ) (-664 84 176 ) 
4 211 243 (-1024 272 0 ) (-1024 84 0 ) (-1024 84 176 ) (-1024 272 176 ) 
4 212 244 (-1024 76 0 ) (-1024 60 0 ) (-1024 60 176 ) (-1024 76 176 ) 
4 212 213 (-1024 60 0 ) (-664 60 0 ) (-664 60 176 ) (-1024 60 176 ) 
4 213 244 (-1024 60 0 ) (-1024 40 0 ) (-1024 40 176 ) (-1024 60 176 ) 
4 213 215 (-1024 40 0 ) (-648 40 0 ) (-648 40 176 ) (-1024 40 176 ) 
4 214 374 (-648 0 112 ) (-648 0 0 ) (-640 0 0 ) (-640 0 112 ) 
4 214 215 (-648 40 112 ) (-648 40 0 ) (-648 0 0 ) (-648 0 112 ) 
4 215 385 (-1024 0 26 ) (-1024 0 0 ) (-664 0 0 ) (-664 0 26 ) 
4 215 379 (-1024 0 150 ) (-1024 0 26 ) (-664 0 26 ) (-664 0 150 ) 
4 215 377 (-664 0 176 ) (-1024 0 176 ) (-1024 0 150 ) (-664 0 150 ) 
4 215 375 (-648 0 176 ) (-664 0 176 ) (-664 0 0 ) (-648 0 0 ) 
4 215 244 (-1024 40 0 ) (-1024 0 0 ) (-1024 0 176 ) (-1024 40 176 ) 
4 216 408 (-1024 0 464 ) (-1024 0 760 ) (-1064 0 760 ) (-1064 0 464 ) 
4 216 245 (-1064 0 464 ) (-1064 0 760 ) (-1064 1024 760 ) (-1064 1024 464 ) 
4 216 218 (-1064 856 464 ) (-1064 888 464 ) (-1024 888 464 ) (-1024 856 464 ) 
4 216 217 (-1064 888 464 ) (-1064 1024 464 ) (-1024 1024 464 ) (-1024 888 464 ) 
4 217 246 (-1064 888 464 ) (-1064 1024 464 ) (-1064 1024 440 ) (-1064 888 440 ) 
4 217 219 (-1064 888 440 ) (-1064 1024 440 ) (-1024 1024 440 ) (-1024 888 440 ) 
4 217 218 (-1024 888 456 ) (-1024 888 464 ) (-1064 888 464 ) (-1064 888 456 ) 
4 219 246 (-1064 888 440 ) (-1064 1024 440 ) (-1064 1024 200 ) (-1064 888 200 ) 
4 219 221 (-1064 888 200 ) (-1064 1024 200 ) (-1024 1024 200 ) (-1024 888 200 ) 
4 219 220 (-1064 888 200 ) (-1024 888 200 ) (-1024 888 360 ) (-1064 888 360 ) 
4 220 224 (-1024 856 216 ) (-1024 856 342 ) (-1062 856 342 ) (-1062 856 216 ) 
4 220 227 (-1062 856 342 ) (-1064 856 342 ) (-1064 856 216 ) (-1062 856 216 ) 
4 220 223 (-1024 856 342 ) (-1024 856 344 ) (-1064 856 344 ) (-1064 856 342 ) 
4 220 221 (-1064 880 200 ) (-1064 888 200 ) (-1024 888 200 ) (-1024 880 200 ) 
4 220 222 (-1024 856 200 ) (-1064 856 200 ) (-1064 872 200 ) (-1024 872 200 ) 
4 221 246 (-1064 1024 200 ) (-1064 1024 192 ) (-1064 888 192 ) (-1064 888 200 ) 
4 221 231 (-1064 880 192 ) (-1064 1024 192 ) (-1024 1024 192 ) (-1024 880 192 ) 
4 223 228 (-1024 848 342 ) (-1024 848 344 ) (-1064 848 344 ) (-1064 848 342 ) 
4 223 224 (-1062 854 342 ) (-1062 856 342 ) (-1024 856 342 ) (-1024 854 342 ) 
4 223 226 (-1024 848 342 ) (-1062 848 342 ) (-1062 850 342 ) (-1024 850 342 ) 
4 223 227 (-1062 848 342 ) (-1064 848 342 ) (-1064 856 342 ) (-1062 856 342 ) 
4 224 225 (-1062 854 218 ) (-1062 854 216 ) (-1024 854 216 ) (-1024 854 218 ) 
4 224 227 (-1062 856 216 ) (-1062 854 216 ) (-1062 854 342 ) (-1062 856 342 ) 
4 225 227 (-1062 854 216 ) (-1062 850 216 ) (-1062 850 218 ) (-1062 854 218 ) 
4 225 226 (-1062 850 218 ) (-1062 850 216 ) (-1024 850 216 ) (-1024 850 218 ) 
4 226 228 (-1024 848 216 ) (-1024 848 342 ) (-1062 848 342 ) (-1062 848 216 ) 
4 226 227 (-1062 850 216 ) (-1062 848 216 ) (-1062 848 342 ) (-1062 850 342 ) 
4 227 228 (-1062 848 342 ) (-1064 848 342 ) (-1064 848 216 ) (-1062 848 216 ) 
4 229 248 (-1064 344 304 ) (-1064 344 192 ) (-1064 216 192 ) (-1064 216 304 ) 
4 229 247 (-1064 552 304 ) (-1064 552 192 ) (-1064 424 192 ) (-1064 424 304 ) 
4 230 409 (-1024 0 192 ) (-1024 0 440 ) (-1064 0 440 ) (-1064 0 192 ) 
4 230 232 (-1064 0 192 ) (-1064 16 192 ) (-1024 16 192 ) (-1024 0 192 ) 
4 231 246 (-1064 888 192 ) (-1064 1024 192 ) (-1064 1024 176 ) (-1064 888 176 ) 
4 231 233 (-1064 880 176 ) (-1064 1024 176 ) (-1024 1024 176 ) (-1024 880 176 ) 
4 232 409 (-1024 0 176 ) (-1024 0 192 ) (-1064 0 192 ) (-1064 0 176 ) 
4 232 244 (-1024 0 176 ) (-1064 0 176 ) (-1064 16 176 ) (-1024 16 176 ) 
4 233 246 (-1064 888 176 ) (-1064 1024 176 ) (-1064 1024 0 ) (-1064 888 0 ) 
4 233 234 (-1064 880 0 ) (-1024 880 0 ) (-1024 880 120 ) (-1064 880 120 ) 
4 234 239 (-1064 872 0 ) (-1024 872 0 ) (-1024 872 26 ) (-1064 872 26 ) 
4 234 235 (-1024 872 26 ) (-1024 872 120 ) (-1062 872 120 ) (-1062 872 26 ) 
4 234 238 (-1062 872 120 ) (-1064 872 120 ) (-1064 872 26 ) (-1062 872 26 ) 
4 235 240 (-1062 854 26 ) (-1062 856 26 ) (-1024 856 26 ) (-1024 854 26 ) 
4 235 239 (-1062 856 26 ) (-1062 872 26 ) (-1024 872 26 ) (-1024 856 26 ) 
4 235 236 (-1062 854 152 ) (-1062 854 150 ) (-1024 854 150 ) (-1024 854 152 ) 
4 235 238 (-1062 872 26 ) (-1062 854 26 ) (-1062 854 152 ) (-1062 872 152 ) 
4 236 238 (-1062 850 150 ) (-1062 850 152 ) (-1062 854 152 ) (-1062 854 150 ) 
4 236 237 (-1062 850 152 ) (-1062 850 150 ) (-1024 850 150 ) (-1024 850 152 ) 
4 237 241 (-1024 848 26 ) (-1024 848 152 ) (-1062 848 152 ) (-1062 848 26 ) 
4 237 240 (-1024 848 26 ) (-1062 848 26 ) (-1062 850 26 ) (-1024 850 26 ) 
4 237 238 (-1062 850 26 ) (-1062 848 26 ) (-1062 848 152 ) (-1062 850 152 ) 
4 238 241 (-1062 848 152 ) (-1064 848 152 ) (-1064 848 26 ) (-1062 848 26 ) 
4 238 240 (-1062 848 26 ) (-1064 848 26 ) (-1064 856 26 ) (-1062 856 26 ) 
4 238 239 (-1064 856 26 ) (-1064 872 26 ) (-1062 872 26 ) (-1062 856 26 ) 
4 239 240 (-1024 856 24 ) (-1024 856 26 ) (-1064 856 26 ) (-1064 856 24 ) 
4 240 241 (-1024 848 24 ) (-1024 848 26 ) (-1064 848 26 ) (-1064 848 24 ) 
4 242 249 (-1064 448 0 ) (-1064 320 0 ) (-1064 320 112 ) (-1064 448 112 ) 
4 244 409 (-1024 0 0 ) (-1024 0 176 ) (-1064 0 176 ) (-1064 0 0 ) 
4 245 426 (-1064 0 464 ) (-1064 0 760 ) (-1088 0 760 ) (-1088 0 464 ) 
4 245 267 (-1088 0 464 ) (-1088 0 760 ) (-1088 200 760 ) (-1088 200 464 ) 
4 245 261 (-1088 200 760 ) (-1088 568 760 ) (-1088 568 464 ) (-1088 200 464 ) 
4 245 255 (-1088 568 760 ) (-1088 880 760 ) (-1088 880 464 ) (-1088 568 464 ) 
4 245 253 (-1088 880 760 ) (-1088 888 760 ) (-1088 888 464 ) (-1088 880 464 ) 
4 245 252 (-1088 888 760 ) (-1088 1024 760 ) (-1088 1024 464 ) (-1088 888 464 ) 
4 245 246 (-1088 888 464 ) (-1088 1024 464 ) (-1064 1024 464 ) (-1064 888 464 ) 
4 246 252 (-1088 1024 0 ) (-1088 888 0 ) (-1088 888 464 ) (-1088 1024 464 ) 
4 247 250 (-1080 552 192 ) (-1080 424 192 ) (-1080 424 304 ) (-1080 552 304 ) 
4 248 250 (-1080 344 192 ) (-1080 216 192 ) (-1080 216 304 ) (-1080 344 304 ) 
4 249 251 (-1080 448 0 ) (-1080 320 0 ) (-1080 320 112 ) (-1080 448 112 ) 
4 250 262 (-1088 200 192 ) (-1088 200 456 ) (-1088 568 456 ) (-1088 568 192 ) 
4 251 263 (-1088 568 0 ) (-1088 200 0 ) (-1088 200 176 ) (-1088 568 176 ) 
4 252 275 (-1240 1024 760 ) (-1240 1024 0 ) (-1240 888 0 ) (-1240 888 760 ) 
4 252 254 (-1240 888 320 ) (-1240 888 232 ) (-1088 888 232 ) (-1088 888 320 ) 
4 252 253 (-1240 888 760 ) (-1240 888 464 ) (-1088 888 464 ) (-1088 888 760 ) 
4 253 276 (-1240 880 464 ) (-1240 880 760 ) (-1240 888 760 ) (-1240 888 464 ) 
4 253 255 (-1240 880 760 ) (-1240 880 464 ) (-1088 880 464 ) (-1088 880 760 ) 
4 254 277 (-1240 880 232 ) (-1240 880 320 ) (-1240 888 320 ) (-1240 888 232 ) 
4 254 256 (-1240 880 320 ) (-1240 880 232 ) (-1088 880 232 ) (-1088 880 320 ) 
4 255 278 (-1240 568 464 ) (-1240 568 760 ) (-1240 880 760 ) (-1240 880 464 ) 
4 255 261 (-1240 568 760 ) (-1240 568 464 ) (-1088 568 464 ) (-1088 568 760 ) 
4 256 280 (-1240 756 456 ) (-1240 880 456 ) (-1240 880 192 ) (-1240 756 192 ) 
4 256 259 (-1240 612 192 ) (-1240 756 192 ) (-1088 756 192 ) (-1088 612 192 ) 
4 256 258 (-1240 756 192 ) (-1240 880 192 ) (-1088 880 192 ) (-1088 756 192 ) 
4 256 257 (-1228 576 192 ) (-1100 576 192 ) (-1100 576 304 ) (-1228 576 304 ) 
4 257 262 (-1228 568 192 ) (-1100 568 192 ) (-1100 568 304 ) (-1228 568 304 ) 
4 258 280 (-1240 756 96 ) (-1240 756 192 ) (-1240 880 192 ) (-1240 880 96 ) 
4 258 259 (-1088 756 184 ) (-1088 756 192 ) (-1240 756 192 ) (-1240 756 184 ) 
4 258 260 (-1088 756 96 ) (-1088 756 184 ) (-1240 756 184 ) (-1240 756 96 ) 
4 259 260 (-1240 612 184 ) (-1240 756 184 ) (-1088 756 184 ) (-1088 612 184 ) 
4 261 278 (-1240 200 464 ) (-1240 200 760 ) (-1240 568 760 ) (-1240 568 464 ) 
4 261 272 (-1240 200 760 ) (-1240 200 464 ) (-1216 200 464 ) (-1216 200 760 ) 
4 261 267 (-1216 200 464 ) (-1088 200 464 ) (-1088 200 760 ) (-1216 200 760 ) 
4 262 264 (-1232 200 192 ) (-1232 200 456 ) (-1232 568 456 ) (-1232 568 192 ) 
4 263 273 (-1232 200 0 ) (-1216 200 0 ) (-1216 200 0.240433 ) (-1232 200 0.240433 ) 
4 263 268 (-1216 200 0 ) (-1088 200 0 ) (-1088 200 112 ) (-1216 200 112 ) 
4 263 265 (-1232 448 0.120651 ) (-1232 320 0.120651 ) (-1232 320 112.059998 ) (-1232 448 112.059998 ) 
4 263 266 (-1088 200 0.120651 ) (-1232 200 0.120651 ) (-1232 568 0.120651 ) (-1088 568 0.120651 ) 
4 265 283 (-1240 448 0 ) (-1240 320 0 ) (-1240 320 112.059998 ) (-1240 448 112.059998 ) 
4 265 266 (-1240 320 0.120651 ) (-1240 448 0.120651 ) (-1232 448 0.120651 ) (-1232 320 0.120651 ) 
4 267 427 (-1216 0 760 ) (-1216 0 464 ) (-1088 0 464 ) (-1088 0 760 ) 
4 267 272 (-1216 200 760 ) (-1216 200 464 ) (-1216 8 464 ) (-1216 8 760 ) 
4 267 274 (-1216 8 464 ) (-1216 0 464 ) (-1216 0 760 ) (-1216 8 760 ) 
4 267 271 (-1216 0 464 ) (-1216 8 464 ) (-1088 8 464 ) (-1088 0 464 ) 
4 268 273 (-1216 200 0.240433 ) (-1216 200 0 ) (-1216 192 0 ) (-1216 192 0.240433 ) 
4 268 269 (-1088 192 0 ) (-1088 192 112 ) (-1216 192 112 ) (-1216 192 0 ) 
4 269 273 (-1216 192 0 ) (-1216 16 0 ) (-1216 16 0.240433 ) (-1216 192 0.240433 ) 
4 269 270 (-1088 16 0 ) (-1088 16 112 ) (-1216 16 112 ) (-1216 16 0 ) 
4 270 273 (-1216 16 0 ) (-1216 8 0 ) (-1216 8 0.240433 ) (-1216 16 0.240433 ) 
4 270 271 (-1088 8 0 ) (-1088 8 112 ) (-1216 8 112 ) (-1216 8 0 ) 
4 271 427 (-1216 0 464 ) (-1216 0 0 ) (-1088 0 0 ) (-1088 0 464 ) 
4 271 274 (-1216 8 0 ) (-1216 0 0 ) (-1216 0 464 ) (-1216 8 464 ) 
4 272 278 (-1240 8 464 ) (-1240 8 760 ) (-1240 200 760 ) (-1240 200 464 ) 
4 272 274 (-1216 8 464 ) (-1216 8 760 ) (-1240 8 760 ) (-1240 8 464 ) 
4 273 274 (-1216 8 0 ) (-1216 8 0.240433 ) (-1240 8 0.240433 ) (-1240 8 0 ) 
4 274 427 (-1240 0 760 ) (-1240 0 0 ) (-1216 0 0 ) (-1216 0 760 ) 
4 274 284 (-1240 8 0 ) (-1240 0 0 ) (-1240 0 176 ) (-1240 8 176 ) 
4 274 282 (-1240 0 176 ) (-1240 0 456 ) (-1240 8 456 ) (-1240 8 176 ) 
4 274 279 (-1240 0 456 ) (-1240 0 760 ) (-1240 8 760 ) (-1240 8 456 ) 
4 275 288 (-1448 1024 0 ) (-1448 888 0 ) (-1448 888 232 ) (-1448 1024 232 ) 
4 275 287 (-1448 888 232 ) (-1448 888 464 ) (-1448 1024 464 ) (-1448 1024 232 ) 
4 275 286 (-1448 888 464 ) (-1448 888 760 ) (-1448 1024 760 ) (-1448 1024 464 ) 
4 275 277 (-1448 888 320 ) (-1448 888 232 ) (-1240 888 232 ) (-1240 888 320 ) 
4 275 276 (-1448 888 760 ) (-1448 888 464 ) (-1240 888 464 ) (-1240 888 760 ) 
4 276 286 (-1448 880 464 ) (-1448 880 760 ) (-1448 888 760 ) (-1448 888 464 ) 
4 276 278 (-1448 880 760 ) (-1448 880 464 ) (-1240 880 464 ) (-1240 880 760 ) 
4 277 280 (-1448 880 320 ) (-1448 880 232 ) (-1240 880 232 ) (-1240 880 320 ) 
4 278 289 (-1448 8 760 ) (-1448 880 760 ) (-1448 880 464 ) (-1448 8 464 ) 
4 278 279 (-1240 8 464 ) (-1240 8 760 ) (-1448 8 760 ) (-1448 8 464 ) 
4 279 427 (-1448 0 760 ) (-1448 0 456 ) (-1240 0 456 ) (-1240 0 760 ) 
4 279 290 (-1448 0 456 ) (-1448 0 464 ) (-1448 8 464 ) (-1448 8 456 ) 
4 279 289 (-1448 0 464 ) (-1448 0 760 ) (-1448 8 760 ) (-1448 8 464 ) 
4 279 282 (-1448 0 456 ) (-1448 8 456 ) (-1240 8 456 ) (-1240 0 456 ) 
4 280 291 (-1448 756 232 ) (-1448 756 320 ) (-1448 880 320 ) (-1448 880 232 ) 
4 280 281 (-1296 756 456 ) (-1448 756 456 ) (-1448 756 96 ) (-1296 756 96 ) 
4 281 291 (-1448 568 232 ) (-1448 568 320 ) (-1448 756 320 ) (-1448 756 232 ) 
4 281 283 (-1448 568 176 ) (-1448 568 0 ) (-1296 568 0 ) (-1296 568 176 ) 
4 282 427 (-1448 0 456 ) (-1448 0 176 ) (-1240 0 176 ) (-1240 0 456 ) 
4 282 295 (-1448 0 176 ) (-1448 0 232 ) (-1448 8 232 ) (-1448 8 176 ) 
4 282 294 (-1448 0 232 ) (-1448 0 320 ) (-1448 8 320 ) (-1448 8 232 ) 
4 282 290 (-1448 0 320 ) (-1448 0 456 ) (-1448 8 456 ) (-1448 8 320 ) 
4 282 284 (-1448 0 176 ) (-1448 8 176 ) (-1240 8 176 ) (-1240 0 176 ) 
4 283 285 (-1448 312 0.120651 ) (-1448 568 0.120651 ) (-1240 568 0.120651 ) (-1240 312 0.120651 ) 
4 284 427 (-1448 0 176 ) (-1448 0 0 ) (-1240 0 0 ) (-1240 0 176 ) 
4 284 295 (-1448 8 0 ) (-1448 0 0 ) (-1448 0 176 ) (-1448 8 176 ) 
4 284 285 (-1448 0 0.120651 ) (-1448 192 0.120651 ) (-1240 192 0.120651 ) (-1240 0 0.120651 ) 
4 286 296 (-1456 1024 760 ) (-1456 1024 464 ) (-1456 880 464 ) (-1456 880 760 ) 
4 286 289 (-1456 880 760 ) (-1456 880 464 ) (-1448 880 464 ) (-1448 880 760 ) 
4 286 287 (-1456 888 464 ) (-1456 1024 464 ) (-1448 1024 464 ) (-1448 888 464 ) 
4 287 296 (-1456 1024 464 ) (-1456 1024 232 ) (-1456 888 232 ) (-1456 888 464 ) 
4 287 288 (-1456 888 232 ) (-1456 1024 232 ) (-1448 1024 232 ) (-1448 888 232 ) 
4 288 296 (-1456 1024 232 ) (-1456 1024 0 ) (-1456 888 0 ) (-1456 888 232 ) 
4 289 427 (-1456 0 760 ) (-1456 0 464 ) (-1448 0 464 ) (-1448 0 760 ) 
4 289 296 (-1456 0 464 ) (-1456 0 760 ) (-1456 880 760 ) (-1456 880 464 ) 
4 289 290 (-1456 0 464 ) (-1456 8 464 ) (-1448 8 464 ) (-1448 0 464 ) 
4 290 427 (-1456 0 464 ) (-1456 0 320 ) (-1448 0 320 ) (-1448 0 464 ) 
4 290 296 (-1456 0 320 ) (-1456 0 464 ) (-1456 8 464 ) (-1456 8 320 ) 
4 290 294 (-1456 0 320 ) (-1456 8 320 ) (-1448 8 320 ) (-1448 0 320 ) 
4 291 292 (-1450 880 232 ) (-1450 592 232 ) (-1450 592 320 ) (-1450 880 320 ) 
4 292 293 (-1452 880 232 ) (-1452 592 232 ) (-1452 592 320 ) (-1452 880 320 ) 
4 293 296 (-1456 544 320 ) (-1456 880 320 ) (-1456 880 232 ) (-1456 544 232 ) 
4 294 427 (-1456 0 320 ) (-1456 0 232 ) (-1448 0 232 ) (-1448 0 320 ) 
4 294 296 (-1456 0 232 ) (-1456 0 320 ) (-1456 8 320 ) (-1456 8 232 ) 
4 294 295 (-1456 0 232 ) (-1456 8 232 ) (-1448 8 232 ) (-1448 0 232 ) 
4 295 427 (-1456 0 232 ) (-1456 0 0 ) (-1448 0 0 ) (-1448 0 232 ) 
4 295 296 (-1456 8 0 ) (-1456 0 0 ) (-1456 0 232 ) (-1456 8 232 ) 
4 296 427 (-2048 0 760 ) (-2048 0 0 ) (-1456 0 0 ) (-1456 0 760 ) 
4 296 298 (-2048 0 0 ) (-2048 0 760 ) (-2048 1024 760 ) (-2048 1024 0 ) 
4 297 298 (-2048 1024 0 ) (-2048 1024 760 ) (-2312 1024 760 ) (-2312 1024 0 ) 
4 298 435 (-2048 0 0 ) (-2048 0 760 ) (-2312 0 760 ) (-2312 0 0 ) 
4 299 300 (1024 -792 760 ) (1024 0 760 ) (1024 0 0 ) (1024 -792 0 ) 
4 300 328 (336 -792 0 ) (208 -792 0 ) (208 -280 0 ) (336 -280 0 ) 
4 300 302 (208 -112 0 ) (208 -792 0 ) (208 -792 760 ) (208 -112 760 ) 
4 300 301 (208 -112 464 ) (208 -112 760 ) (208 0 760 ) (208 0 464 ) 
4 301 323 (184 -112 464 ) (184 -112 760 ) (184 -96 760 ) (184 -96 464 ) 
4 301 320 (184 -96 760 ) (184 -80 760 ) (184 -80 464 ) (184 -96 464 ) 
4 301 303 (184 -80 760 ) (184 0 760 ) (184 0 464 ) (184 -80 464 ) 
4 301 302 (208 -112 464 ) (208 -112 760 ) (184 -112 760 ) (184 -112 464 ) 
4 302 328 (184 -792 0 ) (184 -280 0 ) (208 -280 0 ) (208 -792 0 ) 
4 302 327 (184 -112 0 ) (184 -792 0 ) (184 -792 760 ) (184 -112 760 ) 
4 303 329 (0 0 760 ) (0 0 464 ) (0 -80 464 ) (0 -80 760 ) 
4 303 320 (0 -80 760 ) (0 -80 464 ) (184 -80 464 ) (184 -80 760 ) 
4 304 330 (0 0 440 ) (0 0 342 ) (0 -72 342 ) (0 -72 440 ) 
4 304 306 (0 -72 342 ) (0 0 342 ) (184 0 342 ) (184 -72 342 ) 
4 304 305 (0 -72 342 ) (184 -72 342 ) (184 -72 344 ) (0 -72 344 ) 
4 305 332 (0 -72 342 ) (0 -80 342 ) (0 -80 344 ) (0 -72 344 ) 
4 305 321 (0 -80 344 ) (0 -80 342 ) (184 -80 342 ) (184 -80 344 ) 
4 305 308 (82 -74 342 ) (84 -74 342 ) (84 -78 342 ) (82 -78 342 ) 
4 305 307 (182 -74 342 ) (184 -74 342 ) (184 -78 342 ) (182 -78 342 ) 
4 305 306 (0 -74 342 ) (0 -72 342 ) (184 -72 342 ) (184 -74 342 ) 
4 305 309 (184 -80 342 ) (0 -80 342 ) (0 -78 342 ) (184 -78 342 ) 
4 306 335 (0 -72 218 ) (0 -74 218 ) (0 -74 342 ) (0 -72 342 ) 
4 306 330 (0 0 342 ) (0 0 218 ) (0 -72 218 ) (0 -72 342 ) 
4 306 311 (0 -74 218 ) (0 -72 218 ) (184 -72 218 ) (184 -74 218 ) 
4 306 310 (0 -72 218 ) (0 0 218 ) (184 0 218 ) (184 -72 218 ) 
4 306 308 (82 -74 218 ) (84 -74 218 ) (84 -74 342 ) (82 -74 342 ) 
4 306 307 (182 -74 218 ) (184 -74 218 ) (184 -74 342 ) (182 -74 342 ) 
4 307 311 (182 -74 218 ) (184 -74 218 ) (184 -78 218 ) (182 -78 218 ) 
4 307 309 (182 -78 218 ) (184 -78 218 ) (184 -78 342 ) (182 -78 342 ) 
4 308 311 (82 -74 218 ) (84 -74 218 ) (84 -78 218 ) (82 -78 218 ) 
4 308 309 (82 -78 218 ) (84 -78 218 ) (84 -78 342 ) (82 -78 342 ) 
4 309 348 (0 -78 218 ) (0 -80 218 ) (0 -80 342 ) (0 -78 342 ) 
4 309 321 (0 -80 342 ) (0 -80 218 ) (184 -80 218 ) (184 -80 342 ) 
4 309 311 (184 -80 218 ) (0 -80 218 ) (0 -78 218 ) (184 -78 218 ) 
4 310 330 (0 0 218 ) (0 0 192 ) (0 -72 192 ) (0 -72 218 ) 
4 310 311 (184 -72 216 ) (184 -72 218 ) (0 -72 218 ) (0 -72 216 ) 
4 311 351 (0 -80 216 ) (0 -80 218 ) (0 -72 218 ) (0 -72 216 ) 
4 311 321 (0 -80 218 ) (0 -80 216 ) (184 -80 216 ) (184 -80 218 ) 
4 312 355 (0 0 176 ) (0 0 150 ) (0 -72 150 ) (0 -72 176 ) 
4 312 314 (0 -72 150 ) (0 0 150 ) (184 0 150 ) (184 -72 150 ) 
4 312 313 (0 -72 150 ) (184 -72 150 ) (184 -72 152 ) (0 -72 152 ) 
4 313 356 (0 -72 150 ) (0 -80 150 ) (0 -80 152 ) (0 -72 152 ) 
4 313 322 (0 -80 152 ) (0 -80 150 ) (184 -80 150 ) (184 -80 152 ) 
4 313 316 (82 -74 150 ) (84 -74 150 ) (84 -78 150 ) (82 -78 150 ) 
4 313 315 (182 -74 150 ) (184 -74 150 ) (184 -78 150 ) (182 -78 150 ) 
4 313 314 (0 -74 150 ) (0 -72 150 ) (184 -72 150 ) (184 -74 150 ) 
4 313 317 (184 -80 150 ) (0 -80 150 ) (0 -78 150 ) (184 -78 150 ) 
4 314 357 (0 0 150 ) (0 0 26 ) (0 -74 26 ) (0 -74 150 ) 
4 314 319 (0 -74 26 ) (0 -72 26 ) (184 -72 26 ) (184 -74 26 ) 
4 314 318 (0 -72 26 ) (0 0 26 ) (184 0 26 ) (184 -72 26 ) 
4 314 316 (82 -74 26 ) (84 -74 26 ) (84 -74 150 ) (82 -74 150 ) 
4 314 315 (182 -74 26 ) (184 -74 26 ) (184 -74 150 ) (182 -74 150 ) 
4 315 319 (182 -74 26 ) (184 -74 26 ) (184 -78 26 ) (182 -78 26 ) 
4 315 317 (182 -78 26 ) (184 -78 26 ) (184 -78 150 ) (182 -78 150 ) 
4 316 319 (82 -74 26 ) (84 -74 26 ) (84 -78 26 ) (82 -78 26 ) 
4 316 317 (82 -78 26 ) (84 -78 26 ) (84 -78 150 ) (82 -78 150 ) 
4 317 360 (0 -78 26 ) (0 -80 26 ) (0 -80 150 ) (0 -78 150 ) 
4 317 322 (0 -80 150 ) (0 -80 26 ) (184 -80 26 ) (184 -80 150 ) 
4 317 319 (184 -80 26 ) (0 -80 26 ) (0 -78 26 ) (184 -78 26 ) 
4 318 361 (0 0 26 ) (0 0 0 ) (0 -72 0 ) (0 -72 26 ) 
4 318 319 (184 -72 24 ) (184 -72 26 ) (0 -72 26 ) (0 -72 24 ) 
4 319 362 (0 -80 24 ) (0 -80 26 ) (0 -72 26 ) (0 -72 24 ) 
4 319 322 (0 -80 26 ) (0 -80 24 ) (184 -80 24 ) (184 -80 26 ) 
4 320 387 (0 -96 456 ) (0 -96 760 ) (0 -80 760 ) (0 -80 456 ) 
4 320 323 (184 -96 456 ) (184 -96 760 ) (0 -96 760 ) (0 -96 456 ) 
4 321 388 (0 -96 192 ) (0 -96 360 ) (0 -80 360 ) (0 -80 192 ) 
4 321 324 (184 -96 200 ) (184 -96 360 ) (0 -96 360 ) (0 -96 200 ) 
4 322 389 (0 -80 0 ) (0 -96 0 ) (0 -96 152 ) (0 -80 152 ) 
4 322 325 (0 -96 0 ) (184 -96 0 ) (184 -96 120 ) (0 -96 120 ) 
4 323 394 (0 -112 456 ) (0 -112 760 ) (0 -96 760 ) (0 -96 456 ) 
4 323 327 (184 -112 456 ) (184 -112 760 ) (0 -112 760 ) (0 -112 456 ) 
4 324 396 (0 -104 360 ) (0 -96 360 ) (0 -96 200 ) (0 -104 200 ) 
4 324 398 (0 -112 200 ) (0 -112 360 ) (0 -104 360 ) (0 -104 200 ) 
4 324 327 (184 -112 200 ) (184 -112 360 ) (0 -112 360 ) (0 -112 200 ) 
4 324 326 (184 -112 200 ) (0 -112 200 ) (0 -104 200 ) (184 -104 200 ) 
4 325 397 (0 -96 0 ) (0 -104 0 ) (0 -104 120 ) (0 -96 120 ) 
4 325 326 (0 -104 0 ) (184 -104 0 ) (184 -104 120 ) (0 -104 120 ) 
4 326 398 (0 -104 0 ) (0 -112 0 ) (0 -112 200 ) (0 -104 200 ) 
4 326 327 (0 -112 0 ) (184 -112 0 ) (184 -112 200 ) (0 -112 200 ) 
4 327 407 (0 -280 0 ) (0 -792 0 ) (0 -792 760 ) (0 -280 760 ) 
4 327 398 (0 -112 0 ) (0 -280 0 ) (0 -280 360 ) (0 -112 360 ) 
4 327 395 (0 -280 360 ) (0 -280 456 ) (0 -112 456 ) (0 -112 360 ) 
4 327 394 (0 -280 456 ) (0 -280 760 ) (0 -112 760 ) (0 -112 456 ) 
4 327 328 (0 -792 0 ) (0 -280 0 ) (184 -280 0 ) (184 -792 0 ) 
4 328 407 (0 -280 -8 ) (0 -792 -8 ) (0 -792 0 ) (0 -280 0 ) 
4 329 408 (-1024 0 760 ) (-1024 0 464 ) (-1024 -80 464 ) (-1024 -80 760 ) 
4 329 387 (0 -80 464 ) (0 -80 760 ) (-1024 -80 760 ) (-1024 -80 464 ) 
4 330 352 (-240 -72 216 ) (-240 -72 218 ) (-640 -72 218 ) (-640 -72 216 ) 
4 330 351 (0 -72 216 ) (0 -72 218 ) (-216 -72 218 ) (-216 -72 216 ) 
4 330 335 (0 -72 218 ) (0 -72 342 ) (-216 -72 342 ) (-216 -72 218 ) 
4 330 336 (-240 -72 342 ) (-640 -72 342 ) (-640 -72 218 ) (-240 -72 218 ) 
4 330 333 (-240 -72 344 ) (-640 -72 344 ) (-640 -72 342 ) (-240 -72 342 ) 
4 330 332 (0 -72 342 ) (0 -72 344 ) (-216 -72 344 ) (-216 -72 342 ) 
4 331 409 (-1024 0 440 ) (-1024 0 192 ) (-1024 -72 192 ) (-1024 -72 440 ) 
4 331 354 (-1024 -72 192 ) (-1024 0 192 ) (-932 0 192 ) (-932 -72 192 ) 
4 331 353 (-664 -72 216 ) (-664 -72 218 ) (-1024 -72 218 ) (-1024 -72 216 ) 
4 331 337 (-664 -72 342 ) (-1024 -72 342 ) (-1024 -72 218 ) (-664 -72 218 ) 
4 331 334 (-664 -72 344 ) (-1024 -72 344 ) (-1024 -72 342 ) (-664 -72 342 ) 
4 332 388 (0 -80 342 ) (0 -80 344 ) (-216 -80 344 ) (-216 -80 342 ) 
4 332 348 (0 -80 342 ) (-216 -80 342 ) (-216 -78 342 ) (0 -78 342 ) 
4 332 338 (-18 -74 342 ) (-16 -74 342 ) (-16 -78 342 ) (-18 -78 342 ) 
4 332 339 (-118 -74 342 ) (-116 -74 342 ) (-116 -78 342 ) (-118 -78 342 ) 
4 332 335 (-216 -74 342 ) (-216 -72 342 ) (0 -72 342 ) (0 -74 342 ) 
4 333 390 (-240 -80 344 ) (-640 -80 344 ) (-640 -80 342 ) (-240 -80 342 ) 
4 333 349 (-240 -80 342 ) (-640 -80 342 ) (-640 -78 342 ) (-240 -78 342 ) 
4 333 343 (-542 -74 342 ) (-540 -74 342 ) (-540 -78 342 ) (-542 -78 342 ) 
4 333 341 (-342 -74 342 ) (-340 -74 342 ) (-340 -78 342 ) (-342 -78 342 ) 
4 333 342 (-442 -74 342 ) (-440 -74 342 ) (-440 -78 342 ) (-442 -78 342 ) 
4 333 340 (-242 -74 342 ) (-240 -74 342 ) (-240 -78 342 ) (-242 -78 342 ) 
4 333 336 (-640 -74 342 ) (-640 -72 342 ) (-240 -72 342 ) (-240 -74 342 ) 
4 334 410 (-1024 -80 342 ) (-1024 -80 344 ) (-1024 -72 344 ) (-1024 -72 342 ) 
4 334 392 (-664 -80 344 ) (-1024 -80 344 ) (-1024 -80 342 ) (-664 -80 342 ) 
4 334 350 (-664 -80 342 ) (-1024 -80 342 ) (-1024 -78 342 ) (-664 -78 342 ) 
4 334 346 (-866 -74 342 ) (-864 -74 342 ) (-864 -78 342 ) (-866 -78 342 ) 
4 334 347 (-966 -74 342 ) (-964 -74 342 ) (-964 -78 342 ) (-966 -78 342 ) 
4 334 345 (-766 -74 342 ) (-764 -74 342 ) (-764 -78 342 ) (-766 -78 342 ) 
4 334 344 (-666 -74 342 ) (-664 -74 342 ) (-664 -78 342 ) (-666 -78 342 ) 
4 334 337 (-1024 -74 342 ) (-1024 -72 342 ) (-664 -72 342 ) (-664 -74 342 ) 
4 335 351 (-216 -72 218 ) (0 -72 218 ) (0 -74 218 ) (-216 -74 218 ) 
4 335 338 (-18 -74 218 ) (-16 -74 218 ) (-16 -74 342 ) (-18 -74 342 ) 
4 335 339 (-118 -74 218 ) (-116 -74 218 ) (-116 -74 342 ) (-118 -74 342 ) 
4 336 352 (-640 -72 218 ) (-240 -72 218 ) (-240 -74 218 ) (-640 -74 218 ) 
4 336 343 (-542 -74 218 ) (-540 -74 218 ) (-540 -74 342 ) (-542 -74 342 ) 
4 336 341 (-342 -74 218 ) (-340 -74 218 ) (-340 -74 342 ) (-342 -74 342 ) 
4 336 342 (-442 -74 218 ) (-440 -74 218 ) (-440 -74 342 ) (-442 -74 342 ) 
4 336 340 (-242 -74 218 ) (-240 -74 218 ) (-240 -74 342 ) (-242 -74 342 ) 
4 337 411 (-1024 -74 342 ) (-1024 -72 342 ) (-1024 -72 218 ) (-1024 -74 218 ) 
4 337 353 (-1024 -74 218 ) (-1024 -72 218 ) (-664 -72 218 ) (-664 -74 218 ) 
4 337 346 (-866 -74 218 ) (-864 -74 218 ) (-864 -74 342 ) (-866 -74 342 ) 
4 337 347 (-966 -74 218 ) (-964 -74 218 ) (-964 -74 342 ) (-966 -74 342 ) 
4 337 345 (-766 -74 218 ) (-764 -74 218 ) (-764 -74 342 ) (-766 -74 342 ) 
4 337 344 (-666 -74 218 ) (-664 -74 218 ) (-664 -74 342 ) (-666 -74 342 ) 
4 338 351 (-18 -74 218 ) (-16 -74 218 ) (-16 -78 218 ) (-18 -78 218 ) 
4 338 348 (-18 -78 218 ) (-16 -78 218 ) (-16 -78 342 ) (-18 -78 342 ) 
4 339 351 (-118 -74 218 ) (-116 -74 218 ) (-116 -78 218 ) (-118 -78 218 ) 
4 339 348 (-118 -78 218 ) (-116 -78 218 ) (-116 -78 342 ) (-118 -78 342 ) 
4 340 352 (-242 -74 218 ) (-240 -74 218 ) (-240 -78 218 ) (-242 -78 218 ) 
4 340 349 (-242 -78 218 ) (-240 -78 218 ) (-240 -78 342 ) (-242 -78 342 ) 
4 341 352 (-342 -74 218 ) (-340 -74 218 ) (-340 -78 218 ) (-342 -78 218 ) 
4 341 349 (-342 -78 218 ) (-340 -78 218 ) (-340 -78 342 ) (-342 -78 342 ) 
4 342 352 (-442 -74 218 ) (-440 -74 218 ) (-440 -78 218 ) (-442 -78 218 ) 
4 342 349 (-442 -78 218 ) (-440 -78 218 ) (-440 -78 342 ) (-442 -78 342 ) 
4 343 352 (-542 -74 218 ) (-540 -74 218 ) (-540 -78 218 ) (-542 -78 218 ) 
4 343 349 (-542 -78 218 ) (-540 -78 218 ) (-540 -78 342 ) (-542 -78 342 ) 
4 344 353 (-666 -74 218 ) (-664 -74 218 ) (-664 -78 218 ) (-666 -78 218 ) 
4 344 350 (-666 -78 218 ) (-664 -78 218 ) (-664 -78 342 ) (-666 -78 342 ) 
4 345 353 (-766 -74 218 ) (-764 -74 218 ) (-764 -78 218 ) (-766 -78 218 ) 
4 345 350 (-766 -78 218 ) (-764 -78 218 ) (-764 -78 342 ) (-766 -78 342 ) 
4 346 353 (-866 -74 218 ) (-864 -74 218 ) (-864 -78 218 ) (-866 -78 218 ) 
4 346 350 (-866 -78 218 ) (-864 -78 218 ) (-864 -78 342 ) (-866 -78 342 ) 
4 347 353 (-966 -74 218 ) (-964 -74 218 ) (-964 -78 218 ) (-966 -78 218 ) 
4 347 350 (-966 -78 218 ) (-964 -78 218 ) (-964 -78 342 ) (-966 -78 342 ) 
4 348 388 (0 -80 218 ) (0 -80 342 ) (-216 -80 342 ) (-216 -80 218 ) 
4 348 351 (0 -80 218 ) (-216 -80 218 ) (-216 -78 218 ) (0 -78 218 ) 
4 349 390 (-240 -80 342 ) (-640 -80 342 ) (-640 -80 218 ) (-240 -80 218 ) 
4 349 352 (-240 -80 218 ) (-640 -80 218 ) (-640 -78 218 ) (-240 -78 218 ) 
4 350 413 (-1024 -80 218 ) (-1024 -80 342 ) (-1024 -78 342 ) (-1024 -78 218 ) 
4 350 392 (-664 -80 342 ) (-1024 -80 342 ) (-1024 -80 218 ) (-664 -80 218 ) 
4 350 353 (-664 -80 218 ) (-1024 -80 218 ) (-1024 -78 218 ) (-664 -78 218 ) 
4 351 388 (0 -80 216 ) (0 -80 218 ) (-216 -80 218 ) (-216 -80 216 ) 
4 352 390 (-240 -80 218 ) (-640 -80 218 ) (-640 -80 216 ) (-240 -80 216 ) 
4 353 412 (-1024 -78 218 ) (-1024 -74 218 ) (-1024 -74 216 ) (-1024 -78 216 ) 
4 353 411 (-1024 -74 218 ) (-1024 -72 218 ) (-1024 -72 216 ) (-1024 -74 216 ) 
4 353 413 (-1024 -80 216 ) (-1024 -80 218 ) (-1024 -78 218 ) (-1024 -78 216 ) 
4 353 392 (-664 -80 218 ) (-1024 -80 218 ) (-1024 -80 216 ) (-664 -80 216 ) 
4 354 409 (-1024 0 192 ) (-1024 0 176 ) (-1024 -72 176 ) (-1024 -72 192 ) 
4 354 377 (-1024 -72 176 ) (-1024 0 176 ) (-932 0 176 ) (-932 -72 176 ) 
4 355 363 (-216 -48 176 ) (-216 0 176 ) (-216 0 150 ) (-216 -48 150 ) 
4 355 357 (-216 -72 150 ) (-216 0 150 ) (0 0 150 ) (0 -72 150 ) 
4 355 356 (-216 -72 152 ) (-216 -72 150 ) (0 -72 150 ) (0 -72 152 ) 
4 356 389 (0 -80 150 ) (0 -80 152 ) (-216 -80 152 ) (-216 -80 150 ) 
4 356 358 (-18 -74 150 ) (-16 -74 150 ) (-16 -78 150 ) (-18 -78 150 ) 
4 356 359 (-118 -74 150 ) (-116 -74 150 ) (-116 -78 150 ) (-118 -78 150 ) 
4 356 357 (-216 -74 150 ) (-216 -72 150 ) (0 -72 150 ) (0 -74 150 ) 
4 356 360 (0 -80 150 ) (-216 -80 150 ) (-216 -78 150 ) (0 -78 150 ) 
4 357 363 (-216 -48 150 ) (-216 0 150 ) (-216 0 26 ) (-216 -48 26 ) 
4 357 362 (-216 -74 26 ) (-216 -72 26 ) (0 -72 26 ) (0 -74 26 ) 
4 357 361 (-216 -72 26 ) (-216 0 26 ) (0 0 26 ) (0 -72 26 ) 
4 357 358 (-18 -74 26 ) (-16 -74 26 ) (-16 -74 150 ) (-18 -74 150 ) 
4 357 359 (-118 -74 26 ) (-116 -74 26 ) (-116 -74 150 ) (-118 -74 150 ) 
4 358 362 (-18 -74 26 ) (-16 -74 26 ) (-16 -78 26 ) (-18 -78 26 ) 
4 358 360 (-18 -78 26 ) (-16 -78 26 ) (-16 -78 150 ) (-18 -78 150 ) 
4 359 362 (-118 -74 26 ) (-116 -74 26 ) (-116 -78 26 ) (-118 -78 26 ) 
4 359 360 (-118 -78 26 ) (-116 -78 26 ) (-116 -78 150 ) (-118 -78 150 ) 
4 360 389 (0 -80 26 ) (0 -80 150 ) (-216 -80 150 ) (-216 -80 26 ) 
4 360 362 (0 -80 26 ) (-216 -80 26 ) (-216 -78 26 ) (0 -78 26 ) 
4 361 363 (-216 0 0 ) (-216 -48 0 ) (-216 -48 26 ) (-216 0 26 ) 
4 361 362 (0 -72 26 ) (-216 -72 26 ) (-216 -72 24 ) (0 -72 24 ) 
4 362 389 (0 -80 24 ) (0 -80 26 ) (-216 -80 26 ) (-216 -80 24 ) 
4 364 366 (-640 -72 150 ) (-640 0 150 ) (-240 0 150 ) (-240 -72 150 ) 
4 364 365 (-640 -72 152 ) (-640 -72 150 ) (-240 -72 150 ) (-240 -72 152 ) 
4 365 391 (-640 -80 152 ) (-640 -80 150 ) (-240 -80 150 ) (-240 -80 152 ) 
4 365 370 (-542 -74 150 ) (-540 -74 150 ) (-540 -78 150 ) (-542 -78 150 ) 
4 365 368 (-342 -74 150 ) (-340 -74 150 ) (-340 -78 150 ) (-342 -78 150 ) 
4 365 369 (-442 -74 150 ) (-440 -74 150 ) (-440 -78 150 ) (-442 -78 150 ) 
4 365 367 (-242 -74 150 ) (-240 -74 150 ) (-240 -78 150 ) (-242 -78 150 ) 
4 365 366 (-640 -74 150 ) (-640 -72 150 ) (-240 -72 150 ) (-240 -74 150 ) 
4 365 371 (-640 -80 150 ) (-640 -78 150 ) (-240 -78 150 ) (-240 -80 150 ) 
4 366 374 (-640 0 112 ) (-640 0 26 ) (-640 -28 26 ) (-640 -28 112 ) 
4 366 373 (-640 -74 26 ) (-640 -72 26 ) (-240 -72 26 ) (-240 -74 26 ) 
4 366 372 (-640 -72 26 ) (-640 0 26 ) (-240 0 26 ) (-240 -72 26 ) 
4 366 370 (-542 -74 26 ) (-540 -74 26 ) (-540 -74 150 ) (-542 -74 150 ) 
4 366 368 (-342 -74 26 ) (-340 -74 26 ) (-340 -74 150 ) (-342 -74 150 ) 
4 366 369 (-442 -74 26 ) (-440 -74 26 ) (-440 -74 150 ) (-442 -74 150 ) 
4 366 367 (-242 -74 26 ) (-240 -74 26 ) (-240 -74 150 ) (-242 -74 150 ) 
4 367 373 (-242 -74 26 ) (-240 -74 26 ) (-240 -78 26 ) (-242 -78 26 ) 
4 367 371 (-242 -78 26 ) (-240 -78 26 ) (-240 -78 150 ) (-242 -78 150 ) 
4 368 373 (-342 -74 26 ) (-340 -74 26 ) (-340 -78 26 ) (-342 -78 26 ) 
4 368 371 (-342 -78 26 ) (-340 -78 26 ) (-340 -78 150 ) (-342 -78 150 ) 
4 369 373 (-442 -74 26 ) (-440 -74 26 ) (-440 -78 26 ) (-442 -78 26 ) 
4 369 371 (-442 -78 26 ) (-440 -78 26 ) (-440 -78 150 ) (-442 -78 150 ) 
4 370 373 (-542 -74 26 ) (-540 -74 26 ) (-540 -78 26 ) (-542 -78 26 ) 
4 370 371 (-542 -78 26 ) (-540 -78 26 ) (-540 -78 150 ) (-542 -78 150 ) 
4 371 391 (-640 -80 150 ) (-640 -80 26 ) (-240 -80 26 ) (-240 -80 150 ) 
4 371 373 (-640 -80 26 ) (-640 -78 26 ) (-240 -78 26 ) (-240 -80 26 ) 
4 372 374 (-640 0 0 ) (-640 -28 0 ) (-640 -28 26 ) (-640 0 26 ) 
4 372 373 (-240 -72 24 ) (-240 -72 26 ) (-640 -72 26 ) (-640 -72 24 ) 
4 373 391 (-640 -80 26 ) (-640 -80 24 ) (-240 -80 24 ) (-240 -80 26 ) 
4 374 375 (-648 0 0 ) (-648 -28 0 ) (-648 -28 112 ) (-648 0 112 ) 
4 375 385 (-664 0 0 ) (-664 -28 0 ) (-664 -28 26 ) (-664 0 26 ) 
4 375 379 (-664 -28 26 ) (-664 -28 150 ) (-664 0 150 ) (-664 0 26 ) 
4 375 377 (-664 -28 150 ) (-664 -28 176 ) (-664 0 176 ) (-664 0 150 ) 
4 375 376 (-664 -28 176 ) (-664 -28 0 ) (-648 -28 0 ) (-648 -28 176 ) 
4 376 385 (-664 -28 0 ) (-664 -48 0 ) (-664 -48 26 ) (-664 -28 26 ) 
4 376 379 (-664 -48 26 ) (-664 -48 150 ) (-664 -28 150 ) (-664 -28 26 ) 
4 376 377 (-664 -48 150 ) (-664 -48 176 ) (-664 -28 176 ) (-664 -28 150 ) 
4 377 409 (-1024 0 176 ) (-1024 0 150 ) (-1024 -72 150 ) (-1024 -72 176 ) 
4 377 379 (-1024 0 150 ) (-664 0 150 ) (-664 -72 150 ) (-1024 -72 150 ) 
4 377 378 (-1024 -72 150 ) (-664 -72 150 ) (-664 -72 152 ) (-1024 -72 152 ) 
4 378 414 (-1024 -72 150 ) (-1024 -80 150 ) (-1024 -80 152 ) (-1024 -72 152 ) 
4 378 393 (-1024 -80 152 ) (-1024 -80 150 ) (-664 -80 150 ) (-664 -80 152 ) 
4 378 383 (-964 -78 150 ) (-966 -78 150 ) (-966 -74 150 ) (-964 -74 150 ) 
4 378 381 (-764 -78 150 ) (-766 -78 150 ) (-766 -74 150 ) (-764 -74 150 ) 
4 378 382 (-864 -78 150 ) (-866 -78 150 ) (-866 -74 150 ) (-864 -74 150 ) 
4 378 380 (-664 -74 150 ) (-664 -78 150 ) (-666 -78 150 ) (-666 -74 150 ) 
4 378 379 (-664 -72 150 ) (-664 -74 150 ) (-1024 -74 150 ) (-1024 -72 150 ) 
4 378 384 (-664 -78 150 ) (-664 -80 150 ) (-1024 -80 150 ) (-1024 -78 150 ) 
4 379 415 (-1024 -72 26 ) (-1024 -74 26 ) (-1024 -74 150 ) (-1024 -72 150 ) 
4 379 409 (-1024 0 150 ) (-1024 0 26 ) (-1024 -72 26 ) (-1024 -72 150 ) 
4 379 386 (-664 -72 26 ) (-664 -74 26 ) (-1024 -74 26 ) (-1024 -72 26 ) 
4 379 385 (-664 0 26 ) (-664 -72 26 ) (-1024 -72 26 ) (-1024 0 26 ) 
4 379 383 (-966 -74 26 ) (-964 -74 26 ) (-964 -74 150 ) (-966 -74 150 ) 
4 379 381 (-766 -74 26 ) (-764 -74 26 ) (-764 -74 150 ) (-766 -74 150 ) 
4 379 382 (-866 -74 26 ) (-864 -74 26 ) (-864 -74 150 ) (-866 -74 150 ) 
4 379 380 (-666 -74 26 ) (-664 -74 26 ) (-664 -74 150 ) (-666 -74 150 ) 
4 380 386 (-664 -74 26 ) (-664 -78 26 ) (-666 -78 26 ) (-666 -74 26 ) 
4 380 384 (-666 -78 26 ) (-664 -78 26 ) (-664 -78 150 ) (-666 -78 150 ) 
4 381 386 (-764 -78 26 ) (-766 -78 26 ) (-766 -74 26 ) (-764 -74 26 ) 
4 381 384 (-766 -78 26 ) (-764 -78 26 ) (-764 -78 150 ) (-766 -78 150 ) 
4 382 386 (-864 -78 26 ) (-866 -78 26 ) (-866 -74 26 ) (-864 -74 26 ) 
4 382 384 (-866 -78 26 ) (-864 -78 26 ) (-864 -78 150 ) (-866 -78 150 ) 
4 383 386 (-964 -78 26 ) (-966 -78 26 ) (-966 -74 26 ) (-964 -74 26 ) 
4 383 384 (-966 -78 26 ) (-964 -78 26 ) (-964 -78 150 ) (-966 -78 150 ) 
4 384 417 (-1024 -78 26 ) (-1024 -80 26 ) (-1024 -80 150 ) (-1024 -78 150 ) 
4 384 393 (-1024 -80 150 ) (-1024 -80 26 ) (-664 -80 26 ) (-664 -80 150 ) 
4 384 386 (-664 -78 26 ) (-664 -80 26 ) (-1024 -80 26 ) (-1024 -78 26 ) 
4 385 409 (-1024 0 26 ) (-1024 0 0 ) (-1024 -72 0 ) (-1024 -72 26 ) 
4 385 386 (-664 -72 24 ) (-664 -72 26 ) (-1024 -72 26 ) (-1024 -72 24 ) 
4 386 416 (-1024 -78 26 ) (-1024 -74 26 ) (-1024 -74 24 ) (-1024 -78 24 ) 
4 386 415 (-1024 -74 26 ) (-1024 -72 26 ) (-1024 -72 24 ) (-1024 -74 24 ) 
4 386 417 (-1024 -80 24 ) (-1024 -80 26 ) (-1024 -78 26 ) (-1024 -78 24 ) 
4 386 393 (-1024 -80 26 ) (-1024 -80 24 ) (-664 -80 24 ) (-664 -80 26 ) 
4 387 418 (-1024 -80 760 ) (-1024 -80 456 ) (-1024 -96 456 ) (-1024 -96 760 ) 
4 387 394 (-1024 -96 760 ) (-1024 -96 456 ) (0 -96 456 ) (0 -96 760 ) 
4 388 396 (0 -96 200 ) (0 -96 360 ) (-216 -96 360 ) (-216 -96 200 ) 
4 389 397 (-216 -96 0 ) (0 -96 0 ) (0 -96 120 ) (-216 -96 120 ) 
4 390 400 (-240 -96 200 ) (-240 -96 360 ) (-640 -96 360 ) (-640 -96 200 ) 
4 391 401 (-640 -96 0 ) (-240 -96 0 ) (-240 -96 120 ) (-640 -96 120 ) 
4 392 419 (-1024 -80 360 ) (-1024 -80 192 ) (-1024 -96 192 ) (-1024 -96 360 ) 
4 392 404 (-1024 -96 360 ) (-1024 -96 200 ) (-664 -96 200 ) (-664 -96 360 ) 
4 393 420 (-1024 -80 152 ) (-1024 -80 0 ) (-1024 -96 0 ) (-1024 -96 152 ) 
4 393 405 (-1024 -96 120 ) (-1024 -96 0 ) (-664 -96 0 ) (-664 -96 120 ) 
4 394 425 (-1024 -280 456 ) (-1024 -280 760 ) (-1024 -112 760 ) (-1024 -112 456 ) 
4 394 421 (-1024 -112 760 ) (-1024 -96 760 ) (-1024 -96 456 ) (-1024 -112 456 ) 
4 394 407 (-1024 -280 760 ) (-1024 -280 456 ) (0 -280 456 ) (0 -280 760 ) 
4 394 395 (0 -280 456 ) (-1024 -280 456 ) (-1024 -112 456 ) (0 -112 456 ) 
4 395 425 (-1024 -280 360 ) (-1024 -280 456 ) (-1024 -112 456 ) (-1024 -112 360 ) 
4 395 407 (-1024 -280 456 ) (-1024 -280 360 ) (0 -280 360 ) (0 -280 456 ) 
4 395 406 (-664 -280 360 ) (-1024 -280 360 ) (-1024 -112 360 ) (-664 -112 360 ) 
4 395 403 (-640 -280 360 ) (-664 -280 360 ) (-664 -112 360 ) (-640 -112 360 ) 
4 395 402 (-240 -280 360 ) (-640 -280 360 ) (-640 -112 360 ) (-240 -112 360 ) 
4 395 399 (-216 -280 360 ) (-240 -280 360 ) (-240 -112 360 ) (-216 -112 360 ) 
4 395 398 (0 -280 360 ) (-216 -280 360 ) (-216 -112 360 ) (0 -112 360 ) 
4 396 398 (-216 -104 360 ) (-216 -104 200 ) (0 -104 200 ) (0 -104 360 ) 
4 397 398 (-216 -104 120 ) (-216 -104 0 ) (0 -104 0 ) (0 -104 120 ) 
4 398 407 (-216 -280 0 ) (0 -280 0 ) (0 -280 360 ) (-216 -280 360 ) 
4 398 399 (-216 -280 360 ) (-216 -112 360 ) (-216 -112 0 ) (-216 -280 0 ) 
4 399 407 (-240 -280 0 ) (-216 -280 0 ) (-216 -280 360 ) (-240 -280 360 ) 
4 399 402 (-240 -280 360 ) (-240 -112 360 ) (-240 -112 0 ) (-240 -280 0 ) 
4 400 402 (-640 -104 360 ) (-640 -104 200 ) (-240 -104 200 ) (-240 -104 360 ) 
4 401 402 (-640 -104 120 ) (-640 -104 0 ) (-240 -104 0 ) (-240 -104 120 ) 
4 402 407 (-640 -280 0 ) (-240 -280 0 ) (-240 -280 360 ) (-640 -280 360 ) 
4 402 403 (-640 -280 360 ) (-640 -112 360 ) (-640 -112 0 ) (-640 -280 0 ) 
4 403 407 (-664 -280 0 ) (-640 -280 0 ) (-640 -280 360 ) (-664 -280 360 ) 
4 403 406 (-664 -280 360 ) (-664 -112 360 ) (-664 -112 0 ) (-664 -280 0 ) 
4 404 422 (-1024 -104 360 ) (-1024 -96 360 ) (-1024 -96 200 ) (-1024 -104 200 ) 
4 404 406 (-664 -104 200 ) (-664 -104 360 ) (-1024 -104 360 ) (-1024 -104 200 ) 
4 405 423 (-1024 -96 120 ) (-1024 -96 0 ) (-1024 -104 0 ) (-1024 -104 120 ) 
4 405 406 (-1024 -104 0 ) (-664 -104 0 ) (-664 -104 120 ) (-1024 -104 120 ) 
4 406 425 (-1024 -280 0 ) (-1024 -280 360 ) (-1024 -112 360 ) (-1024 -112 0 ) 
4 406 424 (-1024 -104 200 ) (-1024 -104 0 ) (-1024 -112 0 ) (-1024 -112 200 ) 
4 406 422 (-1024 -112 360 ) (-1024 -104 360 ) (-1024 -104 200 ) (-1024 -112 200 ) 
4 406 407 (-1024 -280 360 ) (-1024 -280 0 ) (-664 -280 0 ) (-664 -280 360 ) 
4 407 434 (-1024 -792 -8 ) (-1024 -792 0 ) (-1024 -280 0 ) (-1024 -280 -8 ) 
4 407 425 (-1024 -792 0 ) (-1024 -792 760 ) (-1024 -280 760 ) (-1024 -280 0 ) 
4 408 426 (-1064 0 760 ) (-1064 0 464 ) (-1064 -80 464 ) (-1064 -80 760 ) 
4 408 418 (-1064 -80 760 ) (-1064 -80 464 ) (-1024 -80 464 ) (-1024 -80 760 ) 
4 409 415 (-1064 -72 150 ) (-1064 -72 24 ) (-1024 -72 24 ) (-1024 -72 150 ) 
4 409 414 (-1064 -72 152 ) (-1064 -72 150 ) (-1024 -72 150 ) (-1024 -72 152 ) 
4 409 411 (-1064 -72 342 ) (-1064 -72 216 ) (-1024 -72 216 ) (-1024 -72 342 ) 
4 409 410 (-1064 -72 344 ) (-1064 -72 342 ) (-1024 -72 342 ) (-1024 -72 344 ) 
4 410 419 (-1064 -80 344 ) (-1064 -80 342 ) (-1024 -80 342 ) (-1024 -80 344 ) 
4 410 411 (-1064 -74 342 ) (-1064 -72 342 ) (-1024 -72 342 ) (-1024 -74 342 ) 
4 410 413 (-1024 -80 342 ) (-1064 -80 342 ) (-1064 -78 342 ) (-1024 -78 342 ) 
4 411 412 (-1064 -74 216 ) (-1024 -74 216 ) (-1024 -74 218 ) (-1064 -74 218 ) 
4 412 413 (-1064 -78 216 ) (-1024 -78 216 ) (-1024 -78 218 ) (-1064 -78 218 ) 
4 413 419 (-1064 -80 342 ) (-1064 -80 216 ) (-1024 -80 216 ) (-1024 -80 342 ) 
4 414 420 (-1064 -80 152 ) (-1064 -80 150 ) (-1024 -80 150 ) (-1024 -80 152 ) 
4 414 415 (-1064 -74 150 ) (-1064 -72 150 ) (-1024 -72 150 ) (-1024 -74 150 ) 
4 414 417 (-1024 -80 150 ) (-1064 -80 150 ) (-1064 -78 150 ) (-1024 -78 150 ) 
4 415 416 (-1064 -74 24 ) (-1024 -74 24 ) (-1024 -74 26 ) (-1064 -74 26 ) 
4 416 417 (-1064 -78 24 ) (-1024 -78 24 ) (-1024 -78 26 ) (-1064 -78 26 ) 
4 417 420 (-1064 -80 150 ) (-1064 -80 24 ) (-1024 -80 24 ) (-1024 -80 150 ) 
4 418 426 (-1064 -96 464 ) (-1064 -96 760 ) (-1064 -80 760 ) (-1064 -80 464 ) 
4 418 421 (-1024 -96 760 ) (-1064 -96 760 ) (-1064 -96 456 ) (-1024 -96 456 ) 
4 419 422 (-1064 -96 360 ) (-1064 -96 200 ) (-1024 -96 200 ) (-1024 -96 360 ) 
4 420 423 (-1064 -96 120 ) (-1064 -96 0 ) (-1024 -96 0 ) (-1024 -96 120 ) 
4 421 426 (-1064 -112 464 ) (-1064 -112 760 ) (-1064 -96 760 ) (-1064 -96 464 ) 
4 421 425 (-1024 -112 760 ) (-1064 -112 760 ) (-1064 -112 456 ) (-1024 -112 456 ) 
4 422 425 (-1064 -112 360 ) (-1064 -112 200 ) (-1024 -112 200 ) (-1024 -112 360 ) 
4 422 424 (-1024 -112 200 ) (-1064 -112 200 ) (-1064 -104 200 ) (-1024 -104 200 ) 
4 423 424 (-1064 -104 120 ) (-1064 -104 0 ) (-1024 -104 0 ) (-1024 -104 120 ) 
4 424 425 (-1064 -112 200 ) (-1064 -112 0 ) (-1024 -112 0 ) (-1024 -112 200 ) 
4 425 434 (-1024 -280 0 ) (-1024 -792 0 ) (-1064 -792 0 ) (-1064 -280 0 ) 
4 425 433 (-1064 -443 0 ) (-1064 -792 0 ) (-1064 -792 760 ) (-1064 -443 760 ) 
4 425 428 (-1064 -112 0 ) (-1064 -443 0 ) (-1064 -443 760 ) (-1064 -112 760 ) 
4 426 428 (-1064 -112 464 ) (-1064 -112 760 ) (-1088 -112 760 ) (-1088 -112 464 ) 
4 426 427 (-1088 -112 464 ) (-1088 -112 760 ) (-1088 0 760 ) (-1088 0 464 ) 
4 427 435 (-2048 0 760 ) (-2048 0 0 ) (-2048 -112 0 ) (-2048 -112 760 ) 
4 427 429 (-1250 -112 0 ) (-1249 -112 0 ) (-1249 -112 760 ) (-1250 -112 760 ) 
4 427 432 (-2048 -112 0 ) (-1250 -112 0 ) (-1250 -112 760 ) (-2048 -112 760 ) 
4 427 428 (-1249 -112 0 ) (-1088 -112 0 ) (-1088 -112 760 ) (-1249 -112 760 ) 
4 428 434 (-1064 -280 0 ) (-1064 -443 0 ) (-1216 -443 0 ) (-1216 -280 0 ) 
4 428 433 (-1249 -443 0 ) (-1064 -443 0 ) (-1064 -443 760 ) (-1249 -443 760 ) 
4 428 430 (-1249 -443 142.296005 ) (-1249 -443 760 ) (-1249 -282 760 ) (-1249 -282 142.296005 ) 
4 428 431 (-1249 -282 0 ) (-1249 -443 0 ) (-1249 -443 2.296090 ) (-1249 -282 2.296090 ) 
4 428 429 (-1249 -112 760 ) (-1249 -112 0 ) (-1249 -282 0 ) (-1249 -282 760 ) 
4 429 430 (-1250 -282 760 ) (-1250 -282 142.296005 ) (-1249 -282 142.296005 ) (-1249 -282 760 ) 
4 429 431 (-1250 -282 2.296090 ) (-1250 -282 0 ) (-1249 -282 0 ) (-1249 -282 2.296090 ) 
4 429 432 (-1250 -112 760 ) (-1250 -112 0 ) (-1250 -282 0 ) (-1250 -282 760 ) 
4 430 433 (-1249 -443 142.296005 ) (-1249 -443 760 ) (-1250 -443 760 ) (-1250 -443 142.296005 ) 
4 430 432 (-1250 -443 142.296005 ) (-1250 -443 760 ) (-1250 -282 760 ) (-1250 -282 142.296005 ) 
4 431 433 (-1250 -443 0 ) (-1249 -443 0 ) (-1249 -443 2.296090 ) (-1250 -443 2.296090 ) 
4 431 432 (-1250 -282 0 ) (-1250 -443 0 ) (-1250 -443 2.296090 ) (-1250 -282 2.296090 ) 
4 432 435 (-2048 -112 0 ) (-2048 -443 0 ) (-2048 -443 760 ) (-2048 -112 760 ) 
4 432 433 (-2048 -443 0 ) (-1250 -443 0 ) (-1250 -443 760 ) (-2048 -443 760 ) 
4 433 435 (-2048 -443 0 ) (-2048 -792 0 ) (-2048 -792 760 ) (-2048 -443 760 ) 
4 433 434 (-1064 -443 0 ) (-1064 -792 0 ) (-1216 -792 0 ) (-1216 -443 0 ) 
