PRT1
449
1174
4 0 2 (1835 1024 0 ) (1835 1024 760 ) (1024 1024 760 ) (1024 1024 0 ) 
4 0 1 (1024 1024 0 ) (1024 1024 760 ) (1024 1568 760 ) (1024 1568 0 ) 
4 1 82 (0 1024 0 ) (0 1024 760 ) (0 1568 760 ) (0 1568 0 ) 
4 1 68 (0 1024 192 ) (0 1024 0 ) (184 1024 0 ) (184 1024 192 ) 
4 1 52 (0 1024 360 ) (0 1024 192 ) (184 1024 192 ) (184 1024 360 ) 
4 1 51 (0 1024 440 ) (0 1024 360 ) (184 1024 360 ) (184 1024 440 ) 
4 1 49 (0 1024 456 ) (0 1024 440 ) (184 1024 440 ) (184 1024 456 ) 
4 1 48 (184 1024 760 ) (0 1024 760 ) (0 1024 456 ) (184 1024 456 ) 
4 1 33 (184 1024 456 ) (184 1024 0 ) (208 1024 0 ) (208 1024 456 ) 
4 1 24 (208 1024 0 ) (568 1024 0 ) (568 1024 456 ) (208 1024 456 ) 
4 1 23 (184 1024 464 ) (184 1024 456 ) (208 1024 456 ) (208 1024 464 ) 
4 1 21 (208 1024 456 ) (568 1024 456 ) (568 1024 464 ) (208 1024 464 ) 
4 1 20 (568 1024 760 ) (184 1024 760 ) (184 1024 464 ) (568 1024 464 ) 
4 1 12 (576 1024 760 ) (568 1024 760 ) (568 1024 0 ) (576 1024 0 ) 
4 1 7 (696 1024 136 ) (688 1024 136 ) (688 1024 0 ) (696 1024 0 ) 
4 1 8 (688 1024 136 ) (576 1024 136 ) (576 1024 0 ) (688 1024 0 ) 
4 1 5 (880 1024 136 ) (872 1024 136 ) (872 1024 0 ) (880 1024 0 ) 
4 1 4 (1024 1024 0 ) (1024 1024 136 ) (880 1024 136 ) (880 1024 0 ) 
4 1 6 (872 1024 136 ) (696 1024 136 ) (696 1024 0 ) (872 1024 0 ) 
4 1 3 (1024 1024 136 ) (1024 1024 760 ) (576 1024 760 ) (576 1024 136 ) 
4 2 312 (1835 0 0 ) (1835 0 760 ) (1024 0 760 ) (1024 0 0 ) 
4 2 10 (1024 384 0 ) (1024 0 0 ) (1024 0 136 ) (1024 384 136 ) 
4 2 4 (1024 1024 136 ) (1024 1024 0 ) (1024 384 0 ) (1024 384 136 ) 
4 2 3 (1024 1024 760 ) (1024 1024 136 ) (1024 0 136 ) (1024 0 760 ) 
4 3 313 (1024 0 136 ) (1024 0 760 ) (576 0 760 ) (576 0 136 ) 
4 3 19 (576 8 136 ) (576 0 136 ) (576 0 464 ) (576 8 464 ) 
4 3 18 (576 0 464 ) (576 0 760 ) (576 408 760 ) (576 408 464 ) 
4 3 16 (576 408 464 ) (576 408 760 ) (576 536 760 ) (576 536 464 ) 
4 3 14 (576 536 464 ) (576 536 760 ) (576 880 760 ) (576 880 464 ) 
4 3 15 (576 536 232 ) (576 536 320 ) (576 880 320 ) (576 880 232 ) 
4 3 13 (576 880 464 ) (576 880 760 ) (576 888 760 ) (576 888 464 ) 
4 3 12 (576 1024 760 ) (576 1024 136 ) (576 888 136 ) (576 888 760 ) 
4 3 11 (576 0 136 ) (576 376 136 ) (880 376 136 ) (880 0 136 ) 
4 3 10 (880 384 136 ) (1024 384 136 ) (1024 0 136 ) (880 0 136 ) 
4 3 9 (576 384 136 ) (576 560 136 ) (696 560 136 ) (696 384 136 ) 
4 3 7 (688 1024 136 ) (696 1024 136 ) (696 608 136 ) (688 608 136 ) 
4 3 8 (576 568 136 ) (576 1024 136 ) (688 1024 136 ) (688 568 136 ) 
4 3 5 (872 1024 136 ) (880 1024 136 ) (880 608 136 ) (872 608 136 ) 
4 3 4 (880 1024 136 ) (1024 1024 136 ) (1024 384 136 ) (880 384 136 ) 
4 3 6 (696 1024 136 ) (872 1024 136 ) (872 384 136 ) (696 384 136 ) 
4 4 10 (1024 384 136 ) (880 384 136 ) (880 384 0 ) (1024 384 0 ) 
4 4 5 (880 1024 0 ) (880 608 0 ) (880 608 136 ) (880 1024 136 ) 
4 5 6 (872 1024 0 ) (872 608 0 ) (872 608 136 ) (872 1024 136 ) 
4 6 9 (696 560 0 ) (696 384 0 ) (696 384 136 ) (696 560 136 ) 
4 6 7 (696 1024 0 ) (696 608 0 ) (696 608 136 ) (696 1024 136 ) 
4 7 8 (688 1024 0 ) (688 608 0 ) (688 608 136 ) (688 1024 136 ) 
4 8 12 (576 1024 136 ) (576 1024 0 ) (576 888 0 ) (576 888 136 ) 
4 9 17 (576 536 0 ) (576 408 0 ) (576 408 114 ) (576 536 114 ) 
4 10 313 (1024 0 0 ) (1024 0 136 ) (880 0 136 ) (880 0 0 ) 
4 10 11 (880 376 0 ) (880 0 0 ) (880 0 136 ) (880 376 136 ) 
4 11 313 (880 0 136 ) (576 0 136 ) (576 0 0 ) (880 0 0 ) 
4 11 19 (576 8 0 ) (576 0 0 ) (576 0 136 ) (576 8 136 ) 
4 12 24 (568 1024 0 ) (568 888 0 ) (568 888 456 ) (568 1024 456 ) 
4 12 21 (568 888 456 ) (568 888 464 ) (568 1024 464 ) (568 1024 456 ) 
4 12 20 (568 888 464 ) (568 888 760 ) (568 1024 760 ) (568 1024 464 ) 
4 12 13 (568 888 760 ) (568 888 464 ) (576 888 464 ) (576 888 760 ) 
4 13 20 (568 880 464 ) (568 880 760 ) (568 888 760 ) (568 888 464 ) 
4 13 14 (568 880 760 ) (568 880 464 ) (576 880 464 ) (576 880 760 ) 
4 14 20 (568 536 464 ) (568 536 760 ) (568 880 760 ) (568 880 464 ) 
4 14 16 (568 536 760 ) (568 536 464 ) (576 536 464 ) (576 536 760 ) 
4 15 34 (568 536 232 ) (568 536 320 ) (568 568 320 ) (568 568 232 ) 
4 15 31 (568 568 320 ) (568 576 320 ) (568 576 232 ) (568 568 232 ) 
4 15 27 (568 576 320 ) (568 756 320 ) (568 756 232 ) (568 576 232 ) 
4 15 26 (568 756 320 ) (568 880 320 ) (568 880 232 ) (568 756 232 ) 
4 16 20 (568 408 464 ) (568 408 760 ) (568 536 760 ) (568 536 464 ) 
4 16 18 (568 408 760 ) (568 408 464 ) (576 408 464 ) (576 408 760 ) 
4 17 34 (568 536 0 ) (568 408 0 ) (568 408 114 ) (568 536 114 ) 
4 18 313 (568 0 760 ) (568 0 464 ) (576 0 464 ) (576 0 760 ) 
4 18 20 (568 0 464 ) (568 0 760 ) (568 408 760 ) (568 408 464 ) 
4 18 19 (568 0 464 ) (568 8 464 ) (576 8 464 ) (576 0 464 ) 
4 19 313 (568 0 464 ) (568 0 0 ) (576 0 0 ) (576 0 464 ) 
4 19 42 (568 8 0 ) (568 0 0 ) (568 0 456 ) (568 8 456 ) 
4 19 22 (568 0 456 ) (568 0 464 ) (568 8 464 ) (568 8 456 ) 
4 20 314 (184 0 760 ) (184 0 464 ) (208 0 464 ) (208 0 760 ) 
4 20 313 (208 0 464 ) (568 0 464 ) (568 0 760 ) (208 0 760 ) 
4 20 50 (184 856 464 ) (184 0 464 ) (184 0 760 ) (184 856 760 ) 
4 20 48 (184 1024 760 ) (184 1024 464 ) (184 856 464 ) (184 856 760 ) 
4 20 23 (184 888 464 ) (184 1024 464 ) (208 1024 464 ) (208 888 464 ) 
4 20 22 (568 8 464 ) (568 0 464 ) (208 0 464 ) (208 8 464 ) 
4 20 21 (208 1024 464 ) (568 1024 464 ) (568 888 464 ) (208 888 464 ) 
4 21 24 (208 1024 456 ) (568 1024 456 ) (568 888 456 ) (208 888 456 ) 
4 21 23 (208 1024 456 ) (208 888 456 ) (208 888 464 ) (208 1024 464 ) 
4 22 313 (208 0 456 ) (568 0 456 ) (568 0 464 ) (208 0 464 ) 
4 22 47 (336 0 456 ) (208 0 456 ) (208 8 456 ) (336 8 456 ) 
4 22 44 (344 0 456 ) (336 0 456 ) (336 8 456 ) (344 8 456 ) 
4 22 42 (568 8 456 ) (568 0 456 ) (344 0 456 ) (344 8 456 ) 
4 23 48 (184 1024 464 ) (184 1024 456 ) (184 888 456 ) (184 888 464 ) 
4 23 33 (184 888 456 ) (184 1024 456 ) (208 1024 456 ) (208 888 456 ) 
4 24 33 (208 1024 0 ) (208 888 0 ) (208 888 456 ) (208 1024 456 ) 
4 24 25 (208 888 320 ) (208 888 232 ) (568 888 232 ) (568 888 320 ) 
4 25 26 (208 880 320 ) (208 880 232 ) (568 880 232 ) (568 880 320 ) 
4 26 28 (208 756 456 ) (208 756 184 ) (360 756 184 ) (360 756 456 ) 
4 26 30 (208 756 184 ) (208 756 96 ) (360 756 96 ) (360 756 184 ) 
4 26 27 (416 756 96 ) (568 756 96 ) (568 756 456 ) (416 756 456 ) 
4 27 31 (416 576 0 ) (568 576 0 ) (568 576 456 ) (416 576 456 ) 
4 28 29 (208 612 456 ) (208 612 192 ) (360 612 192 ) (360 612 456 ) 
4 28 30 (208 756 184 ) (360 756 184 ) (360 612 184 ) (208 612 184 ) 
4 29 32 (220 576 192 ) (348 576 192 ) (348 576 304 ) (220 576 304 ) 
4 31 34 (568 568 0 ) (568 568 456 ) (416 568 456 ) (416 568 0 ) 
4 32 35 (220 568 304 ) (220 568 192 ) (348 568 192 ) (348 568 304 ) 
4 33 68 (184 1024 192 ) (184 1024 0 ) (184 888 0 ) (184 888 192 ) 
4 33 52 (184 1024 360 ) (184 1024 192 ) (184 888 192 ) (184 888 360 ) 
4 33 51 (184 1024 440 ) (184 1024 360 ) (184 888 360 ) (184 888 440 ) 
4 33 49 (184 1024 456 ) (184 1024 440 ) (184 888 440 ) (184 888 456 ) 
4 34 40 (428 288 112 ) (428 288 0 ) (556 288 0 ) (556 288 112 ) 
4 35 38 (200 448 192 ) (200 322 192 ) (200 322 304 ) (200 448 304 ) 
4 36 39 (200 448 0 ) (200 322 0 ) (200 322 112 ) (200 448 112 ) 
4 36 37 (336 296 0 ) (336 296 112 ) (208 296 112 ) (208 296 0 ) 
4 37 45 (208 288 0 ) (336 288 0 ) (336 288 112 ) (208 288 112 ) 
4 38 62 (184 322 192 ) (184 322 304 ) (184 448 304 ) (184 448 192 ) 
4 39 80 (184 448 0 ) (184 322 0 ) (184 322 112 ) (184 448 112 ) 
4 40 41 (428 280 0 ) (556 280 0 ) (556 280 112 ) (428 280 112 ) 
4 41 43 (344 232 0 ) (344 104 0 ) (344 104 112 ) (344 232 112 ) 
4 41 42 (344 8 176 ) (344 8 0 ) (568 8 0 ) (568 8 176 ) 
4 42 313 (344 0 0 ) (568 0 0 ) (568 0 456 ) (344 0 456 ) 
4 42 44 (344 8 0 ) (344 0 0 ) (344 0 456 ) (344 8 456 ) 
4 43 45 (336 232 0 ) (336 104 0 ) (336 104 112 ) (336 232 112 ) 
4 44 313 (336 0 0 ) (344 0 0 ) (344 0 456 ) (336 0 456 ) 
4 44 47 (336 8 0 ) (336 0 0 ) (336 0 456 ) (336 8 456 ) 
4 45 46 (208 16 112 ) (208 16 0 ) (336 16 0 ) (336 16 112 ) 
4 46 47 (208 8 112 ) (208 8 0 ) (336 8 0 ) (336 8 112 ) 
4 47 313 (208 0 0 ) (336 0 0 ) (336 0 456 ) (208 0 456 ) 
4 48 86 (0 888 456 ) (0 856 456 ) (0 856 464 ) (0 888 464 ) 
4 48 85 (0 1024 464 ) (0 1024 456 ) (0 888 456 ) (0 888 464 ) 
4 48 84 (0 1024 760 ) (0 1024 464 ) (0 856 464 ) (0 856 760 ) 
4 48 50 (184 856 464 ) (184 856 760 ) (0 856 760 ) (0 856 464 ) 
4 48 49 (0 888 456 ) (0 1024 456 ) (184 1024 456 ) (184 888 456 ) 
4 49 85 (0 1024 456 ) (0 1024 440 ) (0 888 440 ) (0 888 456 ) 
4 49 51 (0 888 440 ) (0 1024 440 ) (184 1024 440 ) (184 888 440 ) 
4 50 316 (0 0 760 ) (0 0 464 ) (184 0 464 ) (184 0 760 ) 
4 50 84 (0 0 464 ) (0 0 760 ) (0 856 760 ) (0 856 464 ) 
4 51 88 (0 888 440 ) (0 1024 440 ) (0 1024 360 ) (0 888 360 ) 
4 51 52 (0 888 360 ) (0 1024 360 ) (184 1024 360 ) (184 888 360 ) 
4 52 89 (0 1024 360 ) (0 1024 192 ) (0 880 192 ) (0 880 360 ) 
4 52 68 (184 1024 192 ) (184 880 192 ) (0 880 192 ) (0 1024 192 ) 
4 52 53 (184 880 200 ) (184 880 360 ) (0 880 360 ) (0 880 200 ) 
4 53 90 (0 872 200 ) (0 872 360 ) (0 880 360 ) (0 880 200 ) 
4 53 54 (184 872 200 ) (184 872 360 ) (0 872 360 ) (0 872 200 ) 
4 54 91 (0 872 192 ) (0 856 192 ) (0 856 360 ) (0 872 360 ) 
4 54 60 (184 856 216 ) (184 856 218 ) (0 856 218 ) (0 856 216 ) 
4 54 56 (184 856 218 ) (184 856 342 ) (0 856 342 ) (0 856 218 ) 
4 54 55 (184 856 342 ) (184 856 344 ) (0 856 344 ) (0 856 342 ) 
4 55 100 (0 856 344 ) (0 856 342 ) (0 848 342 ) (0 848 344 ) 
4 55 64 (108 848 344 ) (0 848 344 ) (0 848 342 ) (108 848 342 ) 
4 55 61 (184 848 342 ) (184 848 344 ) (108 848 344 ) (108 848 342 ) 
4 55 57 (182 854 342 ) (184 854 342 ) (184 850 342 ) (182 850 342 ) 
4 55 58 (82 854 342 ) (84 854 342 ) (84 850 342 ) (82 850 342 ) 
4 55 56 (0 854 342 ) (0 856 342 ) (184 856 342 ) (184 854 342 ) 
4 55 59 (184 848 342 ) (0 848 342 ) (0 850 342 ) (184 850 342 ) 
4 56 103 (0 856 342 ) (0 856 218 ) (0 854 218 ) (0 854 342 ) 
4 56 60 (0 854 218 ) (0 856 218 ) (184 856 218 ) (184 854 218 ) 
4 56 57 (182 854 218 ) (184 854 218 ) (184 854 342 ) (182 854 342 ) 
4 56 58 (82 854 218 ) (84 854 218 ) (84 854 342 ) (82 854 342 ) 
4 57 60 (182 854 218 ) (184 854 218 ) (184 850 218 ) (182 850 218 ) 
4 57 59 (182 850 218 ) (184 850 218 ) (184 850 342 ) (182 850 342 ) 
4 58 60 (82 854 218 ) (84 854 218 ) (84 850 218 ) (82 850 218 ) 
4 58 59 (82 850 218 ) (84 850 218 ) (84 850 342 ) (82 850 342 ) 
4 59 115 (0 850 218 ) (0 848 218 ) (0 848 342 ) (0 850 342 ) 
4 59 64 (108 848 342 ) (0 848 342 ) (0 848 304 ) (108 848 304 ) 
4 59 67 (0 848 304 ) (0 848 218 ) (108 848 218 ) (108 848 304 ) 
4 59 61 (184 848 218 ) (184 848 342 ) (108 848 342 ) (108 848 218 ) 
4 59 60 (184 848 218 ) (0 848 218 ) (0 850 218 ) (184 850 218 ) 
4 60 118 (0 856 218 ) (0 856 216 ) (0 848 216 ) (0 848 218 ) 
4 60 67 (108 848 218 ) (0 848 218 ) (0 848 216 ) (108 848 216 ) 
4 60 61 (184 848 216 ) (184 848 218 ) (108 848 218 ) (108 848 216 ) 
4 61 64 (108 848 440 ) (108 848 304 ) (108 496 304 ) (108 496 440 ) 
4 61 67 (108 848 304 ) (108 848 192 ) (108 496 192 ) (108 496 304 ) 
4 62 65 (108 280 304 ) (108 280 440 ) (108 488 440 ) (108 488 304 ) 
4 62 67 (108 488 192 ) (108 280 192 ) (108 280 304 ) (108 488 304 ) 
4 63 323 (108 0 192 ) (184 0 192 ) (184 0 218 ) (108 0 218 ) 
4 63 319 (184 0 218 ) (184 0 342 ) (108 0 342 ) (108 0 218 ) 
4 63 317 (184 0 342 ) (184 0 440 ) (108 0 440 ) (108 0 342 ) 
4 63 66 (108 0 304 ) (108 0 440 ) (108 272 440 ) (108 272 304 ) 
4 63 67 (108 272 192 ) (108 0 192 ) (108 0 304 ) (108 272 304 ) 
4 64 121 (0 496 440 ) (0 848 440 ) (0 848 304 ) (0 496 304 ) 
4 64 67 (0 496 304 ) (0 848 304 ) (108 848 304 ) (108 496 304 ) 
4 65 122 (0 280 440 ) (0 488 440 ) (0 488 304 ) (0 280 304 ) 
4 65 67 (0 280 304 ) (0 488 304 ) (108 488 304 ) (108 280 304 ) 
4 66 319 (0 0 342 ) (0 0 304 ) (108 0 304 ) (108 0 342 ) 
4 66 317 (0 0 440 ) (0 0 342 ) (108 0 342 ) (108 0 440 ) 
4 66 141 (0 0 304 ) (0 0 440 ) (0 88 440 ) (0 88 304 ) 
4 66 138 (0 88 440 ) (0 96 440 ) (0 96 304 ) (0 88 304 ) 
4 66 123 (0 96 440 ) (0 272 440 ) (0 272 304 ) (0 96 304 ) 
4 66 67 (0 0 304 ) (0 272 304 ) (108 272 304 ) (108 0 304 ) 
4 67 323 (0 0 218 ) (0 0 192 ) (108 0 192 ) (108 0 218 ) 
4 67 319 (0 0 304 ) (0 0 218 ) (108 0 218 ) (108 0 304 ) 
4 67 141 (0 0 192 ) (0 0 304 ) (0 88 304 ) (0 88 192 ) 
4 67 138 (0 88 304 ) (0 96 304 ) (0 96 192 ) (0 88 192 ) 
4 67 124 (0 96 304 ) (0 848 304 ) (0 848 192 ) (0 96 192 ) 
4 68 159 (0 1024 26 ) (0 1024 0 ) (0 880 0 ) (0 880 26 ) 
4 68 152 (0 1024 176 ) (0 1024 26 ) (0 880 26 ) (0 880 176 ) 
4 68 143 (0 880 192 ) (0 1024 192 ) (0 1024 176 ) (0 880 176 ) 
4 68 69 (0 880 0 ) (184 880 0 ) (184 880 120 ) (0 880 120 ) 
4 69 159 (0 880 26 ) (0 880 0 ) (0 872 0 ) (0 872 26 ) 
4 69 153 (0 880 120 ) (0 880 26 ) (0 872 26 ) (0 872 120 ) 
4 69 75 (0 872 0 ) (184 872 0 ) (184 872 26 ) (0 872 26 ) 
4 69 71 (184 872 26 ) (184 872 120 ) (0 872 120 ) (0 872 26 ) 
4 70 155 (0 854 150 ) (0 848 150 ) (0 848 152 ) (0 854 152 ) 
4 70 154 (0 872 152 ) (0 872 150 ) (0 854 150 ) (0 854 152 ) 
4 70 78 (106 848 152 ) (0 848 152 ) (0 848 150 ) (106 848 150 ) 
4 70 77 (184 848 150 ) (184 848 152 ) (106 848 152 ) (106 848 150 ) 
4 70 72 (182 854 150 ) (184 854 150 ) (184 850 150 ) (182 850 150 ) 
4 70 73 (82 854 150 ) (84 854 150 ) (84 850 150 ) (82 850 150 ) 
4 70 71 (0 854 150 ) (0 872 150 ) (184 872 150 ) (184 854 150 ) 
4 70 74 (184 848 150 ) (0 848 150 ) (0 850 150 ) (184 850 150 ) 
4 71 154 (0 872 150 ) (0 872 26 ) (0 854 26 ) (0 854 150 ) 
4 71 76 (0 854 26 ) (0 856 26 ) (184 856 26 ) (184 854 26 ) 
4 71 75 (0 856 26 ) (0 872 26 ) (184 872 26 ) (184 856 26 ) 
4 71 72 (182 854 26 ) (184 854 26 ) (184 854 150 ) (182 854 150 ) 
4 71 73 (82 854 26 ) (84 854 26 ) (84 854 150 ) (82 854 150 ) 
4 72 76 (182 854 26 ) (184 854 26 ) (184 850 26 ) (182 850 26 ) 
4 72 74 (182 850 26 ) (184 850 26 ) (184 850 150 ) (182 850 150 ) 
4 73 76 (82 854 26 ) (84 854 26 ) (84 850 26 ) (82 850 26 ) 
4 73 74 (82 850 26 ) (84 850 26 ) (84 850 150 ) (82 850 150 ) 
4 74 158 (0 850 26 ) (0 848 26 ) (0 848 150 ) (0 850 150 ) 
4 74 78 (106 848 150 ) (0 848 150 ) (0 848 26 ) (106 848 26 ) 
4 74 77 (184 848 26 ) (184 848 150 ) (106 848 150 ) (106 848 26 ) 
4 74 76 (184 848 26 ) (0 848 26 ) (0 850 26 ) (184 850 26 ) 
4 75 159 (0 872 26 ) (0 872 0 ) (0 856 0 ) (0 856 26 ) 
4 75 76 (184 856 24 ) (184 856 26 ) (0 856 26 ) (0 856 24 ) 
4 76 160 (0 848 24 ) (0 848 26 ) (0 856 26 ) (0 856 24 ) 
4 76 78 (106 848 26 ) (0 848 26 ) (0 848 24 ) (106 848 24 ) 
4 76 77 (184 848 24 ) (184 848 26 ) (106 848 26 ) (106 848 24 ) 
4 77 78 (106 848 176 ) (106 848 0 ) (106 496 0 ) (106 496 176 ) 
4 78 192 (0 496 176 ) (0 588 176 ) (0 588 0 ) (0 496 0 ) 
4 78 161 (0 588 176 ) (0 848 176 ) (0 848 0 ) (0 588 0 ) 
4 78 79 (0 496 0 ) (106 496 0 ) (106 496 114 ) (0 496 114 ) 
4 79 193 (0 496 114 ) (0 496 0 ) (0 488 0 ) (0 488 114 ) 
4 79 80 (0 488 0 ) (106 488 0 ) (106 488 114 ) (0 488 114 ) 
4 80 196 (0 280 176 ) (0 488 176 ) (0 488 0 ) (0 280 0 ) 
4 81 331 (0 0 26 ) (0 0 0 ) (184 0 0 ) (184 0 26 ) 
4 81 327 (0 0 150 ) (0 0 26 ) (184 0 26 ) (184 0 150 ) 
4 81 325 (0 0 176 ) (0 0 150 ) (184 0 150 ) (184 0 176 ) 
4 81 220 (0 0 0 ) (0 0 176 ) (0 248 176 ) (0 248 0 ) 
4 81 217 (0 248 176 ) (0 256 176 ) (0 256 0 ) (0 248 0 ) 
4 81 198 (0 256 176 ) (0 272 176 ) (0 272 0 ) (0 256 0 ) 
4 82 187 (-1024 1024 26 ) (-1024 1024 0 ) (-664 1024 0 ) (-664 1024 26 ) 
4 82 180 (-664 1024 176 ) (-1024 1024 176 ) (-1024 1024 26 ) (-664 1024 26 ) 
4 82 178 (-640 1024 176 ) (-664 1024 176 ) (-664 1024 0 ) (-640 1024 0 ) 
4 82 175 (-640 1024 26 ) (-640 1024 0 ) (-240 1024 0 ) (-240 1024 26 ) 
4 82 165 (-240 1024 176 ) (-640 1024 176 ) (-640 1024 26 ) (-240 1024 26 ) 
4 82 163 (-216 1024 176 ) (-240 1024 176 ) (-240 1024 0 ) (-216 1024 0 ) 
4 82 159 (0 1024 0 ) (0 1024 26 ) (-216 1024 26 ) (-216 1024 0 ) 
4 82 152 (0 1024 26 ) (0 1024 176 ) (-216 1024 176 ) (-216 1024 26 ) 
4 82 150 (-664 1024 192 ) (-1024 1024 192 ) (-1024 1024 176 ) (-664 1024 176 ) 
4 82 149 (-648 1024 192 ) (-664 1024 192 ) (-664 1024 176 ) (-648 1024 176 ) 
4 82 147 (-640 1024 192 ) (-648 1024 192 ) (-648 1024 176 ) (-640 1024 176 ) 
4 82 145 (-240 1024 192 ) (-640 1024 192 ) (-640 1024 176 ) (-240 1024 176 ) 
4 82 144 (-216 1024 192 ) (-240 1024 192 ) (-240 1024 176 ) (-216 1024 176 ) 
4 82 143 (0 1024 176 ) (0 1024 192 ) (-216 1024 192 ) (-216 1024 176 ) 
4 82 97 (-664 1024 360 ) (-1024 1024 360 ) (-1024 1024 192 ) (-664 1024 192 ) 
4 82 96 (-640 1024 360 ) (-664 1024 360 ) (-664 1024 192 ) (-640 1024 192 ) 
4 82 93 (-240 1024 360 ) (-640 1024 360 ) (-640 1024 192 ) (-240 1024 192 ) 
4 82 92 (-216 1024 360 ) (-240 1024 360 ) (-240 1024 192 ) (-216 1024 192 ) 
4 82 89 (0 1024 192 ) (0 1024 360 ) (-216 1024 360 ) (-216 1024 192 ) 
4 82 88 (0 1024 360 ) (0 1024 440 ) (-1024 1024 440 ) (-1024 1024 360 ) 
4 82 85 (0 1024 440 ) (0 1024 464 ) (-1024 1024 464 ) (-1024 1024 440 ) 
4 82 84 (0 1024 464 ) (0 1024 760 ) (-1024 1024 760 ) (-1024 1024 464 ) 
4 82 83 (-1024 1024 0 ) (-1024 1024 760 ) (-1024 1568 760 ) (-1024 1568 0 ) 
4 83 310 (-2048 1024 0 ) (-2048 1024 760 ) (-2048 1568 760 ) (-2048 1568 0 ) 
4 83 309 (-2048 1024 760 ) (-2048 1024 0 ) (-1456 1024 0 ) (-1456 1024 760 ) 
4 83 301 (-1456 1024 0 ) (-1448 1024 0 ) (-1448 1024 232 ) (-1456 1024 232 ) 
4 83 300 (-1448 1024 232 ) (-1448 1024 464 ) (-1456 1024 464 ) (-1456 1024 232 ) 
4 83 299 (-1448 1024 464 ) (-1448 1024 760 ) (-1456 1024 760 ) (-1456 1024 464 ) 
4 83 288 (-1448 1024 0 ) (-1240 1024 0 ) (-1240 1024 760 ) (-1448 1024 760 ) 
4 83 265 (-1240 1024 0 ) (-1088 1024 0 ) (-1088 1024 760 ) (-1240 1024 760 ) 
4 83 259 (-1088 1024 0 ) (-1064 1024 0 ) (-1064 1024 464 ) (-1088 1024 464 ) 
4 83 258 (-1064 1024 464 ) (-1064 1024 760 ) (-1088 1024 760 ) (-1088 1024 464 ) 
4 83 246 (-1064 1024 0 ) (-1024 1024 0 ) (-1024 1024 176 ) (-1064 1024 176 ) 
4 83 244 (-1024 1024 176 ) (-1024 1024 192 ) (-1064 1024 192 ) (-1064 1024 176 ) 
4 83 234 (-1024 1024 192 ) (-1024 1024 200 ) (-1064 1024 200 ) (-1064 1024 192 ) 
4 83 232 (-1024 1024 200 ) (-1024 1024 440 ) (-1064 1024 440 ) (-1064 1024 200 ) 
4 83 230 (-1024 1024 440 ) (-1024 1024 464 ) (-1064 1024 464 ) (-1064 1024 440 ) 
4 83 229 (-1024 1024 464 ) (-1024 1024 760 ) (-1064 1024 760 ) (-1064 1024 464 ) 
4 84 342 (0 0 464 ) (0 0 760 ) (-1024 0 760 ) (-1024 0 464 ) 
4 84 229 (-1024 1024 760 ) (-1024 1024 464 ) (-1024 0 464 ) (-1024 0 760 ) 
4 84 87 (-352 472 464 ) (-352 304 464 ) (-528 304 464 ) (-528 472 464 ) 
4 84 86 (-1024 856 464 ) (-1024 888 464 ) (0 888 464 ) (0 856 464 ) 
4 84 85 (-1024 888 464 ) (-1024 1024 464 ) (0 1024 464 ) (0 888 464 ) 
4 85 230 (-1024 1024 464 ) (-1024 1024 440 ) (-1024 888 440 ) (-1024 888 464 ) 
4 85 88 (-1024 888 440 ) (-1024 1024 440 ) (0 1024 440 ) (0 888 440 ) 
4 85 86 (0 888 456 ) (0 888 464 ) (-1024 888 464 ) (-1024 888 456 ) 
4 86 231 (-1024 856 456 ) (-1024 856 464 ) (-1024 888 464 ) (-1024 888 456 ) 
4 87 131 (-468 472 440 ) (-452 472 440 ) (-452 304 440 ) (-468 304 440 ) 
4 87 129 (-452 472 440 ) (-352 472 440 ) (-352 304 440 ) (-452 304 440 ) 
4 87 132 (-528 304 440 ) (-528 472 440 ) (-468 472 440 ) (-468 304 440 ) 
4 88 232 (-1024 1024 440 ) (-1024 1024 360 ) (-1024 888 360 ) (-1024 888 440 ) 
4 88 97 (-1024 888 360 ) (-1024 1024 360 ) (-664 1024 360 ) (-664 888 360 ) 
4 88 96 (-664 1024 360 ) (-640 1024 360 ) (-640 888 360 ) (-664 888 360 ) 
4 88 93 (-640 1024 360 ) (-240 1024 360 ) (-240 888 360 ) (-640 888 360 ) 
4 88 92 (-240 1024 360 ) (-216 1024 360 ) (-216 888 360 ) (-240 888 360 ) 
4 88 89 (-216 1024 360 ) (0 1024 360 ) (0 888 360 ) (-216 888 360 ) 
4 89 143 (-216 1024 192 ) (0 1024 192 ) (0 880 192 ) (-216 880 192 ) 
4 89 92 (-216 1024 192 ) (-216 888 192 ) (-216 888 360 ) (-216 1024 360 ) 
4 89 90 (-216 880 360 ) (-216 880 200 ) (0 880 200 ) (0 880 360 ) 
4 90 91 (-216 872 360 ) (-216 872 200 ) (0 872 200 ) (0 872 360 ) 
4 91 118 (0 856 216 ) (0 856 218 ) (-216 856 218 ) (-216 856 216 ) 
4 91 103 (0 856 218 ) (0 856 342 ) (-216 856 342 ) (-216 856 218 ) 
4 91 100 (0 856 342 ) (0 856 344 ) (-216 856 344 ) (-216 856 342 ) 
4 92 144 (-240 1024 192 ) (-216 1024 192 ) (-216 888 192 ) (-240 888 192 ) 
4 92 93 (-240 1024 192 ) (-240 888 192 ) (-240 888 360 ) (-240 1024 360 ) 
4 93 145 (-640 1024 192 ) (-240 1024 192 ) (-240 880 192 ) (-640 880 192 ) 
4 93 96 (-640 1024 192 ) (-640 888 192 ) (-640 888 360 ) (-640 1024 360 ) 
4 93 94 (-640 880 360 ) (-640 880 200 ) (-240 880 200 ) (-240 880 360 ) 
4 94 95 (-640 872 360 ) (-640 872 200 ) (-240 872 200 ) (-240 872 360 ) 
4 95 119 (-240 856 216 ) (-240 856 218 ) (-640 856 218 ) (-640 856 216 ) 
4 95 104 (-240 856 218 ) (-240 856 342 ) (-640 856 342 ) (-640 856 218 ) 
4 95 101 (-240 856 342 ) (-240 856 344 ) (-640 856 344 ) (-640 856 342 ) 
4 96 149 (-664 1024 192 ) (-648 1024 192 ) (-648 888 192 ) (-664 888 192 ) 
4 96 147 (-648 1024 192 ) (-640 1024 192 ) (-640 888 192 ) (-648 888 192 ) 
4 96 97 (-664 1024 192 ) (-664 888 192 ) (-664 888 360 ) (-664 1024 360 ) 
4 97 234 (-1024 1024 200 ) (-1024 1024 192 ) (-1024 880 192 ) (-1024 880 200 ) 
4 97 233 (-1024 888 200 ) (-1024 880 200 ) (-1024 880 360 ) (-1024 888 360 ) 
4 97 232 (-1024 1024 360 ) (-1024 1024 200 ) (-1024 888 200 ) (-1024 888 360 ) 
4 97 150 (-1024 880 192 ) (-1024 1024 192 ) (-664 1024 192 ) (-664 880 192 ) 
4 97 98 (-664 880 200 ) (-664 880 360 ) (-1024 880 360 ) (-1024 880 200 ) 
4 98 233 (-1024 872 200 ) (-1024 872 360 ) (-1024 880 360 ) (-1024 880 200 ) 
4 98 99 (-664 872 200 ) (-664 872 360 ) (-1024 872 360 ) (-1024 872 200 ) 
4 99 235 (-1024 872 192 ) (-1024 856 192 ) (-1024 856 200 ) (-1024 872 200 ) 
4 99 233 (-1024 856 200 ) (-1024 856 360 ) (-1024 872 360 ) (-1024 872 200 ) 
4 99 120 (-664 856 216 ) (-664 856 218 ) (-1024 856 218 ) (-1024 856 216 ) 
4 99 105 (-664 856 218 ) (-664 856 342 ) (-1024 856 342 ) (-1024 856 218 ) 
4 99 102 (-664 856 342 ) (-664 856 344 ) (-1024 856 344 ) (-1024 856 342 ) 
4 100 129 (-104 848 344 ) (-216 848 344 ) (-216 848 342 ) (-104 848 342 ) 
4 100 128 (-96 848 344 ) (-104 848 344 ) (-104 848 342 ) (-96 848 342 ) 
4 100 125 (-20 848 344 ) (-96 848 344 ) (-96 848 342 ) (-20 848 342 ) 
4 100 121 (0 848 342 ) (0 848 344 ) (-20 848 344 ) (-20 848 342 ) 
4 100 115 (0 848 342 ) (-216 848 342 ) (-216 850 342 ) (0 850 342 ) 
4 100 106 (-18 854 342 ) (-16 854 342 ) (-16 850 342 ) (-18 850 342 ) 
4 100 107 (-118 854 342 ) (-116 854 342 ) (-116 850 342 ) (-118 850 342 ) 
4 100 103 (-216 854 342 ) (-216 856 342 ) (0 856 342 ) (0 854 342 ) 
4 101 130 (-452 848 344 ) (-468 848 344 ) (-468 848 342 ) (-452 848 342 ) 
4 101 129 (-240 848 344 ) (-452 848 344 ) (-452 848 342 ) (-240 848 342 ) 
4 101 132 (-468 848 344 ) (-640 848 344 ) (-640 848 342 ) (-468 848 342 ) 
4 101 116 (-240 848 342 ) (-640 848 342 ) (-640 850 342 ) (-240 850 342 ) 
4 101 110 (-442 854 342 ) (-440 854 342 ) (-440 850 342 ) (-442 850 342 ) 
4 101 111 (-542 854 342 ) (-540 854 342 ) (-540 850 342 ) (-542 850 342 ) 
4 101 109 (-342 854 342 ) (-340 854 342 ) (-340 850 342 ) (-342 850 342 ) 
4 101 108 (-242 854 342 ) (-240 854 342 ) (-240 850 342 ) (-242 850 342 ) 
4 101 104 (-640 854 342 ) (-640 856 342 ) (-240 856 342 ) (-240 854 342 ) 
4 102 236 (-1024 848 342 ) (-1024 848 344 ) (-1024 856 344 ) (-1024 856 342 ) 
4 102 134 (-664 848 344 ) (-1024 848 344 ) (-1024 848 342 ) (-664 848 342 ) 
4 102 117 (-664 848 342 ) (-1024 848 342 ) (-1024 850 342 ) (-664 850 342 ) 
4 102 113 (-864 854 342 ) (-862 854 342 ) (-862 850 342 ) (-864 850 342 ) 
4 102 114 (-964 854 342 ) (-962 854 342 ) (-962 850 342 ) (-964 850 342 ) 
4 102 112 (-764 854 342 ) (-762 854 342 ) (-762 850 342 ) (-764 850 342 ) 
4 102 105 (-1024 854 342 ) (-1024 856 342 ) (-664 856 342 ) (-664 854 342 ) 
4 103 118 (-216 856 218 ) (0 856 218 ) (0 854 218 ) (-216 854 218 ) 
4 103 106 (-18 854 218 ) (-16 854 218 ) (-16 854 342 ) (-18 854 342 ) 
4 103 107 (-118 854 218 ) (-116 854 218 ) (-116 854 342 ) (-118 854 342 ) 
4 104 119 (-640 856 218 ) (-240 856 218 ) (-240 854 218 ) (-640 854 218 ) 
4 104 110 (-442 854 218 ) (-440 854 218 ) (-440 854 342 ) (-442 854 342 ) 
4 104 111 (-542 854 218 ) (-540 854 218 ) (-540 854 342 ) (-542 854 342 ) 
4 104 109 (-342 854 218 ) (-340 854 218 ) (-340 854 342 ) (-342 854 342 ) 
4 104 108 (-242 854 218 ) (-240 854 218 ) (-240 854 342 ) (-242 854 342 ) 
4 105 237 (-1024 854 342 ) (-1024 856 342 ) (-1024 856 218 ) (-1024 854 218 ) 
4 105 120 (-1024 854 218 ) (-1024 856 218 ) (-664 856 218 ) (-664 854 218 ) 
4 105 113 (-864 854 218 ) (-862 854 218 ) (-862 854 342 ) (-864 854 342 ) 
4 105 114 (-964 854 218 ) (-962 854 218 ) (-962 854 342 ) (-964 854 342 ) 
4 105 112 (-764 854 218 ) (-762 854 218 ) (-762 854 342 ) (-764 854 342 ) 
4 106 118 (-18 854 218 ) (-16 854 218 ) (-16 850 218 ) (-18 850 218 ) 
4 106 115 (-18 850 218 ) (-16 850 218 ) (-16 850 342 ) (-18 850 342 ) 
4 107 118 (-118 854 218 ) (-116 854 218 ) (-116 850 218 ) (-118 850 218 ) 
4 107 115 (-118 850 218 ) (-116 850 218 ) (-116 850 342 ) (-118 850 342 ) 
4 108 119 (-242 854 218 ) (-240 854 218 ) (-240 850 218 ) (-242 850 218 ) 
4 108 116 (-242 850 218 ) (-240 850 218 ) (-240 850 342 ) (-242 850 342 ) 
4 109 119 (-342 854 218 ) (-340 854 218 ) (-340 850 218 ) (-342 850 218 ) 
4 109 116 (-342 850 218 ) (-340 850 218 ) (-340 850 342 ) (-342 850 342 ) 
4 110 119 (-442 854 218 ) (-440 854 218 ) (-440 850 218 ) (-442 850 218 ) 
4 110 116 (-442 850 218 ) (-440 850 218 ) (-440 850 342 ) (-442 850 342 ) 
4 111 119 (-542 854 218 ) (-540 854 218 ) (-540 850 218 ) (-542 850 218 ) 
4 111 116 (-542 850 218 ) (-540 850 218 ) (-540 850 342 ) (-542 850 342 ) 
4 112 120 (-764 854 218 ) (-762 854 218 ) (-762 850 218 ) (-764 850 218 ) 
4 112 117 (-764 850 218 ) (-762 850 218 ) (-762 850 342 ) (-764 850 342 ) 
4 113 120 (-864 854 218 ) (-862 854 218 ) (-862 850 218 ) (-864 850 218 ) 
4 113 117 (-864 850 218 ) (-862 850 218 ) (-862 850 342 ) (-864 850 342 ) 
4 114 120 (-964 854 218 ) (-962 854 218 ) (-962 850 218 ) (-964 850 218 ) 
4 114 117 (-964 850 218 ) (-962 850 218 ) (-962 850 342 ) (-964 850 342 ) 
4 115 129 (-104 848 342 ) (-216 848 342 ) (-216 848 218 ) (-104 848 218 ) 
4 115 128 (-96 848 342 ) (-104 848 342 ) (-104 848 218 ) (-96 848 218 ) 
4 115 125 (-20 848 342 ) (-96 848 342 ) (-96 848 218 ) (-20 848 218 ) 
4 115 121 (0 848 304 ) (0 848 342 ) (-20 848 342 ) (-20 848 304 ) 
4 115 124 (0 848 218 ) (0 848 304 ) (-20 848 304 ) (-20 848 218 ) 
4 115 118 (0 848 218 ) (-216 848 218 ) (-216 850 218 ) (0 850 218 ) 
4 116 130 (-452 848 342 ) (-468 848 342 ) (-468 848 272 ) (-452 848 272 ) 
4 116 129 (-240 848 342 ) (-452 848 342 ) (-452 848 218 ) (-240 848 218 ) 
4 116 132 (-468 848 342 ) (-640 848 342 ) (-640 848 218 ) (-468 848 218 ) 
4 116 119 (-240 848 218 ) (-640 848 218 ) (-640 850 218 ) (-240 850 218 ) 
4 117 239 (-1024 848 218 ) (-1024 848 342 ) (-1024 850 342 ) (-1024 850 218 ) 
4 117 134 (-664 848 342 ) (-1024 848 342 ) (-1024 848 218 ) (-664 848 218 ) 
4 117 120 (-664 848 218 ) (-1024 848 218 ) (-1024 850 218 ) (-664 850 218 ) 
4 118 129 (-104 848 218 ) (-216 848 218 ) (-216 848 216 ) (-104 848 216 ) 
4 118 128 (-96 848 218 ) (-104 848 218 ) (-104 848 216 ) (-96 848 216 ) 
4 118 125 (-20 848 218 ) (-96 848 218 ) (-96 848 216 ) (-20 848 216 ) 
4 118 124 (0 848 216 ) (0 848 218 ) (-20 848 218 ) (-20 848 216 ) 
4 119 129 (-240 848 216 ) (-240 848 218 ) (-452 848 218 ) (-452 848 216 ) 
4 119 132 (-468 848 218 ) (-640 848 218 ) (-640 848 216 ) (-468 848 216 ) 
4 120 238 (-1024 850 218 ) (-1024 854 218 ) (-1024 854 216 ) (-1024 850 216 ) 
4 120 237 (-1024 854 218 ) (-1024 856 218 ) (-1024 856 216 ) (-1024 854 216 ) 
4 120 239 (-1024 848 216 ) (-1024 848 218 ) (-1024 850 218 ) (-1024 850 216 ) 
4 120 134 (-664 848 216 ) (-664 848 218 ) (-1024 848 218 ) (-1024 848 216 ) 
4 121 125 (-20 848 440 ) (-20 848 304 ) (-20 496 304 ) (-20 496 440 ) 
4 121 124 (-20 496 304 ) (-20 848 304 ) (0 848 304 ) (0 496 304 ) 
4 122 126 (-20 488 304 ) (-20 280 304 ) (-20 280 440 ) (-20 488 440 ) 
4 122 124 (-20 280 304 ) (-20 488 304 ) (0 488 304 ) (0 280 304 ) 
4 123 138 (0 96 304 ) (0 96 440 ) (-20 96 440 ) (-20 96 304 ) 
4 123 127 (-20 272 304 ) (-20 96 304 ) (-20 96 440 ) (-20 272 440 ) 
4 123 124 (0 96 304 ) (-20 96 304 ) (-20 272 304 ) (0 272 304 ) 
4 124 138 (-20 96 192 ) (0 96 192 ) (0 96 304 ) (-20 96 304 ) 
4 124 127 (-20 272 192 ) (-20 96 192 ) (-20 96 304 ) (-20 272 304 ) 
4 124 125 (-20 848 304 ) (-20 848 192 ) (-20 496 192 ) (-20 496 304 ) 
4 124 126 (-20 488 192 ) (-20 280 192 ) (-20 280 304 ) (-20 488 304 ) 
4 125 128 (-96 848 440 ) (-96 848 192 ) (-96 496 192 ) (-96 496 440 ) 
4 127 138 (-96 96 192 ) (-20 96 192 ) (-20 96 440 ) (-96 96 440 ) 
4 128 129 (-104 848 440 ) (-104 848 192 ) (-104 496 192 ) (-104 496 440 ) 
4 129 146 (-264 256 192 ) (-452 256 192 ) (-452 588 192 ) (-264 588 192 ) 
4 129 139 (-440 96 192 ) (-312 96 192 ) (-312 96 304 ) (-440 96 304 ) 
4 129 130 (-452 848 440 ) (-452 848 272 ) (-452 724 272 ) (-452 724 440 ) 
4 129 131 (-452 724 192 ) (-452 96 192 ) (-452 96 440 ) (-452 724 440 ) 
4 130 131 (-468 724 440 ) (-468 724 272 ) (-452 724 272 ) (-452 724 440 ) 
4 130 132 (-468 848 440 ) (-468 848 272 ) (-468 724 272 ) (-468 724 440 ) 
4 131 146 (-452 588 192 ) (-452 256 192 ) (-468 256 192 ) (-468 588 192 ) 
4 131 132 (-468 724 192 ) (-468 96 192 ) (-468 96 440 ) (-468 724 440 ) 
4 132 148 (-640 588 192 ) (-640 256 192 ) (-648 256 192 ) (-648 588 192 ) 
4 132 146 (-468 588 192 ) (-468 256 192 ) (-640 256 192 ) (-640 588 192 ) 
4 132 136 (-648 568 192 ) (-648 96 192 ) (-648 96 440 ) (-648 568 440 ) 
4 132 133 (-648 776 192 ) (-648 648 192 ) (-648 648 304 ) (-648 776 304 ) 
4 133 134 (-656 776 192 ) (-656 648 192 ) (-656 648 304 ) (-656 776 304 ) 
4 134 241 (-1024 848 192 ) (-1024 576 192 ) (-1024 576 440 ) (-1024 848 440 ) 
4 134 135 (-920 576 192 ) (-792 576 192 ) (-792 576 304 ) (-920 576 304 ) 
4 135 137 (-920 568 192 ) (-804 568 192 ) (-804 568 304 ) (-920 568 304 ) 
4 135 136 (-804 568 192 ) (-792 568 192 ) (-792 568 304 ) (-804 568 304 ) 
4 136 140 (-792 96 192 ) (-664 96 192 ) (-664 96 304 ) (-792 96 304 ) 
4 136 137 (-804 568 440 ) (-804 568 192 ) (-804 192 192 ) (-804 192 440 ) 
4 137 242 (-1024 568 192 ) (-1024 192 192 ) (-1024 192 440 ) (-1024 568 440 ) 
4 138 141 (-96 88 192 ) (0 88 192 ) (0 88 440 ) (-96 88 440 ) 
4 139 141 (-440 88 192 ) (-312 88 192 ) (-312 88 304 ) (-440 88 304 ) 
4 140 142 (-792 88 192 ) (-664 88 192 ) (-664 88 304 ) (-792 88 304 ) 
4 141 343 (0 0 192 ) (0 0 440 ) (-648 0 440 ) (-648 0 192 ) 
4 142 344 (-656 0 440 ) (-1024 0 440 ) (-1024 0 192 ) (-656 0 192 ) 
4 142 243 (-1024 88 192 ) (-1024 0 192 ) (-1024 0 440 ) (-1024 88 440 ) 
4 142 151 (-1024 0 192 ) (-1024 16 192 ) (-932 16 192 ) (-932 0 192 ) 
4 143 152 (-216 880 176 ) (-216 1024 176 ) (0 1024 176 ) (0 880 176 ) 
4 143 144 (-216 1024 176 ) (-216 888 176 ) (-216 888 192 ) (-216 1024 192 ) 
4 144 163 (-240 888 176 ) (-240 1024 176 ) (-216 1024 176 ) (-216 888 176 ) 
4 144 145 (-240 1024 176 ) (-240 888 176 ) (-240 888 192 ) (-240 1024 192 ) 
4 145 165 (-640 880 176 ) (-640 1024 176 ) (-240 1024 176 ) (-240 880 176 ) 
4 145 147 (-640 1024 176 ) (-640 888 176 ) (-640 888 192 ) (-640 1024 192 ) 
4 146 203 (-446 582 176 ) (-446 544 176 ) (-618 544 176 ) (-618 582 176 ) 
4 146 202 (-618 588 176 ) (-446 588 176 ) (-446 582 176 ) (-618 582 176 ) 
4 146 204 (-446 544 176 ) (-446 256 176 ) (-618 256 176 ) (-618 544 176 ) 
4 146 201 (-446 588 176 ) (-264 588 176 ) (-264 256 176 ) (-446 256 176 ) 
4 146 205 (-640 256 176 ) (-640 588 176 ) (-618 588 176 ) (-618 256 176 ) 
4 146 148 (-640 588 176 ) (-640 256 176 ) (-640 256 192 ) (-640 588 192 ) 
4 147 178 (-648 888 176 ) (-648 1024 176 ) (-640 1024 176 ) (-640 888 176 ) 
4 147 149 (-648 1024 176 ) (-648 888 176 ) (-648 888 192 ) (-648 1024 192 ) 
4 148 205 (-648 256 176 ) (-648 588 176 ) (-640 588 176 ) (-640 256 176 ) 
4 149 178 (-664 888 176 ) (-664 1024 176 ) (-648 1024 176 ) (-648 888 176 ) 
4 149 150 (-664 1024 176 ) (-664 888 176 ) (-664 888 192 ) (-664 1024 192 ) 
4 150 244 (-1024 1024 192 ) (-1024 1024 176 ) (-1024 880 176 ) (-1024 880 192 ) 
4 150 180 (-1024 880 176 ) (-1024 1024 176 ) (-664 1024 176 ) (-664 880 176 ) 
4 151 367 (-932 0 192 ) (-1024 0 192 ) (-1024 0 176 ) (-932 0 176 ) 
4 151 245 (-1024 16 176 ) (-1024 0 176 ) (-1024 0 192 ) (-1024 16 192 ) 
4 151 228 (-932 0 176 ) (-1024 0 176 ) (-1024 16 176 ) (-932 16 176 ) 
4 152 163 (-216 888 176 ) (-216 1024 176 ) (-216 1024 26 ) (-216 888 26 ) 
4 152 159 (-216 880 26 ) (-216 1024 26 ) (0 1024 26 ) (0 880 26 ) 
4 152 153 (-216 880 120 ) (-216 880 26 ) (0 880 26 ) (0 880 120 ) 
4 153 159 (-216 872 26 ) (-216 880 26 ) (0 880 26 ) (0 872 26 ) 
4 153 154 (-216 872 120 ) (-216 872 26 ) (0 872 26 ) (0 872 120 ) 
4 154 160 (-216 854 26 ) (-216 856 26 ) (0 856 26 ) (0 854 26 ) 
4 154 159 (-216 856 26 ) (-216 872 26 ) (0 872 26 ) (0 856 26 ) 
4 154 156 (-18 854 26 ) (-16 854 26 ) (-16 854 150 ) (-18 854 150 ) 
4 154 157 (-118 854 26 ) (-116 854 26 ) (-116 854 150 ) (-118 854 150 ) 
4 154 155 (-216 854 152 ) (-216 854 150 ) (0 854 150 ) (0 854 152 ) 
4 155 162 (-216 848 152 ) (-216 848 150 ) (-96 848 150 ) (-96 848 152 ) 
4 155 161 (-96 848 150 ) (0 848 150 ) (0 848 152 ) (-96 848 152 ) 
4 155 156 (-18 854 150 ) (-16 854 150 ) (-16 850 150 ) (-18 850 150 ) 
4 155 157 (-118 854 150 ) (-116 854 150 ) (-116 850 150 ) (-118 850 150 ) 
4 155 158 (0 848 150 ) (-216 848 150 ) (-216 850 150 ) (0 850 150 ) 
4 156 160 (-18 854 26 ) (-16 854 26 ) (-16 850 26 ) (-18 850 26 ) 
4 156 158 (-18 850 26 ) (-16 850 26 ) (-16 850 150 ) (-18 850 150 ) 
4 157 160 (-118 854 26 ) (-116 854 26 ) (-116 850 26 ) (-118 850 26 ) 
4 157 158 (-118 850 26 ) (-116 850 26 ) (-116 850 150 ) (-118 850 150 ) 
4 158 162 (-216 848 150 ) (-216 848 26 ) (-96 848 26 ) (-96 848 150 ) 
4 158 161 (-96 848 26 ) (0 848 26 ) (0 848 150 ) (-96 848 150 ) 
4 158 160 (0 848 26 ) (-216 848 26 ) (-216 850 26 ) (0 850 26 ) 
4 159 163 (-216 1024 0 ) (-216 888 0 ) (-216 888 26 ) (-216 1024 26 ) 
4 159 160 (0 856 26 ) (-216 856 26 ) (-216 856 24 ) (0 856 24 ) 
4 160 162 (-216 848 26 ) (-216 848 24 ) (-96 848 24 ) (-96 848 26 ) 
4 160 161 (-96 848 24 ) (0 848 24 ) (0 848 26 ) (-96 848 26 ) 
4 161 194 (-96 588 0 ) (-18 588 0 ) (-18 588 176 ) (-96 588 176 ) 
4 161 192 (-18 588 0 ) (0 588 0 ) (0 588 176 ) (-18 588 176 ) 
4 161 162 (-96 848 176 ) (-96 848 0 ) (-96 596 0 ) (-96 596 176 ) 
4 162 164 (-216 824 0 ) (-216 596 0 ) (-216 596 176 ) (-216 824 176 ) 
4 163 175 (-240 1024 0 ) (-240 888 0 ) (-240 888 26 ) (-240 1024 26 ) 
4 163 165 (-240 888 26 ) (-240 888 176 ) (-240 1024 176 ) (-240 1024 26 ) 
4 164 177 (-240 824 0 ) (-240 596 0 ) (-240 596 26 ) (-240 824 26 ) 
4 164 174 (-240 596 26 ) (-240 596 176 ) (-240 824 176 ) (-240 824 26 ) 
4 165 178 (-640 888 176 ) (-640 1024 176 ) (-640 1024 26 ) (-640 888 26 ) 
4 165 175 (-640 880 26 ) (-640 1024 26 ) (-240 1024 26 ) (-240 880 26 ) 
4 165 166 (-640 880 120 ) (-640 880 26 ) (-240 880 26 ) (-240 880 120 ) 
4 166 175 (-640 872 26 ) (-640 880 26 ) (-240 880 26 ) (-240 872 26 ) 
4 166 167 (-640 872 120 ) (-640 872 26 ) (-240 872 26 ) (-240 872 120 ) 
4 167 176 (-640 854 26 ) (-640 856 26 ) (-240 856 26 ) (-240 854 26 ) 
4 167 175 (-640 856 26 ) (-640 872 26 ) (-240 872 26 ) (-240 856 26 ) 
4 167 171 (-442 854 26 ) (-440 854 26 ) (-440 854 150 ) (-442 854 150 ) 
4 167 172 (-542 854 26 ) (-540 854 26 ) (-540 854 150 ) (-542 854 150 ) 
4 167 169 (-242 854 26 ) (-240 854 26 ) (-240 854 150 ) (-242 854 150 ) 
4 167 170 (-342 854 26 ) (-340 854 26 ) (-340 854 150 ) (-342 854 150 ) 
4 167 168 (-640 854 152 ) (-640 854 150 ) (-240 854 150 ) (-240 854 152 ) 
4 168 173 (-640 850 152 ) (-640 850 150 ) (-240 850 150 ) (-240 850 152 ) 
4 168 171 (-440 850 150 ) (-442 850 150 ) (-442 854 150 ) (-440 854 150 ) 
4 168 172 (-540 850 150 ) (-542 850 150 ) (-542 854 150 ) (-540 854 150 ) 
4 168 169 (-240 850 150 ) (-242 850 150 ) (-242 854 150 ) (-240 854 150 ) 
4 168 170 (-340 850 150 ) (-342 850 150 ) (-342 854 150 ) (-340 854 150 ) 
4 169 176 (-242 854 26 ) (-240 854 26 ) (-240 850 26 ) (-242 850 26 ) 
4 169 173 (-242 850 26 ) (-240 850 26 ) (-240 850 150 ) (-242 850 150 ) 
4 170 176 (-342 854 26 ) (-340 854 26 ) (-340 850 26 ) (-342 850 26 ) 
4 170 173 (-342 850 26 ) (-340 850 26 ) (-340 850 150 ) (-342 850 150 ) 
4 171 176 (-442 854 26 ) (-440 854 26 ) (-440 850 26 ) (-442 850 26 ) 
4 171 173 (-442 850 26 ) (-440 850 26 ) (-440 850 150 ) (-442 850 150 ) 
4 172 176 (-542 854 26 ) (-540 854 26 ) (-540 850 26 ) (-542 850 26 ) 
4 172 173 (-542 850 26 ) (-540 850 26 ) (-540 850 150 ) (-542 850 150 ) 
4 173 176 (-640 848 26 ) (-640 850 26 ) (-240 850 26 ) (-240 848 26 ) 
4 173 174 (-640 848 152 ) (-640 848 26 ) (-240 848 26 ) (-240 848 152 ) 
4 174 179 (-640 596 176 ) (-640 824 176 ) (-640 824 26 ) (-640 596 26 ) 
4 174 177 (-640 596 26 ) (-640 848 26 ) (-240 848 26 ) (-240 596 26 ) 
4 175 178 (-640 1024 0 ) (-640 888 0 ) (-640 888 26 ) (-640 1024 26 ) 
4 175 176 (-240 856 24 ) (-240 856 26 ) (-640 856 26 ) (-640 856 24 ) 
4 176 177 (-240 848 24 ) (-240 848 26 ) (-640 848 26 ) (-640 848 24 ) 
4 177 179 (-640 824 0 ) (-640 596 0 ) (-640 596 26 ) (-640 824 26 ) 
4 178 187 (-664 1024 0 ) (-664 888 0 ) (-664 888 26 ) (-664 1024 26 ) 
4 178 180 (-664 888 26 ) (-664 888 176 ) (-664 1024 176 ) (-664 1024 26 ) 
4 179 190 (-664 824 0 ) (-664 596 0 ) (-664 596 176 ) (-664 824 176 ) 
4 180 246 (-1024 1024 176 ) (-1024 1024 26 ) (-1024 880 26 ) (-1024 880 176 ) 
4 180 187 (-1024 880 26 ) (-1024 1024 26 ) (-664 1024 26 ) (-664 880 26 ) 
4 180 181 (-1024 880 26 ) (-664 880 26 ) (-664 880 120 ) (-1024 880 120 ) 
4 181 247 (-1024 880 26 ) (-1024 872 26 ) (-1024 872 120 ) (-1024 880 120 ) 
4 181 187 (-1024 872 26 ) (-1024 880 26 ) (-664 880 26 ) (-664 872 26 ) 
4 181 182 (-1024 872 26 ) (-664 872 26 ) (-664 872 120 ) (-1024 872 120 ) 
4 182 248 (-1024 872 26 ) (-1024 854 26 ) (-1024 854 152 ) (-1024 872 152 ) 
4 182 188 (-1024 854 26 ) (-1024 856 26 ) (-664 856 26 ) (-664 854 26 ) 
4 182 187 (-1024 856 26 ) (-1024 872 26 ) (-664 872 26 ) (-664 856 26 ) 
4 182 185 (-864 854 26 ) (-862 854 26 ) (-862 854 150 ) (-864 854 150 ) 
4 182 186 (-964 854 26 ) (-962 854 26 ) (-962 854 150 ) (-964 854 150 ) 
4 182 184 (-764 854 26 ) (-762 854 26 ) (-762 854 150 ) (-764 854 150 ) 
4 182 183 (-664 854 150 ) (-664 854 152 ) (-1024 854 152 ) (-1024 854 150 ) 
4 183 249 (-1024 850 150 ) (-1024 850 152 ) (-1024 854 152 ) (-1024 854 150 ) 
4 183 189 (-664 850 150 ) (-664 850 152 ) (-1024 850 152 ) (-1024 850 150 ) 
4 183 185 (-862 850 150 ) (-864 850 150 ) (-864 854 150 ) (-862 854 150 ) 
4 183 186 (-962 850 150 ) (-964 850 150 ) (-964 854 150 ) (-962 854 150 ) 
4 183 184 (-762 850 150 ) (-764 850 150 ) (-764 854 150 ) (-762 854 150 ) 
4 184 189 (-762 850 150 ) (-764 850 150 ) (-764 850 26 ) (-762 850 26 ) 
4 184 188 (-762 850 26 ) (-764 850 26 ) (-764 854 26 ) (-762 854 26 ) 
4 185 189 (-862 850 150 ) (-864 850 150 ) (-864 850 26 ) (-862 850 26 ) 
4 185 188 (-862 850 26 ) (-864 850 26 ) (-864 854 26 ) (-862 854 26 ) 
4 186 189 (-962 850 150 ) (-964 850 150 ) (-964 850 26 ) (-962 850 26 ) 
4 186 188 (-962 850 26 ) (-964 850 26 ) (-964 854 26 ) (-962 854 26 ) 
4 187 252 (-1024 872 0 ) (-1024 856 0 ) (-1024 856 26 ) (-1024 872 26 ) 
4 187 247 (-1024 880 0 ) (-1024 872 0 ) (-1024 872 26 ) (-1024 880 26 ) 
4 187 246 (-1024 1024 26 ) (-1024 1024 0 ) (-1024 880 0 ) (-1024 880 26 ) 
4 187 188 (-664 856 24 ) (-664 856 26 ) (-1024 856 26 ) (-1024 856 24 ) 
4 188 253 (-1024 850 24 ) (-1024 850 26 ) (-1024 856 26 ) (-1024 856 24 ) 
4 188 189 (-664 850 24 ) (-664 850 26 ) (-1024 850 26 ) (-1024 850 24 ) 
4 189 253 (-1024 848 24 ) (-1024 848 26 ) (-1024 850 26 ) (-1024 850 24 ) 
4 189 250 (-1024 848 26 ) (-1024 848 152 ) (-1024 850 152 ) (-1024 850 26 ) 
4 189 190 (-664 848 24 ) (-664 848 152 ) (-784 848 152 ) (-784 848 24 ) 
4 189 191 (-784 848 152 ) (-1024 848 152 ) (-1024 848 24 ) (-784 848 24 ) 
4 190 191 (-784 848 176 ) (-784 848 0 ) (-784 596 0 ) (-784 596 176 ) 
4 191 254 (-1024 848 0 ) (-1024 588 0 ) (-1024 588 176 ) (-1024 848 176 ) 
4 191 214 (-1024 588 0 ) (-986 588 0 ) (-986 588 176 ) (-1024 588 176 ) 
4 191 210 (-860 588 114 ) (-860 588 176 ) (-986 588 176 ) (-986 588 114 ) 
4 191 213 (-986 588 0 ) (-860 588 0 ) (-860 588 114 ) (-986 588 114 ) 
4 191 208 (-860 588 0 ) (-784 588 0 ) (-784 588 176 ) (-860 588 176 ) 
4 192 194 (-18 588 176 ) (-18 588 0 ) (-18 496 0 ) (-18 496 176 ) 
4 192 193 (-18 496 114 ) (-18 496 0 ) (0 496 0 ) (0 496 114 ) 
4 193 196 (-18 488 0 ) (0 488 0 ) (0 488 114 ) (-18 488 114 ) 
4 194 195 (-96 588 176 ) (-96 588 0 ) (-96 496 0 ) (-96 496 176 ) 
4 195 197 (-256 488 176 ) (-256 488 0 ) (-96 488 0 ) (-96 488 176 ) 
4 196 197 (-96 488 176 ) (-96 488 0 ) (-96 280 0 ) (-96 280 176 ) 
4 197 200 (-256 486 0 ) (-256 358 0 ) (-256 358 112 ) (-256 486 112 ) 
4 197 198 (-216 272 0 ) (-96 272 0 ) (-96 272 176 ) (-216 272 176 ) 
4 197 199 (-256 272 176 ) (-256 272 0 ) (-240 272 0 ) (-240 272 176 ) 
4 198 217 (-96 256 0 ) (0 256 0 ) (0 256 176 ) (-96 256 176 ) 
4 200 201 (-264 486 0 ) (-264 358 0 ) (-264 358 112 ) (-264 486 112 ) 
4 201 218 (-446 256 0 ) (-324 256 0 ) (-324 256 112 ) (-446 256 112 ) 
4 201 203 (-446 544 48 ) (-446 544 176 ) (-446 582 176 ) (-446 582 48 ) 
4 201 202 (-446 588 176 ) (-446 588 0 ) (-446 582 0 ) (-446 582 176 ) 
4 201 204 (-446 544 0 ) (-446 256 0 ) (-446 256 176 ) (-446 544 176 ) 
4 202 203 (-618 582 176 ) (-618 582 48 ) (-446 582 48 ) (-446 582 176 ) 
4 202 205 (-618 588 176 ) (-618 588 0 ) (-618 582 0 ) (-618 582 176 ) 
4 203 205 (-618 544 48 ) (-618 544 176 ) (-618 582 176 ) (-618 582 48 ) 
4 203 204 (-618 544 176 ) (-618 544 48 ) (-446 544 48 ) (-446 544 176 ) 
4 204 218 (-450 256 0 ) (-446 256 0 ) (-446 256 112 ) (-450 256 112 ) 
4 204 205 (-618 544 0 ) (-618 256 0 ) (-618 256 176 ) (-618 544 176 ) 
4 205 206 (-648 486 0 ) (-648 358 0 ) (-648 358 112 ) (-648 486 112 ) 
4 206 207 (-656 486 0 ) (-656 358 0 ) (-656 358 112 ) (-656 486 112 ) 
4 207 208 (-784 588 176 ) (-784 588 0 ) (-784 496 0 ) (-784 496 176 ) 
4 207 209 (-784 488 0 ) (-784 256 0 ) (-784 256 176 ) (-784 488 176 ) 
4 208 210 (-860 588 176 ) (-860 588 114 ) (-860 496 114 ) (-860 496 176 ) 
4 208 213 (-860 588 114 ) (-860 588 0 ) (-860 496 0 ) (-860 496 114 ) 
4 209 219 (-860 256 0 ) (-858 256 0 ) (-858 256 176 ) (-860 256 176 ) 
4 209 212 (-860 256 114 ) (-860 256 176 ) (-860 272 176 ) (-860 272 114 ) 
4 209 211 (-860 280 176 ) (-860 488 176 ) (-860 488 114 ) (-860 280 114 ) 
4 209 213 (-860 488 0 ) (-860 256 0 ) (-860 256 114 ) (-860 488 114 ) 
4 210 214 (-986 588 176 ) (-986 588 114 ) (-986 496 114 ) (-986 496 176 ) 
4 210 213 (-986 496 114 ) (-986 588 114 ) (-860 588 114 ) (-860 496 114 ) 
4 211 215 (-986 488 114 ) (-986 280 114 ) (-986 280 176 ) (-986 488 176 ) 
4 211 213 (-986 280 114 ) (-986 488 114 ) (-860 488 114 ) (-860 280 114 ) 
4 212 219 (-860 256 114 ) (-860 256 176 ) (-986 256 176 ) (-986 256 114 ) 
4 212 216 (-986 272 114 ) (-986 256 114 ) (-986 256 176 ) (-986 272 176 ) 
4 212 213 (-986 256 114 ) (-986 272 114 ) (-860 272 114 ) (-860 256 114 ) 
4 213 219 (-986 256 0 ) (-860 256 0 ) (-860 256 114 ) (-986 256 114 ) 
4 213 215 (-986 488 0 ) (-986 280 0 ) (-986 280 114 ) (-986 488 114 ) 
4 213 216 (-986 272 0 ) (-986 256 0 ) (-986 256 114 ) (-986 272 114 ) 
4 213 214 (-986 588 114 ) (-986 588 0 ) (-986 496 0 ) (-986 496 114 ) 
4 214 254 (-1024 588 0 ) (-1024 496 0 ) (-1024 496 176 ) (-1024 588 176 ) 
4 215 255 (-1024 488 0 ) (-1024 280 0 ) (-1024 280 176 ) (-1024 488 176 ) 
4 216 256 (-1024 272 0 ) (-1024 256 0 ) (-1024 256 176 ) (-1024 272 176 ) 
4 216 219 (-1024 256 0 ) (-986 256 0 ) (-986 256 176 ) (-1024 256 176 ) 
4 217 220 (-96 248 0 ) (0 248 0 ) (0 248 176 ) (-96 248 176 ) 
4 218 222 (-450 248 0 ) (-324 248 0 ) (-324 248 112 ) (-450 248 112 ) 
4 219 256 (-1024 256 0 ) (-1024 248 0 ) (-1024 248 176 ) (-1024 256 176 ) 
4 219 224 (-1024 248 0 ) (-858 248 0 ) (-858 248 176 ) (-1024 248 176 ) 
4 220 376 (-216 0 176 ) (-232 0 176 ) (-232 0 0 ) (-216 0 0 ) 
4 220 374 (0 0 0 ) (0 0 26 ) (-216 0 26 ) (-216 0 0 ) 
4 220 370 (0 0 26 ) (0 0 150 ) (-216 0 150 ) (-216 0 26 ) 
4 220 368 (0 0 150 ) (0 0 176 ) (-216 0 176 ) (-216 0 150 ) 
4 220 221 (-232 164 0 ) (-232 36 0 ) (-232 36 112 ) (-232 164 112 ) 
4 221 222 (-240 164 0 ) (-240 36 0 ) (-240 36 112 ) (-240 164 112 ) 
4 222 385 (-640 0 26 ) (-640 0 0 ) (-240 0 0 ) (-240 0 26 ) 
4 222 379 (-640 0 150 ) (-640 0 26 ) (-240 0 26 ) (-240 0 150 ) 
4 222 377 (-240 0 176 ) (-640 0 176 ) (-640 0 150 ) (-240 0 150 ) 
4 222 227 (-640 40 0 ) (-640 0 0 ) (-640 0 112 ) (-640 40 112 ) 
4 222 223 (-640 248 176 ) (-640 248 0 ) (-640 84 0 ) (-640 84 176 ) 
4 223 224 (-664 248 176 ) (-664 248 0 ) (-664 84 0 ) (-664 84 176 ) 
4 224 256 (-1024 248 0 ) (-1024 84 0 ) (-1024 84 176 ) (-1024 248 176 ) 
4 225 257 (-1024 76 0 ) (-1024 60 0 ) (-1024 60 176 ) (-1024 76 176 ) 
4 225 226 (-1024 60 0 ) (-664 60 0 ) (-664 60 176 ) (-1024 60 176 ) 
4 226 257 (-1024 60 0 ) (-1024 40 0 ) (-1024 40 176 ) (-1024 60 176 ) 
4 226 228 (-1024 40 0 ) (-648 40 0 ) (-648 40 176 ) (-1024 40 176 ) 
4 227 387 (-648 0 112 ) (-648 0 0 ) (-640 0 0 ) (-640 0 112 ) 
4 227 228 (-648 40 112 ) (-648 40 0 ) (-648 0 0 ) (-648 0 112 ) 
4 228 398 (-1024 0 26 ) (-1024 0 0 ) (-664 0 0 ) (-664 0 26 ) 
4 228 392 (-1024 0 150 ) (-1024 0 26 ) (-664 0 26 ) (-664 0 150 ) 
4 228 390 (-664 0 176 ) (-1024 0 176 ) (-1024 0 150 ) (-664 0 150 ) 
4 228 388 (-648 0 176 ) (-664 0 176 ) (-664 0 0 ) (-648 0 0 ) 
4 228 257 (-1024 40 0 ) (-1024 0 0 ) (-1024 0 176 ) (-1024 40 176 ) 
4 229 421 (-1024 0 464 ) (-1024 0 760 ) (-1064 0 760 ) (-1064 0 464 ) 
4 229 258 (-1064 0 464 ) (-1064 0 760 ) (-1064 1024 760 ) (-1064 1024 464 ) 
4 229 231 (-1064 856 464 ) (-1064 888 464 ) (-1024 888 464 ) (-1024 856 464 ) 
4 229 230 (-1064 888 464 ) (-1064 1024 464 ) (-1024 1024 464 ) (-1024 888 464 ) 
4 230 259 (-1064 888 464 ) (-1064 1024 464 ) (-1064 1024 440 ) (-1064 888 440 ) 
4 230 232 (-1064 888 440 ) (-1064 1024 440 ) (-1024 1024 440 ) (-1024 888 440 ) 
4 230 231 (-1024 888 456 ) (-1024 888 464 ) (-1064 888 464 ) (-1064 888 456 ) 
4 232 259 (-1064 888 440 ) (-1064 1024 440 ) (-1064 1024 200 ) (-1064 888 200 ) 
4 232 234 (-1064 888 200 ) (-1064 1024 200 ) (-1024 1024 200 ) (-1024 888 200 ) 
4 232 233 (-1064 888 200 ) (-1024 888 200 ) (-1024 888 360 ) (-1064 888 360 ) 
4 233 237 (-1024 856 216 ) (-1024 856 342 ) (-1062 856 342 ) (-1062 856 216 ) 
4 233 240 (-1062 856 342 ) (-1064 856 342 ) (-1064 856 216 ) (-1062 856 216 ) 
4 233 236 (-1024 856 342 ) (-1024 856 344 ) (-1064 856 344 ) (-1064 856 342 ) 
4 233 234 (-1064 880 200 ) (-1064 888 200 ) (-1024 888 200 ) (-1024 880 200 ) 
4 233 235 (-1024 856 200 ) (-1064 856 200 ) (-1064 872 200 ) (-1024 872 200 ) 
4 234 259 (-1064 1024 200 ) (-1064 1024 192 ) (-1064 888 192 ) (-1064 888 200 ) 
4 234 244 (-1064 880 192 ) (-1064 1024 192 ) (-1024 1024 192 ) (-1024 880 192 ) 
4 236 241 (-1024 848 342 ) (-1024 848 344 ) (-1064 848 344 ) (-1064 848 342 ) 
4 236 237 (-1062 854 342 ) (-1062 856 342 ) (-1024 856 342 ) (-1024 854 342 ) 
4 236 239 (-1024 848 342 ) (-1062 848 342 ) (-1062 850 342 ) (-1024 850 342 ) 
4 236 240 (-1062 848 342 ) (-1064 848 342 ) (-1064 856 342 ) (-1062 856 342 ) 
4 237 238 (-1062 854 218 ) (-1062 854 216 ) (-1024 854 216 ) (-1024 854 218 ) 
4 237 240 (-1062 856 216 ) (-1062 854 216 ) (-1062 854 342 ) (-1062 856 342 ) 
4 238 240 (-1062 854 216 ) (-1062 850 216 ) (-1062 850 218 ) (-1062 854 218 ) 
4 238 239 (-1062 850 218 ) (-1062 850 216 ) (-1024 850 216 ) (-1024 850 218 ) 
4 239 241 (-1024 848 216 ) (-1024 848 342 ) (-1062 848 342 ) (-1062 848 216 ) 
4 239 240 (-1062 850 216 ) (-1062 848 216 ) (-1062 848 342 ) (-1062 850 342 ) 
4 240 241 (-1062 848 342 ) (-1064 848 342 ) (-1064 848 216 ) (-1062 848 216 ) 
4 242 261 (-1064 344 304 ) (-1064 344 192 ) (-1064 216 192 ) (-1064 216 304 ) 
4 242 260 (-1064 552 304 ) (-1064 552 192 ) (-1064 424 192 ) (-1064 424 304 ) 
4 243 422 (-1024 0 192 ) (-1024 0 440 ) (-1064 0 440 ) (-1064 0 192 ) 
4 243 245 (-1064 0 192 ) (-1064 16 192 ) (-1024 16 192 ) (-1024 0 192 ) 
4 244 259 (-1064 888 192 ) (-1064 1024 192 ) (-1064 1024 176 ) (-1064 888 176 ) 
4 244 246 (-1064 880 176 ) (-1064 1024 176 ) (-1024 1024 176 ) (-1024 880 176 ) 
4 245 422 (-1024 0 176 ) (-1024 0 192 ) (-1064 0 192 ) (-1064 0 176 ) 
4 245 257 (-1024 0 176 ) (-1064 0 176 ) (-1064 16 176 ) (-1024 16 176 ) 
4 246 259 (-1064 888 176 ) (-1064 1024 176 ) (-1064 1024 0 ) (-1064 888 0 ) 
4 246 247 (-1064 880 0 ) (-1024 880 0 ) (-1024 880 120 ) (-1064 880 120 ) 
4 247 252 (-1064 872 0 ) (-1024 872 0 ) (-1024 872 26 ) (-1064 872 26 ) 
4 247 248 (-1024 872 26 ) (-1024 872 120 ) (-1062 872 120 ) (-1062 872 26 ) 
4 247 251 (-1062 872 120 ) (-1064 872 120 ) (-1064 872 26 ) (-1062 872 26 ) 
4 248 253 (-1062 854 26 ) (-1062 856 26 ) (-1024 856 26 ) (-1024 854 26 ) 
4 248 252 (-1062 856 26 ) (-1062 872 26 ) (-1024 872 26 ) (-1024 856 26 ) 
4 248 249 (-1062 854 152 ) (-1062 854 150 ) (-1024 854 150 ) (-1024 854 152 ) 
4 248 251 (-1062 872 26 ) (-1062 854 26 ) (-1062 854 152 ) (-1062 872 152 ) 
4 249 251 (-1062 850 150 ) (-1062 850 152 ) (-1062 854 152 ) (-1062 854 150 ) 
4 249 250 (-1062 850 152 ) (-1062 850 150 ) (-1024 850 150 ) (-1024 850 152 ) 
4 250 254 (-1024 848 26 ) (-1024 848 152 ) (-1062 848 152 ) (-1062 848 26 ) 
4 250 253 (-1024 848 26 ) (-1062 848 26 ) (-1062 850 26 ) (-1024 850 26 ) 
4 250 251 (-1062 850 26 ) (-1062 848 26 ) (-1062 848 152 ) (-1062 850 152 ) 
4 251 254 (-1062 848 152 ) (-1064 848 152 ) (-1064 848 26 ) (-1062 848 26 ) 
4 251 253 (-1062 848 26 ) (-1064 848 26 ) (-1064 856 26 ) (-1062 856 26 ) 
4 251 252 (-1064 856 26 ) (-1064 872 26 ) (-1062 872 26 ) (-1062 856 26 ) 
4 252 253 (-1024 856 24 ) (-1024 856 26 ) (-1064 856 26 ) (-1064 856 24 ) 
4 253 254 (-1024 848 24 ) (-1024 848 26 ) (-1064 848 26 ) (-1064 848 24 ) 
4 255 262 (-1064 448 0 ) (-1064 320 0 ) (-1064 320 112 ) (-1064 448 112 ) 
4 257 422 (-1024 0 0 ) (-1024 0 176 ) (-1064 0 176 ) (-1064 0 0 ) 
4 258 439 (-1064 0 464 ) (-1064 0 760 ) (-1088 0 760 ) (-1088 0 464 ) 
4 258 280 (-1088 0 464 ) (-1088 0 760 ) (-1088 200 760 ) (-1088 200 464 ) 
4 258 274 (-1088 200 760 ) (-1088 568 760 ) (-1088 568 464 ) (-1088 200 464 ) 
4 258 268 (-1088 568 760 ) (-1088 880 760 ) (-1088 880 464 ) (-1088 568 464 ) 
4 258 266 (-1088 880 760 ) (-1088 888 760 ) (-1088 888 464 ) (-1088 880 464 ) 
4 258 265 (-1088 888 760 ) (-1088 1024 760 ) (-1088 1024 464 ) (-1088 888 464 ) 
4 258 259 (-1088 888 464 ) (-1088 1024 464 ) (-1064 1024 464 ) (-1064 888 464 ) 
4 259 265 (-1088 1024 0 ) (-1088 888 0 ) (-1088 888 464 ) (-1088 1024 464 ) 
4 260 263 (-1080 552 192 ) (-1080 424 192 ) (-1080 424 304 ) (-1080 552 304 ) 
4 261 263 (-1080 344 192 ) (-1080 216 192 ) (-1080 216 304 ) (-1080 344 304 ) 
4 262 264 (-1080 448 0 ) (-1080 320 0 ) (-1080 320 112 ) (-1080 448 112 ) 
4 263 275 (-1088 200 192 ) (-1088 200 456 ) (-1088 568 456 ) (-1088 568 192 ) 
4 264 276 (-1088 568 0 ) (-1088 200 0 ) (-1088 200 176 ) (-1088 568 176 ) 
4 265 288 (-1240 1024 760 ) (-1240 1024 0 ) (-1240 888 0 ) (-1240 888 760 ) 
4 265 267 (-1240 888 320 ) (-1240 888 232 ) (-1088 888 232 ) (-1088 888 320 ) 
4 265 266 (-1240 888 760 ) (-1240 888 464 ) (-1088 888 464 ) (-1088 888 760 ) 
4 266 289 (-1240 880 464 ) (-1240 880 760 ) (-1240 888 760 ) (-1240 888 464 ) 
4 266 268 (-1240 880 760 ) (-1240 880 464 ) (-1088 880 464 ) (-1088 880 760 ) 
4 267 290 (-1240 880 232 ) (-1240 880 320 ) (-1240 888 320 ) (-1240 888 232 ) 
4 267 269 (-1240 880 320 ) (-1240 880 232 ) (-1088 880 232 ) (-1088 880 320 ) 
4 268 291 (-1240 568 464 ) (-1240 568 760 ) (-1240 880 760 ) (-1240 880 464 ) 
4 268 274 (-1240 568 760 ) (-1240 568 464 ) (-1088 568 464 ) (-1088 568 760 ) 
4 269 293 (-1240 756 456 ) (-1240 880 456 ) (-1240 880 192 ) (-1240 756 192 ) 
4 269 272 (-1240 612 192 ) (-1240 756 192 ) (-1088 756 192 ) (-1088 612 192 ) 
4 269 271 (-1240 756 192 ) (-1240 880 192 ) (-1088 880 192 ) (-1088 756 192 ) 
4 269 270 (-1228 576 192 ) (-1100 576 192 ) (-1100 576 304 ) (-1228 576 304 ) 
4 270 275 (-1228 568 192 ) (-1100 568 192 ) (-1100 568 304 ) (-1228 568 304 ) 
4 271 293 (-1240 756 96 ) (-1240 756 192 ) (-1240 880 192 ) (-1240 880 96 ) 
4 271 272 (-1088 756 184 ) (-1088 756 192 ) (-1240 756 192 ) (-1240 756 184 ) 
4 271 273 (-1088 756 96 ) (-1088 756 184 ) (-1240 756 184 ) (-1240 756 96 ) 
4 272 273 (-1240 612 184 ) (-1240 756 184 ) (-1088 756 184 ) (-1088 612 184 ) 
4 274 291 (-1240 200 464 ) (-1240 200 760 ) (-1240 568 760 ) (-1240 568 464 ) 
4 274 285 (-1240 200 760 ) (-1240 200 464 ) (-1216 200 464 ) (-1216 200 760 ) 
4 274 280 (-1216 200 464 ) (-1088 200 464 ) (-1088 200 760 ) (-1216 200 760 ) 
4 275 277 (-1232 200 192 ) (-1232 200 456 ) (-1232 568 456 ) (-1232 568 192 ) 
4 276 286 (-1232 200 0 ) (-1216 200 0 ) (-1216 200 0.240433 ) (-1232 200 0.240433 ) 
4 276 281 (-1216 200 0 ) (-1088 200 0 ) (-1088 200 112 ) (-1216 200 112 ) 
4 276 278 (-1232 448 0.120651 ) (-1232 320 0.120651 ) (-1232 320 112.059998 ) (-1232 448 112.059998 ) 
4 276 279 (-1088 200 0.120651 ) (-1232 200 0.120651 ) (-1232 568 0.120651 ) (-1088 568 0.120651 ) 
4 278 296 (-1240 448 0 ) (-1240 320 0 ) (-1240 320 112.059998 ) (-1240 448 112.059998 ) 
4 278 279 (-1240 320 0.120651 ) (-1240 448 0.120651 ) (-1232 448 0.120651 ) (-1232 320 0.120651 ) 
4 280 440 (-1216 0 760 ) (-1216 0 464 ) (-1088 0 464 ) (-1088 0 760 ) 
4 280 285 (-1216 200 760 ) (-1216 200 464 ) (-1216 8 464 ) (-1216 8 760 ) 
4 280 287 (-1216 8 464 ) (-1216 0 464 ) (-1216 0 760 ) (-1216 8 760 ) 
4 280 284 (-1216 0 464 ) (-1216 8 464 ) (-1088 8 464 ) (-1088 0 464 ) 
4 281 286 (-1216 200 0.240433 ) (-1216 200 0 ) (-1216 192 0 ) (-1216 192 0.240433 ) 
4 281 282 (-1088 192 0 ) (-1088 192 112 ) (-1216 192 112 ) (-1216 192 0 ) 
4 282 286 (-1216 192 0 ) (-1216 16 0 ) (-1216 16 0.240433 ) (-1216 192 0.240433 ) 
4 282 283 (-1088 16 0 ) (-1088 16 112 ) (-1216 16 112 ) (-1216 16 0 ) 
4 283 286 (-1216 16 0 ) (-1216 8 0 ) (-1216 8 0.240433 ) (-1216 16 0.240433 ) 
4 283 284 (-1088 8 0 ) (-1088 8 112 ) (-1216 8 112 ) (-1216 8 0 ) 
4 284 440 (-1216 0 464 ) (-1216 0 0 ) (-1088 0 0 ) (-1088 0 464 ) 
4 284 287 (-1216 8 0 ) (-1216 0 0 ) (-1216 0 464 ) (-1216 8 464 ) 
4 285 291 (-1240 8 464 ) (-1240 8 760 ) (-1240 200 760 ) (-1240 200 464 ) 
4 285 287 (-1216 8 464 ) (-1216 8 760 ) (-1240 8 760 ) (-1240 8 464 ) 
4 286 287 (-1216 8 0 ) (-1216 8 0.240433 ) (-1240 8 0.240433 ) (-1240 8 0 ) 
4 287 440 (-1240 0 760 ) (-1240 0 0 ) (-1216 0 0 ) (-1216 0 760 ) 
4 287 297 (-1240 8 0 ) (-1240 0 0 ) (-1240 0 176 ) (-1240 8 176 ) 
4 287 295 (-1240 0 176 ) (-1240 0 456 ) (-1240 8 456 ) (-1240 8 176 ) 
4 287 292 (-1240 0 456 ) (-1240 0 760 ) (-1240 8 760 ) (-1240 8 456 ) 
4 288 301 (-1448 1024 0 ) (-1448 888 0 ) (-1448 888 232 ) (-1448 1024 232 ) 
4 288 300 (-1448 888 232 ) (-1448 888 464 ) (-1448 1024 464 ) (-1448 1024 232 ) 
4 288 299 (-1448 888 464 ) (-1448 888 760 ) (-1448 1024 760 ) (-1448 1024 464 ) 
4 288 290 (-1448 888 320 ) (-1448 888 232 ) (-1240 888 232 ) (-1240 888 320 ) 
4 288 289 (-1448 888 760 ) (-1448 888 464 ) (-1240 888 464 ) (-1240 888 760 ) 
4 289 299 (-1448 880 464 ) (-1448 880 760 ) (-1448 888 760 ) (-1448 888 464 ) 
4 289 291 (-1448 880 760 ) (-1448 880 464 ) (-1240 880 464 ) (-1240 880 760 ) 
4 290 293 (-1448 880 320 ) (-1448 880 232 ) (-1240 880 232 ) (-1240 880 320 ) 
4 291 302 (-1448 8 760 ) (-1448 880 760 ) (-1448 880 464 ) (-1448 8 464 ) 
4 291 292 (-1240 8 464 ) (-1240 8 760 ) (-1448 8 760 ) (-1448 8 464 ) 
4 292 440 (-1448 0 760 ) (-1448 0 456 ) (-1240 0 456 ) (-1240 0 760 ) 
4 292 303 (-1448 0 456 ) (-1448 0 464 ) (-1448 8 464 ) (-1448 8 456 ) 
4 292 302 (-1448 0 464 ) (-1448 0 760 ) (-1448 8 760 ) (-1448 8 464 ) 
4 292 295 (-1448 0 456 ) (-1448 8 456 ) (-1240 8 456 ) (-1240 0 456 ) 
4 293 304 (-1448 756 232 ) (-1448 756 320 ) (-1448 880 320 ) (-1448 880 232 ) 
4 293 294 (-1296 756 456 ) (-1448 756 456 ) (-1448 756 96 ) (-1296 756 96 ) 
4 294 304 (-1448 568 232 ) (-1448 568 320 ) (-1448 756 320 ) (-1448 756 232 ) 
4 294 296 (-1448 568 176 ) (-1448 568 0 ) (-1296 568 0 ) (-1296 568 176 ) 
4 295 440 (-1448 0 456 ) (-1448 0 176 ) (-1240 0 176 ) (-1240 0 456 ) 
4 295 308 (-1448 0 176 ) (-1448 0 232 ) (-1448 8 232 ) (-1448 8 176 ) 
4 295 307 (-1448 0 232 ) (-1448 0 320 ) (-1448 8 320 ) (-1448 8 232 ) 
4 295 303 (-1448 0 320 ) (-1448 0 456 ) (-1448 8 456 ) (-1448 8 320 ) 
4 295 297 (-1448 0 176 ) (-1448 8 176 ) (-1240 8 176 ) (-1240 0 176 ) 
4 296 298 (-1448 312 0.120651 ) (-1448 568 0.120651 ) (-1240 568 0.120651 ) (-1240 312 0.120651 ) 
4 297 440 (-1448 0 176 ) (-1448 0 0 ) (-1240 0 0 ) (-1240 0 176 ) 
4 297 308 (-1448 8 0 ) (-1448 0 0 ) (-1448 0 176 ) (-1448 8 176 ) 
4 297 298 (-1448 0 0.120651 ) (-1448 192 0.120651 ) (-1240 192 0.120651 ) (-1240 0 0.120651 ) 
4 299 309 (-1456 1024 760 ) (-1456 1024 464 ) (-1456 880 464 ) (-1456 880 760 ) 
4 299 302 (-1456 880 760 ) (-1456 880 464 ) (-1448 880 464 ) (-1448 880 760 ) 
4 299 300 (-1456 888 464 ) (-1456 1024 464 ) (-1448 1024 464 ) (-1448 888 464 ) 
4 300 309 (-1456 1024 464 ) (-1456 1024 232 ) (-1456 888 232 ) (-1456 888 464 ) 
4 300 301 (-1456 888 232 ) (-1456 1024 232 ) (-1448 1024 232 ) (-1448 888 232 ) 
4 301 309 (-1456 1024 232 ) (-1456 1024 0 ) (-1456 888 0 ) (-1456 888 232 ) 
4 302 440 (-1456 0 760 ) (-1456 0 464 ) (-1448 0 464 ) (-1448 0 760 ) 
4 302 309 (-1456 0 464 ) (-1456 0 760 ) (-1456 880 760 ) (-1456 880 464 ) 
4 302 303 (-1456 0 464 ) (-1456 8 464 ) (-1448 8 464 ) (-1448 0 464 ) 
4 303 440 (-1456 0 464 ) (-1456 0 320 ) (-1448 0 320 ) (-1448 0 464 ) 
4 303 309 (-1456 0 320 ) (-1456 0 464 ) (-1456 8 464 ) (-1456 8 320 ) 
4 303 307 (-1456 0 320 ) (-1456 8 320 ) (-1448 8 320 ) (-1448 0 320 ) 
4 304 305 (-1450 880 232 ) (-1450 592 232 ) (-1450 592 320 ) (-1450 880 320 ) 
4 305 306 (-1452 880 232 ) (-1452 592 232 ) (-1452 592 320 ) (-1452 880 320 ) 
4 306 309 (-1456 544 320 ) (-1456 880 320 ) (-1456 880 232 ) (-1456 544 232 ) 
4 307 440 (-1456 0 320 ) (-1456 0 232 ) (-1448 0 232 ) (-1448 0 320 ) 
4 307 309 (-1456 0 232 ) (-1456 0 320 ) (-1456 8 320 ) (-1456 8 232 ) 
4 307 308 (-1456 0 232 ) (-1456 8 232 ) (-1448 8 232 ) (-1448 0 232 ) 
4 308 440 (-1456 0 232 ) (-1456 0 0 ) (-1448 0 0 ) (-1448 0 232 ) 
4 308 309 (-1456 8 0 ) (-1456 0 0 ) (-1456 0 232 ) (-1456 8 232 ) 
4 309 440 (-2048 0 760 ) (-2048 0 0 ) (-1456 0 0 ) (-1456 0 760 ) 
4 309 311 (-2048 0 0 ) (-2048 0 760 ) (-2048 1024 760 ) (-2048 1024 0 ) 
4 310 311 (-2048 1024 0 ) (-2048 1024 760 ) (-2312 1024 760 ) (-2312 1024 0 ) 
4 311 448 (-2048 0 0 ) (-2048 0 760 ) (-2312 0 760 ) (-2312 0 0 ) 
4 312 313 (1024 -792 760 ) (1024 0 760 ) (1024 0 0 ) (1024 -792 0 ) 
4 313 341 (336 -792 0 ) (208 -792 0 ) (208 -280 0 ) (336 -280 0 ) 
4 313 315 (208 -112 0 ) (208 -792 0 ) (208 -792 760 ) (208 -112 760 ) 
4 313 314 (208 -112 464 ) (208 -112 760 ) (208 0 760 ) (208 0 464 ) 
4 314 336 (184 -112 464 ) (184 -112 760 ) (184 -96 760 ) (184 -96 464 ) 
4 314 333 (184 -96 760 ) (184 -80 760 ) (184 -80 464 ) (184 -96 464 ) 
4 314 316 (184 -80 760 ) (184 0 760 ) (184 0 464 ) (184 -80 464 ) 
4 314 315 (208 -112 464 ) (208 -112 760 ) (184 -112 760 ) (184 -112 464 ) 
4 315 341 (184 -792 0 ) (184 -280 0 ) (208 -280 0 ) (208 -792 0 ) 
4 315 340 (184 -112 0 ) (184 -792 0 ) (184 -792 760 ) (184 -112 760 ) 
4 316 342 (0 0 760 ) (0 0 464 ) (0 -80 464 ) (0 -80 760 ) 
4 316 333 (0 -80 760 ) (0 -80 464 ) (184 -80 464 ) (184 -80 760 ) 
4 317 343 (0 0 440 ) (0 0 342 ) (0 -72 342 ) (0 -72 440 ) 
4 317 319 (0 -72 342 ) (0 0 342 ) (184 0 342 ) (184 -72 342 ) 
4 317 318 (0 -72 342 ) (184 -72 342 ) (184 -72 344 ) (0 -72 344 ) 
4 318 345 (0 -72 342 ) (0 -80 342 ) (0 -80 344 ) (0 -72 344 ) 
4 318 334 (0 -80 344 ) (0 -80 342 ) (184 -80 342 ) (184 -80 344 ) 
4 318 321 (82 -74 342 ) (84 -74 342 ) (84 -78 342 ) (82 -78 342 ) 
4 318 320 (182 -74 342 ) (184 -74 342 ) (184 -78 342 ) (182 -78 342 ) 
4 318 319 (0 -74 342 ) (0 -72 342 ) (184 -72 342 ) (184 -74 342 ) 
4 318 322 (184 -80 342 ) (0 -80 342 ) (0 -78 342 ) (184 -78 342 ) 
4 319 348 (0 -72 218 ) (0 -74 218 ) (0 -74 342 ) (0 -72 342 ) 
4 319 343 (0 0 342 ) (0 0 218 ) (0 -72 218 ) (0 -72 342 ) 
4 319 324 (0 -74 218 ) (0 -72 218 ) (184 -72 218 ) (184 -74 218 ) 
4 319 323 (0 -72 218 ) (0 0 218 ) (184 0 218 ) (184 -72 218 ) 
4 319 321 (82 -74 218 ) (84 -74 218 ) (84 -74 342 ) (82 -74 342 ) 
4 319 320 (182 -74 218 ) (184 -74 218 ) (184 -74 342 ) (182 -74 342 ) 
4 320 324 (182 -74 218 ) (184 -74 218 ) (184 -78 218 ) (182 -78 218 ) 
4 320 322 (182 -78 218 ) (184 -78 218 ) (184 -78 342 ) (182 -78 342 ) 
4 321 324 (82 -74 218 ) (84 -74 218 ) (84 -78 218 ) (82 -78 218 ) 
4 321 322 (82 -78 218 ) (84 -78 218 ) (84 -78 342 ) (82 -78 342 ) 
4 322 361 (0 -78 218 ) (0 -80 218 ) (0 -80 342 ) (0 -78 342 ) 
4 322 334 (0 -80 342 ) (0 -80 218 ) (184 -80 218 ) (184 -80 342 ) 
4 322 324 (184 -80 218 ) (0 -80 218 ) (0 -78 218 ) (184 -78 218 ) 
4 323 343 (0 0 218 ) (0 0 192 ) (0 -72 192 ) (0 -72 218 ) 
4 323 324 (184 -72 216 ) (184 -72 218 ) (0 -72 218 ) (0 -72 216 ) 
4 324 364 (0 -80 216 ) (0 -80 218 ) (0 -72 218 ) (0 -72 216 ) 
4 324 334 (0 -80 218 ) (0 -80 216 ) (184 -80 216 ) (184 -80 218 ) 
4 325 368 (0 0 176 ) (0 0 150 ) (0 -72 150 ) (0 -72 176 ) 
4 325 327 (0 -72 150 ) (0 0 150 ) (184 0 150 ) (184 -72 150 ) 
4 325 326 (0 -72 150 ) (184 -72 150 ) (184 -72 152 ) (0 -72 152 ) 
4 326 369 (0 -72 150 ) (0 -80 150 ) (0 -80 152 ) (0 -72 152 ) 
4 326 335 (0 -80 152 ) (0 -80 150 ) (184 -80 150 ) (184 -80 152 ) 
4 326 329 (82 -74 150 ) (84 -74 150 ) (84 -78 150 ) (82 -78 150 ) 
4 326 328 (182 -74 150 ) (184 -74 150 ) (184 -78 150 ) (182 -78 150 ) 
4 326 327 (0 -74 150 ) (0 -72 150 ) (184 -72 150 ) (184 -74 150 ) 
4 326 330 (184 -80 150 ) (0 -80 150 ) (0 -78 150 ) (184 -78 150 ) 
4 327 370 (0 0 150 ) (0 0 26 ) (0 -74 26 ) (0 -74 150 ) 
4 327 332 (0 -74 26 ) (0 -72 26 ) (184 -72 26 ) (184 -74 26 ) 
4 327 331 (0 -72 26 ) (0 0 26 ) (184 0 26 ) (184 -72 26 ) 
4 327 329 (82 -74 26 ) (84 -74 26 ) (84 -74 150 ) (82 -74 150 ) 
4 327 328 (182 -74 26 ) (184 -74 26 ) (184 -74 150 ) (182 -74 150 ) 
4 328 332 (182 -74 26 ) (184 -74 26 ) (184 -78 26 ) (182 -78 26 ) 
4 328 330 (182 -78 26 ) (184 -78 26 ) (184 -78 150 ) (182 -78 150 ) 
4 329 332 (82 -74 26 ) (84 -74 26 ) (84 -78 26 ) (82 -78 26 ) 
4 329 330 (82 -78 26 ) (84 -78 26 ) (84 -78 150 ) (82 -78 150 ) 
4 330 373 (0 -78 26 ) (0 -80 26 ) (0 -80 150 ) (0 -78 150 ) 
4 330 335 (0 -80 150 ) (0 -80 26 ) (184 -80 26 ) (184 -80 150 ) 
4 330 332 (184 -80 26 ) (0 -80 26 ) (0 -78 26 ) (184 -78 26 ) 
4 331 374 (0 0 26 ) (0 0 0 ) (0 -72 0 ) (0 -72 26 ) 
4 331 332 (184 -72 24 ) (184 -72 26 ) (0 -72 26 ) (0 -72 24 ) 
4 332 375 (0 -80 24 ) (0 -80 26 ) (0 -72 26 ) (0 -72 24 ) 
4 332 335 (0 -80 26 ) (0 -80 24 ) (184 -80 24 ) (184 -80 26 ) 
4 333 400 (0 -96 456 ) (0 -96 760 ) (0 -80 760 ) (0 -80 456 ) 
4 333 336 (184 -96 456 ) (184 -96 760 ) (0 -96 760 ) (0 -96 456 ) 
4 334 401 (0 -96 192 ) (0 -96 360 ) (0 -80 360 ) (0 -80 192 ) 
4 334 337 (184 -96 200 ) (184 -96 360 ) (0 -96 360 ) (0 -96 200 ) 
4 335 402 (0 -80 0 ) (0 -96 0 ) (0 -96 152 ) (0 -80 152 ) 
4 335 338 (0 -96 0 ) (184 -96 0 ) (184 -96 120 ) (0 -96 120 ) 
4 336 407 (0 -112 456 ) (0 -112 760 ) (0 -96 760 ) (0 -96 456 ) 
4 336 340 (184 -112 456 ) (184 -112 760 ) (0 -112 760 ) (0 -112 456 ) 
4 337 409 (0 -104 360 ) (0 -96 360 ) (0 -96 200 ) (0 -104 200 ) 
4 337 411 (0 -112 200 ) (0 -112 360 ) (0 -104 360 ) (0 -104 200 ) 
4 337 340 (184 -112 200 ) (184 -112 360 ) (0 -112 360 ) (0 -112 200 ) 
4 337 339 (184 -112 200 ) (0 -112 200 ) (0 -104 200 ) (184 -104 200 ) 
4 338 410 (0 -96 0 ) (0 -104 0 ) (0 -104 120 ) (0 -96 120 ) 
4 338 339 (0 -104 0 ) (184 -104 0 ) (184 -104 120 ) (0 -104 120 ) 
4 339 411 (0 -104 0 ) (0 -112 0 ) (0 -112 200 ) (0 -104 200 ) 
4 339 340 (0 -112 0 ) (184 -112 0 ) (184 -112 200 ) (0 -112 200 ) 
4 340 420 (0 -280 0 ) (0 -792 0 ) (0 -792 760 ) (0 -280 760 ) 
4 340 411 (0 -112 0 ) (0 -280 0 ) (0 -280 360 ) (0 -112 360 ) 
4 340 408 (0 -280 360 ) (0 -280 456 ) (0 -112 456 ) (0 -112 360 ) 
4 340 407 (0 -280 456 ) (0 -280 760 ) (0 -112 760 ) (0 -112 456 ) 
4 340 341 (0 -792 0 ) (0 -280 0 ) (184 -280 0 ) (184 -792 0 ) 
4 341 420 (0 -280 -8 ) (0 -792 -8 ) (0 -792 0 ) (0 -280 0 ) 
4 342 421 (-1024 0 760 ) (-1024 0 464 ) (-1024 -80 464 ) (-1024 -80 760 ) 
4 342 400 (0 -80 464 ) (0 -80 760 ) (-1024 -80 760 ) (-1024 -80 464 ) 
4 343 365 (-240 -72 216 ) (-240 -72 218 ) (-640 -72 218 ) (-640 -72 216 ) 
4 343 364 (0 -72 216 ) (0 -72 218 ) (-216 -72 218 ) (-216 -72 216 ) 
4 343 348 (0 -72 218 ) (0 -72 342 ) (-216 -72 342 ) (-216 -72 218 ) 
4 343 349 (-240 -72 342 ) (-640 -72 342 ) (-640 -72 218 ) (-240 -72 218 ) 
4 343 346 (-240 -72 344 ) (-640 -72 344 ) (-640 -72 342 ) (-240 -72 342 ) 
4 343 345 (0 -72 342 ) (0 -72 344 ) (-216 -72 344 ) (-216 -72 342 ) 
4 344 422 (-1024 0 440 ) (-1024 0 192 ) (-1024 -72 192 ) (-1024 -72 440 ) 
4 344 367 (-1024 -72 192 ) (-1024 0 192 ) (-932 0 192 ) (-932 -72 192 ) 
4 344 366 (-664 -72 216 ) (-664 -72 218 ) (-1024 -72 218 ) (-1024 -72 216 ) 
4 344 350 (-664 -72 342 ) (-1024 -72 342 ) (-1024 -72 218 ) (-664 -72 218 ) 
4 344 347 (-664 -72 344 ) (-1024 -72 344 ) (-1024 -72 342 ) (-664 -72 342 ) 
4 345 401 (0 -80 342 ) (0 -80 344 ) (-216 -80 344 ) (-216 -80 342 ) 
4 345 361 (0 -80 342 ) (-216 -80 342 ) (-216 -78 342 ) (0 -78 342 ) 
4 345 351 (-18 -74 342 ) (-16 -74 342 ) (-16 -78 342 ) (-18 -78 342 ) 
4 345 352 (-118 -74 342 ) (-116 -74 342 ) (-116 -78 342 ) (-118 -78 342 ) 
4 345 348 (-216 -74 342 ) (-216 -72 342 ) (0 -72 342 ) (0 -74 342 ) 
4 346 403 (-240 -80 344 ) (-640 -80 344 ) (-640 -80 342 ) (-240 -80 342 ) 
4 346 362 (-240 -80 342 ) (-640 -80 342 ) (-640 -78 342 ) (-240 -78 342 ) 
4 346 356 (-542 -74 342 ) (-540 -74 342 ) (-540 -78 342 ) (-542 -78 342 ) 
4 346 354 (-342 -74 342 ) (-340 -74 342 ) (-340 -78 342 ) (-342 -78 342 ) 
4 346 355 (-442 -74 342 ) (-440 -74 342 ) (-440 -78 342 ) (-442 -78 342 ) 
4 346 353 (-242 -74 342 ) (-240 -74 342 ) (-240 -78 342 ) (-242 -78 342 ) 
4 346 349 (-640 -74 342 ) (-640 -72 342 ) (-240 -72 342 ) (-240 -74 342 ) 
4 347 423 (-1024 -80 342 ) (-1024 -80 344 ) (-1024 -72 344 ) (-1024 -72 342 ) 
4 347 405 (-664 -80 344 ) (-1024 -80 344 ) (-1024 -80 342 ) (-664 -80 342 ) 
4 347 363 (-664 -80 342 ) (-1024 -80 342 ) (-1024 -78 342 ) (-664 -78 342 ) 
4 347 359 (-866 -74 342 ) (-864 -74 342 ) (-864 -78 342 ) (-866 -78 342 ) 
4 347 360 (-966 -74 342 ) (-964 -74 342 ) (-964 -78 342 ) (-966 -78 342 ) 
4 347 358 (-766 -74 342 ) (-764 -74 342 ) (-764 -78 342 ) (-766 -78 342 ) 
4 347 357 (-666 -74 342 ) (-664 -74 342 ) (-664 -78 342 ) (-666 -78 342 ) 
4 347 350 (-1024 -74 342 ) (-1024 -72 342 ) (-664 -72 342 ) (-664 -74 342 ) 
4 348 364 (-216 -72 218 ) (0 -72 218 ) (0 -74 218 ) (-216 -74 218 ) 
4 348 351 (-18 -74 218 ) (-16 -74 218 ) (-16 -74 342 ) (-18 -74 342 ) 
4 348 352 (-118 -74 218 ) (-116 -74 218 ) (-116 -74 342 ) (-118 -74 342 ) 
4 349 365 (-640 -72 218 ) (-240 -72 218 ) (-240 -74 218 ) (-640 -74 218 ) 
4 349 356 (-542 -74 218 ) (-540 -74 218 ) (-540 -74 342 ) (-542 -74 342 ) 
4 349 354 (-342 -74 218 ) (-340 -74 218 ) (-340 -74 342 ) (-342 -74 342 ) 
4 349 355 (-442 -74 218 ) (-440 -74 218 ) (-440 -74 342 ) (-442 -74 342 ) 
4 349 353 (-242 -74 218 ) (-240 -74 218 ) (-240 -74 342 ) (-242 -74 342 ) 
4 350 424 (-1024 -74 342 ) (-1024 -72 342 ) (-1024 -72 218 ) (-1024 -74 218 ) 
4 350 366 (-1024 -74 218 ) (-1024 -72 218 ) (-664 -72 218 ) (-664 -74 218 ) 
4 350 359 (-866 -74 218 ) (-864 -74 218 ) (-864 -74 342 ) (-866 -74 342 ) 
4 350 360 (-966 -74 218 ) (-964 -74 218 ) (-964 -74 342 ) (-966 -74 342 ) 
4 350 358 (-766 -74 218 ) (-764 -74 218 ) (-764 -74 342 ) (-766 -74 342 ) 
4 350 357 (-666 -74 218 ) (-664 -74 218 ) (-664 -74 342 ) (-666 -74 342 ) 
4 351 364 (-18 -74 218 ) (-16 -74 218 ) (-16 -78 218 ) (-18 -78 218 ) 
4 351 361 (-18 -78 218 ) (-16 -78 218 ) (-16 -78 342 ) (-18 -78 342 ) 
4 352 364 (-118 -74 218 ) (-116 -74 218 ) (-116 -78 218 ) (-118 -78 218 ) 
4 352 361 (-118 -78 218 ) (-116 -78 218 ) (-116 -78 342 ) (-118 -78 342 ) 
4 353 365 (-242 -74 218 ) (-240 -74 218 ) (-240 -78 218 ) (-242 -78 218 ) 
4 353 362 (-242 -78 218 ) (-240 -78 218 ) (-240 -78 342 ) (-242 -78 342 ) 
4 354 365 (-342 -74 218 ) (-340 -74 218 ) (-340 -78 218 ) (-342 -78 218 ) 
4 354 362 (-342 -78 218 ) (-340 -78 218 ) (-340 -78 342 ) (-342 -78 342 ) 
4 355 365 (-442 -74 218 ) (-440 -74 218 ) (-440 -78 218 ) (-442 -78 218 ) 
4 355 362 (-442 -78 218 ) (-440 -78 218 ) (-440 -78 342 ) (-442 -78 342 ) 
4 356 365 (-542 -74 218 ) (-540 -74 218 ) (-540 -78 218 ) (-542 -78 218 ) 
4 356 362 (-542 -78 218 ) (-540 -78 218 ) (-540 -78 342 ) (-542 -78 342 ) 
4 357 366 (-666 -74 218 ) (-664 -74 218 ) (-664 -78 218 ) (-666 -78 218 ) 
4 357 363 (-666 -78 218 ) (-664 -78 218 ) (-664 -78 342 ) (-666 -78 342 ) 
4 358 366 (-766 -74 218 ) (-764 -74 218 ) (-764 -78 218 ) (-766 -78 218 ) 
4 358 363 (-766 -78 218 ) (-764 -78 218 ) (-764 -78 342 ) (-766 -78 342 ) 
4 359 366 (-866 -74 218 ) (-864 -74 218 ) (-864 -78 218 ) (-866 -78 218 ) 
4 359 363 (-866 -78 218 ) (-864 -78 218 ) (-864 -78 342 ) (-866 -78 342 ) 
4 360 366 (-966 -74 218 ) (-964 -74 218 ) (-964 -78 218 ) (-966 -78 218 ) 
4 360 363 (-966 -78 218 ) (-964 -78 218 ) (-964 -78 342 ) (-966 -78 342 ) 
4 361 401 (0 -80 218 ) (0 -80 342 ) (-216 -80 342 ) (-216 -80 218 ) 
4 361 364 (0 -80 218 ) (-216 -80 218 ) (-216 -78 218 ) (0 -78 218 ) 
4 362 403 (-240 -80 342 ) (-640 -80 342 ) (-640 -80 218 ) (-240 -80 218 ) 
4 362 365 (-240 -80 218 ) (-640 -80 218 ) (-640 -78 218 ) (-240 -78 218 ) 
4 363 426 (-1024 -80 218 ) (-1024 -80 342 ) (-1024 -78 342 ) (-1024 -78 218 ) 
4 363 405 (-664 -80 342 ) (-1024 -80 342 ) (-1024 -80 218 ) (-664 -80 218 ) 
4 363 366 (-664 -80 218 ) (-1024 -80 218 ) (-1024 -78 218 ) (-664 -78 218 ) 
4 364 401 (0 -80 216 ) (0 -80 218 ) (-216 -80 218 ) (-216 -80 216 ) 
4 365 403 (-240 -80 218 ) (-640 -80 218 ) (-640 -80 216 ) (-240 -80 216 ) 
4 366 425 (-1024 -78 218 ) (-1024 -74 218 ) (-1024 -74 216 ) (-1024 -78 216 ) 
4 366 424 (-1024 -74 218 ) (-1024 -72 218 ) (-1024 -72 216 ) (-1024 -74 216 ) 
4 366 426 (-1024 -80 216 ) (-1024 -80 218 ) (-1024 -78 218 ) (-1024 -78 216 ) 
4 366 405 (-664 -80 218 ) (-1024 -80 218 ) (-1024 -80 216 ) (-664 -80 216 ) 
4 367 422 (-1024 0 192 ) (-1024 0 176 ) (-1024 -72 176 ) (-1024 -72 192 ) 
4 367 390 (-1024 -72 176 ) (-1024 0 176 ) (-932 0 176 ) (-932 -72 176 ) 
4 368 376 (-216 -48 176 ) (-216 0 176 ) (-216 0 150 ) (-216 -48 150 ) 
4 368 370 (-216 -72 150 ) (-216 0 150 ) (0 0 150 ) (0 -72 150 ) 
4 368 369 (-216 -72 152 ) (-216 -72 150 ) (0 -72 150 ) (0 -72 152 ) 
4 369 402 (0 -80 150 ) (0 -80 152 ) (-216 -80 152 ) (-216 -80 150 ) 
4 369 371 (-18 -74 150 ) (-16 -74 150 ) (-16 -78 150 ) (-18 -78 150 ) 
4 369 372 (-118 -74 150 ) (-116 -74 150 ) (-116 -78 150 ) (-118 -78 150 ) 
4 369 370 (-216 -74 150 ) (-216 -72 150 ) (0 -72 150 ) (0 -74 150 ) 
4 369 373 (0 -80 150 ) (-216 -80 150 ) (-216 -78 150 ) (0 -78 150 ) 
4 370 376 (-216 -48 150 ) (-216 0 150 ) (-216 0 26 ) (-216 -48 26 ) 
4 370 375 (-216 -74 26 ) (-216 -72 26 ) (0 -72 26 ) (0 -74 26 ) 
4 370 374 (-216 -72 26 ) (-216 0 26 ) (0 0 26 ) (0 -72 26 ) 
4 370 371 (-18 -74 26 ) (-16 -74 26 ) (-16 -74 150 ) (-18 -74 150 ) 
4 370 372 (-118 -74 26 ) (-116 -74 26 ) (-116 -74 150 ) (-118 -74 150 ) 
4 371 375 (-18 -74 26 ) (-16 -74 26 ) (-16 -78 26 ) (-18 -78 26 ) 
4 371 373 (-18 -78 26 ) (-16 -78 26 ) (-16 -78 150 ) (-18 -78 150 ) 
4 372 375 (-118 -74 26 ) (-116 -74 26 ) (-116 -78 26 ) (-118 -78 26 ) 
4 372 373 (-118 -78 26 ) (-116 -78 26 ) (-116 -78 150 ) (-118 -78 150 ) 
4 373 402 (0 -80 26 ) (0 -80 150 ) (-216 -80 150 ) (-216 -80 26 ) 
4 373 375 (0 -80 26 ) (-216 -80 26 ) (-216 -78 26 ) (0 -78 26 ) 
4 374 376 (-216 0 0 ) (-216 -48 0 ) (-216 -48 26 ) (-216 0 26 ) 
4 374 375 (0 -72 26 ) (-216 -72 26 ) (-216 -72 24 ) (0 -72 24 ) 
4 375 402 (0 -80 24 ) (0 -80 26 ) (-216 -80 26 ) (-216 -80 24 ) 
4 377 379 (-640 -72 150 ) (-640 0 150 ) (-240 0 150 ) (-240 -72 150 ) 
4 377 378 (-640 -72 152 ) (-640 -72 150 ) (-240 -72 150 ) (-240 -72 152 ) 
4 378 404 (-640 -80 152 ) (-640 -80 150 ) (-240 -80 150 ) (-240 -80 152 ) 
4 378 383 (-542 -74 150 ) (-540 -74 150 ) (-540 -78 150 ) (-542 -78 150 ) 
4 378 381 (-342 -74 150 ) (-340 -74 150 ) (-340 -78 150 ) (-342 -78 150 ) 
4 378 382 (-442 -74 150 ) (-440 -74 150 ) (-440 -78 150 ) (-442 -78 150 ) 
4 378 380 (-242 -74 150 ) (-240 -74 150 ) (-240 -78 150 ) (-242 -78 150 ) 
4 378 379 (-640 -74 150 ) (-640 -72 150 ) (-240 -72 150 ) (-240 -74 150 ) 
4 378 384 (-640 -80 150 ) (-640 -78 150 ) (-240 -78 150 ) (-240 -80 150 ) 
4 379 387 (-640 0 112 ) (-640 0 26 ) (-640 -28 26 ) (-640 -28 112 ) 
4 379 386 (-640 -74 26 ) (-640 -72 26 ) (-240 -72 26 ) (-240 -74 26 ) 
4 379 385 (-640 -72 26 ) (-640 0 26 ) (-240 0 26 ) (-240 -72 26 ) 
4 379 383 (-542 -74 26 ) (-540 -74 26 ) (-540 -74 150 ) (-542 -74 150 ) 
4 379 381 (-342 -74 26 ) (-340 -74 26 ) (-340 -74 150 ) (-342 -74 150 ) 
4 379 382 (-442 -74 26 ) (-440 -74 26 ) (-440 -74 150 ) (-442 -74 150 ) 
4 379 380 (-242 -74 26 ) (-240 -74 26 ) (-240 -74 150 ) (-242 -74 150 ) 
4 380 386 (-242 -74 26 ) (-240 -74 26 ) (-240 -78 26 ) (-242 -78 26 ) 
4 380 384 (-242 -78 26 ) (-240 -78 26 ) (-240 -78 150 ) (-242 -78 150 ) 
4 381 386 (-342 -74 26 ) (-340 -74 26 ) (-340 -78 26 ) (-342 -78 26 ) 
4 381 384 (-342 -78 26 ) (-340 -78 26 ) (-340 -78 150 ) (-342 -78 150 ) 
4 382 386 (-442 -74 26 ) (-440 -74 26 ) (-440 -78 26 ) (-442 -78 26 ) 
4 382 384 (-442 -78 26 ) (-440 -78 26 ) (-440 -78 150 ) (-442 -78 150 ) 
4 383 386 (-542 -74 26 ) (-540 -74 26 ) (-540 -78 26 ) (-542 -78 26 ) 
4 383 384 (-542 -78 26 ) (-540 -78 26 ) (-540 -78 150 ) (-542 -78 150 ) 
4 384 404 (-640 -80 150 ) (-640 -80 26 ) (-240 -80 26 ) (-240 -80 150 ) 
4 384 386 (-640 -80 26 ) (-640 -78 26 ) (-240 -78 26 ) (-240 -80 26 ) 
4 385 387 (-640 0 0 ) (-640 -28 0 ) (-640 -28 26 ) (-640 0 26 ) 
4 385 386 (-240 -72 24 ) (-240 -72 26 ) (-640 -72 26 ) (-640 -72 24 ) 
4 386 404 (-640 -80 26 ) (-640 -80 24 ) (-240 -80 24 ) (-240 -80 26 ) 
4 387 388 (-648 0 0 ) (-648 -28 0 ) (-648 -28 112 ) (-648 0 112 ) 
4 388 398 (-664 0 0 ) (-664 -28 0 ) (-664 -28 26 ) (-664 0 26 ) 
4 388 392 (-664 -28 26 ) (-664 -28 150 ) (-664 0 150 ) (-664 0 26 ) 
4 388 390 (-664 -28 150 ) (-664 -28 176 ) (-664 0 176 ) (-664 0 150 ) 
4 388 389 (-664 -28 176 ) (-664 -28 0 ) (-648 -28 0 ) (-648 -28 176 ) 
4 389 398 (-664 -28 0 ) (-664 -48 0 ) (-664 -48 26 ) (-664 -28 26 ) 
4 389 392 (-664 -48 26 ) (-664 -48 150 ) (-664 -28 150 ) (-664 -28 26 ) 
4 389 390 (-664 -48 150 ) (-664 -48 176 ) (-664 -28 176 ) (-664 -28 150 ) 
4 390 422 (-1024 0 176 ) (-1024 0 150 ) (-1024 -72 150 ) (-1024 -72 176 ) 
4 390 392 (-1024 0 150 ) (-664 0 150 ) (-664 -72 150 ) (-1024 -72 150 ) 
4 390 391 (-1024 -72 150 ) (-664 -72 150 ) (-664 -72 152 ) (-1024 -72 152 ) 
4 391 427 (-1024 -72 150 ) (-1024 -80 150 ) (-1024 -80 152 ) (-1024 -72 152 ) 
4 391 406 (-1024 -80 152 ) (-1024 -80 150 ) (-664 -80 150 ) (-664 -80 152 ) 
4 391 396 (-964 -78 150 ) (-966 -78 150 ) (-966 -74 150 ) (-964 -74 150 ) 
4 391 394 (-764 -78 150 ) (-766 -78 150 ) (-766 -74 150 ) (-764 -74 150 ) 
4 391 395 (-864 -78 150 ) (-866 -78 150 ) (-866 -74 150 ) (-864 -74 150 ) 
4 391 393 (-664 -74 150 ) (-664 -78 150 ) (-666 -78 150 ) (-666 -74 150 ) 
4 391 392 (-664 -72 150 ) (-664 -74 150 ) (-1024 -74 150 ) (-1024 -72 150 ) 
4 391 397 (-664 -78 150 ) (-664 -80 150 ) (-1024 -80 150 ) (-1024 -78 150 ) 
4 392 428 (-1024 -72 26 ) (-1024 -74 26 ) (-1024 -74 150 ) (-1024 -72 150 ) 
4 392 422 (-1024 0 150 ) (-1024 0 26 ) (-1024 -72 26 ) (-1024 -72 150 ) 
4 392 399 (-664 -72 26 ) (-664 -74 26 ) (-1024 -74 26 ) (-1024 -72 26 ) 
4 392 398 (-664 0 26 ) (-664 -72 26 ) (-1024 -72 26 ) (-1024 0 26 ) 
4 392 396 (-966 -74 26 ) (-964 -74 26 ) (-964 -74 150 ) (-966 -74 150 ) 
4 392 394 (-766 -74 26 ) (-764 -74 26 ) (-764 -74 150 ) (-766 -74 150 ) 
4 392 395 (-866 -74 26 ) (-864 -74 26 ) (-864 -74 150 ) (-866 -74 150 ) 
4 392 393 (-666 -74 26 ) (-664 -74 26 ) (-664 -74 150 ) (-666 -74 150 ) 
4 393 399 (-664 -74 26 ) (-664 -78 26 ) (-666 -78 26 ) (-666 -74 26 ) 
4 393 397 (-666 -78 26 ) (-664 -78 26 ) (-664 -78 150 ) (-666 -78 150 ) 
4 394 399 (-764 -78 26 ) (-766 -78 26 ) (-766 -74 26 ) (-764 -74 26 ) 
4 394 397 (-766 -78 26 ) (-764 -78 26 ) (-764 -78 150 ) (-766 -78 150 ) 
4 395 399 (-864 -78 26 ) (-866 -78 26 ) (-866 -74 26 ) (-864 -74 26 ) 
4 395 397 (-866 -78 26 ) (-864 -78 26 ) (-864 -78 150 ) (-866 -78 150 ) 
4 396 399 (-964 -78 26 ) (-966 -78 26 ) (-966 -74 26 ) (-964 -74 26 ) 
4 396 397 (-966 -78 26 ) (-964 -78 26 ) (-964 -78 150 ) (-966 -78 150 ) 
4 397 430 (-1024 -78 26 ) (-1024 -80 26 ) (-1024 -80 150 ) (-1024 -78 150 ) 
4 397 406 (-1024 -80 150 ) (-1024 -80 26 ) (-664 -80 26 ) (-664 -80 150 ) 
4 397 399 (-664 -78 26 ) (-664 -80 26 ) (-1024 -80 26 ) (-1024 -78 26 ) 
4 398 422 (-1024 0 26 ) (-1024 0 0 ) (-1024 -72 0 ) (-1024 -72 26 ) 
4 398 399 (-664 -72 24 ) (-664 -72 26 ) (-1024 -72 26 ) (-1024 -72 24 ) 
4 399 429 (-1024 -78 26 ) (-1024 -74 26 ) (-1024 -74 24 ) (-1024 -78 24 ) 
4 399 428 (-1024 -74 26 ) (-1024 -72 26 ) (-1024 -72 24 ) (-1024 -74 24 ) 
4 399 430 (-1024 -80 24 ) (-1024 -80 26 ) (-1024 -78 26 ) (-1024 -78 24 ) 
4 399 406 (-1024 -80 26 ) (-1024 -80 24 ) (-664 -80 24 ) (-664 -80 26 ) 
4 400 431 (-1024 -80 760 ) (-1024 -80 456 ) (-1024 -96 456 ) (-1024 -96 760 ) 
4 400 407 (-1024 -96 760 ) (-1024 -96 456 ) (0 -96 456 ) (0 -96 760 ) 
4 401 409 (0 -96 200 ) (0 -96 360 ) (-216 -96 360 ) (-216 -96 200 ) 
4 402 410 (-216 -96 0 ) (0 -96 0 ) (0 -96 120 ) (-216 -96 120 ) 
4 403 413 (-240 -96 200 ) (-240 -96 360 ) (-640 -96 360 ) (-640 -96 200 ) 
4 404 414 (-640 -96 0 ) (-240 -96 0 ) (-240 -96 120 ) (-640 -96 120 ) 
4 405 432 (-1024 -80 360 ) (-1024 -80 192 ) (-1024 -96 192 ) (-1024 -96 360 ) 
4 405 417 (-1024 -96 360 ) (-1024 -96 200 ) (-664 -96 200 ) (-664 -96 360 ) 
4 406 433 (-1024 -80 152 ) (-1024 -80 0 ) (-1024 -96 0 ) (-1024 -96 152 ) 
4 406 418 (-1024 -96 120 ) (-1024 -96 0 ) (-664 -96 0 ) (-664 -96 120 ) 
4 407 438 (-1024 -280 456 ) (-1024 -280 760 ) (-1024 -112 760 ) (-1024 -112 456 ) 
4 407 434 (-1024 -112 760 ) (-1024 -96 760 ) (-1024 -96 456 ) (-1024 -112 456 ) 
4 407 420 (-1024 -280 760 ) (-1024 -280 456 ) (0 -280 456 ) (0 -280 760 ) 
4 407 408 (0 -280 456 ) (-1024 -280 456 ) (-1024 -112 456 ) (0 -112 456 ) 
4 408 438 (-1024 -280 360 ) (-1024 -280 456 ) (-1024 -112 456 ) (-1024 -112 360 ) 
4 408 420 (-1024 -280 456 ) (-1024 -280 360 ) (0 -280 360 ) (0 -280 456 ) 
4 408 419 (-664 -280 360 ) (-1024 -280 360 ) (-1024 -112 360 ) (-664 -112 360 ) 
4 408 416 (-640 -280 360 ) (-664 -280 360 ) (-664 -112 360 ) (-640 -112 360 ) 
4 408 415 (-240 -280 360 ) (-640 -280 360 ) (-640 -112 360 ) (-240 -112 360 ) 
4 408 412 (-216 -280 360 ) (-240 -280 360 ) (-240 -112 360 ) (-216 -112 360 ) 
4 408 411 (0 -280 360 ) (-216 -280 360 ) (-216 -112 360 ) (0 -112 360 ) 
4 409 411 (-216 -104 360 ) (-216 -104 200 ) (0 -104 200 ) (0 -104 360 ) 
4 410 411 (-216 -104 120 ) (-216 -104 0 ) (0 -104 0 ) (0 -104 120 ) 
4 411 420 (-216 -280 0 ) (0 -280 0 ) (0 -280 360 ) (-216 -280 360 ) 
4 411 412 (-216 -280 360 ) (-216 -112 360 ) (-216 -112 0 ) (-216 -280 0 ) 
4 412 420 (-240 -280 0 ) (-216 -280 0 ) (-216 -280 360 ) (-240 -280 360 ) 
4 412 415 (-240 -280 360 ) (-240 -112 360 ) (-240 -112 0 ) (-240 -280 0 ) 
4 413 415 (-640 -104 360 ) (-640 -104 200 ) (-240 -104 200 ) (-240 -104 360 ) 
4 414 415 (-640 -104 120 ) (-640 -104 0 ) (-240 -104 0 ) (-240 -104 120 ) 
4 415 420 (-640 -280 0 ) (-240 -280 0 ) (-240 -280 360 ) (-640 -280 360 ) 
4 415 416 (-640 -280 360 ) (-640 -112 360 ) (-640 -112 0 ) (-640 -280 0 ) 
4 416 420 (-664 -280 0 ) (-640 -280 0 ) (-640 -280 360 ) (-664 -280 360 ) 
4 416 419 (-664 -280 360 ) (-664 -112 360 ) (-664 -112 0 ) (-664 -280 0 ) 
4 417 435 (-1024 -104 360 ) (-1024 -96 360 ) (-1024 -96 200 ) (-1024 -104 200 ) 
4 417 419 (-664 -104 200 ) (-664 -104 360 ) (-1024 -104 360 ) (-1024 -104 200 ) 
4 418 436 (-1024 -96 120 ) (-1024 -96 0 ) (-1024 -104 0 ) (-1024 -104 120 ) 
4 418 419 (-1024 -104 0 ) (-664 -104 0 ) (-664 -104 120 ) (-1024 -104 120 ) 
4 419 438 (-1024 -280 0 ) (-1024 -280 360 ) (-1024 -112 360 ) (-1024 -112 0 ) 
4 419 437 (-1024 -104 200 ) (-1024 -104 0 ) (-1024 -112 0 ) (-1024 -112 200 ) 
4 419 435 (-1024 -112 360 ) (-1024 -104 360 ) (-1024 -104 200 ) (-1024 -112 200 ) 
4 419 420 (-1024 -280 360 ) (-1024 -280 0 ) (-664 -280 0 ) (-664 -280 360 ) 
4 420 447 (-1024 -792 -8 ) (-1024 -792 0 ) (-1024 -280 0 ) (-1024 -280 -8 ) 
4 420 438 (-1024 -792 0 ) (-1024 -792 760 ) (-1024 -280 760 ) (-1024 -280 0 ) 
4 421 439 (-1064 0 760 ) (-1064 0 464 ) (-1064 -80 464 ) (-1064 -80 760 ) 
4 421 431 (-1064 -80 760 ) (-1064 -80 464 ) (-1024 -80 464 ) (-1024 -80 760 ) 
4 422 428 (-1064 -72 150 ) (-1064 -72 24 ) (-1024 -72 24 ) (-1024 -72 150 ) 
4 422 427 (-1064 -72 152 ) (-1064 -72 150 ) (-1024 -72 150 ) (-1024 -72 152 ) 
4 422 424 (-1064 -72 342 ) (-1064 -72 216 ) (-1024 -72 216 ) (-1024 -72 342 ) 
4 422 423 (-1064 -72 344 ) (-1064 -72 342 ) (-1024 -72 342 ) (-1024 -72 344 ) 
4 423 432 (-1064 -80 344 ) (-1064 -80 342 ) (-1024 -80 342 ) (-1024 -80 344 ) 
4 423 424 (-1064 -74 342 ) (-1064 -72 342 ) (-1024 -72 342 ) (-1024 -74 342 ) 
4 423 426 (-1024 -80 342 ) (-1064 -80 342 ) (-1064 -78 342 ) (-1024 -78 342 ) 
4 424 425 (-1064 -74 216 ) (-1024 -74 216 ) (-1024 -74 218 ) (-1064 -74 218 ) 
4 425 426 (-1064 -78 216 ) (-1024 -78 216 ) (-1024 -78 218 ) (-1064 -78 218 ) 
4 426 432 (-1064 -80 342 ) (-1064 -80 216 ) (-1024 -80 216 ) (-1024 -80 342 ) 
4 427 433 (-1064 -80 152 ) (-1064 -80 150 ) (-1024 -80 150 ) (-1024 -80 152 ) 
4 427 428 (-1064 -74 150 ) (-1064 -72 150 ) (-1024 -72 150 ) (-1024 -74 150 ) 
4 427 430 (-1024 -80 150 ) (-1064 -80 150 ) (-1064 -78 150 ) (-1024 -78 150 ) 
4 428 429 (-1064 -74 24 ) (-1024 -74 24 ) (-1024 -74 26 ) (-1064 -74 26 ) 
4 429 430 (-1064 -78 24 ) (-1024 -78 24 ) (-1024 -78 26 ) (-1064 -78 26 ) 
4 430 433 (-1064 -80 150 ) (-1064 -80 24 ) (-1024 -80 24 ) (-1024 -80 150 ) 
4 431 439 (-1064 -96 464 ) (-1064 -96 760 ) (-1064 -80 760 ) (-1064 -80 464 ) 
4 431 434 (-1024 -96 760 ) (-1064 -96 760 ) (-1064 -96 456 ) (-1024 -96 456 ) 
4 432 435 (-1064 -96 360 ) (-1064 -96 200 ) (-1024 -96 200 ) (-1024 -96 360 ) 
4 433 436 (-1064 -96 120 ) (-1064 -96 0 ) (-1024 -96 0 ) (-1024 -96 120 ) 
4 434 439 (-1064 -112 464 ) (-1064 -112 760 ) (-1064 -96 760 ) (-1064 -96 464 ) 
4 434 438 (-1024 -112 760 ) (-1064 -112 760 ) (-1064 -112 456 ) (-1024 -112 456 ) 
4 435 438 (-1064 -112 360 ) (-1064 -112 200 ) (-1024 -112 200 ) (-1024 -112 360 ) 
4 435 437 (-1024 -112 200 ) (-1064 -112 200 ) (-1064 -104 200 ) (-1024 -104 200 ) 
4 436 437 (-1064 -104 120 ) (-1064 -104 0 ) (-1024 -104 0 ) (-1024 -104 120 ) 
4 437 438 (-1064 -112 200 ) (-1064 -112 0 ) (-1024 -112 0 ) (-1024 -112 200 ) 
4 438 447 (-1024 -280 0 ) (-1024 -792 0 ) (-1064 -792 0 ) (-1064 -280 0 ) 
4 438 446 (-1064 -443 0 ) (-1064 -792 0 ) (-1064 -792 760 ) (-1064 -443 760 ) 
4 438 441 (-1064 -112 0 ) (-1064 -443 0 ) (-1064 -443 760 ) (-1064 -112 760 ) 
4 439 441 (-1064 -112 464 ) (-1064 -112 760 ) (-1088 -112 760 ) (-1088 -112 464 ) 
4 439 440 (-1088 -112 464 ) (-1088 -112 760 ) (-1088 0 760 ) (-1088 0 464 ) 
4 440 448 (-2048 0 760 ) (-2048 0 0 ) (-2048 -112 0 ) (-2048 -112 760 ) 
4 440 442 (-1250 -112 0 ) (-1249 -112 0 ) (-1249 -112 760 ) (-1250 -112 760 ) 
4 440 445 (-2048 -112 0 ) (-1250 -112 0 ) (-1250 -112 760 ) (-2048 -112 760 ) 
4 440 441 (-1249 -112 0 ) (-1088 -112 0 ) (-1088 -112 760 ) (-1249 -112 760 ) 
4 441 447 (-1064 -280 0 ) (-1064 -443 0 ) (-1216 -443 0 ) (-1216 -280 0 ) 
4 441 446 (-1249 -443 0 ) (-1064 -443 0 ) (-1064 -443 760 ) (-1249 -443 760 ) 
4 441 443 (-1249 -443 142.296005 ) (-1249 -443 760 ) (-1249 -282 760 ) (-1249 -282 142.296005 ) 
4 441 444 (-1249 -282 0 ) (-1249 -443 0 ) (-1249 -443 2.296090 ) (-1249 -282 2.296090 ) 
4 441 442 (-1249 -112 760 ) (-1249 -112 0 ) (-1249 -282 0 ) (-1249 -282 760 ) 
4 442 443 (-1250 -282 760 ) (-1250 -282 142.296005 ) (-1249 -282 142.296005 ) (-1249 -282 760 ) 
4 442 444 (-1250 -282 2.296090 ) (-1250 -282 0 ) (-1249 -282 0 ) (-1249 -282 2.296090 ) 
4 442 445 (-1250 -112 760 ) (-1250 -112 0 ) (-1250 -282 0 ) (-1250 -282 760 ) 
4 443 446 (-1249 -443 142.296005 ) (-1249 -443 760 ) (-1250 -443 760 ) (-1250 -443 142.296005 ) 
4 443 445 (-1250 -443 142.296005 ) (-1250 -443 760 ) (-1250 -282 760 ) (-1250 -282 142.296005 ) 
4 444 446 (-1250 -443 0 ) (-1249 -443 0 ) (-1249 -443 2.296090 ) (-1250 -443 2.296090 ) 
4 444 445 (-1250 -282 0 ) (-1250 -443 0 ) (-1250 -443 2.296090 ) (-1250 -282 2.296090 ) 
4 445 448 (-2048 -112 0 ) (-2048 -443 0 ) (-2048 -443 760 ) (-2048 -112 760 ) 
4 445 446 (-2048 -443 0 ) (-1250 -443 0 ) (-1250 -443 760 ) (-2048 -443 760 ) 
4 446 448 (-2048 -443 0 ) (-2048 -792 0 ) (-2048 -792 760 ) (-2048 -443 760 ) 
4 446 447 (-1064 -443 0 ) (-1064 -792 0 ) (-1216 -792 0 ) (-1216 -443 0 ) 
