PRT1
357
942
4 0 2 (1835 1024 0 ) (1835 1024 760 ) (1024 1024 760 ) (1024 1024 0 ) 
4 0 1 (1024 1024 0 ) (1024 1024 760 ) (1024 1568 760 ) (1024 1568 0 ) 
4 1 95 (0 1024 0 ) (0 1024 456 ) (0 1472 456 ) (0 1472 0 ) 
4 1 94 (0 1024 456 ) (0 1024 760 ) (0 1472 760 ) (0 1472 456 ) 
4 1 93 (0 1484 456 ) (0 1484 0 ) (0 1472 0 ) (0 1472 456 ) 
4 1 91 (0 1472 760 ) (0 1484 760 ) (0 1484 456 ) (0 1472 456 ) 
4 1 90 (0 1484 760 ) (0 1568 760 ) (0 1568 0 ) (0 1484 0 ) 
4 1 78 (0 1024 26 ) (0 1024 0 ) (184 1024 0 ) (184 1024 26 ) 
4 1 70 (184 1024 172 ) (0 1024 172 ) (0 1024 26 ) (184 1024 26 ) 
4 1 68 (208 1024 172 ) (184 1024 172 ) (184 1024 0 ) (208 1024 0 ) 
4 1 61 (568 1024 172 ) (208 1024 172 ) (208 1024 0 ) (568 1024 0 ) 
4 1 58 (576 1024 172 ) (568 1024 172 ) (568 1024 0 ) (576 1024 0 ) 
4 1 53 (696 1024 136 ) (688 1024 136 ) (688 1024 0 ) (696 1024 0 ) 
4 1 54 (688 1024 136 ) (576 1024 136 ) (576 1024 0 ) (688 1024 0 ) 
4 1 51 (880 1024 136 ) (872 1024 136 ) (872 1024 0 ) (880 1024 0 ) 
4 1 50 (1024 1024 0 ) (1024 1024 136 ) (880 1024 136 ) (880 1024 0 ) 
4 1 52 (872 1024 136 ) (696 1024 136 ) (696 1024 0 ) (872 1024 0 ) 
4 1 49 (1024 1024 136 ) (1024 1024 172 ) (576 1024 172 ) (576 1024 136 ) 
4 1 36 (0 1024 360 ) (0 1024 172 ) (184 1024 172 ) (184 1024 360 ) 
4 1 35 (0 1024 456 ) (0 1024 360 ) (184 1024 360 ) (184 1024 456 ) 
4 1 34 (184 1024 760 ) (0 1024 760 ) (0 1024 456 ) (184 1024 456 ) 
4 1 21 (184 1024 456 ) (184 1024 172 ) (208 1024 172 ) (208 1024 456 ) 
4 1 12 (208 1024 172 ) (568 1024 172 ) (568 1024 456 ) (208 1024 456 ) 
4 1 11 (184 1024 464 ) (184 1024 456 ) (208 1024 456 ) (208 1024 464 ) 
4 1 9 (208 1024 456 ) (568 1024 456 ) (568 1024 464 ) (208 1024 464 ) 
4 1 8 (568 1024 760 ) (184 1024 760 ) (184 1024 464 ) (568 1024 464 ) 
4 1 5 (568 1024 464 ) (568 1024 172 ) (576 1024 172 ) (576 1024 464 ) 
4 1 4 (576 1024 760 ) (568 1024 760 ) (568 1024 464 ) (576 1024 464 ) 
4 1 3 (1024 1024 172 ) (1024 1024 760 ) (576 1024 760 ) (576 1024 172 ) 
4 2 225 (1835 0 0 ) (1835 0 760 ) (1024 0 760 ) (1024 0 0 ) 
4 2 56 (1024 384 0 ) (1024 0 0 ) (1024 0 136 ) (1024 384 136 ) 
4 2 50 (1024 1024 136 ) (1024 1024 0 ) (1024 384 0 ) (1024 384 136 ) 
4 2 49 (1024 1024 172 ) (1024 1024 136 ) (1024 0 136 ) (1024 0 172 ) 
4 2 3 (1024 1024 760 ) (1024 1024 172 ) (1024 0 172 ) (1024 0 760 ) 
4 3 226 (1024 0 172 ) (1024 0 760 ) (576 0 760 ) (576 0 172 ) 
4 3 49 (1024 0 172 ) (576 0 172 ) (576 1024 172 ) (1024 1024 172 ) 
4 3 7 (576 8 172 ) (576 0 172 ) (576 0 464 ) (576 8 464 ) 
4 3 6 (576 536 232 ) (576 536 320 ) (576 880 320 ) (576 880 232 ) 
4 3 5 (576 1024 172 ) (576 888 172 ) (576 888 464 ) (576 1024 464 ) 
4 3 4 (576 0 464 ) (576 0 760 ) (576 1024 760 ) (576 1024 464 ) 
4 4 226 (568 0 760 ) (568 0 464 ) (576 0 464 ) (576 0 760 ) 
4 4 8 (568 1024 760 ) (568 1024 464 ) (568 0 464 ) (568 0 760 ) 
4 4 7 (568 0 464 ) (568 8 464 ) (576 8 464 ) (576 0 464 ) 
4 4 5 (568 888 464 ) (568 1024 464 ) (576 1024 464 ) (576 888 464 ) 
4 5 58 (568 888 172 ) (568 1024 172 ) (576 1024 172 ) (576 888 172 ) 
4 5 12 (568 1024 456 ) (568 1024 172 ) (568 888 172 ) (568 888 456 ) 
4 5 9 (568 1024 464 ) (568 1024 456 ) (568 888 456 ) (568 888 464 ) 
4 6 22 (568 536 232 ) (568 536 320 ) (568 568 320 ) (568 568 232 ) 
4 6 19 (568 568 320 ) (568 576 320 ) (568 576 232 ) (568 568 232 ) 
4 6 14 (568 576 320 ) (568 880 320 ) (568 880 232 ) (568 576 232 ) 
4 7 226 (568 0 464 ) (568 0 172 ) (576 0 172 ) (576 0 464 ) 
4 7 60 (576 0 172 ) (568 0 172 ) (568 8 172 ) (576 8 172 ) 
4 7 25 (568 8 172 ) (568 0 172 ) (568 0 456 ) (568 8 456 ) 
4 7 10 (568 0 456 ) (568 0 464 ) (568 8 464 ) (568 8 456 ) 
4 8 227 (184 0 760 ) (184 0 464 ) (208 0 464 ) (208 0 760 ) 
4 8 226 (208 0 464 ) (568 0 464 ) (568 0 760 ) (208 0 760 ) 
4 8 39 (184 0 464 ) (184 0 760 ) (184 856 760 ) (184 856 464 ) 
4 8 34 (184 856 760 ) (184 1024 760 ) (184 1024 464 ) (184 856 464 ) 
4 8 11 (184 888 464 ) (184 1024 464 ) (208 1024 464 ) (208 888 464 ) 
4 8 10 (568 8 464 ) (568 0 464 ) (208 0 464 ) (208 8 464 ) 
4 8 9 (208 1024 464 ) (568 1024 464 ) (568 888 464 ) (208 888 464 ) 
4 9 12 (208 1024 456 ) (568 1024 456 ) (568 888 456 ) (208 888 456 ) 
4 9 11 (208 1024 456 ) (208 888 456 ) (208 888 464 ) (208 1024 464 ) 
4 10 226 (208 0 456 ) (568 0 456 ) (568 0 464 ) (208 0 464 ) 
4 10 31 (336 0 456 ) (208 0 456 ) (208 8 456 ) (336 8 456 ) 
4 10 26 (344 0 456 ) (336 0 456 ) (336 8 456 ) (344 8 456 ) 
4 10 25 (568 8 456 ) (568 0 456 ) (344 0 456 ) (344 8 456 ) 
4 11 34 (184 888 464 ) (184 1024 464 ) (184 1024 456 ) (184 888 456 ) 
4 11 21 (184 888 456 ) (184 1024 456 ) (208 1024 456 ) (208 888 456 ) 
4 12 61 (208 1024 172 ) (568 1024 172 ) (568 888 172 ) (208 888 172 ) 
4 12 21 (208 1024 172 ) (208 888 172 ) (208 888 456 ) (208 1024 456 ) 
4 12 13 (208 888 320 ) (208 888 232 ) (568 888 232 ) (568 888 320 ) 
4 13 16 (208 880 320 ) (208 880 232 ) (360 880 232 ) (360 880 320 ) 
4 13 15 (360 880 232 ) (416 880 232 ) (416 880 320 ) (360 880 320 ) 
4 13 14 (416 880 232 ) (568 880 232 ) (568 880 320 ) (416 880 320 ) 
4 14 63 (568 756 172 ) (568 576 172 ) (416 576 172 ) (416 756 172 ) 
4 14 62 (568 880 172 ) (568 756 172 ) (416 756 172 ) (416 880 172 ) 
4 14 19 (416 576 172 ) (568 576 172 ) (568 576 456 ) (416 576 456 ) 
4 14 15 (416 880 456 ) (416 880 172 ) (416 756 172 ) (416 756 456 ) 
4 15 62 (360 756 172 ) (360 880 172 ) (416 880 172 ) (416 756 172 ) 
4 15 16 (360 880 456 ) (360 880 172 ) (360 756 172 ) (360 756 456 ) 
4 16 64 (208 612 172 ) (208 756 172 ) (360 756 172 ) (360 612 172 ) 
4 16 62 (208 756 172 ) (208 880 172 ) (360 880 172 ) (360 756 172 ) 
4 16 17 (208 612 456 ) (208 612 192 ) (360 612 192 ) (360 612 456 ) 
4 16 18 (208 612 184 ) (208 612 172 ) (360 612 172 ) (360 612 184 ) 
4 17 20 (220 576 192 ) (348 576 192 ) (348 576 304 ) (220 576 304 ) 
4 18 64 (360 576 172 ) (208 576 172 ) (208 612 172 ) (360 612 172 ) 
4 19 65 (568 576 172 ) (568 568 172 ) (416 568 172 ) (416 576 172 ) 
4 19 22 (568 568 172 ) (568 568 456 ) (416 568 456 ) (416 568 172 ) 
4 20 27 (220 568 304 ) (220 568 192 ) (336 568 192 ) (336 568 304 ) 
4 20 23 (336 568 192 ) (348 568 192 ) (348 568 304 ) (336 568 304 ) 
4 21 68 (184 888 172 ) (184 1024 172 ) (208 1024 172 ) (208 888 172 ) 
4 21 36 (184 1024 172 ) (184 888 172 ) (184 888 360 ) (184 1024 360 ) 
4 21 35 (184 888 360 ) (184 888 456 ) (184 1024 456 ) (184 1024 360 ) 
4 22 66 (416 568 172 ) (568 568 172 ) (568 288 172 ) (416 288 172 ) 
4 23 27 (336 568 456 ) (336 568 192 ) (336 288 192 ) (336 288 456 ) 
4 24 82 (344 8 172 ) (344 280 172 ) (568 280 172 ) (568 8 172 ) 
4 24 25 (344 8 176 ) (344 8 172 ) (568 8 172 ) (568 8 176 ) 
4 25 226 (344 0 172 ) (568 0 172 ) (568 0 456 ) (344 0 456 ) 
4 25 82 (568 0 172 ) (344 0 172 ) (344 8 172 ) (568 8 172 ) 
4 25 26 (344 8 172 ) (344 0 172 ) (344 0 456 ) (344 8 456 ) 
4 26 226 (336 0 172 ) (344 0 172 ) (344 0 456 ) (336 0 456 ) 
4 26 84 (344 0 172 ) (336 0 172 ) (336 8 172 ) (344 8 172 ) 
4 26 31 (336 8 172 ) (336 0 172 ) (336 0 456 ) (336 8 456 ) 
4 27 32 (200 448 192 ) (200 322 192 ) (200 322 304 ) (200 448 304 ) 
4 28 69 (200 288 172 ) (200 568 172 ) (208 568 172 ) (208 288 172 ) 
4 28 67 (208 568 172 ) (336 568 172 ) (336 288 172 ) (208 288 172 ) 
4 28 33 (200 568 176 ) (200 568 172 ) (200 288 172 ) (200 288 176 ) 
4 28 29 (200 288 176 ) (200 288 172 ) (336 288 172 ) (336 288 176 ) 
4 29 88 (200 216 172 ) (200 288 172 ) (208 288 172 ) (208 216 172 ) 
4 29 85 (208 288 172 ) (336 288 172 ) (336 216 172 ) (208 216 172 ) 
4 29 33 (200 288 172 ) (200 216 172 ) (200 216 176 ) (200 288 176 ) 
4 29 30 (208 216 172 ) (336 216 172 ) (336 216 176 ) (208 216 176 ) 
4 30 85 (208 16 172 ) (208 216 172 ) (336 216 172 ) (336 16 172 ) 
4 31 226 (208 0 172 ) (336 0 172 ) (336 0 456 ) (208 0 456 ) 
4 31 87 (336 0 172 ) (208 0 172 ) (208 8 172 ) (336 8 172 ) 
4 32 47 (184 448 218 ) (184 448 192 ) (184 322 192 ) (184 322 218 ) 
4 32 45 (184 448 304 ) (184 448 218 ) (184 322 218 ) (184 322 304 ) 
4 33 88 (184 216 172 ) (184 288 172 ) (200 288 172 ) (200 216 172 ) 
4 33 69 (184 288 172 ) (184 568 172 ) (200 568 172 ) (200 288 172 ) 
4 33 48 (184 568 172 ) (184 216 172 ) (184 216 176 ) (184 568 176 ) 
4 34 103 (0 888 456 ) (0 856 456 ) (0 856 760 ) (0 888 760 ) 
4 34 99 (0 1024 760 ) (0 1024 456 ) (0 888 456 ) (0 888 760 ) 
4 34 39 (0 856 760 ) (0 856 464 ) (184 856 464 ) (184 856 760 ) 
4 34 35 (0 888 456 ) (0 1024 456 ) (184 1024 456 ) (184 888 456 ) 
4 35 100 (0 1024 456 ) (0 1024 360 ) (0 888 360 ) (0 888 456 ) 
4 35 36 (0 888 360 ) (0 1024 360 ) (184 1024 360 ) (184 888 360 ) 
4 36 104 (0 888 172 ) (0 880 172 ) (0 880 360 ) (0 888 360 ) 
4 36 100 (0 1024 360 ) (0 1024 172 ) (0 888 172 ) (0 888 360 ) 
4 36 70 (0 880 172 ) (0 1024 172 ) (184 1024 172 ) (184 880 172 ) 
4 36 37 (184 880 200 ) (184 880 360 ) (0 880 360 ) (0 880 200 ) 
4 37 105 (0 872 200 ) (0 872 360 ) (0 880 360 ) (0 880 200 ) 
4 37 38 (184 872 200 ) (184 872 360 ) (0 872 360 ) (0 872 200 ) 
4 38 107 (0 856 192 ) (0 856 360 ) (0 872 360 ) (0 872 192 ) 
4 38 46 (0 856 218 ) (0 856 216 ) (184 856 216 ) (184 856 218 ) 
4 38 42 (0 856 342 ) (0 856 218 ) (184 856 218 ) (184 856 342 ) 
4 38 40 (0 856 344 ) (0 856 342 ) (184 856 342 ) (184 856 344 ) 
4 39 229 (0 0 760 ) (0 0 464 ) (184 0 464 ) (184 0 760 ) 
4 39 115 (0 0 464 ) (0 0 760 ) (0 856 760 ) (0 856 464 ) 
4 40 118 (0 854 342 ) (0 850 342 ) (0 850 344 ) (0 854 344 ) 
4 40 117 (0 856 344 ) (0 856 342 ) (0 854 342 ) (0 854 344 ) 
4 40 121 (0 850 342 ) (0 848 342 ) (0 848 344 ) (0 850 344 ) 
4 40 44 (84 850 342 ) (82 850 342 ) (82 854 342 ) (84 854 342 ) 
4 40 43 (184 854 342 ) (184 850 342 ) (182 850 342 ) (182 854 342 ) 
4 40 42 (0 856 342 ) (184 856 342 ) (184 854 342 ) (0 854 342 ) 
4 40 45 (184 850 342 ) (184 848 342 ) (0 848 342 ) (0 850 342 ) 
4 40 41 (0 848 342 ) (184 848 342 ) (184 848 344 ) (0 848 344 ) 
4 41 230 (0 0 440 ) (0 0 342 ) (184 0 342 ) (184 0 440 ) 
4 41 131 (0 0 342 ) (0 0 440 ) (0 848 440 ) (0 848 342 ) 
4 41 45 (184 848 342 ) (184 0 342 ) (0 0 342 ) (0 848 342 ) 
4 42 117 (0 854 342 ) (0 856 342 ) (0 856 218 ) (0 854 218 ) 
4 42 46 (0 856 218 ) (184 856 218 ) (184 854 218 ) (0 854 218 ) 
4 42 44 (82 854 218 ) (84 854 218 ) (84 854 342 ) (82 854 342 ) 
4 42 43 (182 854 218 ) (184 854 218 ) (184 854 342 ) (182 854 342 ) 
4 43 46 (184 854 218 ) (184 850 218 ) (182 850 218 ) (182 854 218 ) 
4 43 45 (182 850 218 ) (184 850 218 ) (184 850 342 ) (182 850 342 ) 
4 44 46 (84 850 218 ) (82 850 218 ) (82 854 218 ) (84 854 218 ) 
4 44 45 (82 850 218 ) (84 850 218 ) (84 850 342 ) (82 850 342 ) 
4 45 232 (0 0 342 ) (0 0 218 ) (184 0 218 ) (184 0 342 ) 
4 45 121 (0 848 342 ) (0 850 342 ) (0 850 218 ) (0 848 218 ) 
4 45 131 (0 0 218 ) (0 0 342 ) (0 848 342 ) (0 848 218 ) 
4 45 46 (184 850 218 ) (184 848 218 ) (0 848 218 ) (0 850 218 ) 
4 45 47 (184 848 218 ) (184 0 218 ) (0 0 218 ) (0 848 218 ) 
4 46 122 (0 848 218 ) (0 856 218 ) (0 856 216 ) (0 848 216 ) 
4 46 47 (184 848 216 ) (184 848 218 ) (0 848 218 ) (0 848 216 ) 
4 47 236 (0 0 218 ) (0 0 192 ) (184 0 192 ) (184 0 218 ) 
4 47 131 (0 0 192 ) (0 0 218 ) (0 848 218 ) (0 848 192 ) 
4 48 238 (0 0 176 ) (0 0 172 ) (184 0 172 ) (184 0 176 ) 
4 48 133 (0 0 172 ) (0 0 176 ) (0 848 176 ) (0 848 172 ) 
4 48 89 (184 0 172 ) (0 0 172 ) (0 288 172 ) (184 288 172 ) 
4 48 73 (0 288 172 ) (0 848 172 ) (184 848 172 ) (184 288 172 ) 
4 49 226 (1024 0 136 ) (1024 0 172 ) (576 0 172 ) (576 0 136 ) 
4 49 60 (576 0 136 ) (576 0 172 ) (576 8 172 ) (576 8 136 ) 
4 49 58 (576 888 172 ) (576 1024 172 ) (576 1024 136 ) (576 888 136 ) 
4 49 57 (576 0 136 ) (576 376 136 ) (880 376 136 ) (880 0 136 ) 
4 49 56 (880 384 136 ) (1024 384 136 ) (1024 0 136 ) (880 0 136 ) 
4 49 55 (576 384 136 ) (576 560 136 ) (696 560 136 ) (696 384 136 ) 
4 49 53 (688 1024 136 ) (696 1024 136 ) (696 608 136 ) (688 608 136 ) 
4 49 54 (576 568 136 ) (576 1024 136 ) (688 1024 136 ) (688 568 136 ) 
4 49 51 (872 1024 136 ) (880 1024 136 ) (880 608 136 ) (872 608 136 ) 
4 49 50 (880 1024 136 ) (1024 1024 136 ) (1024 384 136 ) (880 384 136 ) 
4 49 52 (696 1024 136 ) (872 1024 136 ) (872 384 136 ) (696 384 136 ) 
4 50 56 (1024 384 136 ) (880 384 136 ) (880 384 0 ) (1024 384 0 ) 
4 50 51 (880 1024 0 ) (880 608 0 ) (880 608 136 ) (880 1024 136 ) 
4 51 52 (872 1024 0 ) (872 608 0 ) (872 608 136 ) (872 1024 136 ) 
4 52 55 (696 560 0 ) (696 384 0 ) (696 384 136 ) (696 560 136 ) 
4 52 53 (696 1024 0 ) (696 608 0 ) (696 608 136 ) (696 1024 136 ) 
4 53 54 (688 1024 0 ) (688 608 0 ) (688 608 136 ) (688 1024 136 ) 
4 54 58 (576 1024 0 ) (576 888 0 ) (576 888 136 ) (576 1024 136 ) 
4 55 59 (576 536 0 ) (576 408 0 ) (576 408 114 ) (576 536 114 ) 
4 56 226 (1024 0 0 ) (1024 0 136 ) (880 0 136 ) (880 0 0 ) 
4 56 57 (880 376 0 ) (880 0 0 ) (880 0 136 ) (880 376 136 ) 
4 57 226 (880 0 136 ) (576 0 136 ) (576 0 0 ) (880 0 0 ) 
4 57 60 (576 8 0 ) (576 0 0 ) (576 0 136 ) (576 8 136 ) 
4 58 61 (568 1024 0 ) (568 888 0 ) (568 888 172 ) (568 1024 172 ) 
4 59 66 (568 536 0 ) (568 408 0 ) (568 408 114 ) (568 536 114 ) 
4 60 226 (576 0 172 ) (568 0 172 ) (568 0 0 ) (576 0 0 ) 
4 60 82 (568 8 0 ) (568 0 0 ) (568 0 172 ) (568 8 172 ) 
4 61 68 (208 1024 0 ) (208 888 0 ) (208 888 172 ) (208 1024 172 ) 
4 62 63 (416 756 96 ) (568 756 96 ) (568 756 172 ) (416 756 172 ) 
4 62 64 (208 756 172 ) (208 756 96 ) (360 756 96 ) (360 756 172 ) 
4 63 65 (416 576 0 ) (568 576 0 ) (568 576 172 ) (416 576 172 ) 
4 65 66 (416 568 0 ) (568 568 0 ) (568 568 172 ) (416 568 172 ) 
4 66 81 (428 288 0 ) (556 288 0 ) (556 288 112 ) (428 288 112 ) 
4 67 85 (208 288 0 ) (336 288 0 ) (336 288 172 ) (208 288 172 ) 
4 67 69 (208 568 0 ) (208 288 0 ) (208 288 172 ) (208 568 172 ) 
4 68 78 (184 1024 0 ) (184 888 0 ) (184 888 26 ) (184 1024 26 ) 
4 68 70 (184 888 26 ) (184 888 172 ) (184 1024 172 ) (184 1024 26 ) 
4 69 88 (184 288 0 ) (208 288 0 ) (208 288 172 ) (184 288 172 ) 
4 69 80 (184 568 0 ) (184 288 0 ) (184 288 26 ) (184 568 26 ) 
4 69 77 (184 288 26 ) (184 288 150 ) (184 568 150 ) (184 568 26 ) 
4 69 73 (184 288 150 ) (184 288 172 ) (184 568 172 ) (184 568 150 ) 
4 70 106 (0 888 120 ) (0 888 26 ) (0 880 26 ) (0 880 120 ) 
4 70 104 (0 880 172 ) (0 888 172 ) (0 888 120 ) (0 880 120 ) 
4 70 100 (0 888 172 ) (0 1024 172 ) (0 1024 26 ) (0 888 26 ) 
4 70 78 (184 1024 26 ) (184 880 26 ) (0 880 26 ) (0 1024 26 ) 
4 70 71 (0 880 26 ) (184 880 26 ) (184 880 120 ) (0 880 120 ) 
4 71 106 (0 880 120 ) (0 880 26 ) (0 872 26 ) (0 872 120 ) 
4 71 78 (184 880 26 ) (184 872 26 ) (0 872 26 ) (0 880 26 ) 
4 71 74 (0 872 26 ) (184 872 26 ) (184 872 120 ) (0 872 120 ) 
4 72 132 (0 856 150 ) (0 848 150 ) (0 848 152 ) (0 856 152 ) 
4 72 108 (0 872 152 ) (0 872 150 ) (0 856 150 ) (0 856 152 ) 
4 72 76 (84 850 150 ) (82 850 150 ) (82 854 150 ) (84 854 150 ) 
4 72 75 (184 854 150 ) (184 850 150 ) (182 850 150 ) (182 854 150 ) 
4 72 74 (0 872 150 ) (184 872 150 ) (184 854 150 ) (0 854 150 ) 
4 72 77 (184 850 150 ) (184 848 150 ) (0 848 150 ) (0 850 150 ) 
4 72 73 (0 848 150 ) (184 848 150 ) (184 848 152 ) (0 848 152 ) 
4 73 133 (0 288 172 ) (0 848 172 ) (0 848 150 ) (0 288 150 ) 
4 73 89 (184 288 150 ) (184 288 172 ) (0 288 172 ) (0 288 150 ) 
4 73 77 (184 848 150 ) (184 288 150 ) (0 288 150 ) (0 848 150 ) 
4 74 134 (0 856 26 ) (0 854 26 ) (0 854 150 ) (0 856 150 ) 
4 74 108 (0 872 150 ) (0 872 26 ) (0 856 26 ) (0 856 150 ) 
4 74 79 (184 856 26 ) (184 854 26 ) (0 854 26 ) (0 856 26 ) 
4 74 78 (184 872 26 ) (184 856 26 ) (0 856 26 ) (0 872 26 ) 
4 74 76 (82 854 26 ) (84 854 26 ) (84 854 150 ) (82 854 150 ) 
4 74 75 (182 854 26 ) (184 854 26 ) (184 854 150 ) (182 854 150 ) 
4 75 79 (184 854 26 ) (184 850 26 ) (182 850 26 ) (182 854 26 ) 
4 75 77 (182 850 26 ) (184 850 26 ) (184 850 150 ) (182 850 150 ) 
4 76 79 (84 850 26 ) (82 850 26 ) (82 854 26 ) (84 854 26 ) 
4 76 77 (82 850 26 ) (84 850 26 ) (84 850 150 ) (82 850 150 ) 
4 77 137 (0 850 26 ) (0 288 26 ) (0 288 150 ) (0 850 150 ) 
4 77 89 (184 288 26 ) (184 288 150 ) (0 288 150 ) (0 288 26 ) 
4 77 79 (184 850 26 ) (184 848 26 ) (0 848 26 ) (0 850 26 ) 
4 77 80 (184 848 26 ) (184 288 26 ) (0 288 26 ) (0 848 26 ) 
4 78 108 (0 872 0 ) (0 856 0 ) (0 856 26 ) (0 872 26 ) 
4 78 106 (0 888 0 ) (0 872 0 ) (0 872 26 ) (0 888 26 ) 
4 78 100 (0 1024 26 ) (0 1024 0 ) (0 888 0 ) (0 888 26 ) 
4 78 79 (184 856 24 ) (184 856 26 ) (0 856 26 ) (0 856 24 ) 
4 79 138 (0 848 24 ) (0 848 26 ) (0 856 26 ) (0 856 24 ) 
4 79 80 (184 848 24 ) (184 848 26 ) (0 848 26 ) (0 848 24 ) 
4 80 139 (0 848 0 ) (0 288 0 ) (0 288 26 ) (0 848 26 ) 
4 80 89 (0 288 0 ) (184 288 0 ) (184 288 26 ) (0 288 26 ) 
4 81 82 (428 280 0 ) (556 280 0 ) (556 280 112 ) (428 280 112 ) 
4 82 226 (568 0 172 ) (344 0 172 ) (344 0 0 ) (568 0 0 ) 
4 82 84 (344 8 0 ) (344 0 0 ) (344 0 172 ) (344 8 172 ) 
4 82 83 (344 232 0 ) (344 104 0 ) (344 104 112 ) (344 232 112 ) 
4 83 85 (336 232 0 ) (336 104 0 ) (336 104 112 ) (336 232 112 ) 
4 84 226 (344 0 172 ) (336 0 172 ) (336 0 0 ) (344 0 0 ) 
4 84 87 (336 8 0 ) (336 0 0 ) (336 0 172 ) (336 8 172 ) 
4 85 88 (208 288 172 ) (208 288 0 ) (208 16 0 ) (208 16 172 ) 
4 85 86 (208 16 112 ) (208 16 0 ) (336 16 0 ) (336 16 112 ) 
4 86 87 (208 8 112 ) (208 8 0 ) (336 8 0 ) (336 8 112 ) 
4 87 226 (336 0 172 ) (208 0 172 ) (208 0 0 ) (336 0 0 ) 
4 88 89 (184 288 172 ) (184 288 0 ) (184 16 0 ) (184 16 172 ) 
4 89 244 (0 0 26 ) (0 0 0 ) (184 0 0 ) (184 0 26 ) 
4 89 240 (0 0 150 ) (0 0 26 ) (184 0 26 ) (184 0 150 ) 
4 89 238 (184 0 172 ) (0 0 172 ) (0 0 150 ) (184 0 150 ) 
4 89 139 (0 0 0 ) (0 0 26 ) (0 288 26 ) (0 288 0 ) 
4 89 137 (0 0 26 ) (0 0 150 ) (0 288 150 ) (0 288 26 ) 
4 89 133 (0 0 150 ) (0 0 172 ) (0 288 172 ) (0 288 150 ) 
4 90 98 (-1024 1484 760 ) (-1024 1568 760 ) (-1024 1568 0 ) (-1024 1484 0 ) 
4 90 93 (-240 1484 0 ) (0 1484 0 ) (0 1484 456 ) (-240 1484 456 ) 
4 90 92 (-1024 1484 0 ) (-640 1484 0 ) (-640 1484 456 ) (-1024 1484 456 ) 
4 90 91 (0 1484 456 ) (0 1484 760 ) (-1024 1484 760 ) (-1024 1484 456 ) 
4 91 98 (-1024 1472 456 ) (-1024 1472 760 ) (-1024 1484 760 ) (-1024 1484 456 ) 
4 91 94 (0 1472 456 ) (0 1472 760 ) (-1024 1472 760 ) (-1024 1472 456 ) 
4 91 93 (0 1472 456 ) (-228 1472 456 ) (-240 1484 456 ) (0 1484 456 ) 
4 91 92 (-652 1472 456 ) (-1024 1472 456 ) (-1024 1484 456 ) (-640 1484 456 ) 
4 92 98 (-1024 1472 0 ) (-1024 1472 456 ) (-1024 1484 456 ) (-1024 1484 0 ) 
4 92 97 (-652 1472 456 ) (-1024 1472 456 ) (-1024 1472 0 ) (-652 1472 0 ) 
4 93 95 (0 1472 0 ) (0 1472 456 ) (-228 1472 456 ) (-228 1472 0 ) 
4 94 99 (0 1024 456 ) (0 1024 760 ) (-1024 1024 760 ) (-1024 1024 456 ) 
4 94 98 (-1024 1024 456 ) (-1024 1024 760 ) (-1024 1472 760 ) (-1024 1472 456 ) 
4 94 97 (-652 1024 456 ) (-1024 1024 456 ) (-1024 1472 456 ) (-652 1472 456 ) 
4 94 95 (0 1024 456 ) (-228 1024 456 ) (-228 1472 456 ) (0 1472 456 ) 
4 95 100 (0 1024 0 ) (0 1024 456 ) (-228 1024 456 ) (-228 1024 0 ) 
4 96 101 (-640 1024 448 ) (-640 1024 0 ) (-240 1024 0 ) (-240 1024 448 ) 
4 97 102 (-652 1024 456 ) (-1024 1024 456 ) (-1024 1024 0 ) (-652 1024 0 ) 
4 97 98 (-1024 1024 0 ) (-1024 1024 456 ) (-1024 1472 456 ) (-1024 1472 0 ) 
4 98 223 (-2048 1024 0 ) (-2048 1024 760 ) (-2048 1568 760 ) (-2048 1568 0 ) 
4 98 222 (-2048 1024 760 ) (-2048 1024 0 ) (-1456 1024 0 ) (-1456 1024 760 ) 
4 98 214 (-1456 1024 0 ) (-1448 1024 0 ) (-1448 1024 232 ) (-1456 1024 232 ) 
4 98 213 (-1448 1024 232 ) (-1448 1024 464 ) (-1456 1024 464 ) (-1456 1024 232 ) 
4 98 212 (-1448 1024 464 ) (-1448 1024 760 ) (-1456 1024 760 ) (-1456 1024 464 ) 
4 98 201 (-1448 1024 0 ) (-1240 1024 0 ) (-1240 1024 760 ) (-1448 1024 760 ) 
4 98 178 (-1240 1024 0 ) (-1088 1024 0 ) (-1088 1024 760 ) (-1240 1024 760 ) 
4 98 172 (-1088 1024 0 ) (-1064 1024 0 ) (-1064 1024 464 ) (-1088 1024 464 ) 
4 98 171 (-1064 1024 464 ) (-1064 1024 760 ) (-1088 1024 760 ) (-1088 1024 464 ) 
4 98 153 (-1064 1024 0 ) (-1024 1024 0 ) (-1024 1024 360 ) (-1064 1024 360 ) 
4 98 151 (-1024 1024 360 ) (-1024 1024 760 ) (-1064 1024 760 ) (-1064 1024 360 ) 
4 99 151 (-1024 1024 760 ) (-1024 1024 456 ) (-1024 888 456 ) (-1024 888 760 ) 
4 99 103 (-1024 888 760 ) (-1024 888 456 ) (0 888 456 ) (0 888 760 ) 
4 99 102 (-652 888 456 ) (-1024 888 456 ) (-1024 1024 456 ) (-652 1024 456 ) 
4 99 100 (0 888 456 ) (-228 888 456 ) (-228 1024 456 ) (0 1024 456 ) 
4 100 106 (-216 888 0 ) (0 888 0 ) (0 888 120 ) (-216 888 120 ) 
4 100 104 (0 888 120 ) (0 888 360 ) (-216 888 360 ) (-216 888 120 ) 
4 101 109 (-640 888 0 ) (-240 888 0 ) (-240 888 360 ) (-640 888 360 ) 
4 102 153 (-1024 1024 360 ) (-1024 1024 0 ) (-1024 888 0 ) (-1024 888 360 ) 
4 102 151 (-1024 1024 456 ) (-1024 1024 360 ) (-1024 888 360 ) (-1024 888 456 ) 
4 102 110 (-1024 888 360 ) (-1024 888 0 ) (-664 888 0 ) (-664 888 360 ) 
4 103 152 (-1024 856 456 ) (-1024 856 760 ) (-1024 888 760 ) (-1024 888 456 ) 
4 103 115 (0 856 464 ) (0 856 760 ) (-1024 856 760 ) (-1024 856 464 ) 
4 104 106 (-216 880 120 ) (-216 888 120 ) (0 888 120 ) (0 880 120 ) 
4 104 105 (-216 880 360 ) (-216 880 200 ) (0 880 200 ) (0 880 360 ) 
4 105 107 (-216 872 360 ) (-216 872 200 ) (0 872 200 ) (0 872 360 ) 
4 106 108 (-216 872 120 ) (-216 872 0 ) (0 872 0 ) (0 872 120 ) 
4 107 122 (0 856 216 ) (0 856 218 ) (-216 856 218 ) (-216 856 216 ) 
4 107 117 (0 856 218 ) (0 856 344 ) (-216 856 344 ) (-216 856 218 ) 
4 108 138 (0 856 24 ) (0 856 26 ) (-216 856 26 ) (-216 856 24 ) 
4 108 134 (0 856 26 ) (0 856 150 ) (-216 856 150 ) (-216 856 26 ) 
4 108 132 (0 856 150 ) (0 856 152 ) (-216 856 152 ) (-216 856 150 ) 
4 109 140 (-640 856 176 ) (-640 856 0 ) (-240 856 0 ) (-240 856 176 ) 
4 109 123 (-640 856 344 ) (-640 856 192 ) (-240 856 192 ) (-240 856 344 ) 
4 110 153 (-1024 880 360 ) (-1024 888 360 ) (-1024 888 0 ) (-1024 880 0 ) 
4 110 111 (-664 880 200 ) (-664 880 360 ) (-1024 880 360 ) (-1024 880 200 ) 
4 110 112 (-1024 880 0 ) (-664 880 0 ) (-664 880 120 ) (-1024 880 120 ) 
4 111 154 (-1024 872 200 ) (-1024 872 360 ) (-1024 880 360 ) (-1024 880 200 ) 
4 111 113 (-664 872 200 ) (-664 872 360 ) (-1024 872 360 ) (-1024 872 200 ) 
4 112 155 (-1024 872 0 ) (-1024 872 120 ) (-1024 880 120 ) (-1024 880 0 ) 
4 112 114 (-664 872 0 ) (-664 872 120 ) (-1024 872 120 ) (-1024 872 0 ) 
4 113 156 (-1024 856 192 ) (-1024 856 360 ) (-1024 872 360 ) (-1024 872 192 ) 
4 113 130 (-664 856 216 ) (-664 856 218 ) (-1024 856 218 ) (-1024 856 216 ) 
4 113 125 (-664 856 218 ) (-664 856 342 ) (-1024 856 342 ) (-1024 856 218 ) 
4 113 124 (-664 856 342 ) (-664 856 344 ) (-1024 856 344 ) (-1024 856 342 ) 
4 114 157 (-1024 856 0 ) (-1024 856 152 ) (-1024 872 152 ) (-1024 872 0 ) 
4 114 149 (-664 856 24 ) (-664 856 26 ) (-1024 856 26 ) (-1024 856 24 ) 
4 114 144 (-664 856 26 ) (-664 856 150 ) (-1024 856 150 ) (-1024 856 26 ) 
4 114 142 (-664 856 150 ) (-664 856 152 ) (-1024 856 152 ) (-1024 856 150 ) 
4 115 255 (0 0 464 ) (0 0 760 ) (-1024 0 760 ) (-1024 0 464 ) 
4 115 158 (-1024 0 464 ) (-1024 0 760 ) (-1024 856 760 ) (-1024 856 464 ) 
4 115 116 (-528 304 464 ) (-528 472 464 ) (-352 472 464 ) (-352 304 464 ) 
4 116 131 (-352 472 440 ) (-352 304 440 ) (-528 304 440 ) (-528 472 440 ) 
4 117 122 (-216 854 218 ) (-216 856 218 ) (0 856 218 ) (0 854 218 ) 
4 117 119 (-18 854 218 ) (-16 854 218 ) (-16 854 342 ) (-18 854 342 ) 
4 117 120 (-118 854 218 ) (-116 854 218 ) (-116 854 342 ) (-118 854 342 ) 
4 117 118 (-216 854 344 ) (-216 854 342 ) (0 854 342 ) (0 854 344 ) 
4 118 119 (-16 850 342 ) (-18 850 342 ) (-18 854 342 ) (-16 854 342 ) 
4 118 120 (-116 850 342 ) (-118 850 342 ) (-118 854 342 ) (-116 854 342 ) 
4 118 121 (-216 850 344 ) (-216 850 342 ) (0 850 342 ) (0 850 344 ) 
4 119 122 (-18 854 218 ) (-16 854 218 ) (-16 850 218 ) (-18 850 218 ) 
4 119 121 (-18 850 218 ) (-16 850 218 ) (-16 850 342 ) (-18 850 342 ) 
4 120 122 (-118 854 218 ) (-116 854 218 ) (-116 850 218 ) (-118 850 218 ) 
4 120 121 (-118 850 218 ) (-116 850 218 ) (-116 850 342 ) (-118 850 342 ) 
4 121 122 (0 848 218 ) (-216 848 218 ) (-216 850 218 ) (0 850 218 ) 
4 121 131 (0 848 218 ) (0 848 344 ) (-216 848 344 ) (-216 848 218 ) 
4 122 131 (0 848 216 ) (0 848 218 ) (-216 848 218 ) (-216 848 216 ) 
4 123 131 (-640 848 192 ) (-240 848 192 ) (-240 848 344 ) (-640 848 344 ) 
4 124 160 (-1024 854 342 ) (-1024 850 342 ) (-1024 850 344 ) (-1024 854 344 ) 
4 124 159 (-1024 856 344 ) (-1024 856 342 ) (-1024 854 342 ) (-1024 854 344 ) 
4 124 161 (-1024 850 342 ) (-1024 848 342 ) (-1024 848 344 ) (-1024 850 344 ) 
4 124 127 (-862 850 342 ) (-864 850 342 ) (-864 854 342 ) (-862 854 342 ) 
4 124 128 (-962 850 342 ) (-964 850 342 ) (-964 854 342 ) (-962 854 342 ) 
4 124 126 (-762 850 342 ) (-764 850 342 ) (-764 854 342 ) (-762 854 342 ) 
4 124 125 (-1024 856 342 ) (-664 856 342 ) (-664 854 342 ) (-1024 854 342 ) 
4 124 129 (-664 850 342 ) (-664 848 342 ) (-1024 848 342 ) (-1024 850 342 ) 
4 124 131 (-664 848 342 ) (-664 848 344 ) (-1024 848 344 ) (-1024 848 342 ) 
4 125 159 (-1024 856 342 ) (-1024 856 218 ) (-1024 854 218 ) (-1024 854 342 ) 
4 125 130 (-1024 856 218 ) (-664 856 218 ) (-664 854 218 ) (-1024 854 218 ) 
4 125 127 (-864 854 218 ) (-862 854 218 ) (-862 854 342 ) (-864 854 342 ) 
4 125 128 (-964 854 218 ) (-962 854 218 ) (-962 854 342 ) (-964 854 342 ) 
4 125 126 (-764 854 218 ) (-762 854 218 ) (-762 854 342 ) (-764 854 342 ) 
4 126 130 (-762 850 218 ) (-764 850 218 ) (-764 854 218 ) (-762 854 218 ) 
4 126 129 (-764 850 218 ) (-762 850 218 ) (-762 850 342 ) (-764 850 342 ) 
4 127 130 (-862 850 218 ) (-864 850 218 ) (-864 854 218 ) (-862 854 218 ) 
4 127 129 (-864 850 218 ) (-862 850 218 ) (-862 850 342 ) (-864 850 342 ) 
4 128 130 (-962 850 218 ) (-964 850 218 ) (-964 854 218 ) (-962 854 218 ) 
4 128 129 (-964 850 218 ) (-962 850 218 ) (-962 850 342 ) (-964 850 342 ) 
4 129 161 (-1024 850 218 ) (-1024 848 218 ) (-1024 848 342 ) (-1024 850 342 ) 
4 129 130 (-664 850 218 ) (-664 848 218 ) (-1024 848 218 ) (-1024 850 218 ) 
4 129 131 (-664 848 218 ) (-664 848 342 ) (-1024 848 342 ) (-1024 848 218 ) 
4 130 163 (-1024 856 218 ) (-1024 856 216 ) (-1024 848 216 ) (-1024 848 218 ) 
4 130 131 (-664 848 216 ) (-664 848 218 ) (-1024 848 218 ) (-1024 848 216 ) 
4 131 276 (0 0 192 ) (0 0 218 ) (-1024 0 218 ) (-1024 0 192 ) 
4 131 256 (0 0 218 ) (0 0 440 ) (-1024 0 440 ) (-1024 0 218 ) 
4 131 164 (-1024 0 192 ) (-1024 0 440 ) (-1024 848 440 ) (-1024 848 192 ) 
4 132 135 (-18 854 150 ) (-16 854 150 ) (-16 850 150 ) (-18 850 150 ) 
4 132 136 (-118 854 150 ) (-116 854 150 ) (-116 850 150 ) (-118 850 150 ) 
4 132 134 (-216 854 150 ) (-216 856 150 ) (0 856 150 ) (0 854 150 ) 
4 132 137 (-216 848 150 ) (-216 850 150 ) (0 850 150 ) (0 848 150 ) 
4 132 133 (-216 848 152 ) (-216 848 150 ) (0 848 150 ) (0 848 152 ) 
4 133 280 (0 0 150 ) (0 0 176 ) (-216 0 176 ) (-216 0 150 ) 
4 133 141 (-216 0 150 ) (-216 0 176 ) (-216 824 176 ) (-216 824 150 ) 
4 133 137 (0 0 150 ) (-216 0 150 ) (-216 848 150 ) (0 848 150 ) 
4 134 138 (-216 854 26 ) (-216 856 26 ) (0 856 26 ) (0 854 26 ) 
4 134 135 (-18 854 26 ) (-16 854 26 ) (-16 854 150 ) (-18 854 150 ) 
4 134 136 (-118 854 26 ) (-116 854 26 ) (-116 854 150 ) (-118 854 150 ) 
4 135 138 (-18 854 26 ) (-16 854 26 ) (-16 850 26 ) (-18 850 26 ) 
4 135 137 (-18 850 26 ) (-16 850 26 ) (-16 850 150 ) (-18 850 150 ) 
4 136 138 (-118 854 26 ) (-116 854 26 ) (-116 850 26 ) (-118 850 26 ) 
4 136 137 (-118 850 26 ) (-116 850 26 ) (-116 850 150 ) (-118 850 150 ) 
4 137 282 (0 0 26 ) (0 0 150 ) (-216 0 150 ) (-216 0 26 ) 
4 137 141 (-216 0 26 ) (-216 0 150 ) (-216 824 150 ) (-216 824 26 ) 
4 137 138 (-216 848 26 ) (-216 850 26 ) (0 850 26 ) (0 848 26 ) 
4 137 139 (-216 0 26 ) (-216 848 26 ) (0 848 26 ) (0 0 26 ) 
4 138 139 (0 848 26 ) (-216 848 26 ) (-216 848 24 ) (0 848 24 ) 
4 139 286 (0 0 0 ) (0 0 26 ) (-216 0 26 ) (-216 0 0 ) 
4 139 141 (-216 824 0 ) (-216 0 0 ) (-216 0 26 ) (-216 824 26 ) 
4 140 141 (-640 824 0 ) (-240 824 0 ) (-240 824 176 ) (-640 824 176 ) 
4 141 299 (-640 0 176 ) (-664 0 176 ) (-664 0 0 ) (-640 0 0 ) 
4 141 297 (-640 0 26 ) (-640 0 0 ) (-240 0 0 ) (-240 0 26 ) 
4 141 291 (-640 0 150 ) (-640 0 26 ) (-240 0 26 ) (-240 0 150 ) 
4 141 289 (-240 0 176 ) (-640 0 176 ) (-640 0 150 ) (-240 0 150 ) 
4 141 288 (-216 0 176 ) (-240 0 176 ) (-240 0 0 ) (-216 0 0 ) 
4 141 150 (-664 824 0 ) (-664 0 0 ) (-664 0 26 ) (-664 824 26 ) 
4 141 148 (-664 0 26 ) (-664 0 150 ) (-664 824 150 ) (-664 824 26 ) 
4 141 143 (-664 0 150 ) (-664 0 176 ) (-664 824 176 ) (-664 824 150 ) 
4 142 166 (-1024 854 150 ) (-1024 850 150 ) (-1024 850 152 ) (-1024 854 152 ) 
4 142 165 (-1024 856 152 ) (-1024 856 150 ) (-1024 854 150 ) (-1024 854 152 ) 
4 142 167 (-1024 850 150 ) (-1024 848 150 ) (-1024 848 152 ) (-1024 850 152 ) 
4 142 147 (-964 854 150 ) (-962 854 150 ) (-962 850 150 ) (-964 850 150 ) 
4 142 145 (-764 854 150 ) (-762 854 150 ) (-762 850 150 ) (-764 850 150 ) 
4 142 146 (-864 854 150 ) (-862 854 150 ) (-862 850 150 ) (-864 850 150 ) 
4 142 144 (-1024 854 150 ) (-1024 856 150 ) (-664 856 150 ) (-664 854 150 ) 
4 142 148 (-1024 848 150 ) (-1024 850 150 ) (-664 850 150 ) (-664 848 150 ) 
4 142 143 (-1024 848 150 ) (-664 848 150 ) (-664 848 152 ) (-1024 848 152 ) 
4 143 300 (-664 0 176 ) (-1024 0 176 ) (-1024 0 150 ) (-664 0 150 ) 
4 143 170 (-1024 0 150 ) (-1024 0 176 ) (-1024 848 176 ) (-1024 848 150 ) 
4 143 148 (-1024 0 150 ) (-1024 848 150 ) (-664 848 150 ) (-664 0 150 ) 
4 144 165 (-1024 854 150 ) (-1024 856 150 ) (-1024 856 26 ) (-1024 854 26 ) 
4 144 149 (-1024 856 26 ) (-664 856 26 ) (-664 854 26 ) (-1024 854 26 ) 
4 144 147 (-964 854 26 ) (-962 854 26 ) (-962 854 150 ) (-964 854 150 ) 
4 144 145 (-764 854 26 ) (-762 854 26 ) (-762 854 150 ) (-764 854 150 ) 
4 144 146 (-864 854 26 ) (-862 854 26 ) (-862 854 150 ) (-864 854 150 ) 
4 145 149 (-762 850 26 ) (-764 850 26 ) (-764 854 26 ) (-762 854 26 ) 
4 145 148 (-764 850 26 ) (-762 850 26 ) (-762 850 150 ) (-764 850 150 ) 
4 146 149 (-862 850 26 ) (-864 850 26 ) (-864 854 26 ) (-862 854 26 ) 
4 146 148 (-864 850 26 ) (-862 850 26 ) (-862 850 150 ) (-864 850 150 ) 
4 147 149 (-962 850 26 ) (-964 850 26 ) (-964 854 26 ) (-962 854 26 ) 
4 147 148 (-964 850 26 ) (-962 850 26 ) (-962 850 150 ) (-964 850 150 ) 
4 148 302 (-1024 0 150 ) (-1024 0 26 ) (-664 0 26 ) (-664 0 150 ) 
4 148 167 (-1024 848 150 ) (-1024 850 150 ) (-1024 850 26 ) (-1024 848 26 ) 
4 148 170 (-1024 0 26 ) (-1024 0 150 ) (-1024 848 150 ) (-1024 848 26 ) 
4 148 149 (-664 850 26 ) (-664 848 26 ) (-1024 848 26 ) (-1024 850 26 ) 
4 148 150 (-664 848 26 ) (-664 0 26 ) (-1024 0 26 ) (-1024 848 26 ) 
4 149 169 (-1024 848 26 ) (-1024 856 26 ) (-1024 856 24 ) (-1024 848 24 ) 
4 149 150 (-664 848 24 ) (-664 848 26 ) (-1024 848 26 ) (-1024 848 24 ) 
4 150 308 (-1024 0 26 ) (-1024 0 0 ) (-664 0 0 ) (-664 0 26 ) 
4 150 170 (-1024 0 0 ) (-1024 0 26 ) (-1024 848 26 ) (-1024 848 0 ) 
4 151 172 (-1064 1024 464 ) (-1064 1024 360 ) (-1064 888 360 ) (-1064 888 464 ) 
4 151 171 (-1064 888 760 ) (-1064 1024 760 ) (-1064 1024 464 ) (-1064 888 464 ) 
4 151 153 (-1064 888 360 ) (-1064 1024 360 ) (-1024 1024 360 ) (-1024 888 360 ) 
4 151 152 (-1024 888 456 ) (-1024 888 760 ) (-1064 888 760 ) (-1064 888 456 ) 
4 152 171 (-1064 856 464 ) (-1064 856 760 ) (-1064 888 760 ) (-1064 888 464 ) 
4 152 158 (-1064 856 760 ) (-1064 856 464 ) (-1024 856 464 ) (-1024 856 760 ) 
4 153 172 (-1064 888 360 ) (-1064 1024 360 ) (-1064 1024 0 ) (-1064 888 0 ) 
4 153 154 (-1024 880 200 ) (-1024 880 360 ) (-1064 880 360 ) (-1064 880 200 ) 
4 153 155 (-1064 880 0 ) (-1024 880 0 ) (-1024 880 120 ) (-1064 880 120 ) 
4 154 156 (-1024 872 200 ) (-1024 872 360 ) (-1064 872 360 ) (-1064 872 200 ) 
4 155 157 (-1064 872 0 ) (-1024 872 0 ) (-1024 872 120 ) (-1064 872 120 ) 
4 156 163 (-1064 856 218 ) (-1064 856 216 ) (-1024 856 216 ) (-1024 856 218 ) 
4 156 159 (-1062 856 218 ) (-1024 856 218 ) (-1024 856 344 ) (-1062 856 344 ) 
4 156 162 (-1064 856 344 ) (-1064 856 218 ) (-1062 856 218 ) (-1062 856 344 ) 
4 157 169 (-1064 856 26 ) (-1064 856 24 ) (-1024 856 24 ) (-1024 856 26 ) 
4 157 165 (-1062 856 26 ) (-1024 856 26 ) (-1024 856 152 ) (-1062 856 152 ) 
4 157 168 (-1064 856 152 ) (-1064 856 26 ) (-1062 856 26 ) (-1062 856 152 ) 
4 158 328 (-1024 0 464 ) (-1024 0 760 ) (-1064 0 760 ) (-1064 0 464 ) 
4 158 171 (-1064 0 464 ) (-1064 0 760 ) (-1064 856 760 ) (-1064 856 464 ) 
4 159 163 (-1062 854 218 ) (-1062 856 218 ) (-1024 856 218 ) (-1024 854 218 ) 
4 159 160 (-1062 854 344 ) (-1062 854 342 ) (-1024 854 342 ) (-1024 854 344 ) 
4 159 162 (-1062 856 218 ) (-1062 854 218 ) (-1062 854 344 ) (-1062 856 344 ) 
4 160 162 (-1062 850 342 ) (-1062 850 344 ) (-1062 854 344 ) (-1062 854 342 ) 
4 160 161 (-1062 850 344 ) (-1062 850 342 ) (-1024 850 342 ) (-1024 850 344 ) 
4 161 163 (-1024 848 218 ) (-1062 848 218 ) (-1062 850 218 ) (-1024 850 218 ) 
4 161 162 (-1062 850 218 ) (-1062 848 218 ) (-1062 848 344 ) (-1062 850 344 ) 
4 161 164 (-1024 848 218 ) (-1024 848 344 ) (-1062 848 344 ) (-1062 848 218 ) 
4 162 163 (-1062 848 218 ) (-1064 848 218 ) (-1064 856 218 ) (-1062 856 218 ) 
4 162 164 (-1062 848 344 ) (-1064 848 344 ) (-1064 848 218 ) (-1062 848 218 ) 
4 163 164 (-1024 848 216 ) (-1024 848 218 ) (-1064 848 218 ) (-1064 848 216 ) 
4 164 329 (-1024 0 192 ) (-1024 0 440 ) (-1064 0 440 ) (-1064 0 192 ) 
4 164 174 (-1064 344 304 ) (-1064 344 192 ) (-1064 216 192 ) (-1064 216 304 ) 
4 164 173 (-1064 552 304 ) (-1064 552 192 ) (-1064 424 192 ) (-1064 424 304 ) 
4 165 169 (-1062 854 26 ) (-1062 856 26 ) (-1024 856 26 ) (-1024 854 26 ) 
4 165 166 (-1062 854 152 ) (-1062 854 150 ) (-1024 854 150 ) (-1024 854 152 ) 
4 165 168 (-1062 856 26 ) (-1062 854 26 ) (-1062 854 152 ) (-1062 856 152 ) 
4 166 168 (-1062 850 150 ) (-1062 850 152 ) (-1062 854 152 ) (-1062 854 150 ) 
4 166 167 (-1062 850 152 ) (-1062 850 150 ) (-1024 850 150 ) (-1024 850 152 ) 
4 167 169 (-1024 848 26 ) (-1062 848 26 ) (-1062 850 26 ) (-1024 850 26 ) 
4 167 168 (-1062 850 26 ) (-1062 848 26 ) (-1062 848 152 ) (-1062 850 152 ) 
4 167 170 (-1024 848 26 ) (-1024 848 152 ) (-1062 848 152 ) (-1062 848 26 ) 
4 168 169 (-1062 848 26 ) (-1064 848 26 ) (-1064 856 26 ) (-1062 856 26 ) 
4 168 170 (-1062 848 152 ) (-1064 848 152 ) (-1064 848 26 ) (-1062 848 26 ) 
4 169 170 (-1024 848 24 ) (-1024 848 26 ) (-1064 848 26 ) (-1064 848 24 ) 
4 170 334 (-1024 0 0 ) (-1024 0 176 ) (-1064 0 176 ) (-1064 0 0 ) 
4 170 175 (-1064 448 0 ) (-1064 320 0 ) (-1064 320 112 ) (-1064 448 112 ) 
4 171 347 (-1064 0 464 ) (-1064 0 760 ) (-1088 0 760 ) (-1088 0 464 ) 
4 171 193 (-1088 0 464 ) (-1088 0 760 ) (-1088 200 760 ) (-1088 200 464 ) 
4 171 187 (-1088 200 760 ) (-1088 568 760 ) (-1088 568 464 ) (-1088 200 464 ) 
4 171 181 (-1088 568 760 ) (-1088 880 760 ) (-1088 880 464 ) (-1088 568 464 ) 
4 171 179 (-1088 880 760 ) (-1088 888 760 ) (-1088 888 464 ) (-1088 880 464 ) 
4 171 178 (-1088 888 760 ) (-1088 1024 760 ) (-1088 1024 464 ) (-1088 888 464 ) 
4 171 172 (-1088 888 464 ) (-1088 1024 464 ) (-1064 1024 464 ) (-1064 888 464 ) 
4 172 178 (-1088 1024 0 ) (-1088 888 0 ) (-1088 888 464 ) (-1088 1024 464 ) 
4 173 176 (-1080 552 192 ) (-1080 424 192 ) (-1080 424 304 ) (-1080 552 304 ) 
4 174 176 (-1080 344 192 ) (-1080 216 192 ) (-1080 216 304 ) (-1080 344 304 ) 
4 175 177 (-1080 448 0 ) (-1080 320 0 ) (-1080 320 112 ) (-1080 448 112 ) 
4 176 188 (-1088 200 192 ) (-1088 200 456 ) (-1088 568 456 ) (-1088 568 192 ) 
4 177 189 (-1088 568 0 ) (-1088 200 0 ) (-1088 200 176 ) (-1088 568 176 ) 
4 178 201 (-1240 1024 760 ) (-1240 1024 0 ) (-1240 888 0 ) (-1240 888 760 ) 
4 178 180 (-1240 888 320 ) (-1240 888 232 ) (-1088 888 232 ) (-1088 888 320 ) 
4 178 179 (-1240 888 760 ) (-1240 888 464 ) (-1088 888 464 ) (-1088 888 760 ) 
4 179 202 (-1240 880 464 ) (-1240 880 760 ) (-1240 888 760 ) (-1240 888 464 ) 
4 179 181 (-1240 880 760 ) (-1240 880 464 ) (-1088 880 464 ) (-1088 880 760 ) 
4 180 203 (-1240 880 232 ) (-1240 880 320 ) (-1240 888 320 ) (-1240 888 232 ) 
4 180 182 (-1240 880 320 ) (-1240 880 232 ) (-1088 880 232 ) (-1088 880 320 ) 
4 181 204 (-1240 568 464 ) (-1240 568 760 ) (-1240 880 760 ) (-1240 880 464 ) 
4 181 187 (-1240 568 760 ) (-1240 568 464 ) (-1088 568 464 ) (-1088 568 760 ) 
4 182 206 (-1240 756 456 ) (-1240 880 456 ) (-1240 880 192 ) (-1240 756 192 ) 
4 182 185 (-1240 612 192 ) (-1240 756 192 ) (-1088 756 192 ) (-1088 612 192 ) 
4 182 184 (-1240 756 192 ) (-1240 880 192 ) (-1088 880 192 ) (-1088 756 192 ) 
4 182 183 (-1228 576 192 ) (-1100 576 192 ) (-1100 576 304 ) (-1228 576 304 ) 
4 183 188 (-1228 568 192 ) (-1100 568 192 ) (-1100 568 304 ) (-1228 568 304 ) 
4 184 206 (-1240 756 96 ) (-1240 756 192 ) (-1240 880 192 ) (-1240 880 96 ) 
4 184 185 (-1088 756 184 ) (-1088 756 192 ) (-1240 756 192 ) (-1240 756 184 ) 
4 184 186 (-1088 756 96 ) (-1088 756 184 ) (-1240 756 184 ) (-1240 756 96 ) 
4 185 186 (-1240 612 184 ) (-1240 756 184 ) (-1088 756 184 ) (-1088 612 184 ) 
4 187 204 (-1240 200 464 ) (-1240 200 760 ) (-1240 568 760 ) (-1240 568 464 ) 
4 187 198 (-1240 200 760 ) (-1240 200 464 ) (-1216 200 464 ) (-1216 200 760 ) 
4 187 193 (-1216 200 464 ) (-1088 200 464 ) (-1088 200 760 ) (-1216 200 760 ) 
4 188 190 (-1232 200 192 ) (-1232 200 456 ) (-1232 568 456 ) (-1232 568 192 ) 
4 189 199 (-1232 200 0 ) (-1216 200 0 ) (-1216 200 0.240433 ) (-1232 200 0.240433 ) 
4 189 194 (-1216 200 0 ) (-1088 200 0 ) (-1088 200 112 ) (-1216 200 112 ) 
4 189 191 (-1232 448 0.120651 ) (-1232 320 0.120651 ) (-1232 320 112.059998 ) (-1232 448 112.059998 ) 
4 189 192 (-1088 200 0.120651 ) (-1232 200 0.120651 ) (-1232 568 0.120651 ) (-1088 568 0.120651 ) 
4 191 209 (-1240 448 0 ) (-1240 320 0 ) (-1240 320 112.059998 ) (-1240 448 112.059998 ) 
4 191 192 (-1240 320 0.120651 ) (-1240 448 0.120651 ) (-1232 448 0.120651 ) (-1232 320 0.120651 ) 
4 193 348 (-1216 0 760 ) (-1216 0 464 ) (-1088 0 464 ) (-1088 0 760 ) 
4 193 198 (-1216 200 760 ) (-1216 200 464 ) (-1216 8 464 ) (-1216 8 760 ) 
4 193 200 (-1216 8 464 ) (-1216 0 464 ) (-1216 0 760 ) (-1216 8 760 ) 
4 193 197 (-1216 0 464 ) (-1216 8 464 ) (-1088 8 464 ) (-1088 0 464 ) 
4 194 199 (-1216 200 0.240433 ) (-1216 200 0 ) (-1216 192 0 ) (-1216 192 0.240433 ) 
4 194 195 (-1088 192 0 ) (-1088 192 112 ) (-1216 192 112 ) (-1216 192 0 ) 
4 195 199 (-1216 192 0 ) (-1216 16 0 ) (-1216 16 0.240433 ) (-1216 192 0.240433 ) 
4 195 196 (-1088 16 0 ) (-1088 16 112 ) (-1216 16 112 ) (-1216 16 0 ) 
4 196 199 (-1216 16 0 ) (-1216 8 0 ) (-1216 8 0.240433 ) (-1216 16 0.240433 ) 
4 196 197 (-1088 8 0 ) (-1088 8 112 ) (-1216 8 112 ) (-1216 8 0 ) 
4 197 348 (-1216 0 464 ) (-1216 0 0 ) (-1088 0 0 ) (-1088 0 464 ) 
4 197 200 (-1216 8 0 ) (-1216 0 0 ) (-1216 0 464 ) (-1216 8 464 ) 
4 198 204 (-1240 8 464 ) (-1240 8 760 ) (-1240 200 760 ) (-1240 200 464 ) 
4 198 200 (-1216 8 464 ) (-1216 8 760 ) (-1240 8 760 ) (-1240 8 464 ) 
4 199 200 (-1216 8 0 ) (-1216 8 0.240433 ) (-1240 8 0.240433 ) (-1240 8 0 ) 
4 200 348 (-1240 0 760 ) (-1240 0 0 ) (-1216 0 0 ) (-1216 0 760 ) 
4 200 210 (-1240 8 0 ) (-1240 0 0 ) (-1240 0 176 ) (-1240 8 176 ) 
4 200 208 (-1240 0 176 ) (-1240 0 456 ) (-1240 8 456 ) (-1240 8 176 ) 
4 200 205 (-1240 0 456 ) (-1240 0 760 ) (-1240 8 760 ) (-1240 8 456 ) 
4 201 214 (-1448 1024 0 ) (-1448 888 0 ) (-1448 888 232 ) (-1448 1024 232 ) 
4 201 213 (-1448 888 232 ) (-1448 888 464 ) (-1448 1024 464 ) (-1448 1024 232 ) 
4 201 212 (-1448 888 464 ) (-1448 888 760 ) (-1448 1024 760 ) (-1448 1024 464 ) 
4 201 203 (-1448 888 320 ) (-1448 888 232 ) (-1240 888 232 ) (-1240 888 320 ) 
4 201 202 (-1448 888 760 ) (-1448 888 464 ) (-1240 888 464 ) (-1240 888 760 ) 
4 202 212 (-1448 880 464 ) (-1448 880 760 ) (-1448 888 760 ) (-1448 888 464 ) 
4 202 204 (-1448 880 760 ) (-1448 880 464 ) (-1240 880 464 ) (-1240 880 760 ) 
4 203 206 (-1448 880 320 ) (-1448 880 232 ) (-1240 880 232 ) (-1240 880 320 ) 
4 204 215 (-1448 8 760 ) (-1448 880 760 ) (-1448 880 464 ) (-1448 8 464 ) 
4 204 205 (-1240 8 464 ) (-1240 8 760 ) (-1448 8 760 ) (-1448 8 464 ) 
4 205 348 (-1448 0 760 ) (-1448 0 456 ) (-1240 0 456 ) (-1240 0 760 ) 
4 205 216 (-1448 0 456 ) (-1448 0 464 ) (-1448 8 464 ) (-1448 8 456 ) 
4 205 215 (-1448 0 464 ) (-1448 0 760 ) (-1448 8 760 ) (-1448 8 464 ) 
4 205 208 (-1448 0 456 ) (-1448 8 456 ) (-1240 8 456 ) (-1240 0 456 ) 
4 206 217 (-1448 756 232 ) (-1448 756 320 ) (-1448 880 320 ) (-1448 880 232 ) 
4 206 207 (-1296 756 456 ) (-1448 756 456 ) (-1448 756 96 ) (-1296 756 96 ) 
4 207 217 (-1448 568 232 ) (-1448 568 320 ) (-1448 756 320 ) (-1448 756 232 ) 
4 207 209 (-1448 568 176 ) (-1448 568 0 ) (-1296 568 0 ) (-1296 568 176 ) 
4 208 348 (-1448 0 456 ) (-1448 0 176 ) (-1240 0 176 ) (-1240 0 456 ) 
4 208 221 (-1448 0 176 ) (-1448 0 232 ) (-1448 8 232 ) (-1448 8 176 ) 
4 208 220 (-1448 0 232 ) (-1448 0 320 ) (-1448 8 320 ) (-1448 8 232 ) 
4 208 216 (-1448 0 320 ) (-1448 0 456 ) (-1448 8 456 ) (-1448 8 320 ) 
4 208 210 (-1448 0 176 ) (-1448 8 176 ) (-1240 8 176 ) (-1240 0 176 ) 
4 209 211 (-1448 312 0.120651 ) (-1448 568 0.120651 ) (-1240 568 0.120651 ) (-1240 312 0.120651 ) 
4 210 348 (-1448 0 176 ) (-1448 0 0 ) (-1240 0 0 ) (-1240 0 176 ) 
4 210 221 (-1448 8 0 ) (-1448 0 0 ) (-1448 0 176 ) (-1448 8 176 ) 
4 210 211 (-1448 0 0.120651 ) (-1448 192 0.120651 ) (-1240 192 0.120651 ) (-1240 0 0.120651 ) 
4 212 222 (-1456 1024 760 ) (-1456 1024 464 ) (-1456 880 464 ) (-1456 880 760 ) 
4 212 215 (-1456 880 760 ) (-1456 880 464 ) (-1448 880 464 ) (-1448 880 760 ) 
4 212 213 (-1456 888 464 ) (-1456 1024 464 ) (-1448 1024 464 ) (-1448 888 464 ) 
4 213 222 (-1456 1024 464 ) (-1456 1024 232 ) (-1456 888 232 ) (-1456 888 464 ) 
4 213 214 (-1456 888 232 ) (-1456 1024 232 ) (-1448 1024 232 ) (-1448 888 232 ) 
4 214 222 (-1456 1024 232 ) (-1456 1024 0 ) (-1456 888 0 ) (-1456 888 232 ) 
4 215 348 (-1456 0 760 ) (-1456 0 464 ) (-1448 0 464 ) (-1448 0 760 ) 
4 215 222 (-1456 0 464 ) (-1456 0 760 ) (-1456 880 760 ) (-1456 880 464 ) 
4 215 216 (-1456 0 464 ) (-1456 8 464 ) (-1448 8 464 ) (-1448 0 464 ) 
4 216 348 (-1456 0 464 ) (-1456 0 320 ) (-1448 0 320 ) (-1448 0 464 ) 
4 216 222 (-1456 0 320 ) (-1456 0 464 ) (-1456 8 464 ) (-1456 8 320 ) 
4 216 220 (-1456 0 320 ) (-1456 8 320 ) (-1448 8 320 ) (-1448 0 320 ) 
4 217 218 (-1450 880 232 ) (-1450 592 232 ) (-1450 592 320 ) (-1450 880 320 ) 
4 218 219 (-1452 880 232 ) (-1452 592 232 ) (-1452 592 320 ) (-1452 880 320 ) 
4 219 222 (-1456 544 320 ) (-1456 880 320 ) (-1456 880 232 ) (-1456 544 232 ) 
4 220 348 (-1456 0 320 ) (-1456 0 232 ) (-1448 0 232 ) (-1448 0 320 ) 
4 220 222 (-1456 0 232 ) (-1456 0 320 ) (-1456 8 320 ) (-1456 8 232 ) 
4 220 221 (-1456 0 232 ) (-1456 8 232 ) (-1448 8 232 ) (-1448 0 232 ) 
4 221 348 (-1456 0 232 ) (-1456 0 0 ) (-1448 0 0 ) (-1448 0 232 ) 
4 221 222 (-1456 8 0 ) (-1456 0 0 ) (-1456 0 232 ) (-1456 8 232 ) 
4 222 348 (-2048 0 760 ) (-2048 0 0 ) (-1456 0 0 ) (-1456 0 760 ) 
4 222 224 (-2048 0 0 ) (-2048 0 760 ) (-2048 1024 760 ) (-2048 1024 0 ) 
4 223 224 (-2048 1024 0 ) (-2048 1024 760 ) (-2312 1024 760 ) (-2312 1024 0 ) 
4 224 356 (-2048 0 0 ) (-2048 0 760 ) (-2312 0 760 ) (-2312 0 0 ) 
4 225 226 (1024 -792 760 ) (1024 0 760 ) (1024 0 0 ) (1024 -792 0 ) 
4 226 254 (336 -792 0 ) (208 -792 0 ) (208 -280 0 ) (336 -280 0 ) 
4 226 228 (208 -112 0 ) (208 -792 0 ) (208 -792 760 ) (208 -112 760 ) 
4 226 227 (208 -112 464 ) (208 -112 760 ) (208 0 760 ) (208 0 464 ) 
4 227 249 (184 -112 464 ) (184 -112 760 ) (184 -96 760 ) (184 -96 464 ) 
4 227 246 (184 -96 760 ) (184 -80 760 ) (184 -80 464 ) (184 -96 464 ) 
4 227 229 (184 -80 760 ) (184 0 760 ) (184 0 464 ) (184 -80 464 ) 
4 227 228 (208 -112 464 ) (208 -112 760 ) (184 -112 760 ) (184 -112 464 ) 
4 228 254 (184 -792 0 ) (184 -280 0 ) (208 -280 0 ) (208 -792 0 ) 
4 228 253 (184 -112 0 ) (184 -792 0 ) (184 -792 760 ) (184 -112 760 ) 
4 229 255 (0 0 760 ) (0 0 464 ) (0 -80 464 ) (0 -80 760 ) 
4 229 246 (0 -80 760 ) (0 -80 464 ) (184 -80 464 ) (184 -80 760 ) 
4 230 256 (0 0 440 ) (0 0 342 ) (0 -72 342 ) (0 -72 440 ) 
4 230 232 (0 -72 342 ) (0 0 342 ) (184 0 342 ) (184 -72 342 ) 
4 230 231 (0 -72 342 ) (184 -72 342 ) (184 -72 344 ) (0 -72 344 ) 
4 231 273 (0 -78 342 ) (0 -80 342 ) (0 -80 344 ) (0 -78 344 ) 
4 231 260 (0 -74 342 ) (0 -78 342 ) (0 -78 344 ) (0 -74 344 ) 
4 231 257 (0 -72 342 ) (0 -74 342 ) (0 -74 344 ) (0 -72 344 ) 
4 231 247 (0 -80 344 ) (0 -80 342 ) (184 -80 342 ) (184 -80 344 ) 
4 231 234 (82 -74 342 ) (84 -74 342 ) (84 -78 342 ) (82 -78 342 ) 
4 231 233 (182 -74 342 ) (184 -74 342 ) (184 -78 342 ) (182 -78 342 ) 
4 231 232 (0 -74 342 ) (0 -72 342 ) (184 -72 342 ) (184 -74 342 ) 
4 231 235 (184 -80 342 ) (0 -80 342 ) (0 -78 342 ) (184 -78 342 ) 
4 232 257 (0 -72 218 ) (0 -74 218 ) (0 -74 342 ) (0 -72 342 ) 
4 232 256 (0 0 342 ) (0 0 218 ) (0 -72 218 ) (0 -72 342 ) 
4 232 237 (0 -74 218 ) (0 -72 218 ) (184 -72 218 ) (184 -74 218 ) 
4 232 236 (0 -72 218 ) (0 0 218 ) (184 0 218 ) (184 -72 218 ) 
4 232 234 (82 -74 218 ) (84 -74 218 ) (84 -74 342 ) (82 -74 342 ) 
4 232 233 (182 -74 218 ) (184 -74 218 ) (184 -74 342 ) (182 -74 342 ) 
4 233 237 (182 -74 218 ) (184 -74 218 ) (184 -78 218 ) (182 -78 218 ) 
4 233 235 (182 -78 218 ) (184 -78 218 ) (184 -78 342 ) (182 -78 342 ) 
4 234 237 (82 -74 218 ) (84 -74 218 ) (84 -78 218 ) (82 -78 218 ) 
4 234 235 (82 -78 218 ) (84 -78 218 ) (84 -78 342 ) (82 -78 342 ) 
4 235 273 (0 -78 218 ) (0 -80 218 ) (0 -80 342 ) (0 -78 342 ) 
4 235 247 (0 -80 342 ) (0 -80 218 ) (184 -80 218 ) (184 -80 342 ) 
4 235 237 (184 -80 218 ) (0 -80 218 ) (0 -78 218 ) (184 -78 218 ) 
4 236 276 (0 0 218 ) (0 0 192 ) (0 -72 192 ) (0 -72 218 ) 
4 236 237 (184 -72 216 ) (184 -72 218 ) (0 -72 218 ) (0 -72 216 ) 
4 237 277 (0 -80 216 ) (0 -80 218 ) (0 -72 218 ) (0 -72 216 ) 
4 237 247 (0 -80 218 ) (0 -80 216 ) (184 -80 216 ) (184 -80 218 ) 
4 238 280 (0 0 176 ) (0 0 150 ) (0 -72 150 ) (0 -72 176 ) 
4 238 240 (0 -72 150 ) (0 0 150 ) (184 0 150 ) (184 -72 150 ) 
4 238 239 (0 -72 150 ) (184 -72 150 ) (184 -72 152 ) (0 -72 152 ) 
4 239 281 (0 -72 150 ) (0 -80 150 ) (0 -80 152 ) (0 -72 152 ) 
4 239 248 (0 -80 152 ) (0 -80 150 ) (184 -80 150 ) (184 -80 152 ) 
4 239 242 (82 -74 150 ) (84 -74 150 ) (84 -78 150 ) (82 -78 150 ) 
4 239 241 (182 -74 150 ) (184 -74 150 ) (184 -78 150 ) (182 -78 150 ) 
4 239 240 (0 -74 150 ) (0 -72 150 ) (184 -72 150 ) (184 -74 150 ) 
4 239 243 (184 -80 150 ) (0 -80 150 ) (0 -78 150 ) (184 -78 150 ) 
4 240 282 (0 0 150 ) (0 0 26 ) (0 -74 26 ) (0 -74 150 ) 
4 240 245 (0 -74 26 ) (0 -72 26 ) (184 -72 26 ) (184 -74 26 ) 
4 240 244 (0 -72 26 ) (0 0 26 ) (184 0 26 ) (184 -72 26 ) 
4 240 242 (82 -74 26 ) (84 -74 26 ) (84 -74 150 ) (82 -74 150 ) 
4 240 241 (182 -74 26 ) (184 -74 26 ) (184 -74 150 ) (182 -74 150 ) 
4 241 245 (182 -74 26 ) (184 -74 26 ) (184 -78 26 ) (182 -78 26 ) 
4 241 243 (182 -78 26 ) (184 -78 26 ) (184 -78 150 ) (182 -78 150 ) 
4 242 245 (82 -74 26 ) (84 -74 26 ) (84 -78 26 ) (82 -78 26 ) 
4 242 243 (82 -78 26 ) (84 -78 26 ) (84 -78 150 ) (82 -78 150 ) 
4 243 285 (0 -78 26 ) (0 -80 26 ) (0 -80 150 ) (0 -78 150 ) 
4 243 248 (0 -80 150 ) (0 -80 26 ) (184 -80 26 ) (184 -80 150 ) 
4 243 245 (184 -80 26 ) (0 -80 26 ) (0 -78 26 ) (184 -78 26 ) 
4 244 286 (0 0 26 ) (0 0 0 ) (0 -72 0 ) (0 -72 26 ) 
4 244 245 (184 -72 24 ) (184 -72 26 ) (0 -72 26 ) (0 -72 24 ) 
4 245 287 (0 -80 24 ) (0 -80 26 ) (0 -72 26 ) (0 -72 24 ) 
4 245 248 (0 -80 26 ) (0 -80 24 ) (184 -80 24 ) (184 -80 26 ) 
4 246 310 (0 -96 456 ) (0 -96 760 ) (0 -80 760 ) (0 -80 456 ) 
4 246 249 (184 -96 456 ) (184 -96 760 ) (0 -96 760 ) (0 -96 456 ) 
4 247 311 (0 -96 192 ) (0 -96 360 ) (0 -80 360 ) (0 -80 192 ) 
4 247 250 (184 -96 200 ) (184 -96 360 ) (0 -96 360 ) (0 -96 200 ) 
4 248 312 (0 -80 0 ) (0 -96 0 ) (0 -96 152 ) (0 -80 152 ) 
4 248 251 (0 -96 0 ) (184 -96 0 ) (184 -96 120 ) (0 -96 120 ) 
4 249 310 (0 -112 456 ) (0 -112 760 ) (0 -96 760 ) (0 -96 456 ) 
4 249 253 (184 -112 456 ) (184 -112 760 ) (0 -112 760 ) (0 -112 456 ) 
4 250 313 (0 -104 360 ) (0 -96 360 ) (0 -96 200 ) (0 -104 200 ) 
4 250 314 (0 -112 200 ) (0 -112 360 ) (0 -104 360 ) (0 -104 200 ) 
4 250 253 (184 -112 200 ) (184 -112 360 ) (0 -112 360 ) (0 -112 200 ) 
4 250 252 (184 -112 200 ) (0 -112 200 ) (0 -104 200 ) (184 -104 200 ) 
4 251 315 (0 -96 0 ) (0 -104 0 ) (0 -104 120 ) (0 -96 120 ) 
4 251 252 (0 -104 0 ) (184 -104 0 ) (184 -104 120 ) (0 -104 120 ) 
4 252 315 (0 -104 0 ) (0 -112 0 ) (0 -112 120 ) (0 -104 120 ) 
4 252 314 (0 -112 120 ) (0 -112 200 ) (0 -104 200 ) (0 -104 120 ) 
4 252 253 (0 -112 0 ) (184 -112 0 ) (184 -112 200 ) (0 -112 200 ) 
4 253 327 (0 -280 0 ) (0 -792 0 ) (0 -792 760 ) (0 -280 760 ) 
4 253 326 (0 -112 0 ) (0 -280 0 ) (0 -280 760 ) (0 -112 760 ) 
4 253 254 (0 -792 0 ) (0 -280 0 ) (184 -280 0 ) (184 -792 0 ) 
4 254 327 (0 -280 -8 ) (0 -792 -8 ) (0 -792 0 ) (0 -280 0 ) 
4 255 328 (-1024 0 760 ) (-1024 0 464 ) (-1024 -80 464 ) (-1024 -80 760 ) 
4 255 310 (0 -80 464 ) (0 -80 760 ) (-1024 -80 760 ) (-1024 -80 464 ) 
4 256 329 (-1024 0 440 ) (-1024 0 218 ) (-1024 -72 218 ) (-1024 -72 440 ) 
4 256 276 (-1024 -72 218 ) (-1024 0 218 ) (0 0 218 ) (0 -72 218 ) 
4 256 259 (-1024 -72 218 ) (-664 -72 218 ) (-664 -72 344 ) (-1024 -72 344 ) 
4 256 258 (-640 -72 218 ) (-240 -72 218 ) (-240 -72 344 ) (-640 -72 344 ) 
4 256 257 (-216 -72 218 ) (0 -72 218 ) (0 -72 344 ) (-216 -72 344 ) 
4 257 277 (-216 -72 218 ) (0 -72 218 ) (0 -74 218 ) (-216 -74 218 ) 
4 257 263 (-18 -74 218 ) (-16 -74 218 ) (-16 -74 342 ) (-18 -74 342 ) 
4 257 264 (-118 -74 218 ) (-116 -74 218 ) (-116 -74 342 ) (-118 -74 342 ) 
4 257 260 (0 -74 342 ) (0 -74 344 ) (-216 -74 344 ) (-216 -74 342 ) 
4 258 278 (-640 -72 218 ) (-240 -72 218 ) (-240 -74 218 ) (-640 -74 218 ) 
4 258 268 (-542 -74 218 ) (-540 -74 218 ) (-540 -74 342 ) (-542 -74 342 ) 
4 258 266 (-342 -74 218 ) (-340 -74 218 ) (-340 -74 342 ) (-342 -74 342 ) 
4 258 267 (-442 -74 218 ) (-440 -74 218 ) (-440 -74 342 ) (-442 -74 342 ) 
4 258 265 (-242 -74 218 ) (-240 -74 218 ) (-240 -74 342 ) (-242 -74 342 ) 
4 258 261 (-240 -74 342 ) (-240 -74 344 ) (-640 -74 344 ) (-640 -74 342 ) 
4 259 330 (-1024 -72 218 ) (-1024 -74 218 ) (-1024 -74 344 ) (-1024 -72 344 ) 
4 259 279 (-1024 -74 218 ) (-1024 -72 218 ) (-664 -72 218 ) (-664 -74 218 ) 
4 259 271 (-866 -74 218 ) (-864 -74 218 ) (-864 -74 342 ) (-866 -74 342 ) 
4 259 272 (-966 -74 218 ) (-964 -74 218 ) (-964 -74 342 ) (-966 -74 342 ) 
4 259 270 (-766 -74 218 ) (-764 -74 218 ) (-764 -74 342 ) (-766 -74 342 ) 
4 259 269 (-666 -74 218 ) (-664 -74 218 ) (-664 -74 342 ) (-666 -74 342 ) 
4 259 262 (-664 -74 342 ) (-664 -74 344 ) (-1024 -74 344 ) (-1024 -74 342 ) 
4 260 273 (0 -78 342 ) (0 -78 344 ) (-216 -78 344 ) (-216 -78 342 ) 
4 260 263 (-16 -78 342 ) (-18 -78 342 ) (-18 -74 342 ) (-16 -74 342 ) 
4 260 264 (-116 -78 342 ) (-118 -78 342 ) (-118 -74 342 ) (-116 -74 342 ) 
4 261 274 (-640 -78 342 ) (-240 -78 342 ) (-240 -78 344 ) (-640 -78 344 ) 
4 261 268 (-540 -78 342 ) (-542 -78 342 ) (-542 -74 342 ) (-540 -74 342 ) 
4 261 266 (-340 -78 342 ) (-342 -78 342 ) (-342 -74 342 ) (-340 -74 342 ) 
4 261 267 (-440 -78 342 ) (-442 -78 342 ) (-442 -74 342 ) (-440 -74 342 ) 
4 261 265 (-240 -78 342 ) (-242 -78 342 ) (-242 -74 342 ) (-240 -74 342 ) 
4 262 331 (-1024 -78 342 ) (-1024 -78 344 ) (-1024 -74 344 ) (-1024 -74 342 ) 
4 262 275 (-1024 -78 344 ) (-1024 -78 342 ) (-664 -78 342 ) (-664 -78 344 ) 
4 262 271 (-864 -78 342 ) (-866 -78 342 ) (-866 -74 342 ) (-864 -74 342 ) 
4 262 272 (-964 -78 342 ) (-966 -78 342 ) (-966 -74 342 ) (-964 -74 342 ) 
4 262 270 (-764 -78 342 ) (-766 -78 342 ) (-766 -74 342 ) (-764 -74 342 ) 
4 262 269 (-664 -78 342 ) (-666 -78 342 ) (-666 -74 342 ) (-664 -74 342 ) 
4 263 277 (-18 -74 218 ) (-16 -74 218 ) (-16 -78 218 ) (-18 -78 218 ) 
4 263 273 (-18 -78 218 ) (-16 -78 218 ) (-16 -78 342 ) (-18 -78 342 ) 
4 264 277 (-118 -74 218 ) (-116 -74 218 ) (-116 -78 218 ) (-118 -78 218 ) 
4 264 273 (-118 -78 218 ) (-116 -78 218 ) (-116 -78 342 ) (-118 -78 342 ) 
4 265 278 (-242 -74 218 ) (-240 -74 218 ) (-240 -78 218 ) (-242 -78 218 ) 
4 265 274 (-242 -78 218 ) (-240 -78 218 ) (-240 -78 342 ) (-242 -78 342 ) 
4 266 278 (-342 -74 218 ) (-340 -74 218 ) (-340 -78 218 ) (-342 -78 218 ) 
4 266 274 (-342 -78 218 ) (-340 -78 218 ) (-340 -78 342 ) (-342 -78 342 ) 
4 267 278 (-442 -74 218 ) (-440 -74 218 ) (-440 -78 218 ) (-442 -78 218 ) 
4 267 274 (-442 -78 218 ) (-440 -78 218 ) (-440 -78 342 ) (-442 -78 342 ) 
4 268 278 (-542 -74 218 ) (-540 -74 218 ) (-540 -78 218 ) (-542 -78 218 ) 
4 268 274 (-542 -78 218 ) (-540 -78 218 ) (-540 -78 342 ) (-542 -78 342 ) 
4 269 279 (-666 -74 218 ) (-664 -74 218 ) (-664 -78 218 ) (-666 -78 218 ) 
4 269 275 (-666 -78 218 ) (-664 -78 218 ) (-664 -78 342 ) (-666 -78 342 ) 
4 270 279 (-766 -74 218 ) (-764 -74 218 ) (-764 -78 218 ) (-766 -78 218 ) 
4 270 275 (-766 -78 218 ) (-764 -78 218 ) (-764 -78 342 ) (-766 -78 342 ) 
4 271 279 (-866 -74 218 ) (-864 -74 218 ) (-864 -78 218 ) (-866 -78 218 ) 
4 271 275 (-866 -78 218 ) (-864 -78 218 ) (-864 -78 342 ) (-866 -78 342 ) 
4 272 279 (-966 -74 218 ) (-964 -74 218 ) (-964 -78 218 ) (-966 -78 218 ) 
4 272 275 (-966 -78 218 ) (-964 -78 218 ) (-964 -78 342 ) (-966 -78 342 ) 
4 273 311 (0 -80 218 ) (0 -80 344 ) (-216 -80 344 ) (-216 -80 218 ) 
4 273 277 (0 -80 218 ) (-216 -80 218 ) (-216 -78 218 ) (0 -78 218 ) 
4 274 316 (-640 -80 218 ) (-240 -80 218 ) (-240 -80 344 ) (-640 -80 344 ) 
4 274 278 (-240 -80 218 ) (-640 -80 218 ) (-640 -78 218 ) (-240 -78 218 ) 
4 275 332 (-1024 -78 218 ) (-1024 -80 218 ) (-1024 -80 344 ) (-1024 -78 344 ) 
4 275 321 (-1024 -80 344 ) (-1024 -80 218 ) (-664 -80 218 ) (-664 -80 344 ) 
4 275 279 (-664 -80 218 ) (-1024 -80 218 ) (-1024 -78 218 ) (-664 -78 218 ) 
4 276 329 (-1024 0 218 ) (-1024 0 192 ) (-1024 -72 192 ) (-1024 -72 218 ) 
4 276 279 (-664 -72 216 ) (-664 -72 218 ) (-1024 -72 218 ) (-1024 -72 216 ) 
4 276 278 (-240 -72 216 ) (-240 -72 218 ) (-640 -72 218 ) (-640 -72 216 ) 
4 276 277 (0 -72 216 ) (0 -72 218 ) (-216 -72 218 ) (-216 -72 216 ) 
4 277 311 (0 -80 216 ) (0 -80 218 ) (-216 -80 218 ) (-216 -80 216 ) 
4 278 316 (-240 -80 218 ) (-640 -80 218 ) (-640 -80 216 ) (-240 -80 216 ) 
4 279 333 (-1024 -80 216 ) (-1024 -80 218 ) (-1024 -72 218 ) (-1024 -72 216 ) 
4 279 321 (-664 -80 218 ) (-1024 -80 218 ) (-1024 -80 216 ) (-664 -80 216 ) 
4 280 288 (-216 -48 176 ) (-216 0 176 ) (-216 0 150 ) (-216 -48 150 ) 
4 280 282 (-216 -72 150 ) (-216 0 150 ) (0 0 150 ) (0 -72 150 ) 
4 280 281 (-216 -72 150 ) (0 -72 150 ) (0 -72 152 ) (-216 -72 152 ) 
4 281 312 (0 -80 150 ) (0 -80 152 ) (-216 -80 152 ) (-216 -80 150 ) 
4 281 283 (-18 -74 150 ) (-16 -74 150 ) (-16 -78 150 ) (-18 -78 150 ) 
4 281 284 (-118 -74 150 ) (-116 -74 150 ) (-116 -78 150 ) (-118 -78 150 ) 
4 281 282 (-216 -74 150 ) (-216 -72 150 ) (0 -72 150 ) (0 -74 150 ) 
4 281 285 (0 -80 150 ) (-216 -80 150 ) (-216 -78 150 ) (0 -78 150 ) 
4 282 288 (-216 -48 150 ) (-216 0 150 ) (-216 0 26 ) (-216 -48 26 ) 
4 282 287 (-216 -74 26 ) (-216 -72 26 ) (0 -72 26 ) (0 -74 26 ) 
4 282 286 (-216 -72 26 ) (-216 0 26 ) (0 0 26 ) (0 -72 26 ) 
4 282 283 (-18 -74 26 ) (-16 -74 26 ) (-16 -74 150 ) (-18 -74 150 ) 
4 282 284 (-118 -74 26 ) (-116 -74 26 ) (-116 -74 150 ) (-118 -74 150 ) 
4 283 287 (-18 -74 26 ) (-16 -74 26 ) (-16 -78 26 ) (-18 -78 26 ) 
4 283 285 (-18 -78 26 ) (-16 -78 26 ) (-16 -78 150 ) (-18 -78 150 ) 
4 284 287 (-118 -74 26 ) (-116 -74 26 ) (-116 -78 26 ) (-118 -78 26 ) 
4 284 285 (-118 -78 26 ) (-116 -78 26 ) (-116 -78 150 ) (-118 -78 150 ) 
4 285 312 (0 -80 26 ) (0 -80 150 ) (-216 -80 150 ) (-216 -80 26 ) 
4 285 287 (0 -80 26 ) (-216 -80 26 ) (-216 -78 26 ) (0 -78 26 ) 
4 286 288 (-216 -48 26 ) (-216 0 26 ) (-216 0 0 ) (-216 -48 0 ) 
4 286 287 (0 -72 26 ) (-216 -72 26 ) (-216 -72 24 ) (0 -72 24 ) 
4 287 312 (0 -80 24 ) (0 -80 26 ) (-216 -80 26 ) (-216 -80 24 ) 
4 288 297 (-240 0 26 ) (-240 0 0 ) (-240 -48 0 ) (-240 -48 26 ) 
4 288 291 (-240 0 150 ) (-240 0 26 ) (-240 -48 26 ) (-240 -48 150 ) 
4 288 289 (-240 0 176 ) (-240 0 150 ) (-240 -48 150 ) (-240 -48 176 ) 
4 289 299 (-640 -48 176 ) (-640 0 176 ) (-640 0 150 ) (-640 -48 150 ) 
4 289 291 (-640 -72 150 ) (-640 0 150 ) (-240 0 150 ) (-240 -72 150 ) 
4 289 290 (-640 -72 150 ) (-240 -72 150 ) (-240 -72 152 ) (-640 -72 152 ) 
4 290 317 (-240 -80 150 ) (-240 -80 152 ) (-640 -80 152 ) (-640 -80 150 ) 
4 290 294 (-442 -74 150 ) (-440 -74 150 ) (-440 -78 150 ) (-442 -78 150 ) 
4 290 295 (-542 -74 150 ) (-540 -74 150 ) (-540 -78 150 ) (-542 -78 150 ) 
4 290 292 (-242 -74 150 ) (-240 -74 150 ) (-240 -78 150 ) (-242 -78 150 ) 
4 290 293 (-342 -74 150 ) (-340 -74 150 ) (-340 -78 150 ) (-342 -78 150 ) 
4 290 291 (-640 -74 150 ) (-640 -72 150 ) (-240 -72 150 ) (-240 -74 150 ) 
4 290 296 (-640 -80 150 ) (-640 -78 150 ) (-240 -78 150 ) (-240 -80 150 ) 
4 291 299 (-640 -48 150 ) (-640 0 150 ) (-640 0 26 ) (-640 -48 26 ) 
4 291 298 (-640 -74 26 ) (-640 -72 26 ) (-240 -72 26 ) (-240 -74 26 ) 
4 291 297 (-640 -72 26 ) (-640 0 26 ) (-240 0 26 ) (-240 -72 26 ) 
4 291 294 (-442 -74 26 ) (-440 -74 26 ) (-440 -74 150 ) (-442 -74 150 ) 
4 291 295 (-542 -74 26 ) (-540 -74 26 ) (-540 -74 150 ) (-542 -74 150 ) 
4 291 292 (-242 -74 26 ) (-240 -74 26 ) (-240 -74 150 ) (-242 -74 150 ) 
4 291 293 (-342 -74 26 ) (-340 -74 26 ) (-340 -74 150 ) (-342 -74 150 ) 
4 292 298 (-242 -74 26 ) (-240 -74 26 ) (-240 -78 26 ) (-242 -78 26 ) 
4 292 296 (-242 -78 26 ) (-240 -78 26 ) (-240 -78 150 ) (-242 -78 150 ) 
4 293 298 (-342 -74 26 ) (-340 -74 26 ) (-340 -78 26 ) (-342 -78 26 ) 
4 293 296 (-342 -78 26 ) (-340 -78 26 ) (-340 -78 150 ) (-342 -78 150 ) 
4 294 298 (-442 -74 26 ) (-440 -74 26 ) (-440 -78 26 ) (-442 -78 26 ) 
4 294 296 (-442 -78 26 ) (-440 -78 26 ) (-440 -78 150 ) (-442 -78 150 ) 
4 295 298 (-542 -74 26 ) (-540 -74 26 ) (-540 -78 26 ) (-542 -78 26 ) 
4 295 296 (-542 -78 26 ) (-540 -78 26 ) (-540 -78 150 ) (-542 -78 150 ) 
4 296 317 (-240 -80 26 ) (-240 -80 150 ) (-640 -80 150 ) (-640 -80 26 ) 
4 296 298 (-640 -80 26 ) (-640 -78 26 ) (-240 -78 26 ) (-240 -80 26 ) 
4 297 299 (-640 -48 26 ) (-640 0 26 ) (-640 0 0 ) (-640 -48 0 ) 
4 297 298 (-240 -72 24 ) (-240 -72 26 ) (-640 -72 26 ) (-640 -72 24 ) 
4 298 317 (-240 -80 24 ) (-240 -80 26 ) (-640 -80 26 ) (-640 -80 24 ) 
4 299 308 (-664 0 0 ) (-664 -48 0 ) (-664 -48 26 ) (-664 0 26 ) 
4 299 302 (-664 -48 26 ) (-664 -48 150 ) (-664 0 150 ) (-664 0 26 ) 
4 299 300 (-664 -48 150 ) (-664 -48 176 ) (-664 0 176 ) (-664 0 150 ) 
4 300 334 (-1024 0 176 ) (-1024 0 150 ) (-1024 -72 150 ) (-1024 -72 176 ) 
4 300 302 (-1024 0 150 ) (-664 0 150 ) (-664 -72 150 ) (-1024 -72 150 ) 
4 300 301 (-1024 -72 150 ) (-664 -72 150 ) (-664 -72 152 ) (-1024 -72 152 ) 
4 301 336 (-1024 -74 150 ) (-1024 -78 150 ) (-1024 -78 152 ) (-1024 -74 152 ) 
4 301 335 (-1024 -72 150 ) (-1024 -74 150 ) (-1024 -74 152 ) (-1024 -72 152 ) 
4 301 337 (-1024 -78 150 ) (-1024 -80 150 ) (-1024 -80 152 ) (-1024 -78 152 ) 
4 301 322 (-1024 -80 152 ) (-1024 -80 150 ) (-664 -80 150 ) (-664 -80 152 ) 
4 301 305 (-864 -78 150 ) (-866 -78 150 ) (-866 -74 150 ) (-864 -74 150 ) 
4 301 306 (-964 -78 150 ) (-966 -78 150 ) (-966 -74 150 ) (-964 -74 150 ) 
4 301 303 (-664 -74 150 ) (-664 -78 150 ) (-666 -78 150 ) (-666 -74 150 ) 
4 301 304 (-764 -78 150 ) (-766 -78 150 ) (-766 -74 150 ) (-764 -74 150 ) 
4 301 302 (-664 -72 150 ) (-664 -74 150 ) (-1024 -74 150 ) (-1024 -72 150 ) 
4 301 307 (-664 -78 150 ) (-664 -80 150 ) (-1024 -80 150 ) (-1024 -78 150 ) 
4 302 335 (-1024 -72 26 ) (-1024 -74 26 ) (-1024 -74 150 ) (-1024 -72 150 ) 
4 302 334 (-1024 0 150 ) (-1024 0 26 ) (-1024 -72 26 ) (-1024 -72 150 ) 
4 302 309 (-664 -72 26 ) (-664 -74 26 ) (-1024 -74 26 ) (-1024 -72 26 ) 
4 302 308 (-664 0 26 ) (-664 -72 26 ) (-1024 -72 26 ) (-1024 0 26 ) 
4 302 305 (-866 -74 26 ) (-864 -74 26 ) (-864 -74 150 ) (-866 -74 150 ) 
4 302 306 (-966 -74 26 ) (-964 -74 26 ) (-964 -74 150 ) (-966 -74 150 ) 
4 302 303 (-666 -74 26 ) (-664 -74 26 ) (-664 -74 150 ) (-666 -74 150 ) 
4 302 304 (-766 -74 26 ) (-764 -74 26 ) (-764 -74 150 ) (-766 -74 150 ) 
4 303 309 (-664 -74 26 ) (-664 -78 26 ) (-666 -78 26 ) (-666 -74 26 ) 
4 303 307 (-666 -78 26 ) (-664 -78 26 ) (-664 -78 150 ) (-666 -78 150 ) 
4 304 309 (-764 -78 26 ) (-766 -78 26 ) (-766 -74 26 ) (-764 -74 26 ) 
4 304 307 (-766 -78 26 ) (-764 -78 26 ) (-764 -78 150 ) (-766 -78 150 ) 
4 305 309 (-864 -78 26 ) (-866 -78 26 ) (-866 -74 26 ) (-864 -74 26 ) 
4 305 307 (-866 -78 26 ) (-864 -78 26 ) (-864 -78 150 ) (-866 -78 150 ) 
4 306 309 (-964 -78 26 ) (-966 -78 26 ) (-966 -74 26 ) (-964 -74 26 ) 
4 306 307 (-966 -78 26 ) (-964 -78 26 ) (-964 -78 150 ) (-966 -78 150 ) 
4 307 337 (-1024 -78 26 ) (-1024 -80 26 ) (-1024 -80 150 ) (-1024 -78 150 ) 
4 307 322 (-1024 -80 150 ) (-1024 -80 26 ) (-664 -80 26 ) (-664 -80 150 ) 
4 307 309 (-664 -78 26 ) (-664 -80 26 ) (-1024 -80 26 ) (-1024 -78 26 ) 
4 308 334 (-1024 0 26 ) (-1024 0 0 ) (-1024 -72 0 ) (-1024 -72 26 ) 
4 308 309 (-664 -72 24 ) (-664 -72 26 ) (-1024 -72 26 ) (-1024 -72 24 ) 
4 309 338 (-1024 -80 24 ) (-1024 -80 26 ) (-1024 -72 26 ) (-1024 -72 24 ) 
4 309 322 (-1024 -80 26 ) (-1024 -80 24 ) (-664 -80 24 ) (-664 -80 26 ) 
4 310 342 (-1024 -112 456 ) (-1024 -112 760 ) (-1024 -96 760 ) (-1024 -96 456 ) 
4 310 339 (-1024 -96 760 ) (-1024 -80 760 ) (-1024 -80 456 ) (-1024 -96 456 ) 
4 310 326 (0 -112 456 ) (0 -112 760 ) (-1024 -112 760 ) (-1024 -112 456 ) 
4 311 313 (-216 -96 360 ) (-216 -96 200 ) (0 -96 200 ) (0 -96 360 ) 
4 312 315 (-216 -96 120 ) (-216 -96 0 ) (0 -96 0 ) (0 -96 120 ) 
4 313 314 (-216 -104 360 ) (-216 -104 200 ) (0 -104 200 ) (0 -104 360 ) 
4 314 326 (0 -112 120 ) (0 -112 360 ) (-216 -112 360 ) (-216 -112 120 ) 
4 314 315 (0 -112 120 ) (-216 -112 120 ) (-216 -104 120 ) (0 -104 120 ) 
4 315 326 (0 -112 0 ) (0 -112 120 ) (-216 -112 120 ) (-216 -112 0 ) 
4 316 318 (-640 -96 360 ) (-640 -96 200 ) (-240 -96 200 ) (-240 -96 360 ) 
4 317 319 (-640 -96 120 ) (-640 -96 0 ) (-240 -96 0 ) (-240 -96 120 ) 
4 318 320 (-640 -104 360 ) (-640 -104 200 ) (-240 -104 200 ) (-240 -104 360 ) 
4 319 320 (-640 -104 120 ) (-640 -104 0 ) (-240 -104 0 ) (-240 -104 120 ) 
4 320 326 (-240 -112 0 ) (-240 -112 360 ) (-640 -112 360 ) (-640 -112 0 ) 
4 321 340 (-1024 -96 192 ) (-1024 -96 360 ) (-1024 -80 360 ) (-1024 -80 192 ) 
4 321 323 (-664 -96 200 ) (-664 -96 360 ) (-1024 -96 360 ) (-1024 -96 200 ) 
4 322 341 (-1024 -96 0 ) (-1024 -96 152 ) (-1024 -80 152 ) (-1024 -80 0 ) 
4 322 325 (-664 -96 0 ) (-664 -96 120 ) (-1024 -96 120 ) (-1024 -96 0 ) 
4 323 343 (-1024 -104 360 ) (-1024 -96 360 ) (-1024 -96 200 ) (-1024 -104 200 ) 
4 323 324 (-664 -104 200 ) (-664 -104 360 ) (-1024 -104 360 ) (-1024 -104 200 ) 
4 324 345 (-1024 -112 120 ) (-1024 -112 200 ) (-1024 -104 200 ) (-1024 -104 120 ) 
4 324 343 (-1024 -112 200 ) (-1024 -112 360 ) (-1024 -104 360 ) (-1024 -104 200 ) 
4 324 326 (-664 -112 120 ) (-664 -112 360 ) (-1024 -112 360 ) (-1024 -112 120 ) 
4 324 325 (-664 -104 120 ) (-664 -112 120 ) (-1024 -112 120 ) (-1024 -104 120 ) 
4 325 344 (-1024 -104 120 ) (-1024 -96 120 ) (-1024 -96 0 ) (-1024 -104 0 ) 
4 325 345 (-1024 -112 0 ) (-1024 -112 120 ) (-1024 -104 120 ) (-1024 -104 0 ) 
4 325 326 (-664 -112 0 ) (-664 -112 120 ) (-1024 -112 120 ) (-1024 -112 0 ) 
4 326 346 (-1024 -280 0 ) (-1024 -280 760 ) (-1024 -112 760 ) (-1024 -112 0 ) 
4 326 327 (-1024 -280 760 ) (-1024 -280 0 ) (0 -280 0 ) (0 -280 760 ) 
4 327 355 (-1024 -792 -8 ) (-1024 -792 0 ) (-1024 -280 0 ) (-1024 -280 -8 ) 
4 327 346 (-1024 -792 0 ) (-1024 -792 760 ) (-1024 -280 760 ) (-1024 -280 0 ) 
4 328 347 (-1064 0 760 ) (-1064 0 464 ) (-1064 -80 464 ) (-1064 -80 760 ) 
4 328 339 (-1064 -80 760 ) (-1064 -80 464 ) (-1024 -80 464 ) (-1024 -80 760 ) 
4 329 333 (-1024 -72 216 ) (-1024 -72 218 ) (-1064 -72 218 ) (-1064 -72 216 ) 
4 329 330 (-1024 -72 218 ) (-1024 -72 344 ) (-1064 -72 344 ) (-1064 -72 218 ) 
4 330 333 (-1064 -74 218 ) (-1064 -72 218 ) (-1024 -72 218 ) (-1024 -74 218 ) 
4 330 331 (-1024 -74 342 ) (-1024 -74 344 ) (-1064 -74 344 ) (-1064 -74 342 ) 
4 331 332 (-1024 -78 342 ) (-1024 -78 344 ) (-1064 -78 344 ) (-1064 -78 342 ) 
4 332 340 (-1064 -80 344 ) (-1064 -80 218 ) (-1024 -80 218 ) (-1024 -80 344 ) 
4 332 333 (-1024 -80 218 ) (-1064 -80 218 ) (-1064 -78 218 ) (-1024 -78 218 ) 
4 333 340 (-1064 -80 218 ) (-1064 -80 216 ) (-1024 -80 216 ) (-1024 -80 218 ) 
4 334 338 (-1064 -72 26 ) (-1064 -72 24 ) (-1024 -72 24 ) (-1024 -72 26 ) 
4 334 335 (-1064 -72 152 ) (-1064 -72 26 ) (-1024 -72 26 ) (-1024 -72 152 ) 
4 335 338 (-1064 -74 26 ) (-1064 -72 26 ) (-1024 -72 26 ) (-1024 -74 26 ) 
4 335 336 (-1024 -74 150 ) (-1024 -74 152 ) (-1064 -74 152 ) (-1064 -74 150 ) 
4 336 337 (-1024 -78 150 ) (-1024 -78 152 ) (-1064 -78 152 ) (-1064 -78 150 ) 
4 337 341 (-1064 -80 152 ) (-1064 -80 26 ) (-1024 -80 26 ) (-1024 -80 152 ) 
4 337 338 (-1024 -80 26 ) (-1064 -80 26 ) (-1064 -78 26 ) (-1024 -78 26 ) 
4 338 341 (-1064 -80 26 ) (-1064 -80 24 ) (-1024 -80 24 ) (-1024 -80 26 ) 
4 339 347 (-1064 -96 464 ) (-1064 -96 760 ) (-1064 -80 760 ) (-1064 -80 464 ) 
4 339 342 (-1024 -96 760 ) (-1064 -96 760 ) (-1064 -96 456 ) (-1024 -96 456 ) 
4 340 343 (-1064 -96 360 ) (-1064 -96 200 ) (-1024 -96 200 ) (-1024 -96 360 ) 
4 341 344 (-1064 -96 120 ) (-1064 -96 0 ) (-1024 -96 0 ) (-1024 -96 120 ) 
4 342 347 (-1064 -112 464 ) (-1064 -112 760 ) (-1064 -96 760 ) (-1064 -96 464 ) 
4 342 346 (-1024 -112 760 ) (-1064 -112 760 ) (-1064 -112 456 ) (-1024 -112 456 ) 
4 343 346 (-1064 -112 360 ) (-1064 -112 200 ) (-1024 -112 200 ) (-1024 -112 360 ) 
4 343 345 (-1024 -112 200 ) (-1064 -112 200 ) (-1064 -104 200 ) (-1024 -104 200 ) 
4 344 345 (-1064 -104 120 ) (-1064 -104 0 ) (-1024 -104 0 ) (-1024 -104 120 ) 
4 345 346 (-1064 -112 200 ) (-1064 -112 0 ) (-1024 -112 0 ) (-1024 -112 200 ) 
4 346 355 (-1024 -280 0 ) (-1024 -792 0 ) (-1064 -792 0 ) (-1064 -280 0 ) 
4 346 354 (-1064 -443 0 ) (-1064 -792 0 ) (-1064 -792 760 ) (-1064 -443 760 ) 
4 346 349 (-1064 -112 0 ) (-1064 -443 0 ) (-1064 -443 760 ) (-1064 -112 760 ) 
4 347 349 (-1064 -112 464 ) (-1064 -112 760 ) (-1088 -112 760 ) (-1088 -112 464 ) 
4 347 348 (-1088 -112 464 ) (-1088 -112 760 ) (-1088 0 760 ) (-1088 0 464 ) 
4 348 356 (-2048 0 760 ) (-2048 0 0 ) (-2048 -112 0 ) (-2048 -112 760 ) 
4 348 350 (-1250 -112 0 ) (-1249 -112 0 ) (-1249 -112 760 ) (-1250 -112 760 ) 
4 348 353 (-2048 -112 0 ) (-1250 -112 0 ) (-1250 -112 760 ) (-2048 -112 760 ) 
4 348 349 (-1249 -112 0 ) (-1088 -112 0 ) (-1088 -112 760 ) (-1249 -112 760 ) 
4 349 355 (-1064 -280 0 ) (-1064 -443 0 ) (-1216 -443 0 ) (-1216 -280 0 ) 
4 349 354 (-1249 -443 0 ) (-1064 -443 0 ) (-1064 -443 760 ) (-1249 -443 760 ) 
4 349 351 (-1249 -443 142.296005 ) (-1249 -443 760 ) (-1249 -282 760 ) (-1249 -282 142.296005 ) 
4 349 352 (-1249 -282 0 ) (-1249 -443 0 ) (-1249 -443 2.296090 ) (-1249 -282 2.296090 ) 
4 349 350 (-1249 -112 760 ) (-1249 -112 0 ) (-1249 -282 0 ) (-1249 -282 760 ) 
4 350 351 (-1250 -282 760 ) (-1250 -282 142.296005 ) (-1249 -282 142.296005 ) (-1249 -282 760 ) 
4 350 352 (-1250 -282 2.296090 ) (-1250 -282 0 ) (-1249 -282 0 ) (-1249 -282 2.296090 ) 
4 350 353 (-1250 -112 760 ) (-1250 -112 0 ) (-1250 -282 0 ) (-1250 -282 760 ) 
4 351 354 (-1249 -443 142.296005 ) (-1249 -443 760 ) (-1250 -443 760 ) (-1250 -443 142.296005 ) 
4 351 353 (-1250 -443 142.296005 ) (-1250 -443 760 ) (-1250 -282 760 ) (-1250 -282 142.296005 ) 
4 352 354 (-1250 -443 0 ) (-1249 -443 0 ) (-1249 -443 2.296090 ) (-1250 -443 2.296090 ) 
4 352 353 (-1250 -282 0 ) (-1250 -443 0 ) (-1250 -443 2.296090 ) (-1250 -282 2.296090 ) 
4 353 356 (-2048 -112 0 ) (-2048 -443 0 ) (-2048 -443 760 ) (-2048 -112 760 ) 
4 353 354 (-2048 -443 0 ) (-1250 -443 0 ) (-1250 -443 760 ) (-2048 -443 760 ) 
4 354 356 (-2048 -443 0 ) (-2048 -792 0 ) (-2048 -792 760 ) (-2048 -443 760 ) 
4 354 355 (-1064 -443 0 ) (-1064 -792 0 ) (-1216 -792 0 ) (-1216 -443 0 ) 
