PRT1
394
1018
4 0 2 (1835 1024 0 ) (1835 1024 760 ) (1024 1024 760 ) (1024 1024 0 ) 
4 0 1 (1024 1024 0 ) (1024 1024 760 ) (1024 1568 760 ) (1024 1568 0 ) 
4 1 84 (0 1024 0 ) (0 1024 760 ) (0 1568 760 ) (0 1568 0 ) 
4 1 70 (0 1024 192 ) (0 1024 0 ) (184 1024 0 ) (184 1024 192 ) 
4 1 56 (0 1024 360 ) (0 1024 192 ) (184 1024 192 ) (184 1024 360 ) 
4 1 55 (0 1024 440 ) (0 1024 360 ) (184 1024 360 ) (184 1024 440 ) 
4 1 53 (0 1024 456 ) (0 1024 440 ) (184 1024 440 ) (184 1024 456 ) 
4 1 52 (184 1024 760 ) (0 1024 760 ) (0 1024 456 ) (184 1024 456 ) 
4 1 39 (184 1024 176 ) (184 1024 0 ) (208 1024 0 ) (208 1024 176 ) 
4 1 36 (184 1024 456 ) (184 1024 176 ) (208 1024 176 ) (208 1024 456 ) 
4 1 24 (208 1024 0 ) (568 1024 0 ) (568 1024 456 ) (208 1024 456 ) 
4 1 23 (184 1024 464 ) (184 1024 456 ) (208 1024 456 ) (208 1024 464 ) 
4 1 21 (208 1024 456 ) (568 1024 456 ) (568 1024 464 ) (208 1024 464 ) 
4 1 20 (568 1024 760 ) (184 1024 760 ) (184 1024 464 ) (568 1024 464 ) 
4 1 12 (576 1024 760 ) (568 1024 760 ) (568 1024 0 ) (576 1024 0 ) 
4 1 7 (696 1024 136 ) (688 1024 136 ) (688 1024 0 ) (696 1024 0 ) 
4 1 8 (688 1024 136 ) (576 1024 136 ) (576 1024 0 ) (688 1024 0 ) 
4 1 5 (880 1024 136 ) (872 1024 136 ) (872 1024 0 ) (880 1024 0 ) 
4 1 4 (1024 1024 0 ) (1024 1024 136 ) (880 1024 136 ) (880 1024 0 ) 
4 1 6 (872 1024 136 ) (696 1024 136 ) (696 1024 0 ) (872 1024 0 ) 
4 1 3 (1024 1024 136 ) (1024 1024 760 ) (576 1024 760 ) (576 1024 136 ) 
4 2 267 (1835 0 0 ) (1835 0 760 ) (1024 0 760 ) (1024 0 0 ) 
4 2 10 (1024 384 0 ) (1024 0 0 ) (1024 0 136 ) (1024 384 136 ) 
4 2 4 (1024 1024 136 ) (1024 1024 0 ) (1024 384 0 ) (1024 384 136 ) 
4 2 3 (1024 1024 760 ) (1024 1024 136 ) (1024 0 136 ) (1024 0 760 ) 
4 3 268 (1024 0 136 ) (1024 0 760 ) (576 0 760 ) (576 0 136 ) 
4 3 19 (576 8 136 ) (576 0 136 ) (576 0 464 ) (576 8 464 ) 
4 3 18 (576 0 464 ) (576 0 760 ) (576 408 760 ) (576 408 464 ) 
4 3 16 (576 408 464 ) (576 408 760 ) (576 536 760 ) (576 536 464 ) 
4 3 14 (576 536 464 ) (576 536 760 ) (576 880 760 ) (576 880 464 ) 
4 3 15 (576 536 232 ) (576 536 320 ) (576 880 320 ) (576 880 232 ) 
4 3 13 (576 880 464 ) (576 880 760 ) (576 888 760 ) (576 888 464 ) 
4 3 12 (576 1024 760 ) (576 1024 136 ) (576 888 136 ) (576 888 760 ) 
4 3 11 (576 0 136 ) (576 376 136 ) (880 376 136 ) (880 0 136 ) 
4 3 10 (880 384 136 ) (1024 384 136 ) (1024 0 136 ) (880 0 136 ) 
4 3 9 (576 384 136 ) (576 560 136 ) (696 560 136 ) (696 384 136 ) 
4 3 7 (688 1024 136 ) (696 1024 136 ) (696 608 136 ) (688 608 136 ) 
4 3 8 (576 568 136 ) (576 1024 136 ) (688 1024 136 ) (688 568 136 ) 
4 3 5 (872 1024 136 ) (880 1024 136 ) (880 608 136 ) (872 608 136 ) 
4 3 4 (880 1024 136 ) (1024 1024 136 ) (1024 384 136 ) (880 384 136 ) 
4 3 6 (696 1024 136 ) (872 1024 136 ) (872 384 136 ) (696 384 136 ) 
4 4 10 (1024 384 136 ) (880 384 136 ) (880 384 0 ) (1024 384 0 ) 
4 4 5 (880 1024 0 ) (880 608 0 ) (880 608 136 ) (880 1024 136 ) 
4 5 6 (872 1024 0 ) (872 608 0 ) (872 608 136 ) (872 1024 136 ) 
4 6 9 (696 560 0 ) (696 384 0 ) (696 384 136 ) (696 560 136 ) 
4 6 7 (696 1024 0 ) (696 608 0 ) (696 608 136 ) (696 1024 136 ) 
4 7 8 (688 1024 0 ) (688 608 0 ) (688 608 136 ) (688 1024 136 ) 
4 8 12 (576 1024 136 ) (576 1024 0 ) (576 888 0 ) (576 888 136 ) 
4 9 17 (576 536 0 ) (576 408 0 ) (576 408 114 ) (576 536 114 ) 
4 10 268 (1024 0 0 ) (1024 0 136 ) (880 0 136 ) (880 0 0 ) 
4 10 11 (880 376 0 ) (880 0 0 ) (880 0 136 ) (880 376 136 ) 
4 11 268 (880 0 136 ) (576 0 136 ) (576 0 0 ) (880 0 0 ) 
4 11 19 (576 8 0 ) (576 0 0 ) (576 0 136 ) (576 8 136 ) 
4 12 24 (568 1024 0 ) (568 888 0 ) (568 888 456 ) (568 1024 456 ) 
4 12 21 (568 888 456 ) (568 888 464 ) (568 1024 464 ) (568 1024 456 ) 
4 12 20 (568 888 464 ) (568 888 760 ) (568 1024 760 ) (568 1024 464 ) 
4 12 13 (568 888 760 ) (568 888 464 ) (576 888 464 ) (576 888 760 ) 
4 13 20 (568 880 464 ) (568 880 760 ) (568 888 760 ) (568 888 464 ) 
4 13 14 (568 880 760 ) (568 880 464 ) (576 880 464 ) (576 880 760 ) 
4 14 20 (568 536 464 ) (568 536 760 ) (568 880 760 ) (568 880 464 ) 
4 14 16 (568 536 760 ) (568 536 464 ) (576 536 464 ) (576 536 760 ) 
4 15 31 (568 536 232 ) (568 536 320 ) (568 576 320 ) (568 576 232 ) 
4 15 27 (568 576 320 ) (568 756 320 ) (568 756 232 ) (568 576 232 ) 
4 15 26 (568 756 320 ) (568 880 320 ) (568 880 232 ) (568 756 232 ) 
4 16 20 (568 408 464 ) (568 408 760 ) (568 536 760 ) (568 536 464 ) 
4 16 18 (568 408 760 ) (568 408 464 ) (576 408 464 ) (576 408 760 ) 
4 17 31 (568 536 0 ) (568 408 0 ) (568 408 114 ) (568 536 114 ) 
4 18 268 (568 0 760 ) (568 0 464 ) (576 0 464 ) (576 0 760 ) 
4 18 20 (568 0 464 ) (568 0 760 ) (568 408 760 ) (568 408 464 ) 
4 18 19 (568 0 464 ) (568 8 464 ) (576 8 464 ) (576 0 464 ) 
4 19 268 (568 0 464 ) (568 0 0 ) (576 0 0 ) (576 0 464 ) 
4 19 46 (568 8 0 ) (568 0 0 ) (568 0 456 ) (568 8 456 ) 
4 19 22 (568 0 456 ) (568 0 464 ) (568 8 464 ) (568 8 456 ) 
4 20 269 (184 0 760 ) (184 0 464 ) (208 0 464 ) (208 0 760 ) 
4 20 268 (208 0 464 ) (568 0 464 ) (568 0 760 ) (208 0 760 ) 
4 20 54 (184 856 464 ) (184 0 464 ) (184 0 760 ) (184 856 760 ) 
4 20 52 (184 1024 760 ) (184 1024 464 ) (184 856 464 ) (184 856 760 ) 
4 20 23 (184 888 464 ) (184 1024 464 ) (208 1024 464 ) (208 888 464 ) 
4 20 22 (568 8 464 ) (568 0 464 ) (208 0 464 ) (208 8 464 ) 
4 20 21 (208 1024 464 ) (568 1024 464 ) (568 888 464 ) (208 888 464 ) 
4 21 24 (208 1024 456 ) (568 1024 456 ) (568 888 456 ) (208 888 456 ) 
4 21 23 (208 1024 456 ) (208 888 456 ) (208 888 464 ) (208 1024 464 ) 
4 22 268 (208 0 456 ) (568 0 456 ) (568 0 464 ) (208 0 464 ) 
4 22 51 (336 0 456 ) (208 0 456 ) (208 8 456 ) (336 8 456 ) 
4 22 48 (344 0 456 ) (336 0 456 ) (336 8 456 ) (344 8 456 ) 
4 22 46 (568 8 456 ) (568 0 456 ) (344 0 456 ) (344 8 456 ) 
4 23 52 (184 1024 464 ) (184 1024 456 ) (184 888 456 ) (184 888 464 ) 
4 23 36 (184 888 456 ) (184 1024 456 ) (208 1024 456 ) (208 888 456 ) 
4 24 39 (208 1024 0 ) (208 888 0 ) (208 888 176 ) (208 1024 176 ) 
4 24 36 (208 888 176 ) (208 888 456 ) (208 1024 456 ) (208 1024 176 ) 
4 24 25 (208 888 320 ) (208 888 232 ) (568 888 232 ) (568 888 320 ) 
4 25 26 (208 880 320 ) (208 880 232 ) (568 880 232 ) (568 880 320 ) 
4 26 28 (208 756 456 ) (208 756 184 ) (360 756 184 ) (360 756 456 ) 
4 26 30 (208 756 184 ) (208 756 96 ) (360 756 96 ) (360 756 184 ) 
4 26 27 (416 756 96 ) (568 756 96 ) (568 756 456 ) (416 756 456 ) 
4 27 31 (416 576 0 ) (568 576 0 ) (568 576 456 ) (416 576 456 ) 
4 28 29 (208 612 456 ) (208 612 192 ) (360 612 192 ) (360 612 456 ) 
4 28 30 (208 756 184 ) (360 756 184 ) (360 612 184 ) (208 612 184 ) 
4 29 32 (220 576 192 ) (348 576 192 ) (348 576 304 ) (220 576 304 ) 
4 31 44 (428 288 112 ) (428 288 0 ) (556 288 0 ) (556 288 112 ) 
4 32 33 (220 568 192 ) (348 568 192 ) (348 568 304 ) (220 568 304 ) 
4 33 37 (208 288 192 ) (208 288 456 ) (208 568 456 ) (208 568 192 ) 
4 34 43 (208 322 0 ) (208 296 0 ) (208 296 176 ) (208 322 176 ) 
4 34 41 (208 448 0 ) (208 322 0 ) (208 322 176 ) (208 448 176 ) 
4 34 40 (208 568 0 ) (208 448 0 ) (208 448 176 ) (208 568 176 ) 
4 34 35 (336 296 0 ) (336 296 112 ) (208 296 112 ) (208 296 0 ) 
4 35 49 (208 288 112 ) (208 288 0 ) (336 288 0 ) (336 288 112 ) 
4 36 70 (184 1024 192 ) (184 1024 176 ) (184 888 176 ) (184 888 192 ) 
4 36 56 (184 1024 360 ) (184 1024 192 ) (184 888 192 ) (184 888 360 ) 
4 36 55 (184 1024 440 ) (184 1024 360 ) (184 888 360 ) (184 888 440 ) 
4 36 53 (184 1024 456 ) (184 1024 440 ) (184 888 440 ) (184 888 456 ) 
4 36 39 (208 1024 176 ) (208 888 176 ) (184 888 176 ) (184 1024 176 ) 
4 37 38 (200 448 192 ) (200 322 192 ) (200 322 304 ) (200 448 304 ) 
4 38 68 (184 448 304 ) (184 448 192 ) (184 322 192 ) (184 322 304 ) 
4 39 70 (184 1024 176 ) (184 1024 0 ) (184 888 0 ) (184 888 176 ) 
4 40 41 (208 448 0 ) (208 448 176 ) (200 448 176 ) (200 448 0 ) 
4 41 43 (208 322 0 ) (208 322 176 ) (200 322 176 ) (200 322 0 ) 
4 41 42 (200 448 112 ) (200 448 0 ) (200 322 0 ) (200 322 112 ) 
4 42 82 (184 448 0 ) (184 322 0 ) (184 322 112 ) (184 448 112 ) 
4 44 45 (428 280 0 ) (556 280 0 ) (556 280 112 ) (428 280 112 ) 
4 45 47 (344 232 0 ) (344 104 0 ) (344 104 112 ) (344 232 112 ) 
4 45 46 (344 8 176 ) (344 8 0 ) (568 8 0 ) (568 8 176 ) 
4 46 268 (344 0 0 ) (568 0 0 ) (568 0 456 ) (344 0 456 ) 
4 46 48 (344 8 0 ) (344 0 0 ) (344 0 456 ) (344 8 456 ) 
4 47 49 (336 232 0 ) (336 104 0 ) (336 104 112 ) (336 232 112 ) 
4 48 268 (336 0 0 ) (344 0 0 ) (344 0 456 ) (336 0 456 ) 
4 48 51 (336 8 0 ) (336 0 0 ) (336 0 456 ) (336 8 456 ) 
4 49 50 (208 16 112 ) (208 16 0 ) (336 16 0 ) (336 16 112 ) 
4 50 51 (208 8 112 ) (208 8 0 ) (336 8 0 ) (336 8 112 ) 
4 51 268 (208 0 0 ) (336 0 0 ) (336 0 456 ) (208 0 456 ) 
4 52 88 (0 888 456 ) (0 856 456 ) (0 856 464 ) (0 888 464 ) 
4 52 87 (0 1024 464 ) (0 1024 456 ) (0 888 456 ) (0 888 464 ) 
4 52 86 (0 1024 760 ) (0 1024 464 ) (0 856 464 ) (0 856 760 ) 
4 52 54 (184 856 464 ) (184 856 760 ) (0 856 760 ) (0 856 464 ) 
4 52 53 (0 888 456 ) (0 1024 456 ) (184 1024 456 ) (184 888 456 ) 
4 53 87 (0 1024 456 ) (0 1024 440 ) (0 888 440 ) (0 888 456 ) 
4 53 55 (0 888 440 ) (0 1024 440 ) (184 1024 440 ) (184 888 440 ) 
4 54 271 (0 0 760 ) (0 0 464 ) (184 0 464 ) (184 0 760 ) 
4 54 86 (0 0 464 ) (0 0 760 ) (0 856 760 ) (0 856 464 ) 
4 55 91 (0 888 440 ) (0 1024 440 ) (0 1024 360 ) (0 888 360 ) 
4 55 56 (0 888 360 ) (0 1024 360 ) (184 1024 360 ) (184 888 360 ) 
4 56 92 (0 1024 360 ) (0 1024 192 ) (0 880 192 ) (0 880 360 ) 
4 56 70 (184 1024 192 ) (184 880 192 ) (0 880 192 ) (0 1024 192 ) 
4 56 57 (184 880 200 ) (184 880 360 ) (0 880 360 ) (0 880 200 ) 
4 57 93 (0 872 200 ) (0 872 360 ) (0 880 360 ) (0 880 200 ) 
4 57 58 (184 872 200 ) (184 872 360 ) (0 872 360 ) (0 872 200 ) 
4 58 94 (0 872 192 ) (0 856 192 ) (0 856 360 ) (0 872 360 ) 
4 58 64 (184 856 216 ) (184 856 218 ) (0 856 218 ) (0 856 216 ) 
4 58 60 (184 856 218 ) (184 856 342 ) (0 856 342 ) (0 856 218 ) 
4 58 59 (184 856 342 ) (184 856 344 ) (0 856 344 ) (0 856 342 ) 
4 59 118 (0 850 342 ) (0 848 342 ) (0 848 344 ) (0 850 344 ) 
4 59 103 (0 856 344 ) (0 856 342 ) (0 850 342 ) (0 850 344 ) 
4 59 66 (108 848 344 ) (0 848 344 ) (0 848 342 ) (108 848 342 ) 
4 59 65 (184 848 342 ) (184 848 344 ) (108 848 344 ) (108 848 342 ) 
4 59 61 (182 854 342 ) (184 854 342 ) (184 850 342 ) (182 850 342 ) 
4 59 62 (82 854 342 ) (84 854 342 ) (84 850 342 ) (82 850 342 ) 
4 59 60 (0 854 342 ) (0 856 342 ) (184 856 342 ) (184 854 342 ) 
4 59 63 (184 848 342 ) (0 848 342 ) (0 850 342 ) (184 850 342 ) 
4 60 106 (0 856 342 ) (0 856 218 ) (0 854 218 ) (0 854 342 ) 
4 60 64 (0 854 218 ) (0 856 218 ) (184 856 218 ) (184 854 218 ) 
4 60 61 (182 854 218 ) (184 854 218 ) (184 854 342 ) (182 854 342 ) 
4 60 62 (82 854 218 ) (84 854 218 ) (84 854 342 ) (82 854 342 ) 
4 61 64 (182 854 218 ) (184 854 218 ) (184 850 218 ) (182 850 218 ) 
4 61 63 (182 850 218 ) (184 850 218 ) (184 850 342 ) (182 850 342 ) 
4 62 64 (82 854 218 ) (84 854 218 ) (84 850 218 ) (82 850 218 ) 
4 62 63 (82 850 218 ) (84 850 218 ) (84 850 342 ) (82 850 342 ) 
4 63 118 (0 850 218 ) (0 848 218 ) (0 848 342 ) (0 850 342 ) 
4 63 66 (108 848 342 ) (0 848 342 ) (0 848 218 ) (108 848 218 ) 
4 63 65 (184 848 218 ) (184 848 342 ) (108 848 342 ) (108 848 218 ) 
4 63 64 (184 848 218 ) (0 848 218 ) (0 850 218 ) (184 850 218 ) 
4 64 121 (0 856 218 ) (0 856 216 ) (0 848 216 ) (0 848 218 ) 
4 64 66 (108 848 218 ) (0 848 218 ) (0 848 216 ) (108 848 216 ) 
4 64 65 (184 848 216 ) (184 848 218 ) (108 848 218 ) (108 848 216 ) 
4 65 66 (108 848 440 ) (108 848 192 ) (108 496 192 ) (108 496 440 ) 
4 66 124 (0 496 440 ) (0 848 440 ) (0 848 192 ) (0 496 192 ) 
4 66 67 (0 496 192 ) (108 496 192 ) (108 496 304 ) (0 496 304 ) 
4 67 125 (0 496 304 ) (0 496 192 ) (0 488 192 ) (0 488 304 ) 
4 67 68 (0 488 192 ) (108 488 192 ) (108 488 304 ) (0 488 304 ) 
4 68 127 (0 280 440 ) (0 488 440 ) (0 488 192 ) (0 280 192 ) 
4 69 281 (0 0 218 ) (0 0 192 ) (184 0 192 ) (184 0 218 ) 
4 69 274 (0 0 342 ) (0 0 218 ) (184 0 218 ) (184 0 342 ) 
4 69 272 (0 0 440 ) (0 0 342 ) (184 0 342 ) (184 0 440 ) 
4 69 128 (0 0 192 ) (0 0 440 ) (0 272 440 ) (0 272 192 ) 
4 70 150 (0 1024 26 ) (0 1024 0 ) (0 880 0 ) (0 880 26 ) 
4 70 142 (0 1024 176 ) (0 1024 26 ) (0 880 26 ) (0 880 176 ) 
4 70 141 (0 880 192 ) (0 1024 192 ) (0 1024 176 ) (0 880 176 ) 
4 70 71 (0 880 0 ) (184 880 0 ) (184 880 120 ) (0 880 120 ) 
4 71 150 (0 880 26 ) (0 880 0 ) (0 872 0 ) (0 872 26 ) 
4 71 143 (0 880 120 ) (0 880 26 ) (0 872 26 ) (0 872 120 ) 
4 71 77 (0 872 0 ) (184 872 0 ) (184 872 26 ) (0 872 26 ) 
4 71 73 (184 872 26 ) (184 872 120 ) (0 872 120 ) (0 872 26 ) 
4 72 145 (0 854 150 ) (0 848 150 ) (0 848 152 ) (0 854 152 ) 
4 72 144 (0 872 152 ) (0 872 150 ) (0 854 150 ) (0 854 152 ) 
4 72 80 (106 848 152 ) (0 848 152 ) (0 848 150 ) (106 848 150 ) 
4 72 79 (184 848 150 ) (184 848 152 ) (106 848 152 ) (106 848 150 ) 
4 72 74 (182 854 150 ) (184 854 150 ) (184 850 150 ) (182 850 150 ) 
4 72 75 (82 854 150 ) (84 854 150 ) (84 850 150 ) (82 850 150 ) 
4 72 73 (0 854 150 ) (0 872 150 ) (184 872 150 ) (184 854 150 ) 
4 72 76 (184 848 150 ) (0 848 150 ) (0 850 150 ) (184 850 150 ) 
4 73 144 (0 872 150 ) (0 872 26 ) (0 854 26 ) (0 854 150 ) 
4 73 78 (0 854 26 ) (0 856 26 ) (184 856 26 ) (184 854 26 ) 
4 73 77 (0 856 26 ) (0 872 26 ) (184 872 26 ) (184 856 26 ) 
4 73 74 (182 854 26 ) (184 854 26 ) (184 854 150 ) (182 854 150 ) 
4 73 75 (82 854 26 ) (84 854 26 ) (84 854 150 ) (82 854 150 ) 
4 74 78 (182 854 26 ) (184 854 26 ) (184 850 26 ) (182 850 26 ) 
4 74 76 (182 850 26 ) (184 850 26 ) (184 850 150 ) (182 850 150 ) 
4 75 78 (82 854 26 ) (84 854 26 ) (84 850 26 ) (82 850 26 ) 
4 75 76 (82 850 26 ) (84 850 26 ) (84 850 150 ) (82 850 150 ) 
4 76 149 (0 850 26 ) (0 848 26 ) (0 848 150 ) (0 850 150 ) 
4 76 80 (106 848 150 ) (0 848 150 ) (0 848 26 ) (106 848 26 ) 
4 76 79 (184 848 26 ) (184 848 150 ) (106 848 150 ) (106 848 26 ) 
4 76 78 (184 848 26 ) (0 848 26 ) (0 850 26 ) (184 850 26 ) 
4 77 150 (0 872 26 ) (0 872 0 ) (0 856 0 ) (0 856 26 ) 
4 77 78 (184 856 24 ) (184 856 26 ) (0 856 26 ) (0 856 24 ) 
4 78 151 (0 848 24 ) (0 848 26 ) (0 856 26 ) (0 856 24 ) 
4 78 80 (106 848 26 ) (0 848 26 ) (0 848 24 ) (106 848 24 ) 
4 78 79 (184 848 24 ) (184 848 26 ) (106 848 26 ) (106 848 24 ) 
4 79 80 (106 848 176 ) (106 848 0 ) (106 496 0 ) (106 496 176 ) 
4 80 152 (0 848 26 ) (0 848 0 ) (0 496 0 ) (0 496 26 ) 
4 80 149 (0 848 150 ) (0 848 26 ) (0 496 26 ) (0 496 150 ) 
4 80 146 (0 496 176 ) (0 848 176 ) (0 848 150 ) (0 496 150 ) 
4 80 81 (0 496 0 ) (106 496 0 ) (106 496 114 ) (0 496 114 ) 
4 81 153 (0 496 114 ) (0 496 0 ) (0 488 0 ) (0 488 114 ) 
4 81 82 (0 488 0 ) (106 488 0 ) (106 488 114 ) (0 488 114 ) 
4 82 154 (0 280 176 ) (0 488 176 ) (0 488 0 ) (0 280 0 ) 
4 83 290 (0 0 26 ) (0 0 0 ) (184 0 0 ) (184 0 26 ) 
4 83 286 (0 0 150 ) (0 0 26 ) (184 0 26 ) (184 0 150 ) 
4 83 284 (0 0 176 ) (0 0 150 ) (184 0 150 ) (184 0 176 ) 
4 83 155 (0 0 0 ) (0 0 176 ) (0 272 176 ) (0 272 0 ) 
4 84 193 (-1024 1024 26 ) (-1024 1024 0 ) (-664 1024 0 ) (-664 1024 26 ) 
4 84 184 (-1024 1024 176 ) (-1024 1024 26 ) (-664 1024 26 ) (-664 1024 176 ) 
4 84 182 (-664 1024 0 ) (-640 1024 0 ) (-640 1024 176 ) (-664 1024 176 ) 
4 84 181 (-664 1024 192 ) (-1024 1024 192 ) (-1024 1024 176 ) (-664 1024 176 ) 
4 84 180 (-640 1024 192 ) (-664 1024 192 ) (-664 1024 176 ) (-640 1024 176 ) 
4 84 169 (-640 1024 26 ) (-640 1024 0 ) (-240 1024 0 ) (-240 1024 26 ) 
4 84 161 (-640 1024 176 ) (-640 1024 26 ) (-240 1024 26 ) (-240 1024 176 ) 
4 84 160 (-240 1024 192 ) (-640 1024 192 ) (-640 1024 176 ) (-240 1024 176 ) 
4 84 157 (-240 1024 176 ) (-240 1024 0 ) (-216 1024 0 ) (-216 1024 176 ) 
4 84 156 (-216 1024 192 ) (-240 1024 192 ) (-240 1024 176 ) (-216 1024 176 ) 
4 84 150 (0 1024 0 ) (0 1024 26 ) (-216 1024 26 ) (-216 1024 0 ) 
4 84 142 (0 1024 26 ) (0 1024 176 ) (-216 1024 176 ) (-216 1024 26 ) 
4 84 141 (0 1024 176 ) (0 1024 192 ) (-216 1024 192 ) (-216 1024 176 ) 
4 84 100 (-664 1024 360 ) (-1024 1024 360 ) (-1024 1024 192 ) (-664 1024 192 ) 
4 84 99 (-640 1024 360 ) (-664 1024 360 ) (-664 1024 192 ) (-640 1024 192 ) 
4 84 96 (-240 1024 360 ) (-640 1024 360 ) (-640 1024 192 ) (-240 1024 192 ) 
4 84 95 (-216 1024 360 ) (-240 1024 360 ) (-240 1024 192 ) (-216 1024 192 ) 
4 84 92 (0 1024 192 ) (0 1024 360 ) (-216 1024 360 ) (-216 1024 192 ) 
4 84 91 (0 1024 360 ) (0 1024 440 ) (-1024 1024 440 ) (-1024 1024 360 ) 
4 84 87 (0 1024 440 ) (0 1024 464 ) (-1024 1024 464 ) (-1024 1024 440 ) 
4 84 86 (0 1024 464 ) (0 1024 760 ) (-1024 1024 760 ) (-1024 1024 464 ) 
4 84 85 (-1024 1024 0 ) (-1024 1024 760 ) (-1024 1568 760 ) (-1024 1568 0 ) 
4 85 265 (-2048 1024 0 ) (-2048 1024 760 ) (-2048 1568 760 ) (-2048 1568 0 ) 
4 85 264 (-2048 1024 464 ) (-2048 1024 0 ) (-1456 1024 0 ) (-1456 1024 464 ) 
4 85 249 (-1456 1024 0 ) (-1240 1024 0 ) (-1240 1024 464 ) (-1456 1024 464 ) 
4 85 233 (-1240 1024 0 ) (-1088 1024 0 ) (-1088 1024 464 ) (-1240 1024 464 ) 
4 85 227 (-1088 1024 0 ) (-1064 1024 0 ) (-1064 1024 464 ) (-1088 1024 464 ) 
4 85 226 (-2048 1024 760 ) (-2048 1024 464 ) (-1064 1024 464 ) (-1064 1024 760 ) 
4 85 215 (-1064 1024 0 ) (-1024 1024 0 ) (-1024 1024 192 ) (-1064 1024 192 ) 
4 85 205 (-1024 1024 192 ) (-1024 1024 200 ) (-1064 1024 200 ) (-1064 1024 192 ) 
4 85 203 (-1024 1024 200 ) (-1024 1024 440 ) (-1064 1024 440 ) (-1064 1024 200 ) 
4 85 200 (-1024 1024 440 ) (-1024 1024 464 ) (-1064 1024 464 ) (-1064 1024 440 ) 
4 85 199 (-1024 1024 464 ) (-1024 1024 760 ) (-1064 1024 760 ) (-1064 1024 464 ) 
4 86 296 (0 0 464 ) (0 0 760 ) (-1024 0 760 ) (-1024 0 464 ) 
4 86 199 (-1024 1024 760 ) (-1024 1024 464 ) (-1024 0 464 ) (-1024 0 760 ) 
4 86 90 (-970 0 464 ) (-1024 0 464 ) (-1024 52 464 ) (-970 52 464 ) 
4 86 89 (-528 304 464 ) (-528 472 464 ) (-352 472 464 ) (-352 304 464 ) 
4 86 88 (-1024 856 464 ) (-1024 888 464 ) (0 888 464 ) (0 856 464 ) 
4 86 87 (-1024 888 464 ) (-1024 1024 464 ) (0 1024 464 ) (0 888 464 ) 
4 87 200 (-1024 1024 464 ) (-1024 1024 440 ) (-1024 888 440 ) (-1024 888 464 ) 
4 87 91 (-1024 888 440 ) (-1024 1024 440 ) (0 1024 440 ) (0 888 440 ) 
4 87 88 (0 888 456 ) (0 888 464 ) (-1024 888 464 ) (-1024 888 456 ) 
4 88 201 (-1024 856 456 ) (-1024 856 464 ) (-1024 888 464 ) (-1024 888 456 ) 
4 89 135 (-352 472 440 ) (-352 304 440 ) (-528 304 440 ) (-528 472 440 ) 
4 90 297 (-970 0 464 ) (-1024 0 464 ) (-1024 0 440 ) (-970 0 440 ) 
4 90 202 (-1024 52 440 ) (-1024 0 440 ) (-1024 0 464 ) (-1024 52 464 ) 
4 90 140 (-1024 0 440 ) (-1024 52 440 ) (-970 52 440 ) (-970 0 440 ) 
4 91 203 (-1024 1024 440 ) (-1024 1024 360 ) (-1024 888 360 ) (-1024 888 440 ) 
4 91 100 (-1024 888 360 ) (-1024 1024 360 ) (-664 1024 360 ) (-664 888 360 ) 
4 91 99 (-664 1024 360 ) (-640 1024 360 ) (-640 888 360 ) (-664 888 360 ) 
4 91 96 (-640 1024 360 ) (-240 1024 360 ) (-240 888 360 ) (-640 888 360 ) 
4 91 95 (-240 1024 360 ) (-216 1024 360 ) (-216 888 360 ) (-240 888 360 ) 
4 91 92 (-216 1024 360 ) (0 1024 360 ) (0 888 360 ) (-216 888 360 ) 
4 92 141 (-216 1024 192 ) (0 1024 192 ) (0 880 192 ) (-216 880 192 ) 
4 92 95 (-216 1024 192 ) (-216 888 192 ) (-216 888 360 ) (-216 1024 360 ) 
4 92 93 (-216 880 360 ) (-216 880 200 ) (0 880 200 ) (0 880 360 ) 
4 93 94 (-216 872 360 ) (-216 872 200 ) (0 872 200 ) (0 872 360 ) 
4 94 121 (0 856 216 ) (0 856 218 ) (-216 856 218 ) (-216 856 216 ) 
4 94 106 (0 856 218 ) (0 856 342 ) (-216 856 342 ) (-216 856 218 ) 
4 94 103 (0 856 342 ) (0 856 344 ) (-216 856 344 ) (-216 856 342 ) 
4 95 156 (-240 1024 192 ) (-216 1024 192 ) (-216 888 192 ) (-240 888 192 ) 
4 95 96 (-240 1024 192 ) (-240 888 192 ) (-240 888 360 ) (-240 1024 360 ) 
4 96 160 (-640 1024 192 ) (-240 1024 192 ) (-240 880 192 ) (-640 880 192 ) 
4 96 99 (-640 1024 192 ) (-640 888 192 ) (-640 888 360 ) (-640 1024 360 ) 
4 96 97 (-640 880 360 ) (-640 880 200 ) (-240 880 200 ) (-240 880 360 ) 
4 97 98 (-640 872 360 ) (-640 872 200 ) (-240 872 200 ) (-240 872 360 ) 
4 98 122 (-240 856 216 ) (-240 856 218 ) (-640 856 218 ) (-640 856 216 ) 
4 98 107 (-240 856 218 ) (-240 856 342 ) (-640 856 342 ) (-640 856 218 ) 
4 98 104 (-240 856 342 ) (-240 856 344 ) (-640 856 344 ) (-640 856 342 ) 
4 99 180 (-664 1024 192 ) (-640 1024 192 ) (-640 888 192 ) (-664 888 192 ) 
4 99 100 (-664 1024 192 ) (-664 888 192 ) (-664 888 360 ) (-664 1024 360 ) 
4 100 205 (-1024 1024 200 ) (-1024 1024 192 ) (-1024 880 192 ) (-1024 880 200 ) 
4 100 204 (-1024 888 200 ) (-1024 880 200 ) (-1024 880 360 ) (-1024 888 360 ) 
4 100 203 (-1024 1024 360 ) (-1024 1024 200 ) (-1024 888 200 ) (-1024 888 360 ) 
4 100 181 (-1024 880 192 ) (-1024 1024 192 ) (-664 1024 192 ) (-664 880 192 ) 
4 100 101 (-664 880 200 ) (-664 880 360 ) (-1024 880 360 ) (-1024 880 200 ) 
4 101 204 (-1024 872 200 ) (-1024 872 360 ) (-1024 880 360 ) (-1024 880 200 ) 
4 101 102 (-664 872 200 ) (-664 872 360 ) (-1024 872 360 ) (-1024 872 200 ) 
4 102 206 (-1024 872 192 ) (-1024 856 192 ) (-1024 856 200 ) (-1024 872 200 ) 
4 102 204 (-1024 856 200 ) (-1024 856 360 ) (-1024 872 360 ) (-1024 872 200 ) 
4 102 123 (-664 856 216 ) (-664 856 218 ) (-1024 856 218 ) (-1024 856 216 ) 
4 102 108 (-664 856 218 ) (-664 856 342 ) (-1024 856 342 ) (-1024 856 218 ) 
4 102 105 (-664 856 342 ) (-664 856 344 ) (-1024 856 344 ) (-1024 856 342 ) 
4 103 118 (0 850 342 ) (0 850 344 ) (-216 850 344 ) (-216 850 342 ) 
4 103 109 (-16 850 342 ) (-18 850 342 ) (-18 854 342 ) (-16 854 342 ) 
4 103 110 (-116 850 342 ) (-118 850 342 ) (-118 854 342 ) (-116 854 342 ) 
4 103 106 (-216 854 342 ) (-216 856 342 ) (0 856 342 ) (0 854 342 ) 
4 104 119 (-240 850 344 ) (-640 850 344 ) (-640 850 342 ) (-240 850 342 ) 
4 104 113 (-440 850 342 ) (-442 850 342 ) (-442 854 342 ) (-440 854 342 ) 
4 104 114 (-540 850 342 ) (-542 850 342 ) (-542 854 342 ) (-540 854 342 ) 
4 104 112 (-340 850 342 ) (-342 850 342 ) (-342 854 342 ) (-340 854 342 ) 
4 104 111 (-240 850 342 ) (-242 850 342 ) (-242 854 342 ) (-240 854 342 ) 
4 104 107 (-640 854 342 ) (-640 856 342 ) (-240 856 342 ) (-240 854 342 ) 
4 105 208 (-1024 854 342 ) (-1024 850 342 ) (-1024 850 344 ) (-1024 854 344 ) 
4 105 207 (-1024 856 344 ) (-1024 856 342 ) (-1024 854 342 ) (-1024 854 344 ) 
4 105 120 (-664 850 344 ) (-1024 850 344 ) (-1024 850 342 ) (-664 850 342 ) 
4 105 116 (-862 850 342 ) (-864 850 342 ) (-864 854 342 ) (-862 854 342 ) 
4 105 117 (-962 850 342 ) (-964 850 342 ) (-964 854 342 ) (-962 854 342 ) 
4 105 115 (-762 850 342 ) (-764 850 342 ) (-764 854 342 ) (-762 854 342 ) 
4 105 108 (-1024 854 342 ) (-1024 856 342 ) (-664 856 342 ) (-664 854 342 ) 
4 106 121 (-216 856 218 ) (0 856 218 ) (0 854 218 ) (-216 854 218 ) 
4 106 109 (-18 854 218 ) (-16 854 218 ) (-16 854 342 ) (-18 854 342 ) 
4 106 110 (-118 854 218 ) (-116 854 218 ) (-116 854 342 ) (-118 854 342 ) 
4 107 122 (-640 856 218 ) (-240 856 218 ) (-240 854 218 ) (-640 854 218 ) 
4 107 113 (-442 854 218 ) (-440 854 218 ) (-440 854 342 ) (-442 854 342 ) 
4 107 114 (-542 854 218 ) (-540 854 218 ) (-540 854 342 ) (-542 854 342 ) 
4 107 112 (-342 854 218 ) (-340 854 218 ) (-340 854 342 ) (-342 854 342 ) 
4 107 111 (-242 854 218 ) (-240 854 218 ) (-240 854 342 ) (-242 854 342 ) 
4 108 207 (-1024 856 342 ) (-1024 856 218 ) (-1024 854 218 ) (-1024 854 342 ) 
4 108 123 (-1024 854 218 ) (-1024 856 218 ) (-664 856 218 ) (-664 854 218 ) 
4 108 116 (-864 854 218 ) (-862 854 218 ) (-862 854 342 ) (-864 854 342 ) 
4 108 117 (-964 854 218 ) (-962 854 218 ) (-962 854 342 ) (-964 854 342 ) 
4 108 115 (-764 854 218 ) (-762 854 218 ) (-762 854 342 ) (-764 854 342 ) 
4 109 121 (-18 854 218 ) (-16 854 218 ) (-16 850 218 ) (-18 850 218 ) 
4 109 118 (-18 850 218 ) (-16 850 218 ) (-16 850 342 ) (-18 850 342 ) 
4 110 121 (-118 854 218 ) (-116 854 218 ) (-116 850 218 ) (-118 850 218 ) 
4 110 118 (-118 850 218 ) (-116 850 218 ) (-116 850 342 ) (-118 850 342 ) 
4 111 122 (-242 854 218 ) (-240 854 218 ) (-240 850 218 ) (-242 850 218 ) 
4 111 119 (-242 850 218 ) (-240 850 218 ) (-240 850 342 ) (-242 850 342 ) 
4 112 122 (-342 854 218 ) (-340 854 218 ) (-340 850 218 ) (-342 850 218 ) 
4 112 119 (-342 850 218 ) (-340 850 218 ) (-340 850 342 ) (-342 850 342 ) 
4 113 122 (-442 854 218 ) (-440 854 218 ) (-440 850 218 ) (-442 850 218 ) 
4 113 119 (-442 850 218 ) (-440 850 218 ) (-440 850 342 ) (-442 850 342 ) 
4 114 122 (-542 854 218 ) (-540 854 218 ) (-540 850 218 ) (-542 850 218 ) 
4 114 119 (-542 850 218 ) (-540 850 218 ) (-540 850 342 ) (-542 850 342 ) 
4 115 123 (-764 854 218 ) (-762 854 218 ) (-762 850 218 ) (-764 850 218 ) 
4 115 120 (-764 850 218 ) (-762 850 218 ) (-762 850 342 ) (-764 850 342 ) 
4 116 123 (-864 854 218 ) (-862 854 218 ) (-862 850 218 ) (-864 850 218 ) 
4 116 120 (-864 850 218 ) (-862 850 218 ) (-862 850 342 ) (-864 850 342 ) 
4 117 123 (-964 854 218 ) (-962 854 218 ) (-962 850 218 ) (-964 850 218 ) 
4 117 120 (-964 850 218 ) (-962 850 218 ) (-962 850 342 ) (-964 850 342 ) 
4 118 131 (-104 848 344 ) (-216 848 344 ) (-216 848 218 ) (-104 848 218 ) 
4 118 129 (-96 848 344 ) (-104 848 344 ) (-104 848 218 ) (-96 848 218 ) 
4 118 126 (-20 848 344 ) (-96 848 344 ) (-96 848 218 ) (-20 848 218 ) 
4 118 124 (0 848 218 ) (0 848 344 ) (-20 848 344 ) (-20 848 218 ) 
4 118 121 (0 848 218 ) (-216 848 218 ) (-216 850 218 ) (0 850 218 ) 
4 119 132 (-336 848 344 ) (-508 848 344 ) (-508 848 218 ) (-336 848 218 ) 
4 119 131 (-240 848 344 ) (-336 848 344 ) (-336 848 218 ) (-240 848 218 ) 
4 119 134 (-508 848 344 ) (-640 848 344 ) (-640 848 218 ) (-508 848 218 ) 
4 119 122 (-240 848 218 ) (-640 848 218 ) (-640 850 218 ) (-240 850 218 ) 
4 120 211 (-1024 848 218 ) (-1024 848 344 ) (-1024 850 344 ) (-1024 850 218 ) 
4 120 137 (-664 848 344 ) (-1024 848 344 ) (-1024 848 218 ) (-664 848 218 ) 
4 120 123 (-664 848 218 ) (-1024 848 218 ) (-1024 850 218 ) (-664 850 218 ) 
4 121 131 (-104 848 218 ) (-216 848 218 ) (-216 848 216 ) (-104 848 216 ) 
4 121 129 (-96 848 218 ) (-104 848 218 ) (-104 848 216 ) (-96 848 216 ) 
4 121 126 (-20 848 218 ) (-96 848 218 ) (-96 848 216 ) (-20 848 216 ) 
4 121 124 (0 848 216 ) (0 848 218 ) (-20 848 218 ) (-20 848 216 ) 
4 122 132 (-336 848 218 ) (-508 848 218 ) (-508 848 216 ) (-336 848 216 ) 
4 122 131 (-240 848 216 ) (-240 848 218 ) (-336 848 218 ) (-336 848 216 ) 
4 122 134 (-508 848 218 ) (-640 848 218 ) (-640 848 216 ) (-508 848 216 ) 
4 123 211 (-1024 848 216 ) (-1024 848 218 ) (-1024 850 218 ) (-1024 850 216 ) 
4 123 209 (-1024 850 218 ) (-1024 854 218 ) (-1024 854 216 ) (-1024 850 216 ) 
4 123 207 (-1024 854 218 ) (-1024 856 218 ) (-1024 856 216 ) (-1024 854 216 ) 
4 123 137 (-664 848 216 ) (-664 848 218 ) (-1024 848 218 ) (-1024 848 216 ) 
4 124 126 (-20 848 440 ) (-20 848 192 ) (-20 496 192 ) (-20 496 440 ) 
4 124 125 (-20 496 304 ) (-20 496 192 ) (0 496 192 ) (0 496 304 ) 
4 125 127 (-20 488 192 ) (0 488 192 ) (0 488 304 ) (-20 488 304 ) 
4 126 129 (-96 848 440 ) (-96 848 192 ) (-96 496 192 ) (-96 496 440 ) 
4 128 298 (0 0 192 ) (0 0 440 ) (-96 0 440 ) (-96 0 192 ) 
4 128 130 (-96 88 192 ) (-96 0 192 ) (-96 0 440 ) (-96 88 440 ) 
4 129 135 (-104 532 192 ) (-104 496 192 ) (-104 496 440 ) (-104 532 440 ) 
4 129 131 (-104 848 440 ) (-104 848 192 ) (-104 532 192 ) (-104 532 440 ) 
4 130 298 (-96 0 440 ) (-104 0 440 ) (-104 0 192 ) (-96 0 192 ) 
4 130 136 (-104 88 192 ) (-104 0 192 ) (-104 0 440 ) (-104 88 440 ) 
4 131 135 (-336 532 192 ) (-104 532 192 ) (-104 532 440 ) (-336 532 440 ) 
4 131 133 (-336 532 240 ) (-336 532 440 ) (-336 570 440 ) (-336 570 240 ) 
4 131 132 (-336 848 440 ) (-336 848 192 ) (-336 570 192 ) (-336 570 440 ) 
4 132 133 (-508 570 440 ) (-508 570 240 ) (-336 570 240 ) (-336 570 440 ) 
4 132 134 (-508 848 440 ) (-508 848 192 ) (-508 570 192 ) (-508 570 440 ) 
4 133 135 (-336 532 240 ) (-336 532 440 ) (-508 532 440 ) (-508 532 240 ) 
4 133 134 (-508 532 240 ) (-508 532 440 ) (-508 570 440 ) (-508 570 240 ) 
4 134 138 (-648 568 192 ) (-648 532 192 ) (-648 532 440 ) (-648 568 440 ) 
4 134 135 (-648 532 440 ) (-648 532 192 ) (-508 532 192 ) (-508 532 440 ) 
4 135 138 (-648 532 192 ) (-648 96 192 ) (-648 96 440 ) (-648 532 440 ) 
4 136 298 (-104 0 440 ) (-648 0 440 ) (-648 0 192 ) (-104 0 192 ) 
4 137 212 (-1024 848 192 ) (-1024 576 192 ) (-1024 576 440 ) (-1024 848 440 ) 
4 138 213 (-1024 568 192 ) (-1024 96 192 ) (-1024 96 440 ) (-1024 568 440 ) 
4 138 139 (-792 96 192 ) (-664 96 192 ) (-664 96 304 ) (-792 96 304 ) 
4 139 140 (-792 88 192 ) (-664 88 192 ) (-664 88 304 ) (-792 88 304 ) 
4 140 299 (-656 0 440 ) (-1024 0 440 ) (-1024 0 192 ) (-656 0 192 ) 
4 140 214 (-1024 88 192 ) (-1024 0 192 ) (-1024 0 440 ) (-1024 88 440 ) 
4 141 156 (-216 888 192 ) (-216 1024 192 ) (-216 1024 176 ) (-216 888 176 ) 
4 141 142 (-216 880 176 ) (-216 1024 176 ) (0 1024 176 ) (0 880 176 ) 
4 142 157 (-216 888 176 ) (-216 1024 176 ) (-216 1024 26 ) (-216 888 26 ) 
4 142 150 (-216 880 26 ) (-216 1024 26 ) (0 1024 26 ) (0 880 26 ) 
4 142 143 (-216 880 26 ) (0 880 26 ) (0 880 120 ) (-216 880 120 ) 
4 143 150 (-216 872 26 ) (-216 880 26 ) (0 880 26 ) (0 872 26 ) 
4 143 144 (-216 872 26 ) (0 872 26 ) (0 872 120 ) (-216 872 120 ) 
4 144 151 (-216 854 26 ) (-216 856 26 ) (0 856 26 ) (0 854 26 ) 
4 144 150 (-216 856 26 ) (-216 872 26 ) (0 872 26 ) (0 856 26 ) 
4 144 147 (-18 854 26 ) (-16 854 26 ) (-16 854 150 ) (-18 854 150 ) 
4 144 148 (-118 854 26 ) (-116 854 26 ) (-116 854 150 ) (-118 854 150 ) 
4 144 145 (0 854 150 ) (0 854 152 ) (-216 854 152 ) (-216 854 150 ) 
4 145 147 (-18 854 150 ) (-16 854 150 ) (-16 850 150 ) (-18 850 150 ) 
4 145 148 (-118 854 150 ) (-116 854 150 ) (-116 850 150 ) (-118 850 150 ) 
4 145 149 (-216 848 150 ) (-216 850 150 ) (0 850 150 ) (0 848 150 ) 
4 145 146 (-216 848 150 ) (0 848 150 ) (0 848 152 ) (-216 848 152 ) 
4 146 158 (-216 496 150 ) (-216 496 176 ) (-216 824 176 ) (-216 824 150 ) 
4 146 149 (0 496 150 ) (-216 496 150 ) (-216 848 150 ) (0 848 150 ) 
4 147 151 (-18 854 26 ) (-16 854 26 ) (-16 850 26 ) (-18 850 26 ) 
4 147 149 (-18 850 26 ) (-16 850 26 ) (-16 850 150 ) (-18 850 150 ) 
4 148 151 (-118 854 26 ) (-116 854 26 ) (-116 850 26 ) (-118 850 26 ) 
4 148 149 (-118 850 26 ) (-116 850 26 ) (-116 850 150 ) (-118 850 150 ) 
4 149 158 (-216 496 26 ) (-216 496 150 ) (-216 824 150 ) (-216 824 26 ) 
4 149 153 (-18 496 26 ) (0 496 26 ) (0 496 114 ) (-18 496 114 ) 
4 149 151 (-216 848 26 ) (-216 850 26 ) (0 850 26 ) (0 848 26 ) 
4 149 152 (0 496 26 ) (-216 496 26 ) (-216 848 26 ) (0 848 26 ) 
4 150 157 (-216 1024 0 ) (-216 888 0 ) (-216 888 26 ) (-216 1024 26 ) 
4 150 151 (0 856 26 ) (-216 856 26 ) (-216 856 24 ) (0 856 24 ) 
4 151 152 (0 848 26 ) (-216 848 26 ) (-216 848 24 ) (0 848 24 ) 
4 152 158 (-216 824 0 ) (-216 496 0 ) (-216 496 26 ) (-216 824 26 ) 
4 152 153 (-18 496 0 ) (0 496 0 ) (0 496 26 ) (-18 496 26 ) 
4 153 154 (-18 488 114 ) (-18 488 0 ) (0 488 0 ) (0 488 114 ) 
4 155 328 (0 0 0 ) (0 0 26 ) (-216 0 26 ) (-216 0 0 ) 
4 155 324 (0 0 26 ) (0 0 150 ) (-216 0 150 ) (-216 0 26 ) 
4 155 322 (0 0 150 ) (0 0 176 ) (-216 0 176 ) (-216 0 150 ) 
4 155 159 (-216 272 0 ) (-216 0 0 ) (-216 0 176 ) (-216 272 176 ) 
4 156 160 (-240 888 192 ) (-240 1024 192 ) (-240 1024 176 ) (-240 888 176 ) 
4 156 157 (-240 888 176 ) (-240 1024 176 ) (-216 1024 176 ) (-216 888 176 ) 
4 157 169 (-240 1024 0 ) (-240 888 0 ) (-240 888 26 ) (-240 1024 26 ) 
4 157 161 (-240 888 26 ) (-240 888 176 ) (-240 1024 176 ) (-240 1024 26 ) 
4 158 177 (-240 647 0 ) (-240 496 0 ) (-240 496 40 ) (-240 647 40 ) 
4 158 173 (-240 496 40 ) (-240 496 176 ) (-240 647 176 ) (-240 647 40 ) 
4 158 172 (-240 824 0 ) (-240 647 0 ) (-240 647 176 ) (-240 824 176 ) 
4 159 330 (-240 0 176 ) (-240 0 0 ) (-216 0 0 ) (-216 0 176 ) 
4 159 179 (-240 272 0 ) (-240 0 0 ) (-240 0 176 ) (-240 272 176 ) 
4 160 180 (-640 888 192 ) (-640 1024 192 ) (-640 1024 176 ) (-640 888 176 ) 
4 160 161 (-640 880 176 ) (-640 1024 176 ) (-240 1024 176 ) (-240 880 176 ) 
4 161 182 (-640 888 176 ) (-640 1024 176 ) (-640 1024 26 ) (-640 888 26 ) 
4 161 169 (-640 880 26 ) (-640 1024 26 ) (-240 1024 26 ) (-240 880 26 ) 
4 161 162 (-640 880 26 ) (-240 880 26 ) (-240 880 120 ) (-640 880 120 ) 
4 162 169 (-640 872 26 ) (-640 880 26 ) (-240 880 26 ) (-240 872 26 ) 
4 162 163 (-640 872 26 ) (-240 872 26 ) (-240 872 120 ) (-640 872 120 ) 
4 163 170 (-640 854 26 ) (-640 856 26 ) (-240 856 26 ) (-240 854 26 ) 
4 163 169 (-640 856 26 ) (-640 872 26 ) (-240 872 26 ) (-240 856 26 ) 
4 163 167 (-442 854 26 ) (-440 854 26 ) (-440 854 150 ) (-442 854 150 ) 
4 163 168 (-542 854 26 ) (-540 854 26 ) (-540 854 150 ) (-542 854 150 ) 
4 163 165 (-242 854 26 ) (-240 854 26 ) (-240 854 150 ) (-242 854 150 ) 
4 163 166 (-342 854 26 ) (-340 854 26 ) (-340 854 150 ) (-342 854 150 ) 
4 163 164 (-240 854 150 ) (-240 854 152 ) (-640 854 152 ) (-640 854 150 ) 
4 164 171 (-240 850 150 ) (-240 850 152 ) (-640 850 152 ) (-640 850 150 ) 
4 164 167 (-440 850 150 ) (-442 850 150 ) (-442 854 150 ) (-440 854 150 ) 
4 164 168 (-540 850 150 ) (-542 850 150 ) (-542 854 150 ) (-540 854 150 ) 
4 164 165 (-240 850 150 ) (-242 850 150 ) (-242 854 150 ) (-240 854 150 ) 
4 164 166 (-340 850 150 ) (-342 850 150 ) (-342 854 150 ) (-340 854 150 ) 
4 165 171 (-240 850 26 ) (-240 850 150 ) (-242 850 150 ) (-242 850 26 ) 
4 165 170 (-240 850 26 ) (-242 850 26 ) (-242 854 26 ) (-240 854 26 ) 
4 166 171 (-340 850 150 ) (-342 850 150 ) (-342 850 26 ) (-340 850 26 ) 
4 166 170 (-340 850 26 ) (-342 850 26 ) (-342 854 26 ) (-340 854 26 ) 
4 167 171 (-440 850 150 ) (-442 850 150 ) (-442 850 26 ) (-440 850 26 ) 
4 167 170 (-440 850 26 ) (-442 850 26 ) (-442 854 26 ) (-440 854 26 ) 
4 168 171 (-540 850 150 ) (-542 850 150 ) (-542 850 26 ) (-540 850 26 ) 
4 168 170 (-540 850 26 ) (-542 850 26 ) (-542 854 26 ) (-540 854 26 ) 
4 169 182 (-640 1024 0 ) (-640 888 0 ) (-640 888 26 ) (-640 1024 26 ) 
4 169 170 (-240 856 24 ) (-240 856 26 ) (-640 856 26 ) (-640 856 24 ) 
4 170 171 (-240 850 24 ) (-240 850 26 ) (-640 850 26 ) (-640 850 24 ) 
4 171 172 (-240 848 24 ) (-240 848 152 ) (-640 848 152 ) (-640 848 24 ) 
4 172 183 (-640 824 0 ) (-640 647 0 ) (-640 647 176 ) (-640 824 176 ) 
4 172 177 (-240 647 0 ) (-240 647 40 ) (-417 647 40 ) (-417 647 0 ) 
4 172 178 (-463 647 40 ) (-640 647 40 ) (-640 647 0 ) (-463 647 0 ) 
4 172 174 (-417 647 176 ) (-463 647 176 ) (-463 647 101 ) (-417 647 101 ) 
4 172 173 (-240 647 40 ) (-240 647 176 ) (-417 647 176 ) (-417 647 40 ) 
4 172 176 (-463 647 176 ) (-640 647 176 ) (-640 647 40 ) (-463 647 40 ) 
4 173 177 (-240 496 40 ) (-417 496 40 ) (-417 647 40 ) (-240 647 40 ) 
4 173 174 (-417 647 176 ) (-417 647 101 ) (-417 577 101 ) (-417 577 176 ) 
4 173 175 (-417 577 40 ) (-417 496 40 ) (-417 496 176 ) (-417 577 176 ) 
4 174 175 (-463 577 176 ) (-463 577 101 ) (-417 577 101 ) (-417 577 176 ) 
4 174 176 (-463 647 176 ) (-463 647 101 ) (-463 577 101 ) (-463 577 176 ) 
4 175 176 (-463 577 40 ) (-463 496 40 ) (-463 496 176 ) (-463 577 176 ) 
4 176 183 (-640 496 40 ) (-640 496 176 ) (-640 647 176 ) (-640 647 40 ) 
4 176 178 (-463 496 40 ) (-640 496 40 ) (-640 647 40 ) (-463 647 40 ) 
4 178 183 (-640 647 0 ) (-640 496 0 ) (-640 496 40 ) (-640 647 40 ) 
4 179 339 (-640 0 26 ) (-640 0 0 ) (-240 0 0 ) (-240 0 26 ) 
4 179 333 (-640 0 150 ) (-640 0 26 ) (-240 0 26 ) (-240 0 150 ) 
4 179 331 (-640 0 176 ) (-640 0 150 ) (-240 0 150 ) (-240 0 176 ) 
4 179 198 (-640 272 0 ) (-640 0 0 ) (-640 0 176 ) (-640 272 176 ) 
4 180 182 (-664 1024 176 ) (-640 1024 176 ) (-640 888 176 ) (-664 888 176 ) 
4 180 181 (-664 1024 176 ) (-664 888 176 ) (-664 888 192 ) (-664 1024 192 ) 
4 181 215 (-1024 1024 192 ) (-1024 1024 176 ) (-1024 880 176 ) (-1024 880 192 ) 
4 181 184 (-1024 880 176 ) (-1024 1024 176 ) (-664 1024 176 ) (-664 880 176 ) 
4 182 193 (-664 1024 0 ) (-664 888 0 ) (-664 888 26 ) (-664 1024 26 ) 
4 182 184 (-664 888 26 ) (-664 888 176 ) (-664 1024 176 ) (-664 1024 26 ) 
4 183 195 (-664 824 0 ) (-664 496 0 ) (-664 496 26 ) (-664 824 26 ) 
4 183 192 (-664 496 26 ) (-664 496 150 ) (-664 824 150 ) (-664 824 26 ) 
4 183 188 (-664 496 150 ) (-664 496 176 ) (-664 824 176 ) (-664 824 150 ) 
4 184 215 (-1024 1024 176 ) (-1024 1024 26 ) (-1024 880 26 ) (-1024 880 176 ) 
4 184 193 (-1024 1024 26 ) (-664 1024 26 ) (-664 880 26 ) (-1024 880 26 ) 
4 184 185 (-1024 880 26 ) (-664 880 26 ) (-664 880 120 ) (-1024 880 120 ) 
4 185 216 (-1024 880 26 ) (-1024 872 26 ) (-1024 872 120 ) (-1024 880 120 ) 
4 185 193 (-664 880 26 ) (-664 872 26 ) (-1024 872 26 ) (-1024 880 26 ) 
4 185 186 (-1024 872 26 ) (-664 872 26 ) (-664 872 120 ) (-1024 872 120 ) 
4 186 217 (-1024 872 26 ) (-1024 854 26 ) (-1024 854 152 ) (-1024 872 152 ) 
4 186 194 (-664 856 26 ) (-664 854 26 ) (-1024 854 26 ) (-1024 856 26 ) 
4 186 193 (-664 872 26 ) (-664 856 26 ) (-1024 856 26 ) (-1024 872 26 ) 
4 186 191 (-964 854 26 ) (-962 854 26 ) (-962 854 150 ) (-964 854 150 ) 
4 186 189 (-764 854 26 ) (-762 854 26 ) (-762 854 150 ) (-764 854 150 ) 
4 186 190 (-864 854 26 ) (-862 854 26 ) (-862 854 150 ) (-864 854 150 ) 
4 186 187 (-664 854 150 ) (-664 854 152 ) (-1024 854 152 ) (-1024 854 150 ) 
4 187 218 (-1024 854 152 ) (-1024 854 150 ) (-1024 850 150 ) (-1024 850 152 ) 
4 187 219 (-1024 850 150 ) (-1024 848 150 ) (-1024 848 152 ) (-1024 850 152 ) 
4 187 191 (-964 854 150 ) (-962 854 150 ) (-962 850 150 ) (-964 850 150 ) 
4 187 189 (-764 854 150 ) (-762 854 150 ) (-762 850 150 ) (-764 850 150 ) 
4 187 190 (-864 854 150 ) (-862 854 150 ) (-862 850 150 ) (-864 850 150 ) 
4 187 192 (-664 850 150 ) (-664 848 150 ) (-1024 848 150 ) (-1024 850 150 ) 
4 187 188 (-1024 848 150 ) (-664 848 150 ) (-664 848 152 ) (-1024 848 152 ) 
4 188 223 (-1024 496 150 ) (-1024 496 176 ) (-1024 848 176 ) (-1024 848 150 ) 
4 188 192 (-664 848 150 ) (-664 496 150 ) (-1024 496 150 ) (-1024 848 150 ) 
4 189 194 (-762 850 26 ) (-764 850 26 ) (-764 854 26 ) (-762 854 26 ) 
4 189 192 (-764 850 26 ) (-762 850 26 ) (-762 850 150 ) (-764 850 150 ) 
4 190 194 (-862 850 26 ) (-864 850 26 ) (-864 854 26 ) (-862 854 26 ) 
4 190 192 (-864 850 26 ) (-862 850 26 ) (-862 850 150 ) (-864 850 150 ) 
4 191 194 (-962 850 26 ) (-964 850 26 ) (-964 854 26 ) (-962 854 26 ) 
4 191 192 (-964 850 26 ) (-962 850 26 ) (-962 850 150 ) (-964 850 150 ) 
4 192 223 (-1024 848 26 ) (-1024 496 26 ) (-1024 496 150 ) (-1024 848 150 ) 
4 192 219 (-1024 850 26 ) (-1024 848 26 ) (-1024 848 150 ) (-1024 850 150 ) 
4 192 196 (-986 496 114 ) (-986 496 26 ) (-860 496 26 ) (-860 496 114 ) 
4 192 194 (-664 850 26 ) (-664 848 26 ) (-1024 848 26 ) (-1024 850 26 ) 
4 192 195 (-664 848 26 ) (-664 496 26 ) (-1024 496 26 ) (-1024 848 26 ) 
4 193 221 (-1024 872 0 ) (-1024 856 0 ) (-1024 856 26 ) (-1024 872 26 ) 
4 193 216 (-1024 880 0 ) (-1024 872 0 ) (-1024 872 26 ) (-1024 880 26 ) 
4 193 215 (-1024 1024 26 ) (-1024 1024 0 ) (-1024 880 0 ) (-1024 880 26 ) 
4 193 194 (-664 856 24 ) (-664 856 26 ) (-1024 856 26 ) (-1024 856 24 ) 
4 194 222 (-1024 848 24 ) (-1024 848 26 ) (-1024 856 26 ) (-1024 856 24 ) 
4 194 195 (-664 848 24 ) (-664 848 26 ) (-1024 848 26 ) (-1024 848 24 ) 
4 195 223 (-1024 848 0 ) (-1024 496 0 ) (-1024 496 26 ) (-1024 848 26 ) 
4 195 196 (-986 496 0 ) (-860 496 0 ) (-860 496 26 ) (-986 496 26 ) 
4 196 197 (-986 488 0 ) (-860 488 0 ) (-860 488 114 ) (-986 488 114 ) 
4 197 224 (-1024 488 0 ) (-1024 280 0 ) (-1024 280 176 ) (-1024 488 176 ) 
4 198 350 (-1024 0 26 ) (-1024 0 0 ) (-664 0 0 ) (-664 0 26 ) 
4 198 344 (-1024 0 150 ) (-1024 0 26 ) (-664 0 26 ) (-664 0 150 ) 
4 198 342 (-1024 0 176 ) (-1024 0 150 ) (-664 0 150 ) (-664 0 176 ) 
4 198 341 (-664 0 0 ) (-640 0 0 ) (-640 0 176 ) (-664 0 176 ) 
4 198 225 (-1024 272 0 ) (-1024 0 0 ) (-1024 0 176 ) (-1024 272 176 ) 
4 199 370 (-1024 0 464 ) (-1024 0 760 ) (-1064 0 760 ) (-1064 0 464 ) 
4 199 226 (-1064 0 464 ) (-1064 0 760 ) (-1064 1024 760 ) (-1064 1024 464 ) 
4 199 202 (-1058 52 464 ) (-1024 52 464 ) (-1024 0 464 ) (-1058 0 464 ) 
4 199 201 (-1064 856 464 ) (-1064 888 464 ) (-1024 888 464 ) (-1024 856 464 ) 
4 199 200 (-1064 888 464 ) (-1064 1024 464 ) (-1024 1024 464 ) (-1024 888 464 ) 
4 200 227 (-1064 888 464 ) (-1064 1024 464 ) (-1064 1024 440 ) (-1064 888 440 ) 
4 200 203 (-1064 888 440 ) (-1064 1024 440 ) (-1024 1024 440 ) (-1024 888 440 ) 
4 200 201 (-1024 888 456 ) (-1024 888 464 ) (-1064 888 464 ) (-1064 888 456 ) 
4 202 371 (-1024 0 440 ) (-1024 0 464 ) (-1058 0 464 ) (-1058 0 440 ) 
4 202 214 (-1024 0 440 ) (-1058 0 440 ) (-1058 52 440 ) (-1024 52 440 ) 
4 203 227 (-1064 888 440 ) (-1064 1024 440 ) (-1064 1024 200 ) (-1064 888 200 ) 
4 203 205 (-1064 888 200 ) (-1064 1024 200 ) (-1024 1024 200 ) (-1024 888 200 ) 
4 203 204 (-1064 888 200 ) (-1024 888 200 ) (-1024 888 360 ) (-1064 888 360 ) 
4 204 207 (-1024 856 216 ) (-1024 856 344 ) (-1062 856 344 ) (-1062 856 216 ) 
4 204 210 (-1062 856 344 ) (-1064 856 344 ) (-1064 856 216 ) (-1062 856 216 ) 
4 204 205 (-1064 880 200 ) (-1064 888 200 ) (-1024 888 200 ) (-1024 880 200 ) 
4 204 206 (-1024 856 200 ) (-1064 856 200 ) (-1064 872 200 ) (-1024 872 200 ) 
4 205 227 (-1064 1024 200 ) (-1064 1024 192 ) (-1064 888 192 ) (-1064 888 200 ) 
4 205 215 (-1064 880 192 ) (-1064 1024 192 ) (-1024 1024 192 ) (-1024 880 192 ) 
4 207 208 (-1062 854 344 ) (-1062 854 342 ) (-1024 854 342 ) (-1024 854 344 ) 
4 207 209 (-1062 854 218 ) (-1062 854 216 ) (-1024 854 216 ) (-1024 854 218 ) 
4 207 210 (-1062 856 216 ) (-1062 854 216 ) (-1062 854 344 ) (-1062 856 344 ) 
4 208 211 (-1024 850 342 ) (-1024 850 344 ) (-1062 850 344 ) (-1062 850 342 ) 
4 208 210 (-1062 850 342 ) (-1062 850 344 ) (-1062 854 344 ) (-1062 854 342 ) 
4 209 211 (-1062 850 216 ) (-1024 850 216 ) (-1024 850 218 ) (-1062 850 218 ) 
4 209 210 (-1062 854 216 ) (-1062 850 216 ) (-1062 850 218 ) (-1062 854 218 ) 
4 210 211 (-1064 850 216 ) (-1062 850 216 ) (-1062 850 344 ) (-1064 850 344 ) 
4 211 212 (-1024 848 216 ) (-1024 848 344 ) (-1064 848 344 ) (-1064 848 216 ) 
4 213 229 (-1064 344 304 ) (-1064 344 192 ) (-1064 216 192 ) (-1064 216 304 ) 
4 213 228 (-1064 552 304 ) (-1064 552 192 ) (-1064 424 192 ) (-1064 424 304 ) 
4 214 372 (-1024 0 192 ) (-1024 0 440 ) (-1064 0 440 ) (-1064 0 192 ) 
4 215 227 (-1064 888 192 ) (-1064 1024 192 ) (-1064 1024 0 ) (-1064 888 0 ) 
4 215 216 (-1064 880 0 ) (-1024 880 0 ) (-1024 880 120 ) (-1064 880 120 ) 
4 216 221 (-1064 872 0 ) (-1024 872 0 ) (-1024 872 26 ) (-1064 872 26 ) 
4 216 217 (-1024 872 26 ) (-1024 872 120 ) (-1062 872 120 ) (-1062 872 26 ) 
4 216 220 (-1062 872 120 ) (-1064 872 120 ) (-1064 872 26 ) (-1062 872 26 ) 
4 217 222 (-1062 854 26 ) (-1062 856 26 ) (-1024 856 26 ) (-1024 854 26 ) 
4 217 221 (-1062 856 26 ) (-1062 872 26 ) (-1024 872 26 ) (-1024 856 26 ) 
4 217 218 (-1062 854 152 ) (-1062 854 150 ) (-1024 854 150 ) (-1024 854 152 ) 
4 217 220 (-1062 872 26 ) (-1062 854 26 ) (-1062 854 152 ) (-1062 872 152 ) 
4 218 220 (-1062 850 150 ) (-1062 850 152 ) (-1062 854 152 ) (-1062 854 150 ) 
4 218 219 (-1062 850 152 ) (-1062 850 150 ) (-1024 850 150 ) (-1024 850 152 ) 
4 219 223 (-1024 848 26 ) (-1024 848 152 ) (-1062 848 152 ) (-1062 848 26 ) 
4 219 222 (-1024 848 26 ) (-1062 848 26 ) (-1062 850 26 ) (-1024 850 26 ) 
4 219 220 (-1062 850 26 ) (-1062 848 26 ) (-1062 848 152 ) (-1062 850 152 ) 
4 220 223 (-1062 848 152 ) (-1064 848 152 ) (-1064 848 26 ) (-1062 848 26 ) 
4 220 222 (-1062 848 26 ) (-1064 848 26 ) (-1064 856 26 ) (-1062 856 26 ) 
4 220 221 (-1064 856 26 ) (-1064 872 26 ) (-1062 872 26 ) (-1062 856 26 ) 
4 221 222 (-1024 856 24 ) (-1024 856 26 ) (-1064 856 26 ) (-1064 856 24 ) 
4 222 223 (-1024 848 24 ) (-1024 848 26 ) (-1064 848 26 ) (-1064 848 24 ) 
4 224 230 (-1064 448 0 ) (-1064 320 0 ) (-1064 320 112 ) (-1064 448 112 ) 
4 225 377 (-1024 0 0 ) (-1024 0 176 ) (-1064 0 176 ) (-1064 0 0 ) 
4 226 390 (-1064 0 464 ) (-1064 0 760 ) (-1088 0 760 ) (-1088 0 464 ) 
4 226 391 (-1088 0 760 ) (-2048 0 760 ) (-2048 0 464 ) (-1088 0 464 ) 
4 226 266 (-2048 0 464 ) (-2048 0 760 ) (-2048 1024 760 ) (-2048 1024 464 ) 
4 226 264 (-2048 1024 464 ) (-1456 1024 464 ) (-1456 0 464 ) (-2048 0 464 ) 
4 226 258 (-1448 0 464 ) (-1456 0 464 ) (-1456 8 464 ) (-1448 8 464 ) 
4 226 253 (-1240 8 464 ) (-1240 0 464 ) (-1448 0 464 ) (-1448 8 464 ) 
4 226 249 (-1456 1024 464 ) (-1240 1024 464 ) (-1240 888 464 ) (-1456 888 464 ) 
4 226 247 (-1216 0 464 ) (-1240 0 464 ) (-1240 8 464 ) (-1216 8 464 ) 
4 226 245 (-1088 8 464 ) (-1088 0 464 ) (-1216 0 464 ) (-1216 8 464 ) 
4 226 233 (-1240 1024 464 ) (-1088 1024 464 ) (-1088 888 464 ) (-1240 888 464 ) 
4 226 227 (-1088 1024 464 ) (-1064 1024 464 ) (-1064 888 464 ) (-1088 888 464 ) 
4 227 233 (-1088 888 464 ) (-1088 1024 464 ) (-1088 1024 0 ) (-1088 888 0 ) 
4 228 231 (-1080 552 192 ) (-1080 424 192 ) (-1080 424 304 ) (-1080 552 304 ) 
4 229 231 (-1080 344 192 ) (-1080 216 192 ) (-1080 216 304 ) (-1080 344 304 ) 
4 230 232 (-1080 448 0 ) (-1080 320 0 ) (-1080 320 112 ) (-1080 448 112 ) 
4 231 240 (-1088 568 456 ) (-1088 568 192 ) (-1088 200 192 ) (-1088 200 456 ) 
4 232 241 (-1088 568 176 ) (-1088 568 0 ) (-1088 200 0 ) (-1088 200 176 ) 
4 233 249 (-1240 888 464 ) (-1240 1024 464 ) (-1240 1024 0 ) (-1240 888 0 ) 
4 233 234 (-1240 888 320 ) (-1240 888 232 ) (-1088 888 232 ) (-1088 888 320 ) 
4 234 250 (-1240 888 320 ) (-1240 888 232 ) (-1240 880 232 ) (-1240 880 320 ) 
4 234 235 (-1240 880 320 ) (-1240 880 232 ) (-1088 880 232 ) (-1088 880 320 ) 
4 235 251 (-1240 756 456 ) (-1240 880 456 ) (-1240 880 192 ) (-1240 756 192 ) 
4 235 238 (-1240 612 192 ) (-1240 756 192 ) (-1088 756 192 ) (-1088 612 192 ) 
4 235 237 (-1240 756 192 ) (-1240 880 192 ) (-1088 880 192 ) (-1088 756 192 ) 
4 235 236 (-1228 576 192 ) (-1100 576 192 ) (-1100 576 304 ) (-1228 576 304 ) 
4 236 240 (-1228 568 192 ) (-1100 568 192 ) (-1100 568 304 ) (-1228 568 304 ) 
4 237 251 (-1240 756 192 ) (-1240 880 192 ) (-1240 880 96 ) (-1240 756 96 ) 
4 237 238 (-1088 756 184 ) (-1088 756 192 ) (-1240 756 192 ) (-1240 756 184 ) 
4 237 239 (-1088 756 96 ) (-1088 756 184 ) (-1240 756 184 ) (-1240 756 96 ) 
4 238 239 (-1240 612 184 ) (-1240 756 184 ) (-1088 756 184 ) (-1088 612 184 ) 
4 241 246 (-1216 200 0.120651 ) (-1088 200 0.120651 ) (-1088 200 112 ) (-1216 200 112 ) 
4 241 243 (-1088 200 0.120651 ) (-1232 200 0.120651 ) (-1232 568 0.120651 ) (-1088 568 0.120651 ) 
4 241 242 (-1232 448 0.120651 ) (-1232 320 0.120651 ) (-1232 320 112.059998 ) (-1232 448 112.059998 ) 
4 242 255 (-1240 448 112.059998 ) (-1240 448 0.120651 ) (-1240 320 0.120651 ) (-1240 320 112.059998 ) 
4 242 243 (-1240 320 0.120651 ) (-1240 448 0.120651 ) (-1232 448 0.120651 ) (-1232 320 0.120651 ) 
4 244 246 (-1216 16 112 ) (-1216 192 112 ) (-1088 192 112 ) (-1088 16 112 ) 
4 245 391 (-1088 0 112 ) (-1088 0 464 ) (-1216 0 464 ) (-1216 0 112 ) 
4 245 247 (-1216 8 112 ) (-1216 0 112 ) (-1216 0 464 ) (-1216 8 464 ) 
4 245 246 (-1216 0 112 ) (-1216 8 112 ) (-1088 8 112 ) (-1088 0 112 ) 
4 246 391 (-1088 0 0 ) (-1088 0 112 ) (-1216 0 112 ) (-1216 0 0 ) 
4 246 248 (-1216 200 0.240433 ) (-1216 200 0 ) (-1216 0 0 ) (-1216 0 0.240433 ) 
4 246 247 (-1216 8 0.240433 ) (-1216 0 0.240433 ) (-1216 0 112 ) (-1216 8 112 ) 
4 247 391 (-1216 0 0.240433 ) (-1216 0 464 ) (-1240 0 464 ) (-1240 0 0.240433 ) 
4 247 256 (-1240 0 0.240433 ) (-1240 0 176 ) (-1240 8 176 ) (-1240 8 0.240433 ) 
4 247 254 (-1240 0 176 ) (-1240 0 456 ) (-1240 8 456 ) (-1240 8 176 ) 
4 247 253 (-1240 0 456 ) (-1240 0 464 ) (-1240 8 464 ) (-1240 8 456 ) 
4 247 248 (-1240 0 0.240433 ) (-1240 8 0.240433 ) (-1216 8 0.240433 ) (-1216 0 0.240433 ) 
4 248 391 (-1216 0 0 ) (-1216 0 0.240433 ) (-1240 0 0.240433 ) (-1240 0 0 ) 
4 249 264 (-1456 888 464 ) (-1456 1024 464 ) (-1456 1024 0 ) (-1456 888 0 ) 
4 249 250 (-1448 888 232 ) (-1240 888 232 ) (-1240 888 320 ) (-1448 888 320 ) 
4 250 251 (-1448 880 232 ) (-1240 880 232 ) (-1240 880 320 ) (-1448 880 320 ) 
4 251 259 (-1448 880 320 ) (-1448 880 232 ) (-1448 756 232 ) (-1448 756 320 ) 
4 251 252 (-1448 756 456 ) (-1448 756 96 ) (-1296 756 96 ) (-1296 756 456 ) 
4 252 259 (-1448 568 232 ) (-1448 568 320 ) (-1448 756 320 ) (-1448 756 232 ) 
4 252 255 (-1448 568 176 ) (-1448 568 0 ) (-1296 568 0 ) (-1296 568 176 ) 
4 253 391 (-1240 0 456 ) (-1240 0 464 ) (-1448 0 464 ) (-1448 0 456 ) 
4 253 258 (-1448 0 456 ) (-1448 0 464 ) (-1448 8 464 ) (-1448 8 456 ) 
4 253 254 (-1448 0 456 ) (-1448 8 456 ) (-1240 8 456 ) (-1240 0 456 ) 
4 254 391 (-1240 0 176 ) (-1240 0 456 ) (-1448 0 456 ) (-1448 0 176 ) 
4 254 263 (-1448 0 176 ) (-1448 0 232 ) (-1448 8 232 ) (-1448 8 176 ) 
4 254 262 (-1448 0 232 ) (-1448 0 320 ) (-1448 8 320 ) (-1448 8 232 ) 
4 254 258 (-1448 0 320 ) (-1448 0 456 ) (-1448 8 456 ) (-1448 8 320 ) 
4 254 256 (-1448 0 176 ) (-1448 8 176 ) (-1240 8 176 ) (-1240 0 176 ) 
4 255 257 (-1448 200 0.120651 ) (-1448 568 0.120651 ) (-1240 568 0.120651 ) (-1240 200 0.120651 ) 
4 256 391 (-1240 0 0 ) (-1240 0 176 ) (-1448 0 176 ) (-1448 0 0 ) 
4 256 263 (-1448 8 0 ) (-1448 0 0 ) (-1448 0 176 ) (-1448 8 176 ) 
4 256 257 (-1448 0 0.120651 ) (-1448 192 0.120651 ) (-1240 192 0.120651 ) (-1240 0 0.120651 ) 
4 258 391 (-1448 0 320 ) (-1448 0 464 ) (-1456 0 464 ) (-1456 0 320 ) 
4 258 264 (-1456 0 320 ) (-1456 0 464 ) (-1456 8 464 ) (-1456 8 320 ) 
4 258 262 (-1456 0 320 ) (-1456 8 320 ) (-1448 8 320 ) (-1448 0 320 ) 
4 259 260 (-1450 880 232 ) (-1450 592 232 ) (-1450 592 320 ) (-1450 880 320 ) 
4 260 261 (-1452 880 232 ) (-1452 592 232 ) (-1452 592 320 ) (-1452 880 320 ) 
4 261 264 (-1456 544 320 ) (-1456 880 320 ) (-1456 880 232 ) (-1456 544 232 ) 
4 262 391 (-1448 0 232 ) (-1448 0 320 ) (-1456 0 320 ) (-1456 0 232 ) 
4 262 264 (-1456 0 232 ) (-1456 0 320 ) (-1456 8 320 ) (-1456 8 232 ) 
4 262 263 (-1456 0 232 ) (-1456 8 232 ) (-1448 8 232 ) (-1448 0 232 ) 
4 263 391 (-1448 0 0 ) (-1448 0 232 ) (-1456 0 232 ) (-1456 0 0 ) 
4 263 264 (-1456 0 0 ) (-1456 0 232 ) (-1456 8 232 ) (-1456 8 0 ) 
4 264 391 (-1456 0 0 ) (-1456 0 464 ) (-2048 0 464 ) (-2048 0 0 ) 
4 264 266 (-2048 0 0 ) (-2048 0 464 ) (-2048 1024 464 ) (-2048 1024 0 ) 
4 265 266 (-2048 1024 0 ) (-2048 1024 760 ) (-2312 1024 760 ) (-2312 1024 0 ) 
4 266 393 (-2048 0 0 ) (-2048 0 760 ) (-2312 0 760 ) (-2312 0 0 ) 
4 267 268 (1024 -792 0 ) (1024 -792 760 ) (1024 0 760 ) (1024 0 0 ) 
4 268 270 (208 -112 0 ) (208 -792 0 ) (208 -792 760 ) (208 -112 760 ) 
4 268 269 (208 -112 464 ) (208 -112 760 ) (208 0 760 ) (208 0 464 ) 
4 269 278 (184 -80 464 ) (184 -112 464 ) (184 -112 760 ) (184 -80 760 ) 
4 269 271 (184 0 760 ) (184 0 464 ) (184 -80 464 ) (184 -80 760 ) 
4 269 270 (208 -112 464 ) (208 -112 760 ) (184 -112 760 ) (184 -112 464 ) 
4 270 295 (184 -112 0 ) (184 -792 0 ) (184 -792 218 ) (184 -112 218 ) 
4 270 280 (184 -792 218 ) (184 -792 760 ) (184 -112 760 ) (184 -112 218 ) 
4 271 296 (0 0 760 ) (0 0 464 ) (0 -80 464 ) (0 -80 760 ) 
4 271 278 (184 -80 464 ) (184 -80 760 ) (0 -80 760 ) (0 -80 464 ) 
4 272 298 (0 0 440 ) (0 0 342 ) (0 -72 342 ) (0 -72 440 ) 
4 272 274 (0 -72 342 ) (0 0 342 ) (184 0 342 ) (184 -72 342 ) 
4 272 273 (0 -72 342 ) (184 -72 342 ) (184 -72 344 ) (0 -72 344 ) 
4 273 303 (0 -74 342 ) (0 -80 342 ) (0 -80 344 ) (0 -74 344 ) 
4 273 300 (0 -72 342 ) (0 -74 342 ) (0 -74 344 ) (0 -72 344 ) 
4 273 279 (184 -80 342 ) (184 -80 344 ) (0 -80 344 ) (0 -80 342 ) 
4 273 276 (82 -74 342 ) (84 -74 342 ) (84 -78 342 ) (82 -78 342 ) 
4 273 275 (182 -74 342 ) (184 -74 342 ) (184 -78 342 ) (182 -78 342 ) 
4 273 277 (184 -80 342 ) (0 -80 342 ) (0 -78 342 ) (184 -78 342 ) 
4 273 274 (0 -74 342 ) (0 -72 342 ) (184 -72 342 ) (184 -74 342 ) 
4 274 300 (0 -72 218 ) (0 -74 218 ) (0 -74 342 ) (0 -72 342 ) 
4 274 298 (0 0 342 ) (0 0 218 ) (0 -72 218 ) (0 -72 342 ) 
4 274 282 (184 -72 218 ) (184 -74 218 ) (0 -74 218 ) (0 -72 218 ) 
4 274 281 (184 0 218 ) (184 -72 218 ) (0 -72 218 ) (0 0 218 ) 
4 274 276 (82 -74 218 ) (84 -74 218 ) (84 -74 342 ) (82 -74 342 ) 
4 274 275 (182 -74 218 ) (184 -74 218 ) (184 -74 342 ) (182 -74 342 ) 
4 275 282 (184 -74 218 ) (184 -78 218 ) (182 -78 218 ) (182 -74 218 ) 
4 275 277 (182 -78 218 ) (184 -78 218 ) (184 -78 342 ) (182 -78 342 ) 
4 276 282 (84 -78 218 ) (82 -78 218 ) (82 -74 218 ) (84 -74 218 ) 
4 276 277 (82 -78 218 ) (84 -78 218 ) (84 -78 342 ) (82 -78 342 ) 
4 277 316 (0 -78 218 ) (0 -80 218 ) (0 -80 342 ) (0 -78 342 ) 
4 277 282 (184 -78 218 ) (184 -80 218 ) (0 -80 218 ) (0 -78 218 ) 
4 277 279 (0 -80 218 ) (184 -80 218 ) (184 -80 342 ) (0 -80 342 ) 
4 278 359 (0 -112 456 ) (0 -112 760 ) (0 -96 760 ) (0 -96 456 ) 
4 278 352 (0 -96 760 ) (0 -80 760 ) (0 -80 456 ) (0 -96 456 ) 
4 278 280 (184 -112 456 ) (184 -112 760 ) (0 -112 760 ) (0 -112 456 ) 
4 279 360 (0 -96 218 ) (0 -104 218 ) (0 -104 360 ) (0 -96 360 ) 
4 279 362 (0 -104 218 ) (0 -112 218 ) (0 -112 360 ) (0 -104 360 ) 
4 279 353 (0 -80 218 ) (0 -96 218 ) (0 -96 360 ) (0 -80 360 ) 
4 279 295 (184 -104 218 ) (184 -112 218 ) (0 -112 218 ) (0 -104 218 ) 
4 279 293 (184 -96 218 ) (184 -104 218 ) (0 -104 218 ) (0 -96 218 ) 
4 279 282 (184 -80 218 ) (184 -96 218 ) (0 -96 218 ) (0 -80 218 ) 
4 279 280 (0 -112 218 ) (184 -112 218 ) (184 -112 360 ) (0 -112 360 ) 
4 280 369 (0 -112 218 ) (0 -792 218 ) (0 -792 760 ) (0 -112 760 ) 
4 280 295 (184 -112 218 ) (184 -792 218 ) (0 -792 218 ) (0 -112 218 ) 
4 281 298 (0 0 218 ) (0 0 192 ) (0 -72 192 ) (0 -72 218 ) 
4 281 282 (184 -72 216 ) (184 -72 218 ) (0 -72 218 ) (0 -72 216 ) 
4 282 353 (0 -96 216 ) (0 -96 218 ) (0 -80 218 ) (0 -80 216 ) 
4 282 319 (0 -80 218 ) (0 -72 218 ) (0 -72 216 ) (0 -80 216 ) 
4 282 293 (184 -96 216 ) (184 -96 218 ) (0 -96 218 ) (0 -96 216 ) 
4 282 283 (184 -96 216 ) (0 -96 216 ) (0 -80 216 ) (184 -80 216 ) 
4 283 353 (0 -80 192 ) (0 -96 192 ) (0 -96 216 ) (0 -80 216 ) 
4 283 293 (184 -96 200 ) (184 -96 216 ) (0 -96 216 ) (0 -96 200 ) 
4 284 322 (0 0 176 ) (0 0 150 ) (0 -72 150 ) (0 -72 176 ) 
4 284 286 (0 -72 150 ) (0 0 150 ) (184 0 150 ) (184 -72 150 ) 
4 284 285 (0 -72 150 ) (184 -72 150 ) (184 -72 152 ) (0 -72 152 ) 
4 285 356 (0 -80 150 ) (0 -96 150 ) (0 -96 152 ) (0 -80 152 ) 
4 285 323 (0 -72 150 ) (0 -80 150 ) (0 -80 152 ) (0 -72 152 ) 
4 285 288 (82 -74 150 ) (84 -74 150 ) (84 -78 150 ) (82 -78 150 ) 
4 285 287 (182 -74 150 ) (184 -74 150 ) (184 -78 150 ) (182 -78 150 ) 
4 285 286 (0 -74 150 ) (0 -72 150 ) (184 -72 150 ) (184 -74 150 ) 
4 285 289 (184 -96 150 ) (0 -96 150 ) (0 -78 150 ) (184 -78 150 ) 
4 286 324 (0 0 150 ) (0 0 26 ) (0 -74 26 ) (0 -74 150 ) 
4 286 291 (0 -74 26 ) (0 -72 26 ) (184 -72 26 ) (184 -74 26 ) 
4 286 290 (0 -72 26 ) (0 0 26 ) (184 0 26 ) (184 -72 26 ) 
4 286 288 (82 -74 26 ) (84 -74 26 ) (84 -74 150 ) (82 -74 150 ) 
4 286 287 (182 -74 26 ) (184 -74 26 ) (184 -74 150 ) (182 -74 150 ) 
4 287 291 (182 -74 26 ) (184 -74 26 ) (184 -78 26 ) (182 -78 26 ) 
4 287 289 (182 -78 26 ) (184 -78 26 ) (184 -78 150 ) (182 -78 150 ) 
4 288 291 (82 -74 26 ) (84 -74 26 ) (84 -78 26 ) (82 -78 26 ) 
4 288 289 (82 -78 26 ) (84 -78 26 ) (84 -78 150 ) (82 -78 150 ) 
4 289 356 (0 -80 26 ) (0 -96 26 ) (0 -96 150 ) (0 -80 150 ) 
4 289 327 (0 -78 26 ) (0 -80 26 ) (0 -80 150 ) (0 -78 150 ) 
4 289 294 (184 -96 26 ) (184 -96 120 ) (0 -96 120 ) (0 -96 26 ) 
4 289 291 (0 -80 26 ) (0 -78 26 ) (184 -78 26 ) (184 -80 26 ) 
4 289 292 (184 -96 26 ) (0 -96 26 ) (0 -80 26 ) (184 -80 26 ) 
4 290 328 (0 0 26 ) (0 0 0 ) (0 -72 0 ) (0 -72 26 ) 
4 290 291 (184 -72 24 ) (184 -72 26 ) (0 -72 26 ) (0 -72 24 ) 
4 291 329 (0 -80 24 ) (0 -80 26 ) (0 -72 26 ) (0 -72 24 ) 
4 291 292 (184 -80 24 ) (184 -80 26 ) (0 -80 26 ) (0 -80 24 ) 
4 292 356 (0 -80 0 ) (0 -96 0 ) (0 -96 26 ) (0 -80 26 ) 
4 292 294 (0 -96 0 ) (184 -96 0 ) (184 -96 26 ) (0 -96 26 ) 
4 293 360 (0 -104 200 ) (0 -104 218 ) (0 -96 218 ) (0 -96 200 ) 
4 293 295 (184 -104 200 ) (184 -104 218 ) (0 -104 218 ) (0 -104 200 ) 
4 294 361 (0 -96 0 ) (0 -104 0 ) (0 -104 120 ) (0 -96 120 ) 
4 294 295 (0 -104 0 ) (184 -104 0 ) (184 -104 120 ) (0 -104 120 ) 
4 295 369 (0 -112 0 ) (0 -792 0 ) (0 -792 218 ) (0 -112 218 ) 
4 295 362 (0 -104 0 ) (0 -112 0 ) (0 -112 218 ) (0 -104 218 ) 
4 296 370 (-1024 0 760 ) (-1024 0 464 ) (-1024 -80 464 ) (-1024 -80 760 ) 
4 296 352 (0 -80 464 ) (0 -80 760 ) (-1024 -80 760 ) (-1024 -80 464 ) 
4 296 297 (-1024 -36 464 ) (-1024 0 464 ) (-970 0 464 ) (-970 -36 464 ) 
4 297 371 (-1024 0 464 ) (-1024 0 440 ) (-1024 -36 440 ) (-1024 -36 464 ) 
4 297 299 (-1024 -36 440 ) (-1024 0 440 ) (-970 0 440 ) (-970 -36 440 ) 
4 298 320 (-240 -72 216 ) (-240 -72 218 ) (-640 -72 218 ) (-640 -72 216 ) 
4 298 319 (0 -72 216 ) (0 -72 218 ) (-216 -72 218 ) (-216 -72 216 ) 
4 298 301 (-240 -72 344 ) (-640 -72 344 ) (-640 -72 218 ) (-240 -72 218 ) 
4 298 300 (0 -72 218 ) (0 -72 344 ) (-216 -72 344 ) (-216 -72 218 ) 
4 299 372 (-1024 0 440 ) (-1024 0 192 ) (-1024 -72 192 ) (-1024 -72 440 ) 
4 299 321 (-664 -72 216 ) (-664 -72 218 ) (-1024 -72 218 ) (-1024 -72 216 ) 
4 299 302 (-664 -72 344 ) (-1024 -72 344 ) (-1024 -72 218 ) (-664 -72 218 ) 
4 300 319 (-216 -72 218 ) (0 -72 218 ) (0 -74 218 ) (-216 -74 218 ) 
4 300 306 (-18 -74 218 ) (-16 -74 218 ) (-16 -74 342 ) (-18 -74 342 ) 
4 300 307 (-118 -74 218 ) (-116 -74 218 ) (-116 -74 342 ) (-118 -74 342 ) 
4 300 303 (0 -74 342 ) (0 -74 344 ) (-216 -74 344 ) (-216 -74 342 ) 
4 301 320 (-640 -72 218 ) (-240 -72 218 ) (-240 -74 218 ) (-640 -74 218 ) 
4 301 310 (-442 -74 218 ) (-440 -74 218 ) (-440 -74 342 ) (-442 -74 342 ) 
4 301 311 (-542 -74 218 ) (-540 -74 218 ) (-540 -74 342 ) (-542 -74 342 ) 
4 301 309 (-342 -74 218 ) (-340 -74 218 ) (-340 -74 342 ) (-342 -74 342 ) 
4 301 308 (-242 -74 218 ) (-240 -74 218 ) (-240 -74 342 ) (-242 -74 342 ) 
4 301 304 (-240 -74 342 ) (-240 -74 344 ) (-640 -74 344 ) (-640 -74 342 ) 
4 302 373 (-1024 -72 344 ) (-1024 -72 218 ) (-1024 -74 218 ) (-1024 -74 344 ) 
4 302 321 (-1024 -74 218 ) (-1024 -72 218 ) (-664 -72 218 ) (-664 -74 218 ) 
4 302 315 (-966 -74 218 ) (-964 -74 218 ) (-964 -74 342 ) (-966 -74 342 ) 
4 302 313 (-766 -74 218 ) (-764 -74 218 ) (-764 -74 342 ) (-766 -74 342 ) 
4 302 314 (-866 -74 218 ) (-864 -74 218 ) (-864 -74 342 ) (-866 -74 342 ) 
4 302 312 (-666 -74 218 ) (-664 -74 218 ) (-664 -74 342 ) (-666 -74 342 ) 
4 302 305 (-664 -74 342 ) (-664 -74 344 ) (-1024 -74 344 ) (-1024 -74 342 ) 
4 303 353 (0 -80 342 ) (0 -80 344 ) (-216 -80 344 ) (-216 -80 342 ) 
4 303 316 (0 -80 342 ) (-216 -80 342 ) (-216 -78 342 ) (0 -78 342 ) 
4 303 306 (-18 -74 342 ) (-16 -74 342 ) (-16 -78 342 ) (-18 -78 342 ) 
4 303 307 (-118 -74 342 ) (-116 -74 342 ) (-116 -78 342 ) (-118 -78 342 ) 
4 304 354 (-240 -80 344 ) (-640 -80 344 ) (-640 -80 342 ) (-240 -80 342 ) 
4 304 317 (-240 -80 342 ) (-640 -80 342 ) (-640 -78 342 ) (-240 -78 342 ) 
4 304 310 (-442 -74 342 ) (-440 -74 342 ) (-440 -78 342 ) (-442 -78 342 ) 
4 304 311 (-542 -74 342 ) (-540 -74 342 ) (-540 -78 342 ) (-542 -78 342 ) 
4 304 309 (-342 -74 342 ) (-340 -74 342 ) (-340 -78 342 ) (-342 -78 342 ) 
4 304 308 (-242 -74 342 ) (-240 -74 342 ) (-240 -78 342 ) (-242 -78 342 ) 
4 305 374 (-1024 -78 344 ) (-1024 -74 344 ) (-1024 -74 342 ) (-1024 -78 342 ) 
4 305 375 (-1024 -80 342 ) (-1024 -80 344 ) (-1024 -78 344 ) (-1024 -78 342 ) 
4 305 355 (-664 -80 344 ) (-1024 -80 344 ) (-1024 -80 342 ) (-664 -80 342 ) 
4 305 318 (-664 -80 342 ) (-1024 -80 342 ) (-1024 -78 342 ) (-664 -78 342 ) 
4 305 315 (-966 -74 342 ) (-964 -74 342 ) (-964 -78 342 ) (-966 -78 342 ) 
4 305 313 (-766 -74 342 ) (-764 -74 342 ) (-764 -78 342 ) (-766 -78 342 ) 
4 305 314 (-866 -74 342 ) (-864 -74 342 ) (-864 -78 342 ) (-866 -78 342 ) 
4 305 312 (-666 -74 342 ) (-664 -74 342 ) (-664 -78 342 ) (-666 -78 342 ) 
4 306 319 (-18 -74 218 ) (-16 -74 218 ) (-16 -78 218 ) (-18 -78 218 ) 
4 306 316 (-18 -78 218 ) (-16 -78 218 ) (-16 -78 342 ) (-18 -78 342 ) 
4 307 319 (-118 -74 218 ) (-116 -74 218 ) (-116 -78 218 ) (-118 -78 218 ) 
4 307 316 (-118 -78 218 ) (-116 -78 218 ) (-116 -78 342 ) (-118 -78 342 ) 
4 308 320 (-242 -74 218 ) (-240 -74 218 ) (-240 -78 218 ) (-242 -78 218 ) 
4 308 317 (-242 -78 218 ) (-240 -78 218 ) (-240 -78 342 ) (-242 -78 342 ) 
4 309 320 (-342 -74 218 ) (-340 -74 218 ) (-340 -78 218 ) (-342 -78 218 ) 
4 309 317 (-342 -78 218 ) (-340 -78 218 ) (-340 -78 342 ) (-342 -78 342 ) 
4 310 320 (-442 -74 218 ) (-440 -74 218 ) (-440 -78 218 ) (-442 -78 218 ) 
4 310 317 (-442 -78 218 ) (-440 -78 218 ) (-440 -78 342 ) (-442 -78 342 ) 
4 311 320 (-542 -74 218 ) (-540 -74 218 ) (-540 -78 218 ) (-542 -78 218 ) 
4 311 317 (-542 -78 218 ) (-540 -78 218 ) (-540 -78 342 ) (-542 -78 342 ) 
4 312 321 (-666 -74 218 ) (-664 -74 218 ) (-664 -78 218 ) (-666 -78 218 ) 
4 312 318 (-666 -78 218 ) (-664 -78 218 ) (-664 -78 342 ) (-666 -78 342 ) 
4 313 321 (-766 -74 218 ) (-764 -74 218 ) (-764 -78 218 ) (-766 -78 218 ) 
4 313 318 (-766 -78 218 ) (-764 -78 218 ) (-764 -78 342 ) (-766 -78 342 ) 
4 314 321 (-866 -74 218 ) (-864 -74 218 ) (-864 -78 218 ) (-866 -78 218 ) 
4 314 318 (-866 -78 218 ) (-864 -78 218 ) (-864 -78 342 ) (-866 -78 342 ) 
4 315 321 (-966 -74 218 ) (-964 -74 218 ) (-964 -78 218 ) (-966 -78 218 ) 
4 315 318 (-966 -78 218 ) (-964 -78 218 ) (-964 -78 342 ) (-966 -78 342 ) 
4 316 353 (0 -80 218 ) (0 -80 342 ) (-216 -80 342 ) (-216 -80 218 ) 
4 316 319 (0 -80 218 ) (-216 -80 218 ) (-216 -78 218 ) (0 -78 218 ) 
4 317 354 (-240 -80 342 ) (-640 -80 342 ) (-640 -80 218 ) (-240 -80 218 ) 
4 317 320 (-240 -80 218 ) (-640 -80 218 ) (-640 -78 218 ) (-240 -78 218 ) 
4 318 375 (-1024 -80 218 ) (-1024 -80 342 ) (-1024 -78 342 ) (-1024 -78 218 ) 
4 318 355 (-664 -80 342 ) (-1024 -80 342 ) (-1024 -80 218 ) (-664 -80 218 ) 
4 318 321 (-664 -80 218 ) (-1024 -80 218 ) (-1024 -78 218 ) (-664 -78 218 ) 
4 319 353 (0 -80 216 ) (0 -80 218 ) (-216 -80 218 ) (-216 -80 216 ) 
4 320 354 (-240 -80 218 ) (-640 -80 218 ) (-640 -80 216 ) (-240 -80 216 ) 
4 321 376 (-1024 -80 216 ) (-1024 -80 218 ) (-1024 -72 218 ) (-1024 -72 216 ) 
4 321 355 (-664 -80 218 ) (-1024 -80 218 ) (-1024 -80 216 ) (-664 -80 216 ) 
4 322 330 (-216 -48 176 ) (-216 0 176 ) (-216 0 150 ) (-216 -48 150 ) 
4 322 324 (-216 -72 150 ) (-216 0 150 ) (0 0 150 ) (0 -72 150 ) 
4 322 323 (-216 -72 152 ) (-216 -72 150 ) (0 -72 150 ) (0 -72 152 ) 
4 323 356 (0 -80 150 ) (0 -80 152 ) (-216 -80 152 ) (-216 -80 150 ) 
4 323 325 (-18 -74 150 ) (-16 -74 150 ) (-16 -78 150 ) (-18 -78 150 ) 
4 323 326 (-118 -74 150 ) (-116 -74 150 ) (-116 -78 150 ) (-118 -78 150 ) 
4 323 324 (-216 -74 150 ) (-216 -72 150 ) (0 -72 150 ) (0 -74 150 ) 
4 323 327 (0 -80 150 ) (-216 -80 150 ) (-216 -78 150 ) (0 -78 150 ) 
4 324 330 (-216 -48 150 ) (-216 0 150 ) (-216 0 26 ) (-216 -48 26 ) 
4 324 329 (-216 -74 26 ) (-216 -72 26 ) (0 -72 26 ) (0 -74 26 ) 
4 324 328 (-216 -72 26 ) (-216 0 26 ) (0 0 26 ) (0 -72 26 ) 
4 324 325 (-18 -74 26 ) (-16 -74 26 ) (-16 -74 150 ) (-18 -74 150 ) 
4 324 326 (-118 -74 26 ) (-116 -74 26 ) (-116 -74 150 ) (-118 -74 150 ) 
4 325 329 (-18 -74 26 ) (-16 -74 26 ) (-16 -78 26 ) (-18 -78 26 ) 
4 325 327 (-18 -78 26 ) (-16 -78 26 ) (-16 -78 150 ) (-18 -78 150 ) 
4 326 329 (-118 -74 26 ) (-116 -74 26 ) (-116 -78 26 ) (-118 -78 26 ) 
4 326 327 (-118 -78 26 ) (-116 -78 26 ) (-116 -78 150 ) (-118 -78 150 ) 
4 327 356 (0 -80 26 ) (0 -80 150 ) (-216 -80 150 ) (-216 -80 26 ) 
4 327 329 (0 -80 26 ) (-216 -80 26 ) (-216 -78 26 ) (0 -78 26 ) 
4 328 330 (-216 0 0 ) (-216 -48 0 ) (-216 -48 26 ) (-216 0 26 ) 
4 328 329 (0 -72 26 ) (-216 -72 26 ) (-216 -72 24 ) (0 -72 24 ) 
4 329 356 (0 -80 24 ) (0 -80 26 ) (-216 -80 26 ) (-216 -80 24 ) 
4 330 339 (-240 0 0 ) (-240 -48 0 ) (-240 -48 26 ) (-240 0 26 ) 
4 330 333 (-240 -48 26 ) (-240 -48 150 ) (-240 0 150 ) (-240 0 26 ) 
4 330 331 (-240 -48 150 ) (-240 -48 176 ) (-240 0 176 ) (-240 0 150 ) 
4 331 341 (-640 -48 176 ) (-640 0 176 ) (-640 0 150 ) (-640 -48 150 ) 
4 331 333 (-640 -72 150 ) (-640 0 150 ) (-240 0 150 ) (-240 -72 150 ) 
4 331 332 (-640 -72 152 ) (-640 -72 150 ) (-240 -72 150 ) (-240 -72 152 ) 
4 332 357 (-640 -80 152 ) (-640 -80 150 ) (-240 -80 150 ) (-240 -80 152 ) 
4 332 337 (-542 -74 150 ) (-540 -74 150 ) (-540 -78 150 ) (-542 -78 150 ) 
4 332 335 (-342 -74 150 ) (-340 -74 150 ) (-340 -78 150 ) (-342 -78 150 ) 
4 332 336 (-442 -74 150 ) (-440 -74 150 ) (-440 -78 150 ) (-442 -78 150 ) 
4 332 334 (-242 -74 150 ) (-240 -74 150 ) (-240 -78 150 ) (-242 -78 150 ) 
4 332 333 (-640 -74 150 ) (-640 -72 150 ) (-240 -72 150 ) (-240 -74 150 ) 
4 332 338 (-640 -80 150 ) (-640 -78 150 ) (-240 -78 150 ) (-240 -80 150 ) 
4 333 341 (-640 -48 150 ) (-640 0 150 ) (-640 0 26 ) (-640 -48 26 ) 
4 333 340 (-640 -74 26 ) (-640 -72 26 ) (-240 -72 26 ) (-240 -74 26 ) 
4 333 339 (-640 -72 26 ) (-640 0 26 ) (-240 0 26 ) (-240 -72 26 ) 
4 333 337 (-542 -74 26 ) (-540 -74 26 ) (-540 -74 150 ) (-542 -74 150 ) 
4 333 335 (-342 -74 26 ) (-340 -74 26 ) (-340 -74 150 ) (-342 -74 150 ) 
4 333 336 (-442 -74 26 ) (-440 -74 26 ) (-440 -74 150 ) (-442 -74 150 ) 
4 333 334 (-242 -74 26 ) (-240 -74 26 ) (-240 -74 150 ) (-242 -74 150 ) 
4 334 340 (-242 -74 26 ) (-240 -74 26 ) (-240 -78 26 ) (-242 -78 26 ) 
4 334 338 (-242 -78 26 ) (-240 -78 26 ) (-240 -78 150 ) (-242 -78 150 ) 
4 335 340 (-342 -74 26 ) (-340 -74 26 ) (-340 -78 26 ) (-342 -78 26 ) 
4 335 338 (-342 -78 26 ) (-340 -78 26 ) (-340 -78 150 ) (-342 -78 150 ) 
4 336 340 (-442 -74 26 ) (-440 -74 26 ) (-440 -78 26 ) (-442 -78 26 ) 
4 336 338 (-442 -78 26 ) (-440 -78 26 ) (-440 -78 150 ) (-442 -78 150 ) 
4 337 340 (-542 -74 26 ) (-540 -74 26 ) (-540 -78 26 ) (-542 -78 26 ) 
4 337 338 (-542 -78 26 ) (-540 -78 26 ) (-540 -78 150 ) (-542 -78 150 ) 
4 338 357 (-640 -80 150 ) (-640 -80 26 ) (-240 -80 26 ) (-240 -80 150 ) 
4 338 340 (-640 -80 26 ) (-640 -78 26 ) (-240 -78 26 ) (-240 -80 26 ) 
4 339 341 (-640 0 0 ) (-640 -48 0 ) (-640 -48 26 ) (-640 0 26 ) 
4 339 340 (-240 -72 24 ) (-240 -72 26 ) (-640 -72 26 ) (-640 -72 24 ) 
4 340 357 (-640 -80 26 ) (-640 -80 24 ) (-240 -80 24 ) (-240 -80 26 ) 
4 341 350 (-664 0 0 ) (-664 -48 0 ) (-664 -48 26 ) (-664 0 26 ) 
4 341 344 (-664 -48 26 ) (-664 -48 150 ) (-664 0 150 ) (-664 0 26 ) 
4 341 342 (-664 -48 150 ) (-664 -48 176 ) (-664 0 176 ) (-664 0 150 ) 
4 342 377 (-1024 0 176 ) (-1024 0 150 ) (-1024 -72 150 ) (-1024 -72 176 ) 
4 342 344 (-664 0 150 ) (-664 -72 150 ) (-1024 -72 150 ) (-1024 0 150 ) 
4 342 343 (-1024 -72 150 ) (-664 -72 150 ) (-664 -72 152 ) (-1024 -72 152 ) 
4 343 379 (-1024 -74 150 ) (-1024 -78 150 ) (-1024 -78 152 ) (-1024 -74 152 ) 
4 343 378 (-1024 -72 150 ) (-1024 -74 150 ) (-1024 -74 152 ) (-1024 -72 152 ) 
4 343 380 (-1024 -78 150 ) (-1024 -80 150 ) (-1024 -80 152 ) (-1024 -78 152 ) 
4 343 358 (-1024 -80 152 ) (-1024 -80 150 ) (-664 -80 150 ) (-664 -80 152 ) 
4 343 347 (-864 -78 150 ) (-866 -78 150 ) (-866 -74 150 ) (-864 -74 150 ) 
4 343 348 (-964 -78 150 ) (-966 -78 150 ) (-966 -74 150 ) (-964 -74 150 ) 
4 343 345 (-664 -74 150 ) (-664 -78 150 ) (-666 -78 150 ) (-666 -74 150 ) 
4 343 346 (-764 -78 150 ) (-766 -78 150 ) (-766 -74 150 ) (-764 -74 150 ) 
4 343 344 (-664 -72 150 ) (-664 -74 150 ) (-1024 -74 150 ) (-1024 -72 150 ) 
4 343 349 (-664 -78 150 ) (-664 -80 150 ) (-1024 -80 150 ) (-1024 -78 150 ) 
4 344 378 (-1024 -72 26 ) (-1024 -74 26 ) (-1024 -74 150 ) (-1024 -72 150 ) 
4 344 377 (-1024 0 150 ) (-1024 0 26 ) (-1024 -72 26 ) (-1024 -72 150 ) 
4 344 351 (-664 -72 26 ) (-664 -74 26 ) (-1024 -74 26 ) (-1024 -72 26 ) 
4 344 350 (-1024 0 26 ) (-664 0 26 ) (-664 -72 26 ) (-1024 -72 26 ) 
4 344 347 (-866 -74 26 ) (-864 -74 26 ) (-864 -74 150 ) (-866 -74 150 ) 
4 344 348 (-966 -74 26 ) (-964 -74 26 ) (-964 -74 150 ) (-966 -74 150 ) 
4 344 345 (-666 -74 26 ) (-664 -74 26 ) (-664 -74 150 ) (-666 -74 150 ) 
4 344 346 (-766 -74 26 ) (-764 -74 26 ) (-764 -74 150 ) (-766 -74 150 ) 
4 345 351 (-664 -74 26 ) (-664 -78 26 ) (-666 -78 26 ) (-666 -74 26 ) 
4 345 349 (-666 -78 26 ) (-664 -78 26 ) (-664 -78 150 ) (-666 -78 150 ) 
4 346 351 (-764 -78 26 ) (-766 -78 26 ) (-766 -74 26 ) (-764 -74 26 ) 
4 346 349 (-766 -78 26 ) (-764 -78 26 ) (-764 -78 150 ) (-766 -78 150 ) 
4 347 351 (-864 -78 26 ) (-866 -78 26 ) (-866 -74 26 ) (-864 -74 26 ) 
4 347 349 (-866 -78 26 ) (-864 -78 26 ) (-864 -78 150 ) (-866 -78 150 ) 
4 348 351 (-964 -78 26 ) (-966 -78 26 ) (-966 -74 26 ) (-964 -74 26 ) 
4 348 349 (-966 -78 26 ) (-964 -78 26 ) (-964 -78 150 ) (-966 -78 150 ) 
4 349 380 (-1024 -78 26 ) (-1024 -80 26 ) (-1024 -80 150 ) (-1024 -78 150 ) 
4 349 358 (-1024 -80 150 ) (-1024 -80 26 ) (-664 -80 26 ) (-664 -80 150 ) 
4 349 351 (-664 -78 26 ) (-664 -80 26 ) (-1024 -80 26 ) (-1024 -78 26 ) 
4 350 377 (-1024 0 26 ) (-1024 0 0 ) (-1024 -72 0 ) (-1024 -72 26 ) 
4 350 351 (-664 -72 24 ) (-664 -72 26 ) (-1024 -72 26 ) (-1024 -72 24 ) 
4 351 381 (-1024 -80 24 ) (-1024 -80 26 ) (-1024 -72 26 ) (-1024 -72 24 ) 
4 351 358 (-1024 -80 26 ) (-1024 -80 24 ) (-664 -80 24 ) (-664 -80 26 ) 
4 352 382 (-1024 -96 456 ) (-1024 -96 760 ) (-1024 -80 760 ) (-1024 -80 456 ) 
4 352 359 (0 -96 456 ) (0 -96 760 ) (-1024 -96 760 ) (-1024 -96 456 ) 
4 353 360 (0 -96 200 ) (0 -96 360 ) (-216 -96 360 ) (-216 -96 200 ) 
4 354 363 (-240 -96 360 ) (-640 -96 360 ) (-640 -96 200 ) (-240 -96 200 ) 
4 355 383 (-1024 -96 192 ) (-1024 -96 360 ) (-1024 -80 360 ) (-1024 -80 192 ) 
4 355 366 (-664 -96 360 ) (-1024 -96 360 ) (-1024 -96 200 ) (-664 -96 200 ) 
4 356 361 (0 -96 0 ) (0 -96 120 ) (-216 -96 120 ) (-216 -96 0 ) 
4 357 364 (-640 -96 120 ) (-640 -96 0 ) (-240 -96 0 ) (-240 -96 120 ) 
4 358 384 (-1024 -96 0 ) (-1024 -96 152 ) (-1024 -80 152 ) (-1024 -80 0 ) 
4 358 367 (-1024 -96 120 ) (-1024 -96 0 ) (-664 -96 0 ) (-664 -96 120 ) 
4 359 385 (-1024 -112 456 ) (-1024 -112 760 ) (-1024 -96 760 ) (-1024 -96 456 ) 
4 359 369 (-1024 -112 760 ) (-1024 -112 456 ) (0 -112 456 ) (0 -112 760 ) 
4 360 362 (-216 -104 360 ) (-216 -104 200 ) (0 -104 200 ) (0 -104 360 ) 
4 361 362 (-216 -104 120 ) (-216 -104 0 ) (0 -104 0 ) (0 -104 120 ) 
4 362 369 (-216 -112 0 ) (0 -112 0 ) (0 -112 360 ) (-216 -112 360 ) 
4 363 365 (-640 -104 360 ) (-640 -104 200 ) (-240 -104 200 ) (-240 -104 360 ) 
4 364 365 (-640 -104 120 ) (-640 -104 0 ) (-240 -104 0 ) (-240 -104 120 ) 
4 365 369 (-640 -112 0 ) (-240 -112 0 ) (-240 -112 360 ) (-640 -112 360 ) 
4 366 386 (-1024 -104 360 ) (-1024 -96 360 ) (-1024 -96 200 ) (-1024 -104 200 ) 
4 366 368 (-664 -104 200 ) (-664 -104 360 ) (-1024 -104 360 ) (-1024 -104 200 ) 
4 367 387 (-1024 -96 120 ) (-1024 -96 0 ) (-1024 -104 0 ) (-1024 -104 120 ) 
4 367 368 (-1024 -104 0 ) (-664 -104 0 ) (-664 -104 120 ) (-1024 -104 120 ) 
4 368 388 (-1024 -112 0 ) (-1024 -112 200 ) (-1024 -104 200 ) (-1024 -104 0 ) 
4 368 386 (-1024 -112 200 ) (-1024 -112 360 ) (-1024 -104 360 ) (-1024 -104 200 ) 
4 368 369 (-1024 -112 360 ) (-1024 -112 0 ) (-664 -112 0 ) (-664 -112 360 ) 
4 369 389 (-1024 -792 0 ) (-1024 -792 760 ) (-1024 -112 760 ) (-1024 -112 0 ) 
4 370 390 (-1064 0 760 ) (-1064 0 464 ) (-1064 -80 464 ) (-1064 -80 760 ) 
4 370 382 (-1064 -80 760 ) (-1064 -80 464 ) (-1024 -80 464 ) (-1024 -80 760 ) 
4 370 371 (-1058 0 464 ) (-1024 0 464 ) (-1024 -36 464 ) (-1058 -36 464 ) 
4 371 372 (-1058 0 440 ) (-1024 0 440 ) (-1024 -36 440 ) (-1058 -36 440 ) 
4 372 376 (-1024 -72 216 ) (-1024 -72 218 ) (-1064 -72 218 ) (-1064 -72 216 ) 
4 372 373 (-1024 -72 218 ) (-1024 -72 344 ) (-1064 -72 344 ) (-1064 -72 218 ) 
4 373 376 (-1064 -74 218 ) (-1064 -72 218 ) (-1024 -72 218 ) (-1024 -74 218 ) 
4 373 374 (-1024 -74 342 ) (-1024 -74 344 ) (-1064 -74 344 ) (-1064 -74 342 ) 
4 374 375 (-1024 -78 342 ) (-1024 -78 344 ) (-1064 -78 344 ) (-1064 -78 342 ) 
4 375 383 (-1064 -80 344 ) (-1064 -80 218 ) (-1024 -80 218 ) (-1024 -80 344 ) 
4 375 376 (-1024 -80 218 ) (-1064 -80 218 ) (-1064 -78 218 ) (-1024 -78 218 ) 
4 376 383 (-1064 -80 218 ) (-1064 -80 216 ) (-1024 -80 216 ) (-1024 -80 218 ) 
4 377 381 (-1024 -72 24 ) (-1024 -72 26 ) (-1064 -72 26 ) (-1064 -72 24 ) 
4 377 378 (-1024 -72 26 ) (-1024 -72 152 ) (-1064 -72 152 ) (-1064 -72 26 ) 
4 378 381 (-1064 -74 26 ) (-1064 -72 26 ) (-1024 -72 26 ) (-1024 -74 26 ) 
4 378 379 (-1024 -74 150 ) (-1024 -74 152 ) (-1064 -74 152 ) (-1064 -74 150 ) 
4 379 380 (-1024 -78 150 ) (-1024 -78 152 ) (-1064 -78 152 ) (-1064 -78 150 ) 
4 380 384 (-1064 -80 152 ) (-1064 -80 26 ) (-1024 -80 26 ) (-1024 -80 152 ) 
4 380 381 (-1024 -80 26 ) (-1064 -80 26 ) (-1064 -78 26 ) (-1024 -78 26 ) 
4 381 384 (-1064 -80 26 ) (-1064 -80 24 ) (-1024 -80 24 ) (-1024 -80 26 ) 
4 382 390 (-1064 -96 760 ) (-1064 -80 760 ) (-1064 -80 464 ) (-1064 -96 464 ) 
4 382 385 (-1024 -96 456 ) (-1024 -96 760 ) (-1064 -96 760 ) (-1064 -96 456 ) 
4 383 386 (-1024 -96 200 ) (-1024 -96 360 ) (-1064 -96 360 ) (-1064 -96 200 ) 
4 384 387 (-1064 -96 0 ) (-1024 -96 0 ) (-1024 -96 120 ) (-1064 -96 120 ) 
4 385 390 (-1064 -112 760 ) (-1064 -96 760 ) (-1064 -96 464 ) (-1064 -112 464 ) 
4 385 389 (-1024 -112 456 ) (-1024 -112 760 ) (-1064 -112 760 ) (-1064 -112 456 ) 
4 386 389 (-1024 -112 200 ) (-1024 -112 360 ) (-1064 -112 360 ) (-1064 -112 200 ) 
4 386 388 (-1024 -112 200 ) (-1064 -112 200 ) (-1064 -104 200 ) (-1024 -104 200 ) 
4 387 388 (-1064 -104 0 ) (-1024 -104 0 ) (-1024 -104 120 ) (-1064 -104 120 ) 
4 388 389 (-1064 -112 0 ) (-1024 -112 0 ) (-1024 -112 200 ) (-1064 -112 200 ) 
4 389 392 (-1064 -792 760 ) (-1064 -112 760 ) (-1064 -112 0 ) (-1064 -792 0 ) 
4 390 392 (-1064 -112 464 ) (-1064 -112 760 ) (-1088 -112 760 ) (-1088 -112 464 ) 
4 390 391 (-1088 -112 464 ) (-1088 -112 760 ) (-1088 0 760 ) (-1088 0 464 ) 
4 391 393 (-2048 0 760 ) (-2048 0 0 ) (-2048 -112 0 ) (-2048 -112 760 ) 
4 391 392 (-2048 -112 0 ) (-1088 -112 0 ) (-1088 -112 760 ) (-2048 -112 760 ) 
4 392 393 (-2048 -112 0 ) (-2048 -792 0 ) (-2048 -792 760 ) (-2048 -112 760 ) 
