PRT1
415
1104
4 0 2 (1835 1024 0 ) (1835 1024 760 ) (1024 1024 760 ) (1024 1024 0 ) 
4 0 1 (1024 1024 0 ) (1024 1024 760 ) (1024 1568 760 ) (1024 1568 0 ) 
4 1 86 (0 1024 0 ) (0 1024 760 ) (0 1568 760 ) (0 1568 0 ) 
4 1 72 (0 1024 192 ) (0 1024 0 ) (184 1024 0 ) (184 1024 192 ) 
4 1 56 (0 1024 360 ) (0 1024 192 ) (184 1024 192 ) (184 1024 360 ) 
4 1 55 (0 1024 440 ) (0 1024 360 ) (184 1024 360 ) (184 1024 440 ) 
4 1 53 (0 1024 456 ) (0 1024 440 ) (184 1024 440 ) (184 1024 456 ) 
4 1 52 (184 1024 760 ) (0 1024 760 ) (0 1024 456 ) (184 1024 456 ) 
4 1 39 (184 1024 176 ) (184 1024 0 ) (208 1024 0 ) (208 1024 176 ) 
4 1 36 (184 1024 456 ) (184 1024 176 ) (208 1024 176 ) (208 1024 456 ) 
4 1 24 (208 1024 0 ) (568 1024 0 ) (568 1024 456 ) (208 1024 456 ) 
4 1 23 (184 1024 464 ) (184 1024 456 ) (208 1024 456 ) (208 1024 464 ) 
4 1 21 (208 1024 456 ) (568 1024 456 ) (568 1024 464 ) (208 1024 464 ) 
4 1 20 (568 1024 760 ) (184 1024 760 ) (184 1024 464 ) (568 1024 464 ) 
4 1 12 (576 1024 760 ) (568 1024 760 ) (568 1024 0 ) (576 1024 0 ) 
4 1 7 (696 1024 136 ) (688 1024 136 ) (688 1024 0 ) (696 1024 0 ) 
4 1 8 (688 1024 136 ) (576 1024 136 ) (576 1024 0 ) (688 1024 0 ) 
4 1 5 (880 1024 136 ) (872 1024 136 ) (872 1024 0 ) (880 1024 0 ) 
4 1 4 (1024 1024 0 ) (1024 1024 136 ) (880 1024 136 ) (880 1024 0 ) 
4 1 6 (872 1024 136 ) (696 1024 136 ) (696 1024 0 ) (872 1024 0 ) 
4 1 3 (1024 1024 136 ) (1024 1024 760 ) (576 1024 760 ) (576 1024 136 ) 
4 2 280 (1835 0 0 ) (1835 0 760 ) (1024 0 760 ) (1024 0 0 ) 
4 2 10 (1024 384 0 ) (1024 0 0 ) (1024 0 136 ) (1024 384 136 ) 
4 2 4 (1024 1024 136 ) (1024 1024 0 ) (1024 384 0 ) (1024 384 136 ) 
4 2 3 (1024 1024 760 ) (1024 1024 136 ) (1024 0 136 ) (1024 0 760 ) 
4 3 281 (1024 0 136 ) (1024 0 760 ) (576 0 760 ) (576 0 136 ) 
4 3 19 (576 8 136 ) (576 0 136 ) (576 0 464 ) (576 8 464 ) 
4 3 18 (576 0 464 ) (576 0 760 ) (576 408 760 ) (576 408 464 ) 
4 3 16 (576 408 464 ) (576 408 760 ) (576 536 760 ) (576 536 464 ) 
4 3 14 (576 536 464 ) (576 536 760 ) (576 880 760 ) (576 880 464 ) 
4 3 15 (576 536 232 ) (576 536 320 ) (576 880 320 ) (576 880 232 ) 
4 3 13 (576 880 464 ) (576 880 760 ) (576 888 760 ) (576 888 464 ) 
4 3 12 (576 1024 760 ) (576 1024 136 ) (576 888 136 ) (576 888 760 ) 
4 3 11 (576 0 136 ) (576 376 136 ) (880 376 136 ) (880 0 136 ) 
4 3 10 (880 384 136 ) (1024 384 136 ) (1024 0 136 ) (880 0 136 ) 
4 3 9 (576 384 136 ) (576 560 136 ) (696 560 136 ) (696 384 136 ) 
4 3 7 (688 1024 136 ) (696 1024 136 ) (696 608 136 ) (688 608 136 ) 
4 3 8 (576 568 136 ) (576 1024 136 ) (688 1024 136 ) (688 568 136 ) 
4 3 5 (872 1024 136 ) (880 1024 136 ) (880 608 136 ) (872 608 136 ) 
4 3 4 (880 1024 136 ) (1024 1024 136 ) (1024 384 136 ) (880 384 136 ) 
4 3 6 (696 1024 136 ) (872 1024 136 ) (872 384 136 ) (696 384 136 ) 
4 4 10 (1024 384 136 ) (880 384 136 ) (880 384 0 ) (1024 384 0 ) 
4 4 5 (880 1024 0 ) (880 608 0 ) (880 608 136 ) (880 1024 136 ) 
4 5 6 (872 1024 0 ) (872 608 0 ) (872 608 136 ) (872 1024 136 ) 
4 6 9 (696 560 0 ) (696 384 0 ) (696 384 136 ) (696 560 136 ) 
4 6 7 (696 1024 0 ) (696 608 0 ) (696 608 136 ) (696 1024 136 ) 
4 7 8 (688 1024 0 ) (688 608 0 ) (688 608 136 ) (688 1024 136 ) 
4 8 12 (576 1024 136 ) (576 1024 0 ) (576 888 0 ) (576 888 136 ) 
4 9 17 (576 536 0 ) (576 408 0 ) (576 408 114 ) (576 536 114 ) 
4 10 281 (1024 0 0 ) (1024 0 136 ) (880 0 136 ) (880 0 0 ) 
4 10 11 (880 376 0 ) (880 0 0 ) (880 0 136 ) (880 376 136 ) 
4 11 281 (880 0 136 ) (576 0 136 ) (576 0 0 ) (880 0 0 ) 
4 11 19 (576 8 0 ) (576 0 0 ) (576 0 136 ) (576 8 136 ) 
4 12 24 (568 1024 0 ) (568 888 0 ) (568 888 456 ) (568 1024 456 ) 
4 12 21 (568 888 456 ) (568 888 464 ) (568 1024 464 ) (568 1024 456 ) 
4 12 20 (568 888 464 ) (568 888 760 ) (568 1024 760 ) (568 1024 464 ) 
4 12 13 (568 888 760 ) (568 888 464 ) (576 888 464 ) (576 888 760 ) 
4 13 20 (568 880 464 ) (568 880 760 ) (568 888 760 ) (568 888 464 ) 
4 13 14 (568 880 760 ) (568 880 464 ) (576 880 464 ) (576 880 760 ) 
4 14 20 (568 536 464 ) (568 536 760 ) (568 880 760 ) (568 880 464 ) 
4 14 16 (568 536 760 ) (568 536 464 ) (576 536 464 ) (576 536 760 ) 
4 15 31 (568 536 232 ) (568 536 320 ) (568 576 320 ) (568 576 232 ) 
4 15 27 (568 576 320 ) (568 756 320 ) (568 756 232 ) (568 576 232 ) 
4 15 26 (568 756 320 ) (568 880 320 ) (568 880 232 ) (568 756 232 ) 
4 16 20 (568 408 464 ) (568 408 760 ) (568 536 760 ) (568 536 464 ) 
4 16 18 (568 408 760 ) (568 408 464 ) (576 408 464 ) (576 408 760 ) 
4 17 31 (568 536 0 ) (568 408 0 ) (568 408 114 ) (568 536 114 ) 
4 18 281 (568 0 760 ) (568 0 464 ) (576 0 464 ) (576 0 760 ) 
4 18 20 (568 0 464 ) (568 0 760 ) (568 408 760 ) (568 408 464 ) 
4 18 19 (568 0 464 ) (568 8 464 ) (576 8 464 ) (576 0 464 ) 
4 19 281 (568 0 464 ) (568 0 0 ) (576 0 0 ) (576 0 464 ) 
4 19 46 (568 8 0 ) (568 0 0 ) (568 0 456 ) (568 8 456 ) 
4 19 22 (568 0 456 ) (568 0 464 ) (568 8 464 ) (568 8 456 ) 
4 20 282 (184 0 760 ) (184 0 464 ) (208 0 464 ) (208 0 760 ) 
4 20 281 (208 0 464 ) (568 0 464 ) (568 0 760 ) (208 0 760 ) 
4 20 54 (184 856 464 ) (184 0 464 ) (184 0 760 ) (184 856 760 ) 
4 20 52 (184 1024 760 ) (184 1024 464 ) (184 856 464 ) (184 856 760 ) 
4 20 23 (184 888 464 ) (184 1024 464 ) (208 1024 464 ) (208 888 464 ) 
4 20 22 (568 8 464 ) (568 0 464 ) (208 0 464 ) (208 8 464 ) 
4 20 21 (208 1024 464 ) (568 1024 464 ) (568 888 464 ) (208 888 464 ) 
4 21 24 (208 1024 456 ) (568 1024 456 ) (568 888 456 ) (208 888 456 ) 
4 21 23 (208 1024 456 ) (208 888 456 ) (208 888 464 ) (208 1024 464 ) 
4 22 281 (208 0 456 ) (568 0 456 ) (568 0 464 ) (208 0 464 ) 
4 22 51 (336 0 456 ) (208 0 456 ) (208 8 456 ) (336 8 456 ) 
4 22 48 (344 0 456 ) (336 0 456 ) (336 8 456 ) (344 8 456 ) 
4 22 46 (568 8 456 ) (568 0 456 ) (344 0 456 ) (344 8 456 ) 
4 23 52 (184 1024 464 ) (184 1024 456 ) (184 888 456 ) (184 888 464 ) 
4 23 36 (184 888 456 ) (184 1024 456 ) (208 1024 456 ) (208 888 456 ) 
4 24 39 (208 1024 0 ) (208 888 0 ) (208 888 176 ) (208 1024 176 ) 
4 24 36 (208 888 176 ) (208 888 456 ) (208 1024 456 ) (208 1024 176 ) 
4 24 25 (208 888 320 ) (208 888 232 ) (568 888 232 ) (568 888 320 ) 
4 25 26 (208 880 320 ) (208 880 232 ) (568 880 232 ) (568 880 320 ) 
4 26 28 (208 756 456 ) (208 756 184 ) (360 756 184 ) (360 756 456 ) 
4 26 30 (208 756 184 ) (208 756 96 ) (360 756 96 ) (360 756 184 ) 
4 26 27 (416 756 96 ) (568 756 96 ) (568 756 456 ) (416 756 456 ) 
4 27 31 (416 576 0 ) (568 576 0 ) (568 576 456 ) (416 576 456 ) 
4 28 29 (208 612 456 ) (208 612 192 ) (360 612 192 ) (360 612 456 ) 
4 28 30 (208 756 184 ) (360 756 184 ) (360 612 184 ) (208 612 184 ) 
4 29 32 (220 576 192 ) (348 576 192 ) (348 576 304 ) (220 576 304 ) 
4 31 44 (428 288 112 ) (428 288 0 ) (556 288 0 ) (556 288 112 ) 
4 32 33 (220 568 192 ) (348 568 192 ) (348 568 304 ) (220 568 304 ) 
4 33 37 (208 288 192 ) (208 288 456 ) (208 568 456 ) (208 568 192 ) 
4 34 43 (208 322 0 ) (208 296 0 ) (208 296 176 ) (208 322 176 ) 
4 34 41 (208 448 0 ) (208 322 0 ) (208 322 176 ) (208 448 176 ) 
4 34 40 (208 568 0 ) (208 448 0 ) (208 448 176 ) (208 568 176 ) 
4 34 35 (336 296 0 ) (336 296 112 ) (208 296 112 ) (208 296 0 ) 
4 35 49 (208 288 112 ) (208 288 0 ) (336 288 0 ) (336 288 112 ) 
4 36 72 (184 1024 192 ) (184 1024 176 ) (184 888 176 ) (184 888 192 ) 
4 36 56 (184 1024 360 ) (184 1024 192 ) (184 888 192 ) (184 888 360 ) 
4 36 55 (184 1024 440 ) (184 1024 360 ) (184 888 360 ) (184 888 440 ) 
4 36 53 (184 1024 456 ) (184 1024 440 ) (184 888 440 ) (184 888 456 ) 
4 36 39 (208 1024 176 ) (208 888 176 ) (184 888 176 ) (184 1024 176 ) 
4 37 38 (200 448 192 ) (200 322 192 ) (200 322 304 ) (200 448 304 ) 
4 38 66 (184 448 304 ) (184 448 192 ) (184 322 192 ) (184 322 304 ) 
4 39 72 (184 1024 176 ) (184 1024 0 ) (184 888 0 ) (184 888 176 ) 
4 40 41 (208 448 0 ) (208 448 176 ) (200 448 176 ) (200 448 0 ) 
4 41 43 (208 322 0 ) (208 322 176 ) (200 322 176 ) (200 322 0 ) 
4 41 42 (200 448 112 ) (200 448 0 ) (200 322 0 ) (200 322 112 ) 
4 42 84 (184 448 0 ) (184 322 0 ) (184 322 112 ) (184 448 112 ) 
4 44 45 (428 280 0 ) (556 280 0 ) (556 280 112 ) (428 280 112 ) 
4 45 47 (344 232 0 ) (344 104 0 ) (344 104 112 ) (344 232 112 ) 
4 45 46 (344 8 176 ) (344 8 0 ) (568 8 0 ) (568 8 176 ) 
4 46 281 (344 0 0 ) (568 0 0 ) (568 0 456 ) (344 0 456 ) 
4 46 48 (344 8 0 ) (344 0 0 ) (344 0 456 ) (344 8 456 ) 
4 47 49 (336 232 0 ) (336 104 0 ) (336 104 112 ) (336 232 112 ) 
4 48 281 (336 0 0 ) (344 0 0 ) (344 0 456 ) (336 0 456 ) 
4 48 51 (336 8 0 ) (336 0 0 ) (336 0 456 ) (336 8 456 ) 
4 49 50 (208 16 112 ) (208 16 0 ) (336 16 0 ) (336 16 112 ) 
4 50 51 (208 8 112 ) (208 8 0 ) (336 8 0 ) (336 8 112 ) 
4 51 281 (208 0 0 ) (336 0 0 ) (336 0 456 ) (208 0 456 ) 
4 52 90 (0 888 456 ) (0 856 456 ) (0 856 464 ) (0 888 464 ) 
4 52 89 (0 1024 464 ) (0 1024 456 ) (0 888 456 ) (0 888 464 ) 
4 52 88 (0 1024 760 ) (0 1024 464 ) (0 856 464 ) (0 856 760 ) 
4 52 54 (184 856 464 ) (184 856 760 ) (0 856 760 ) (0 856 464 ) 
4 52 53 (0 888 456 ) (0 1024 456 ) (184 1024 456 ) (184 888 456 ) 
4 53 89 (0 1024 456 ) (0 1024 440 ) (0 888 440 ) (0 888 456 ) 
4 53 55 (0 888 440 ) (0 1024 440 ) (184 1024 440 ) (184 888 440 ) 
4 54 284 (0 0 760 ) (0 0 464 ) (184 0 464 ) (184 0 760 ) 
4 54 88 (0 0 464 ) (0 0 760 ) (0 856 760 ) (0 856 464 ) 
4 55 92 (0 888 440 ) (0 1024 440 ) (0 1024 360 ) (0 888 360 ) 
4 55 56 (0 888 360 ) (0 1024 360 ) (184 1024 360 ) (184 888 360 ) 
4 56 93 (0 1024 360 ) (0 1024 192 ) (0 880 192 ) (0 880 360 ) 
4 56 72 (184 1024 192 ) (184 880 192 ) (0 880 192 ) (0 1024 192 ) 
4 56 57 (184 880 200 ) (184 880 360 ) (0 880 360 ) (0 880 200 ) 
4 57 94 (0 872 200 ) (0 872 360 ) (0 880 360 ) (0 880 200 ) 
4 57 58 (184 872 200 ) (184 872 360 ) (0 872 360 ) (0 872 200 ) 
4 58 95 (0 872 192 ) (0 856 192 ) (0 856 360 ) (0 872 360 ) 
4 58 64 (184 856 216 ) (184 856 218 ) (0 856 218 ) (0 856 216 ) 
4 58 60 (184 856 218 ) (184 856 342 ) (0 856 342 ) (0 856 218 ) 
4 58 59 (184 856 342 ) (184 856 344 ) (0 856 344 ) (0 856 342 ) 
4 59 104 (0 856 344 ) (0 856 342 ) (0 848 342 ) (0 848 344 ) 
4 59 68 (108 848 344 ) (0 848 344 ) (0 848 342 ) (108 848 342 ) 
4 59 65 (184 848 342 ) (184 848 344 ) (108 848 344 ) (108 848 342 ) 
4 59 61 (182 854 342 ) (184 854 342 ) (184 850 342 ) (182 850 342 ) 
4 59 62 (82 854 342 ) (84 854 342 ) (84 850 342 ) (82 850 342 ) 
4 59 60 (0 854 342 ) (0 856 342 ) (184 856 342 ) (184 854 342 ) 
4 59 63 (184 848 342 ) (0 848 342 ) (0 850 342 ) (184 850 342 ) 
4 60 107 (0 856 342 ) (0 856 218 ) (0 854 218 ) (0 854 342 ) 
4 60 64 (0 854 218 ) (0 856 218 ) (184 856 218 ) (184 854 218 ) 
4 60 61 (182 854 218 ) (184 854 218 ) (184 854 342 ) (182 854 342 ) 
4 60 62 (82 854 218 ) (84 854 218 ) (84 854 342 ) (82 854 342 ) 
4 61 64 (182 854 218 ) (184 854 218 ) (184 850 218 ) (182 850 218 ) 
4 61 63 (182 850 218 ) (184 850 218 ) (184 850 342 ) (182 850 342 ) 
4 62 64 (82 854 218 ) (84 854 218 ) (84 850 218 ) (82 850 218 ) 
4 62 63 (82 850 218 ) (84 850 218 ) (84 850 342 ) (82 850 342 ) 
4 63 119 (0 850 218 ) (0 848 218 ) (0 848 342 ) (0 850 342 ) 
4 63 68 (108 848 342 ) (0 848 342 ) (0 848 304 ) (108 848 304 ) 
4 63 71 (0 848 304 ) (0 848 218 ) (108 848 218 ) (108 848 304 ) 
4 63 65 (184 848 218 ) (184 848 342 ) (108 848 342 ) (108 848 218 ) 
4 63 64 (184 848 218 ) (0 848 218 ) (0 850 218 ) (184 850 218 ) 
4 64 122 (0 856 218 ) (0 856 216 ) (0 848 216 ) (0 848 218 ) 
4 64 71 (108 848 218 ) (0 848 218 ) (0 848 216 ) (108 848 216 ) 
4 64 65 (184 848 216 ) (184 848 218 ) (108 848 218 ) (108 848 216 ) 
4 65 68 (108 848 440 ) (108 848 304 ) (108 496 304 ) (108 496 440 ) 
4 65 71 (108 848 304 ) (108 848 192 ) (108 496 192 ) (108 496 304 ) 
4 66 69 (108 280 304 ) (108 280 440 ) (108 488 440 ) (108 488 304 ) 
4 66 71 (108 488 192 ) (108 280 192 ) (108 280 304 ) (108 488 304 ) 
4 67 291 (108 0 192 ) (184 0 192 ) (184 0 218 ) (108 0 218 ) 
4 67 287 (184 0 218 ) (184 0 342 ) (108 0 342 ) (108 0 218 ) 
4 67 285 (184 0 342 ) (184 0 440 ) (108 0 440 ) (108 0 342 ) 
4 67 70 (108 0 304 ) (108 0 440 ) (108 272 440 ) (108 272 304 ) 
4 67 71 (108 272 192 ) (108 0 192 ) (108 0 304 ) (108 272 304 ) 
4 68 125 (0 496 440 ) (0 848 440 ) (0 848 304 ) (0 496 304 ) 
4 68 71 (0 496 304 ) (0 848 304 ) (108 848 304 ) (108 496 304 ) 
4 69 126 (0 280 440 ) (0 488 440 ) (0 488 304 ) (0 280 304 ) 
4 69 71 (0 280 304 ) (0 488 304 ) (108 488 304 ) (108 280 304 ) 
4 70 287 (0 0 342 ) (0 0 304 ) (108 0 304 ) (108 0 342 ) 
4 70 285 (0 0 440 ) (0 0 342 ) (108 0 342 ) (108 0 440 ) 
4 70 136 (0 88 440 ) (0 272 440 ) (0 272 304 ) (0 88 304 ) 
4 70 141 (0 0 304 ) (0 0 440 ) (0 88 440 ) (0 88 304 ) 
4 70 71 (0 0 304 ) (0 272 304 ) (108 272 304 ) (108 0 304 ) 
4 71 291 (0 0 218 ) (0 0 192 ) (108 0 192 ) (108 0 218 ) 
4 71 287 (0 0 304 ) (0 0 218 ) (108 0 218 ) (108 0 304 ) 
4 71 136 (0 88 304 ) (0 272 304 ) (0 272 192 ) (0 88 192 ) 
4 71 141 (0 0 192 ) (0 0 304 ) (0 88 304 ) (0 88 192 ) 
4 71 127 (0 272 304 ) (0 848 304 ) (0 848 192 ) (0 272 192 ) 
4 72 161 (0 1024 26 ) (0 1024 0 ) (0 880 0 ) (0 880 26 ) 
4 72 153 (0 1024 176 ) (0 1024 26 ) (0 880 26 ) (0 880 176 ) 
4 72 148 (0 880 192 ) (0 1024 192 ) (0 1024 176 ) (0 880 176 ) 
4 72 73 (0 880 0 ) (184 880 0 ) (184 880 120 ) (0 880 120 ) 
4 73 161 (0 880 26 ) (0 880 0 ) (0 872 0 ) (0 872 26 ) 
4 73 154 (0 880 120 ) (0 880 26 ) (0 872 26 ) (0 872 120 ) 
4 73 79 (0 872 0 ) (184 872 0 ) (184 872 26 ) (0 872 26 ) 
4 73 75 (184 872 26 ) (184 872 120 ) (0 872 120 ) (0 872 26 ) 
4 74 156 (0 854 150 ) (0 848 150 ) (0 848 152 ) (0 854 152 ) 
4 74 155 (0 872 152 ) (0 872 150 ) (0 854 150 ) (0 854 152 ) 
4 74 82 (106 848 152 ) (0 848 152 ) (0 848 150 ) (106 848 150 ) 
4 74 81 (184 848 150 ) (184 848 152 ) (106 848 152 ) (106 848 150 ) 
4 74 76 (182 854 150 ) (184 854 150 ) (184 850 150 ) (182 850 150 ) 
4 74 77 (82 854 150 ) (84 854 150 ) (84 850 150 ) (82 850 150 ) 
4 74 75 (0 854 150 ) (0 872 150 ) (184 872 150 ) (184 854 150 ) 
4 74 78 (184 848 150 ) (0 848 150 ) (0 850 150 ) (184 850 150 ) 
4 75 155 (0 872 150 ) (0 872 26 ) (0 854 26 ) (0 854 150 ) 
4 75 80 (0 854 26 ) (0 856 26 ) (184 856 26 ) (184 854 26 ) 
4 75 79 (0 856 26 ) (0 872 26 ) (184 872 26 ) (184 856 26 ) 
4 75 76 (182 854 26 ) (184 854 26 ) (184 854 150 ) (182 854 150 ) 
4 75 77 (82 854 26 ) (84 854 26 ) (84 854 150 ) (82 854 150 ) 
4 76 80 (182 854 26 ) (184 854 26 ) (184 850 26 ) (182 850 26 ) 
4 76 78 (182 850 26 ) (184 850 26 ) (184 850 150 ) (182 850 150 ) 
4 77 80 (82 854 26 ) (84 854 26 ) (84 850 26 ) (82 850 26 ) 
4 77 78 (82 850 26 ) (84 850 26 ) (84 850 150 ) (82 850 150 ) 
4 78 160 (0 850 26 ) (0 848 26 ) (0 848 150 ) (0 850 150 ) 
4 78 82 (106 848 150 ) (0 848 150 ) (0 848 26 ) (106 848 26 ) 
4 78 81 (184 848 26 ) (184 848 150 ) (106 848 150 ) (106 848 26 ) 
4 78 80 (184 848 26 ) (0 848 26 ) (0 850 26 ) (184 850 26 ) 
4 79 161 (0 872 26 ) (0 872 0 ) (0 856 0 ) (0 856 26 ) 
4 79 80 (184 856 24 ) (184 856 26 ) (0 856 26 ) (0 856 24 ) 
4 80 162 (0 848 24 ) (0 848 26 ) (0 856 26 ) (0 856 24 ) 
4 80 82 (106 848 26 ) (0 848 26 ) (0 848 24 ) (106 848 24 ) 
4 80 81 (184 848 24 ) (184 848 26 ) (106 848 26 ) (106 848 24 ) 
4 81 82 (106 848 176 ) (106 848 0 ) (106 496 0 ) (106 496 176 ) 
4 82 163 (0 848 26 ) (0 848 0 ) (0 496 0 ) (0 496 26 ) 
4 82 160 (0 848 150 ) (0 848 26 ) (0 496 26 ) (0 496 150 ) 
4 82 157 (0 496 176 ) (0 848 176 ) (0 848 150 ) (0 496 150 ) 
4 82 83 (0 496 0 ) (106 496 0 ) (106 496 114 ) (0 496 114 ) 
4 83 198 (0 496 114 ) (0 496 0 ) (0 488 0 ) (0 488 114 ) 
4 83 84 (0 488 0 ) (106 488 0 ) (106 488 114 ) (0 488 114 ) 
4 84 200 (0 280 176 ) (0 488 176 ) (0 488 0 ) (0 280 0 ) 
4 85 299 (0 0 26 ) (0 0 0 ) (184 0 0 ) (184 0 26 ) 
4 85 295 (0 0 150 ) (0 0 26 ) (184 0 26 ) (184 0 150 ) 
4 85 293 (0 0 176 ) (0 0 150 ) (184 0 150 ) (184 0 176 ) 
4 85 202 (0 0 0 ) (0 0 176 ) (0 272 176 ) (0 272 0 ) 
4 86 195 (-1024 1024 26 ) (-1024 1024 0 ) (-664 1024 0 ) (-664 1024 26 ) 
4 86 186 (-664 1024 176 ) (-1024 1024 176 ) (-1024 1024 26 ) (-664 1024 26 ) 
4 86 184 (-640 1024 176 ) (-664 1024 176 ) (-664 1024 0 ) (-640 1024 0 ) 
4 86 174 (-640 1024 26 ) (-640 1024 0 ) (-240 1024 0 ) (-240 1024 26 ) 
4 86 166 (-240 1024 176 ) (-640 1024 176 ) (-640 1024 26 ) (-240 1024 26 ) 
4 86 164 (-216 1024 176 ) (-240 1024 176 ) (-240 1024 0 ) (-216 1024 0 ) 
4 86 161 (0 1024 0 ) (0 1024 26 ) (-216 1024 26 ) (-216 1024 0 ) 
4 86 153 (0 1024 26 ) (0 1024 176 ) (-216 1024 176 ) (-216 1024 26 ) 
4 86 152 (-664 1024 192 ) (-1024 1024 192 ) (-1024 1024 176 ) (-664 1024 176 ) 
4 86 151 (-640 1024 192 ) (-664 1024 192 ) (-664 1024 176 ) (-640 1024 176 ) 
4 86 150 (-240 1024 192 ) (-640 1024 192 ) (-640 1024 176 ) (-240 1024 176 ) 
4 86 149 (-216 1024 192 ) (-240 1024 192 ) (-240 1024 176 ) (-216 1024 176 ) 
4 86 148 (0 1024 176 ) (0 1024 192 ) (-216 1024 192 ) (-216 1024 176 ) 
4 86 101 (-664 1024 360 ) (-1024 1024 360 ) (-1024 1024 192 ) (-664 1024 192 ) 
4 86 100 (-640 1024 360 ) (-664 1024 360 ) (-664 1024 192 ) (-640 1024 192 ) 
4 86 97 (-240 1024 360 ) (-640 1024 360 ) (-640 1024 192 ) (-240 1024 192 ) 
4 86 96 (-216 1024 360 ) (-240 1024 360 ) (-240 1024 192 ) (-216 1024 192 ) 
4 86 93 (0 1024 192 ) (0 1024 360 ) (-216 1024 360 ) (-216 1024 192 ) 
4 86 92 (0 1024 360 ) (0 1024 440 ) (-1024 1024 440 ) (-1024 1024 360 ) 
4 86 89 (0 1024 440 ) (0 1024 464 ) (-1024 1024 464 ) (-1024 1024 440 ) 
4 86 88 (0 1024 464 ) (0 1024 760 ) (-1024 1024 760 ) (-1024 1024 464 ) 
4 86 87 (-1024 1024 0 ) (-1024 1024 760 ) (-1024 1568 760 ) (-1024 1568 0 ) 
4 87 278 (-2048 1024 0 ) (-2048 1024 760 ) (-2048 1568 760 ) (-2048 1568 0 ) 
4 87 257 (-2048 1024 760 ) (-2048 1024 0 ) (-1240 1024 0 ) (-1240 1024 760 ) 
4 87 234 (-1240 1024 0 ) (-1088 1024 0 ) (-1088 1024 760 ) (-1240 1024 760 ) 
4 87 228 (-1088 1024 0 ) (-1064 1024 0 ) (-1064 1024 464 ) (-1088 1024 464 ) 
4 87 227 (-1064 1024 464 ) (-1064 1024 760 ) (-1088 1024 760 ) (-1088 1024 464 ) 
4 87 206 (-1064 1024 0 ) (-1024 1024 0 ) (-1024 1024 200 ) (-1064 1024 200 ) 
4 87 204 (-1024 1024 200 ) (-1024 1024 456 ) (-1064 1024 456 ) (-1064 1024 200 ) 
4 87 203 (-1024 1024 456 ) (-1024 1024 760 ) (-1064 1024 760 ) (-1064 1024 456 ) 
4 88 310 (0 0 464 ) (0 0 760 ) (-1024 0 760 ) (-1024 0 464 ) 
4 88 210 (-1024 856 464 ) (-1024 0 464 ) (-1024 0 760 ) (-1024 856 760 ) 
4 88 203 (-1024 1024 760 ) (-1024 1024 464 ) (-1024 856 464 ) (-1024 856 760 ) 
4 88 91 (-528 304 464 ) (-528 472 464 ) (-352 472 464 ) (-352 304 464 ) 
4 88 90 (-1024 856 464 ) (-1024 888 464 ) (0 888 464 ) (0 856 464 ) 
4 88 89 (-1024 888 464 ) (-1024 1024 464 ) (0 1024 464 ) (0 888 464 ) 
4 89 204 (-1024 1024 456 ) (-1024 1024 440 ) (-1024 888 440 ) (-1024 888 456 ) 
4 89 203 (-1024 1024 464 ) (-1024 1024 456 ) (-1024 888 456 ) (-1024 888 464 ) 
4 89 92 (-1024 888 440 ) (-1024 1024 440 ) (0 1024 440 ) (0 888 440 ) 
4 89 90 (0 888 456 ) (0 888 464 ) (-1024 888 464 ) (-1024 888 456 ) 
4 90 203 (-1024 856 456 ) (-1024 856 464 ) (-1024 888 464 ) (-1024 888 456 ) 
4 91 134 (-352 472 440 ) (-352 304 440 ) (-508 304 440 ) (-508 472 440 ) 
4 91 135 (-508 304 440 ) (-528 304 440 ) (-528 472 440 ) (-508 472 440 ) 
4 92 204 (-1024 1024 440 ) (-1024 1024 360 ) (-1024 888 360 ) (-1024 888 440 ) 
4 92 101 (-1024 888 360 ) (-1024 1024 360 ) (-664 1024 360 ) (-664 888 360 ) 
4 92 100 (-664 1024 360 ) (-640 1024 360 ) (-640 888 360 ) (-664 888 360 ) 
4 92 97 (-640 1024 360 ) (-240 1024 360 ) (-240 888 360 ) (-640 888 360 ) 
4 92 96 (-240 1024 360 ) (-216 1024 360 ) (-216 888 360 ) (-240 888 360 ) 
4 92 93 (-216 1024 360 ) (0 1024 360 ) (0 888 360 ) (-216 888 360 ) 
4 93 148 (-216 1024 192 ) (0 1024 192 ) (0 880 192 ) (-216 880 192 ) 
4 93 96 (-216 1024 192 ) (-216 888 192 ) (-216 888 360 ) (-216 1024 360 ) 
4 93 94 (-216 880 360 ) (-216 880 200 ) (0 880 200 ) (0 880 360 ) 
4 94 95 (-216 872 360 ) (-216 872 200 ) (0 872 200 ) (0 872 360 ) 
4 95 122 (0 856 216 ) (0 856 218 ) (-216 856 218 ) (-216 856 216 ) 
4 95 107 (0 856 218 ) (0 856 342 ) (-216 856 342 ) (-216 856 218 ) 
4 95 104 (0 856 342 ) (0 856 344 ) (-216 856 344 ) (-216 856 342 ) 
4 96 149 (-240 1024 192 ) (-216 1024 192 ) (-216 888 192 ) (-240 888 192 ) 
4 96 97 (-240 1024 192 ) (-240 888 192 ) (-240 888 360 ) (-240 1024 360 ) 
4 97 150 (-640 1024 192 ) (-240 1024 192 ) (-240 880 192 ) (-640 880 192 ) 
4 97 100 (-640 1024 192 ) (-640 888 192 ) (-640 888 360 ) (-640 1024 360 ) 
4 97 98 (-640 880 360 ) (-640 880 200 ) (-240 880 200 ) (-240 880 360 ) 
4 98 99 (-640 872 360 ) (-640 872 200 ) (-240 872 200 ) (-240 872 360 ) 
4 99 123 (-240 856 216 ) (-240 856 218 ) (-640 856 218 ) (-640 856 216 ) 
4 99 108 (-240 856 218 ) (-240 856 342 ) (-640 856 342 ) (-640 856 218 ) 
4 99 105 (-240 856 342 ) (-240 856 344 ) (-640 856 344 ) (-640 856 342 ) 
4 100 151 (-664 1024 192 ) (-640 1024 192 ) (-640 888 192 ) (-664 888 192 ) 
4 100 101 (-664 1024 192 ) (-664 888 192 ) (-664 888 360 ) (-664 1024 360 ) 
4 101 206 (-1024 1024 200 ) (-1024 1024 192 ) (-1024 880 192 ) (-1024 880 200 ) 
4 101 205 (-1024 888 200 ) (-1024 880 200 ) (-1024 880 360 ) (-1024 888 360 ) 
4 101 204 (-1024 1024 360 ) (-1024 1024 200 ) (-1024 888 200 ) (-1024 888 360 ) 
4 101 152 (-1024 880 192 ) (-1024 1024 192 ) (-664 1024 192 ) (-664 880 192 ) 
4 101 102 (-664 880 200 ) (-664 880 360 ) (-1024 880 360 ) (-1024 880 200 ) 
4 102 205 (-1024 872 200 ) (-1024 872 360 ) (-1024 880 360 ) (-1024 880 200 ) 
4 102 103 (-664 872 200 ) (-664 872 360 ) (-1024 872 360 ) (-1024 872 200 ) 
4 103 208 (-1024 872 192 ) (-1024 856 192 ) (-1024 856 200 ) (-1024 872 200 ) 
4 103 205 (-1024 856 200 ) (-1024 856 360 ) (-1024 872 360 ) (-1024 872 200 ) 
4 103 124 (-664 856 216 ) (-664 856 218 ) (-1024 856 218 ) (-1024 856 216 ) 
4 103 109 (-664 856 218 ) (-664 856 342 ) (-1024 856 342 ) (-1024 856 218 ) 
4 103 106 (-664 856 342 ) (-664 856 344 ) (-1024 856 344 ) (-1024 856 342 ) 
4 104 131 (-104 848 344 ) (-216 848 344 ) (-216 848 342 ) (-104 848 342 ) 
4 104 130 (-96 848 344 ) (-104 848 344 ) (-104 848 342 ) (-96 848 342 ) 
4 104 128 (-20 848 344 ) (-96 848 344 ) (-96 848 342 ) (-20 848 342 ) 
4 104 125 (0 848 342 ) (0 848 344 ) (-20 848 344 ) (-20 848 342 ) 
4 104 119 (0 848 342 ) (-216 848 342 ) (-216 850 342 ) (0 850 342 ) 
4 104 110 (-18 854 342 ) (-16 854 342 ) (-16 850 342 ) (-18 850 342 ) 
4 104 111 (-118 854 342 ) (-116 854 342 ) (-116 850 342 ) (-118 850 342 ) 
4 104 107 (-216 854 342 ) (-216 856 342 ) (0 856 342 ) (0 854 342 ) 
4 105 132 (-336 848 344 ) (-508 848 344 ) (-508 848 342 ) (-336 848 342 ) 
4 105 131 (-240 848 344 ) (-336 848 344 ) (-336 848 342 ) (-240 848 342 ) 
4 105 135 (-508 848 344 ) (-640 848 344 ) (-640 848 342 ) (-508 848 342 ) 
4 105 120 (-240 848 342 ) (-640 848 342 ) (-640 850 342 ) (-240 850 342 ) 
4 105 115 (-542 854 342 ) (-540 854 342 ) (-540 850 342 ) (-542 850 342 ) 
4 105 113 (-342 854 342 ) (-340 854 342 ) (-340 850 342 ) (-342 850 342 ) 
4 105 114 (-442 854 342 ) (-440 854 342 ) (-440 850 342 ) (-442 850 342 ) 
4 105 112 (-242 854 342 ) (-240 854 342 ) (-240 850 342 ) (-242 850 342 ) 
4 105 108 (-640 854 342 ) (-640 856 342 ) (-240 856 342 ) (-240 854 342 ) 
4 106 212 (-1024 850 344 ) (-1024 854 344 ) (-1024 854 342 ) (-1024 850 342 ) 
4 106 211 (-1024 854 344 ) (-1024 856 344 ) (-1024 856 342 ) (-1024 854 342 ) 
4 106 214 (-1024 848 342 ) (-1024 848 344 ) (-1024 850 344 ) (-1024 850 342 ) 
4 106 143 (-664 848 344 ) (-1024 848 344 ) (-1024 848 342 ) (-664 848 342 ) 
4 106 121 (-664 848 342 ) (-1024 848 342 ) (-1024 850 342 ) (-664 850 342 ) 
4 106 118 (-964 854 342 ) (-962 854 342 ) (-962 850 342 ) (-964 850 342 ) 
4 106 116 (-764 854 342 ) (-762 854 342 ) (-762 850 342 ) (-764 850 342 ) 
4 106 117 (-864 854 342 ) (-862 854 342 ) (-862 850 342 ) (-864 850 342 ) 
4 106 109 (-1024 854 342 ) (-1024 856 342 ) (-664 856 342 ) (-664 854 342 ) 
4 107 122 (-216 856 218 ) (0 856 218 ) (0 854 218 ) (-216 854 218 ) 
4 107 110 (-18 854 218 ) (-16 854 218 ) (-16 854 342 ) (-18 854 342 ) 
4 107 111 (-118 854 218 ) (-116 854 218 ) (-116 854 342 ) (-118 854 342 ) 
4 108 123 (-640 856 218 ) (-240 856 218 ) (-240 854 218 ) (-640 854 218 ) 
4 108 115 (-542 854 218 ) (-540 854 218 ) (-540 854 342 ) (-542 854 342 ) 
4 108 113 (-342 854 218 ) (-340 854 218 ) (-340 854 342 ) (-342 854 342 ) 
4 108 114 (-442 854 218 ) (-440 854 218 ) (-440 854 342 ) (-442 854 342 ) 
4 108 112 (-242 854 218 ) (-240 854 218 ) (-240 854 342 ) (-242 854 342 ) 
4 109 211 (-1024 854 342 ) (-1024 856 342 ) (-1024 856 218 ) (-1024 854 218 ) 
4 109 124 (-1024 854 218 ) (-1024 856 218 ) (-664 856 218 ) (-664 854 218 ) 
4 109 118 (-964 854 218 ) (-962 854 218 ) (-962 854 342 ) (-964 854 342 ) 
4 109 116 (-764 854 218 ) (-762 854 218 ) (-762 854 342 ) (-764 854 342 ) 
4 109 117 (-864 854 218 ) (-862 854 218 ) (-862 854 342 ) (-864 854 342 ) 
4 110 122 (-18 854 218 ) (-16 854 218 ) (-16 850 218 ) (-18 850 218 ) 
4 110 119 (-18 850 218 ) (-16 850 218 ) (-16 850 342 ) (-18 850 342 ) 
4 111 122 (-118 854 218 ) (-116 854 218 ) (-116 850 218 ) (-118 850 218 ) 
4 111 119 (-118 850 218 ) (-116 850 218 ) (-116 850 342 ) (-118 850 342 ) 
4 112 123 (-242 854 218 ) (-240 854 218 ) (-240 850 218 ) (-242 850 218 ) 
4 112 120 (-242 850 218 ) (-240 850 218 ) (-240 850 342 ) (-242 850 342 ) 
4 113 123 (-342 854 218 ) (-340 854 218 ) (-340 850 218 ) (-342 850 218 ) 
4 113 120 (-342 850 218 ) (-340 850 218 ) (-340 850 342 ) (-342 850 342 ) 
4 114 123 (-442 854 218 ) (-440 854 218 ) (-440 850 218 ) (-442 850 218 ) 
4 114 120 (-442 850 218 ) (-440 850 218 ) (-440 850 342 ) (-442 850 342 ) 
4 115 123 (-542 854 218 ) (-540 854 218 ) (-540 850 218 ) (-542 850 218 ) 
4 115 120 (-542 850 218 ) (-540 850 218 ) (-540 850 342 ) (-542 850 342 ) 
4 116 124 (-764 854 218 ) (-762 854 218 ) (-762 850 218 ) (-764 850 218 ) 
4 116 121 (-764 850 218 ) (-762 850 218 ) (-762 850 342 ) (-764 850 342 ) 
4 117 124 (-864 854 218 ) (-862 854 218 ) (-862 850 218 ) (-864 850 218 ) 
4 117 121 (-864 850 218 ) (-862 850 218 ) (-862 850 342 ) (-864 850 342 ) 
4 118 124 (-964 854 218 ) (-962 854 218 ) (-962 850 218 ) (-964 850 218 ) 
4 118 121 (-964 850 218 ) (-962 850 218 ) (-962 850 342 ) (-964 850 342 ) 
4 119 131 (-104 848 342 ) (-216 848 342 ) (-216 848 218 ) (-104 848 218 ) 
4 119 130 (-96 848 342 ) (-104 848 342 ) (-104 848 218 ) (-96 848 218 ) 
4 119 128 (-20 848 342 ) (-96 848 342 ) (-96 848 218 ) (-20 848 218 ) 
4 119 125 (0 848 304 ) (0 848 342 ) (-20 848 342 ) (-20 848 304 ) 
4 119 127 (0 848 218 ) (0 848 304 ) (-20 848 304 ) (-20 848 218 ) 
4 119 122 (0 848 218 ) (-216 848 218 ) (-216 850 218 ) (0 850 218 ) 
4 120 132 (-336 848 342 ) (-508 848 342 ) (-508 848 218 ) (-336 848 218 ) 
4 120 131 (-240 848 342 ) (-336 848 342 ) (-336 848 218 ) (-240 848 218 ) 
4 120 135 (-508 848 342 ) (-640 848 342 ) (-640 848 218 ) (-508 848 218 ) 
4 120 123 (-240 848 218 ) (-640 848 218 ) (-640 850 218 ) (-240 850 218 ) 
4 121 214 (-1024 848 218 ) (-1024 848 342 ) (-1024 850 342 ) (-1024 850 218 ) 
4 121 143 (-664 848 342 ) (-1024 848 342 ) (-1024 848 218 ) (-664 848 218 ) 
4 121 124 (-664 848 218 ) (-1024 848 218 ) (-1024 850 218 ) (-664 850 218 ) 
4 122 131 (-104 848 218 ) (-216 848 218 ) (-216 848 216 ) (-104 848 216 ) 
4 122 130 (-96 848 218 ) (-104 848 218 ) (-104 848 216 ) (-96 848 216 ) 
4 122 128 (-20 848 218 ) (-96 848 218 ) (-96 848 216 ) (-20 848 216 ) 
4 122 127 (0 848 216 ) (0 848 218 ) (-20 848 218 ) (-20 848 216 ) 
4 123 132 (-336 848 218 ) (-508 848 218 ) (-508 848 216 ) (-336 848 216 ) 
4 123 131 (-240 848 216 ) (-240 848 218 ) (-336 848 218 ) (-336 848 216 ) 
4 123 135 (-508 848 218 ) (-640 848 218 ) (-640 848 216 ) (-508 848 216 ) 
4 124 213 (-1024 850 218 ) (-1024 854 218 ) (-1024 854 216 ) (-1024 850 216 ) 
4 124 211 (-1024 854 218 ) (-1024 856 218 ) (-1024 856 216 ) (-1024 854 216 ) 
4 124 214 (-1024 848 216 ) (-1024 848 218 ) (-1024 850 218 ) (-1024 850 216 ) 
4 124 143 (-664 848 216 ) (-664 848 218 ) (-1024 848 218 ) (-1024 848 216 ) 
4 125 128 (-20 848 440 ) (-20 848 304 ) (-20 496 304 ) (-20 496 440 ) 
4 125 127 (-20 496 304 ) (-20 848 304 ) (0 848 304 ) (0 496 304 ) 
4 126 129 (-20 488 304 ) (-20 280 304 ) (-20 280 440 ) (-20 488 440 ) 
4 126 127 (-20 280 304 ) (-20 488 304 ) (0 488 304 ) (0 280 304 ) 
4 127 136 (-20 272 192 ) (0 272 192 ) (0 272 304 ) (-20 272 304 ) 
4 127 129 (-20 488 192 ) (-20 280 192 ) (-20 280 304 ) (-20 488 304 ) 
4 127 128 (-20 848 304 ) (-20 848 192 ) (-20 496 192 ) (-20 496 304 ) 
4 128 130 (-96 848 440 ) (-96 848 192 ) (-96 496 192 ) (-96 496 440 ) 
4 130 131 (-104 848 440 ) (-104 848 192 ) (-104 496 192 ) (-104 496 440 ) 
4 131 138 (-336 272 192 ) (-312 272 192 ) (-312 272 440 ) (-336 272 440 ) 
4 131 137 (-312 272 192 ) (-104 272 192 ) (-104 272 440 ) (-312 272 440 ) 
4 131 133 (-336 532 240 ) (-336 532 440 ) (-336 570 440 ) (-336 570 240 ) 
4 131 132 (-336 848 440 ) (-336 848 192 ) (-336 570 192 ) (-336 570 440 ) 
4 131 134 (-336 532 192 ) (-336 272 192 ) (-336 272 440 ) (-336 532 440 ) 
4 132 133 (-508 570 440 ) (-508 570 240 ) (-336 570 240 ) (-336 570 440 ) 
4 132 135 (-508 848 440 ) (-508 848 192 ) (-508 570 192 ) (-508 570 440 ) 
4 133 135 (-508 532 240 ) (-508 532 440 ) (-508 570 440 ) (-508 570 240 ) 
4 133 134 (-508 532 440 ) (-508 532 240 ) (-336 532 240 ) (-336 532 440 ) 
4 134 140 (-508 272 192 ) (-440 272 192 ) (-440 272 440 ) (-508 272 440 ) 
4 134 138 (-440 272 192 ) (-336 272 192 ) (-336 272 440 ) (-440 272 440 ) 
4 134 135 (-508 532 192 ) (-508 272 192 ) (-508 272 440 ) (-508 532 440 ) 
4 135 145 (-648 568 192 ) (-648 272 192 ) (-648 272 440 ) (-648 568 440 ) 
4 135 142 (-648 776 192 ) (-648 648 192 ) (-648 648 304 ) (-648 776 304 ) 
4 135 140 (-648 272 440 ) (-648 272 192 ) (-508 272 192 ) (-508 272 440 ) 
4 136 141 (-96 88 192 ) (0 88 192 ) (0 88 440 ) (-96 88 440 ) 
4 137 138 (-312 272 440 ) (-312 272 192 ) (-312 96 192 ) (-312 96 440 ) 
4 138 140 (-440 272 440 ) (-440 272 192 ) (-440 96 192 ) (-440 96 440 ) 
4 138 139 (-440 96 304 ) (-440 96 192 ) (-312 96 192 ) (-312 96 304 ) 
4 139 141 (-440 88 192 ) (-312 88 192 ) (-312 88 304 ) (-440 88 304 ) 
4 140 145 (-648 272 192 ) (-648 96 192 ) (-648 96 440 ) (-648 272 440 ) 
4 141 311 (0 0 192 ) (0 0 440 ) (-648 0 440 ) (-648 0 192 ) 
4 142 143 (-656 776 192 ) (-656 648 192 ) (-656 648 304 ) (-656 776 304 ) 
4 143 216 (-1024 848 192 ) (-1024 576 192 ) (-1024 576 440 ) (-1024 848 440 ) 
4 143 144 (-920 576 192 ) (-792 576 192 ) (-792 576 304 ) (-920 576 304 ) 
4 144 145 (-920 568 192 ) (-792 568 192 ) (-792 568 304 ) (-920 568 304 ) 
4 145 217 (-1024 568 192 ) (-1024 96 192 ) (-1024 96 440 ) (-1024 568 440 ) 
4 145 146 (-792 96 192 ) (-664 96 192 ) (-664 96 304 ) (-792 96 304 ) 
4 146 147 (-792 88 192 ) (-664 88 192 ) (-664 88 304 ) (-792 88 304 ) 
4 147 312 (-656 0 440 ) (-1024 0 440 ) (-1024 0 192 ) (-656 0 192 ) 
4 147 218 (-1024 88 192 ) (-1024 0 192 ) (-1024 0 440 ) (-1024 88 440 ) 
4 148 153 (-216 880 176 ) (-216 1024 176 ) (0 1024 176 ) (0 880 176 ) 
4 148 149 (-216 1024 176 ) (-216 888 176 ) (-216 888 192 ) (-216 1024 192 ) 
4 149 164 (-240 888 176 ) (-240 1024 176 ) (-216 1024 176 ) (-216 888 176 ) 
4 149 150 (-240 1024 176 ) (-240 888 176 ) (-240 888 192 ) (-240 1024 192 ) 
4 150 166 (-640 880 176 ) (-640 1024 176 ) (-240 1024 176 ) (-240 880 176 ) 
4 150 151 (-640 1024 176 ) (-640 888 176 ) (-640 888 192 ) (-640 1024 192 ) 
4 151 184 (-664 888 176 ) (-664 1024 176 ) (-640 1024 176 ) (-640 888 176 ) 
4 151 152 (-664 1024 176 ) (-664 888 176 ) (-664 888 192 ) (-664 1024 192 ) 
4 152 206 (-1024 1024 192 ) (-1024 1024 176 ) (-1024 880 176 ) (-1024 880 192 ) 
4 152 186 (-1024 880 176 ) (-1024 1024 176 ) (-664 1024 176 ) (-664 880 176 ) 
4 153 164 (-216 888 176 ) (-216 1024 176 ) (-216 1024 26 ) (-216 888 26 ) 
4 153 161 (-216 880 26 ) (-216 1024 26 ) (0 1024 26 ) (0 880 26 ) 
4 153 154 (-216 880 120 ) (-216 880 26 ) (0 880 26 ) (0 880 120 ) 
4 154 161 (-216 872 26 ) (-216 880 26 ) (0 880 26 ) (0 872 26 ) 
4 154 155 (-216 872 120 ) (-216 872 26 ) (0 872 26 ) (0 872 120 ) 
4 155 162 (-216 854 26 ) (-216 856 26 ) (0 856 26 ) (0 854 26 ) 
4 155 161 (-216 856 26 ) (-216 872 26 ) (0 872 26 ) (0 856 26 ) 
4 155 158 (-18 854 26 ) (-16 854 26 ) (-16 854 150 ) (-18 854 150 ) 
4 155 159 (-118 854 26 ) (-116 854 26 ) (-116 854 150 ) (-118 854 150 ) 
4 155 156 (-216 854 152 ) (-216 854 150 ) (0 854 150 ) (0 854 152 ) 
4 156 158 (-18 854 150 ) (-16 854 150 ) (-16 850 150 ) (-18 850 150 ) 
4 156 159 (-118 854 150 ) (-116 854 150 ) (-116 850 150 ) (-118 850 150 ) 
4 156 160 (-216 848 150 ) (-216 850 150 ) (0 850 150 ) (0 848 150 ) 
4 156 157 (-216 848 152 ) (-216 848 150 ) (0 848 150 ) (0 848 152 ) 
4 157 165 (-216 496 150 ) (-216 496 176 ) (-216 824 176 ) (-216 824 150 ) 
4 157 160 (0 496 150 ) (-216 496 150 ) (-216 848 150 ) (0 848 150 ) 
4 158 162 (-18 854 26 ) (-16 854 26 ) (-16 850 26 ) (-18 850 26 ) 
4 158 160 (-18 850 26 ) (-16 850 26 ) (-16 850 150 ) (-18 850 150 ) 
4 159 162 (-118 854 26 ) (-116 854 26 ) (-116 850 26 ) (-118 850 26 ) 
4 159 160 (-118 850 26 ) (-116 850 26 ) (-116 850 150 ) (-118 850 150 ) 
4 160 198 (0 496 26 ) (0 496 114 ) (-18 496 114 ) (-18 496 26 ) 
4 160 165 (-216 496 26 ) (-216 496 150 ) (-216 824 150 ) (-216 824 26 ) 
4 160 162 (-216 848 26 ) (-216 850 26 ) (0 850 26 ) (0 848 26 ) 
4 160 163 (0 496 26 ) (-216 496 26 ) (-216 848 26 ) (0 848 26 ) 
4 161 164 (-216 1024 0 ) (-216 888 0 ) (-216 888 26 ) (-216 1024 26 ) 
4 161 162 (0 856 26 ) (-216 856 26 ) (-216 856 24 ) (0 856 24 ) 
4 162 163 (0 848 26 ) (-216 848 26 ) (-216 848 24 ) (0 848 24 ) 
4 163 198 (-18 496 0 ) (0 496 0 ) (0 496 26 ) (-18 496 26 ) 
4 163 165 (-216 824 0 ) (-216 496 0 ) (-216 496 26 ) (-216 824 26 ) 
4 164 174 (-240 1024 0 ) (-240 888 0 ) (-240 888 26 ) (-240 1024 26 ) 
4 164 166 (-240 888 26 ) (-240 888 176 ) (-240 1024 176 ) (-240 1024 26 ) 
4 165 182 (-240 647 0 ) (-240 496 0 ) (-240 496 40 ) (-240 647 40 ) 
4 165 178 (-240 496 40 ) (-240 496 176 ) (-240 647 176 ) (-240 647 40 ) 
4 165 177 (-240 824 0 ) (-240 647 0 ) (-240 647 176 ) (-240 824 176 ) 
4 166 184 (-640 888 176 ) (-640 1024 176 ) (-640 1024 26 ) (-640 888 26 ) 
4 166 174 (-640 880 26 ) (-640 1024 26 ) (-240 1024 26 ) (-240 880 26 ) 
4 166 167 (-640 880 120 ) (-640 880 26 ) (-240 880 26 ) (-240 880 120 ) 
4 167 174 (-640 872 26 ) (-640 880 26 ) (-240 880 26 ) (-240 872 26 ) 
4 167 168 (-640 872 120 ) (-640 872 26 ) (-240 872 26 ) (-240 872 120 ) 
4 168 175 (-640 854 26 ) (-640 856 26 ) (-240 856 26 ) (-240 854 26 ) 
4 168 174 (-640 856 26 ) (-640 872 26 ) (-240 872 26 ) (-240 856 26 ) 
4 168 173 (-542 854 26 ) (-540 854 26 ) (-540 854 150 ) (-542 854 150 ) 
4 168 171 (-342 854 26 ) (-340 854 26 ) (-340 854 150 ) (-342 854 150 ) 
4 168 172 (-442 854 26 ) (-440 854 26 ) (-440 854 150 ) (-442 854 150 ) 
4 168 170 (-242 854 26 ) (-240 854 26 ) (-240 854 150 ) (-242 854 150 ) 
4 168 169 (-640 854 152 ) (-640 854 150 ) (-240 854 150 ) (-240 854 152 ) 
4 169 176 (-640 850 152 ) (-640 850 150 ) (-240 850 150 ) (-240 850 152 ) 
4 169 173 (-540 850 150 ) (-542 850 150 ) (-542 854 150 ) (-540 854 150 ) 
4 169 171 (-340 850 150 ) (-342 850 150 ) (-342 854 150 ) (-340 854 150 ) 
4 169 172 (-440 850 150 ) (-442 850 150 ) (-442 854 150 ) (-440 854 150 ) 
4 169 170 (-240 850 150 ) (-242 850 150 ) (-242 854 150 ) (-240 854 150 ) 
4 170 176 (-242 850 26 ) (-240 850 26 ) (-240 850 150 ) (-242 850 150 ) 
4 170 175 (-240 850 26 ) (-242 850 26 ) (-242 854 26 ) (-240 854 26 ) 
4 171 176 (-342 850 26 ) (-340 850 26 ) (-340 850 150 ) (-342 850 150 ) 
4 171 175 (-340 850 26 ) (-342 850 26 ) (-342 854 26 ) (-340 854 26 ) 
4 172 176 (-442 850 26 ) (-440 850 26 ) (-440 850 150 ) (-442 850 150 ) 
4 172 175 (-440 850 26 ) (-442 850 26 ) (-442 854 26 ) (-440 854 26 ) 
4 173 176 (-542 850 26 ) (-540 850 26 ) (-540 850 150 ) (-542 850 150 ) 
4 173 175 (-540 850 26 ) (-542 850 26 ) (-542 854 26 ) (-540 854 26 ) 
4 174 184 (-640 1024 0 ) (-640 888 0 ) (-640 888 26 ) (-640 1024 26 ) 
4 174 175 (-240 856 24 ) (-240 856 26 ) (-640 856 26 ) (-640 856 24 ) 
4 175 176 (-640 850 26 ) (-640 850 24 ) (-240 850 24 ) (-240 850 26 ) 
4 176 177 (-640 848 152 ) (-640 848 24 ) (-240 848 24 ) (-240 848 152 ) 
4 177 185 (-640 824 0 ) (-640 647 0 ) (-640 647 176 ) (-640 824 176 ) 
4 177 182 (-417 647 0 ) (-240 647 0 ) (-240 647 40 ) (-417 647 40 ) 
4 177 183 (-640 647 40 ) (-640 647 0 ) (-463 647 0 ) (-463 647 40 ) 
4 177 179 (-417 647 101 ) (-417 647 176 ) (-463 647 176 ) (-463 647 101 ) 
4 177 178 (-417 647 40 ) (-240 647 40 ) (-240 647 176 ) (-417 647 176 ) 
4 177 181 (-640 647 176 ) (-640 647 40 ) (-463 647 40 ) (-463 647 176 ) 
4 178 182 (-417 647 40 ) (-240 647 40 ) (-240 496 40 ) (-417 496 40 ) 
4 178 179 (-417 647 176 ) (-417 647 101 ) (-417 577 101 ) (-417 577 176 ) 
4 178 180 (-417 577 40 ) (-417 496 40 ) (-417 496 176 ) (-417 577 176 ) 
4 179 180 (-463 577 176 ) (-463 577 101 ) (-417 577 101 ) (-417 577 176 ) 
4 179 181 (-463 647 176 ) (-463 647 101 ) (-463 577 101 ) (-463 577 176 ) 
4 180 181 (-463 577 40 ) (-463 496 40 ) (-463 496 176 ) (-463 577 176 ) 
4 181 185 (-640 496 40 ) (-640 496 176 ) (-640 647 176 ) (-640 647 40 ) 
4 181 183 (-640 496 40 ) (-640 647 40 ) (-463 647 40 ) (-463 496 40 ) 
4 183 185 (-640 647 0 ) (-640 496 0 ) (-640 496 40 ) (-640 647 40 ) 
4 184 195 (-664 1024 0 ) (-664 888 0 ) (-664 888 26 ) (-664 1024 26 ) 
4 184 186 (-664 888 26 ) (-664 888 176 ) (-664 1024 176 ) (-664 1024 26 ) 
4 185 197 (-664 824 0 ) (-664 496 0 ) (-664 496 26 ) (-664 824 26 ) 
4 185 194 (-664 496 26 ) (-664 496 150 ) (-664 824 150 ) (-664 824 26 ) 
4 185 190 (-664 496 150 ) (-664 496 176 ) (-664 824 176 ) (-664 824 150 ) 
4 186 206 (-1024 1024 176 ) (-1024 1024 26 ) (-1024 880 26 ) (-1024 880 176 ) 
4 186 195 (-1024 1024 26 ) (-664 1024 26 ) (-664 880 26 ) (-1024 880 26 ) 
4 186 187 (-1024 880 26 ) (-664 880 26 ) (-664 880 120 ) (-1024 880 120 ) 
4 187 207 (-1024 880 26 ) (-1024 872 26 ) (-1024 872 120 ) (-1024 880 120 ) 
4 187 195 (-664 880 26 ) (-664 872 26 ) (-1024 872 26 ) (-1024 880 26 ) 
4 187 188 (-1024 872 26 ) (-664 872 26 ) (-664 872 120 ) (-1024 872 120 ) 
4 188 219 (-1024 856 26 ) (-1024 854 26 ) (-1024 854 152 ) (-1024 856 152 ) 
4 188 209 (-1024 872 26 ) (-1024 856 26 ) (-1024 856 152 ) (-1024 872 152 ) 
4 188 196 (-664 856 26 ) (-664 854 26 ) (-1024 854 26 ) (-1024 856 26 ) 
4 188 195 (-664 872 26 ) (-664 856 26 ) (-1024 856 26 ) (-1024 872 26 ) 
4 188 193 (-964 854 26 ) (-962 854 26 ) (-962 854 150 ) (-964 854 150 ) 
4 188 191 (-764 854 26 ) (-762 854 26 ) (-762 854 150 ) (-764 854 150 ) 
4 188 192 (-864 854 26 ) (-862 854 26 ) (-862 854 150 ) (-864 854 150 ) 
4 188 189 (-664 854 150 ) (-664 854 152 ) (-1024 854 152 ) (-1024 854 150 ) 
4 189 220 (-1024 854 152 ) (-1024 854 150 ) (-1024 850 150 ) (-1024 850 152 ) 
4 189 221 (-1024 850 150 ) (-1024 848 150 ) (-1024 848 152 ) (-1024 850 152 ) 
4 189 193 (-964 854 150 ) (-962 854 150 ) (-962 850 150 ) (-964 850 150 ) 
4 189 191 (-764 854 150 ) (-762 854 150 ) (-762 850 150 ) (-764 850 150 ) 
4 189 192 (-864 854 150 ) (-862 854 150 ) (-862 850 150 ) (-864 850 150 ) 
4 189 194 (-664 850 150 ) (-664 848 150 ) (-1024 848 150 ) (-1024 850 150 ) 
4 189 190 (-1024 848 150 ) (-664 848 150 ) (-664 848 152 ) (-1024 848 152 ) 
4 190 224 (-1024 496 150 ) (-1024 496 176 ) (-1024 848 176 ) (-1024 848 150 ) 
4 190 194 (-664 848 150 ) (-664 496 150 ) (-1024 496 150 ) (-1024 848 150 ) 
4 191 196 (-762 850 26 ) (-764 850 26 ) (-764 854 26 ) (-762 854 26 ) 
4 191 194 (-764 850 26 ) (-762 850 26 ) (-762 850 150 ) (-764 850 150 ) 
4 192 196 (-862 850 26 ) (-864 850 26 ) (-864 854 26 ) (-862 854 26 ) 
4 192 194 (-864 850 26 ) (-862 850 26 ) (-862 850 150 ) (-864 850 150 ) 
4 193 196 (-962 850 26 ) (-964 850 26 ) (-964 854 26 ) (-962 854 26 ) 
4 193 194 (-964 850 26 ) (-962 850 26 ) (-962 850 150 ) (-964 850 150 ) 
4 194 224 (-1024 848 26 ) (-1024 496 26 ) (-1024 496 150 ) (-1024 848 150 ) 
4 194 221 (-1024 850 26 ) (-1024 848 26 ) (-1024 848 150 ) (-1024 850 150 ) 
4 194 199 (-986 496 114 ) (-986 496 26 ) (-860 496 26 ) (-860 496 114 ) 
4 194 196 (-664 850 26 ) (-664 848 26 ) (-1024 848 26 ) (-1024 850 26 ) 
4 194 197 (-664 848 26 ) (-664 496 26 ) (-1024 496 26 ) (-1024 848 26 ) 
4 195 209 (-1024 872 0 ) (-1024 856 0 ) (-1024 856 26 ) (-1024 872 26 ) 
4 195 207 (-1024 880 0 ) (-1024 872 0 ) (-1024 872 26 ) (-1024 880 26 ) 
4 195 206 (-1024 1024 26 ) (-1024 1024 0 ) (-1024 880 0 ) (-1024 880 26 ) 
4 195 196 (-664 856 24 ) (-664 856 26 ) (-1024 856 26 ) (-1024 856 24 ) 
4 196 223 (-1024 848 24 ) (-1024 848 26 ) (-1024 856 26 ) (-1024 856 24 ) 
4 196 197 (-664 848 24 ) (-664 848 26 ) (-1024 848 26 ) (-1024 848 24 ) 
4 197 224 (-1024 848 0 ) (-1024 496 0 ) (-1024 496 26 ) (-1024 848 26 ) 
4 197 199 (-986 496 0 ) (-860 496 0 ) (-860 496 26 ) (-986 496 26 ) 
4 198 200 (-18 488 0 ) (0 488 0 ) (0 488 114 ) (-18 488 114 ) 
4 199 201 (-986 488 0 ) (-860 488 0 ) (-860 488 114 ) (-986 488 114 ) 
4 201 225 (-1024 488 0 ) (-1024 280 0 ) (-1024 280 176 ) (-1024 488 176 ) 
4 202 363 (-1024 0 26 ) (-1024 0 0 ) (-664 0 0 ) (-664 0 26 ) 
4 202 357 (-1024 0 150 ) (-1024 0 26 ) (-664 0 26 ) (-664 0 150 ) 
4 202 355 (-664 0 176 ) (-1024 0 176 ) (-1024 0 150 ) (-664 0 150 ) 
4 202 354 (-640 0 176 ) (-664 0 176 ) (-664 0 0 ) (-640 0 0 ) 
4 202 352 (-640 0 26 ) (-640 0 0 ) (-240 0 0 ) (-240 0 26 ) 
4 202 346 (-640 0 150 ) (-640 0 26 ) (-240 0 26 ) (-240 0 150 ) 
4 202 344 (-240 0 176 ) (-640 0 176 ) (-640 0 150 ) (-240 0 150 ) 
4 202 343 (-216 0 176 ) (-240 0 176 ) (-240 0 0 ) (-216 0 0 ) 
4 202 341 (0 0 0 ) (0 0 26 ) (-216 0 26 ) (-216 0 0 ) 
4 202 337 (0 0 26 ) (0 0 150 ) (-216 0 150 ) (-216 0 26 ) 
4 202 335 (0 0 150 ) (0 0 176 ) (-216 0 176 ) (-216 0 150 ) 
4 202 226 (-1024 272 0 ) (-1024 0 0 ) (-1024 0 176 ) (-1024 272 176 ) 
4 203 228 (-1064 888 464 ) (-1064 1024 464 ) (-1064 1024 456 ) (-1064 888 456 ) 
4 203 227 (-1064 856 464 ) (-1064 856 760 ) (-1064 1024 760 ) (-1064 1024 464 ) 
4 203 210 (-1064 856 760 ) (-1064 856 464 ) (-1024 856 464 ) (-1024 856 760 ) 
4 203 204 (-1064 888 456 ) (-1064 1024 456 ) (-1024 1024 456 ) (-1024 888 456 ) 
4 204 228 (-1064 888 456 ) (-1064 1024 456 ) (-1064 1024 200 ) (-1064 888 200 ) 
4 204 206 (-1064 888 200 ) (-1064 1024 200 ) (-1024 1024 200 ) (-1024 888 200 ) 
4 204 205 (-1064 888 200 ) (-1024 888 200 ) (-1024 888 360 ) (-1064 888 360 ) 
4 205 211 (-1062 856 216 ) (-1024 856 216 ) (-1024 856 344 ) (-1062 856 344 ) 
4 205 215 (-1064 856 344 ) (-1064 856 216 ) (-1062 856 216 ) (-1062 856 344 ) 
4 205 208 (-1024 856 200 ) (-1064 856 200 ) (-1064 872 200 ) (-1024 872 200 ) 
4 205 206 (-1064 880 200 ) (-1064 888 200 ) (-1024 888 200 ) (-1024 880 200 ) 
4 206 228 (-1064 888 200 ) (-1064 1024 200 ) (-1064 1024 0 ) (-1064 888 0 ) 
4 206 207 (-1064 880 0 ) (-1024 880 0 ) (-1024 880 120 ) (-1064 880 120 ) 
4 207 209 (-1064 872 0 ) (-1024 872 0 ) (-1024 872 120 ) (-1064 872 120 ) 
4 209 223 (-1064 856 26 ) (-1064 856 24 ) (-1024 856 24 ) (-1024 856 26 ) 
4 209 219 (-1062 856 26 ) (-1024 856 26 ) (-1024 856 152 ) (-1062 856 152 ) 
4 209 222 (-1064 856 152 ) (-1064 856 26 ) (-1062 856 26 ) (-1062 856 152 ) 
4 210 386 (-1024 0 464 ) (-1024 0 760 ) (-1064 0 760 ) (-1064 0 464 ) 
4 210 227 (-1064 0 464 ) (-1064 0 760 ) (-1064 856 760 ) (-1064 856 464 ) 
4 211 212 (-1062 854 344 ) (-1062 854 342 ) (-1024 854 342 ) (-1024 854 344 ) 
4 211 213 (-1062 854 218 ) (-1062 854 216 ) (-1024 854 216 ) (-1024 854 218 ) 
4 211 215 (-1062 856 216 ) (-1062 854 216 ) (-1062 854 344 ) (-1062 856 344 ) 
4 212 214 (-1062 850 344 ) (-1062 850 342 ) (-1024 850 342 ) (-1024 850 344 ) 
4 212 215 (-1062 850 342 ) (-1062 850 344 ) (-1062 854 344 ) (-1062 854 342 ) 
4 213 215 (-1062 854 216 ) (-1062 850 216 ) (-1062 850 218 ) (-1062 854 218 ) 
4 213 214 (-1062 850 218 ) (-1062 850 216 ) (-1024 850 216 ) (-1024 850 218 ) 
4 214 216 (-1024 848 216 ) (-1024 848 344 ) (-1062 848 344 ) (-1062 848 216 ) 
4 214 215 (-1062 850 216 ) (-1062 848 216 ) (-1062 848 344 ) (-1062 850 344 ) 
4 215 216 (-1062 848 344 ) (-1064 848 344 ) (-1064 848 216 ) (-1062 848 216 ) 
4 217 230 (-1064 344 304 ) (-1064 344 192 ) (-1064 216 192 ) (-1064 216 304 ) 
4 217 229 (-1064 552 304 ) (-1064 552 192 ) (-1064 424 192 ) (-1064 424 304 ) 
4 218 387 (-1024 0 192 ) (-1024 0 440 ) (-1064 0 440 ) (-1064 0 192 ) 
4 219 223 (-1062 854 26 ) (-1062 856 26 ) (-1024 856 26 ) (-1024 854 26 ) 
4 219 220 (-1062 854 152 ) (-1062 854 150 ) (-1024 854 150 ) (-1024 854 152 ) 
4 219 222 (-1062 856 26 ) (-1062 854 26 ) (-1062 854 152 ) (-1062 856 152 ) 
4 220 222 (-1062 850 150 ) (-1062 850 152 ) (-1062 854 152 ) (-1062 854 150 ) 
4 220 221 (-1062 850 152 ) (-1062 850 150 ) (-1024 850 150 ) (-1024 850 152 ) 
4 221 224 (-1024 848 26 ) (-1024 848 152 ) (-1062 848 152 ) (-1062 848 26 ) 
4 221 223 (-1024 848 26 ) (-1062 848 26 ) (-1062 850 26 ) (-1024 850 26 ) 
4 221 222 (-1062 850 26 ) (-1062 848 26 ) (-1062 848 152 ) (-1062 850 152 ) 
4 222 224 (-1062 848 152 ) (-1064 848 152 ) (-1064 848 26 ) (-1062 848 26 ) 
4 222 223 (-1062 848 26 ) (-1064 848 26 ) (-1064 856 26 ) (-1062 856 26 ) 
4 223 224 (-1024 848 24 ) (-1024 848 26 ) (-1064 848 26 ) (-1064 848 24 ) 
4 225 231 (-1064 448 0 ) (-1064 320 0 ) (-1064 320 112 ) (-1064 448 112 ) 
4 226 392 (-1024 0 0 ) (-1024 0 176 ) (-1064 0 176 ) (-1064 0 0 ) 
4 227 405 (-1064 0 464 ) (-1064 0 760 ) (-1088 0 760 ) (-1088 0 464 ) 
4 227 249 (-1088 0 464 ) (-1088 0 760 ) (-1088 200 760 ) (-1088 200 464 ) 
4 227 243 (-1088 200 760 ) (-1088 568 760 ) (-1088 568 464 ) (-1088 200 464 ) 
4 227 237 (-1088 568 760 ) (-1088 880 760 ) (-1088 880 464 ) (-1088 568 464 ) 
4 227 235 (-1088 880 760 ) (-1088 888 760 ) (-1088 888 464 ) (-1088 880 464 ) 
4 227 234 (-1088 888 760 ) (-1088 1024 760 ) (-1088 1024 464 ) (-1088 888 464 ) 
4 227 228 (-1088 888 464 ) (-1088 1024 464 ) (-1064 1024 464 ) (-1064 888 464 ) 
4 228 234 (-1088 1024 0 ) (-1088 888 0 ) (-1088 888 464 ) (-1088 1024 464 ) 
4 229 232 (-1080 552 192 ) (-1080 424 192 ) (-1080 424 304 ) (-1080 552 304 ) 
4 230 232 (-1080 344 192 ) (-1080 216 192 ) (-1080 216 304 ) (-1080 344 304 ) 
4 231 233 (-1080 448 0 ) (-1080 320 0 ) (-1080 320 112 ) (-1080 448 112 ) 
4 232 244 (-1088 200 192 ) (-1088 200 456 ) (-1088 568 456 ) (-1088 568 192 ) 
4 233 245 (-1088 568 0 ) (-1088 200 0 ) (-1088 200 176 ) (-1088 568 176 ) 
4 234 257 (-1240 1024 760 ) (-1240 1024 0 ) (-1240 888 0 ) (-1240 888 760 ) 
4 234 236 (-1240 888 320 ) (-1240 888 232 ) (-1088 888 232 ) (-1088 888 320 ) 
4 234 235 (-1240 888 760 ) (-1240 888 464 ) (-1088 888 464 ) (-1088 888 760 ) 
4 235 258 (-1240 880 464 ) (-1240 880 760 ) (-1240 888 760 ) (-1240 888 464 ) 
4 235 237 (-1240 880 760 ) (-1240 880 464 ) (-1088 880 464 ) (-1088 880 760 ) 
4 236 259 (-1240 880 232 ) (-1240 880 320 ) (-1240 888 320 ) (-1240 888 232 ) 
4 236 238 (-1240 880 320 ) (-1240 880 232 ) (-1088 880 232 ) (-1088 880 320 ) 
4 237 262 (-1240 568 464 ) (-1240 568 760 ) (-1240 880 760 ) (-1240 880 464 ) 
4 237 243 (-1240 568 760 ) (-1240 568 464 ) (-1088 568 464 ) (-1088 568 760 ) 
4 238 264 (-1240 756 456 ) (-1240 880 456 ) (-1240 880 192 ) (-1240 756 192 ) 
4 238 241 (-1240 612 192 ) (-1240 756 192 ) (-1088 756 192 ) (-1088 612 192 ) 
4 238 240 (-1240 756 192 ) (-1240 880 192 ) (-1088 880 192 ) (-1088 756 192 ) 
4 238 239 (-1228 576 192 ) (-1100 576 192 ) (-1100 576 304 ) (-1228 576 304 ) 
4 239 244 (-1228 568 192 ) (-1100 568 192 ) (-1100 568 304 ) (-1228 568 304 ) 
4 240 264 (-1240 756 96 ) (-1240 756 192 ) (-1240 880 192 ) (-1240 880 96 ) 
4 240 241 (-1088 756 184 ) (-1088 756 192 ) (-1240 756 192 ) (-1240 756 184 ) 
4 240 242 (-1088 756 96 ) (-1088 756 184 ) (-1240 756 184 ) (-1240 756 96 ) 
4 241 242 (-1240 612 184 ) (-1240 756 184 ) (-1088 756 184 ) (-1088 612 184 ) 
4 243 262 (-1240 200 464 ) (-1240 200 760 ) (-1240 568 760 ) (-1240 568 464 ) 
4 243 254 (-1240 200 760 ) (-1240 200 464 ) (-1216 200 464 ) (-1216 200 760 ) 
4 243 249 (-1216 200 464 ) (-1088 200 464 ) (-1088 200 760 ) (-1216 200 760 ) 
4 244 246 (-1232 200 192 ) (-1232 200 456 ) (-1232 568 456 ) (-1232 568 192 ) 
4 245 255 (-1232 200 0 ) (-1216 200 0 ) (-1216 200 0.240433 ) (-1232 200 0.240433 ) 
4 245 250 (-1216 200 0 ) (-1088 200 0 ) (-1088 200 112 ) (-1216 200 112 ) 
4 245 247 (-1232 448 0.120651 ) (-1232 320 0.120651 ) (-1232 320 112.059998 ) (-1232 448 112.059998 ) 
4 245 248 (-1088 200 0.120651 ) (-1232 200 0.120651 ) (-1232 568 0.120651 ) (-1088 568 0.120651 ) 
4 247 267 (-1240 448 0 ) (-1240 320 0 ) (-1240 320 112.059998 ) (-1240 448 112.059998 ) 
4 247 248 (-1240 320 0.120651 ) (-1240 448 0.120651 ) (-1232 448 0.120651 ) (-1232 320 0.120651 ) 
4 249 406 (-1216 0 760 ) (-1216 0 464 ) (-1088 0 464 ) (-1088 0 760 ) 
4 249 254 (-1216 200 760 ) (-1216 200 464 ) (-1216 8 464 ) (-1216 8 760 ) 
4 249 256 (-1216 8 464 ) (-1216 0 464 ) (-1216 0 760 ) (-1216 8 760 ) 
4 249 253 (-1216 0 464 ) (-1216 8 464 ) (-1088 8 464 ) (-1088 0 464 ) 
4 250 255 (-1216 200 0.240433 ) (-1216 200 0 ) (-1216 192 0 ) (-1216 192 0.240433 ) 
4 250 251 (-1088 192 0 ) (-1088 192 112 ) (-1216 192 112 ) (-1216 192 0 ) 
4 251 255 (-1216 192 0 ) (-1216 16 0 ) (-1216 16 0.240433 ) (-1216 192 0.240433 ) 
4 251 252 (-1088 16 0 ) (-1088 16 112 ) (-1216 16 112 ) (-1216 16 0 ) 
4 252 255 (-1216 16 0 ) (-1216 8 0 ) (-1216 8 0.240433 ) (-1216 16 0.240433 ) 
4 252 253 (-1088 8 0 ) (-1088 8 112 ) (-1216 8 112 ) (-1216 8 0 ) 
4 253 406 (-1216 0 464 ) (-1216 0 0 ) (-1088 0 0 ) (-1088 0 464 ) 
4 253 256 (-1216 8 0 ) (-1216 0 0 ) (-1216 0 464 ) (-1216 8 464 ) 
4 254 262 (-1240 8 464 ) (-1240 8 760 ) (-1240 200 760 ) (-1240 200 464 ) 
4 254 256 (-1216 8 464 ) (-1216 8 760 ) (-1240 8 760 ) (-1240 8 464 ) 
4 255 256 (-1216 8 0 ) (-1216 8 0.240433 ) (-1240 8 0.240433 ) (-1240 8 0 ) 
4 256 406 (-1240 0 760 ) (-1240 0 0 ) (-1216 0 0 ) (-1216 0 760 ) 
4 256 268 (-1240 8 0 ) (-1240 0 0 ) (-1240 0 176 ) (-1240 8 176 ) 
4 256 266 (-1240 0 176 ) (-1240 0 456 ) (-1240 8 456 ) (-1240 8 176 ) 
4 256 263 (-1240 0 456 ) (-1240 0 760 ) (-1240 8 760 ) (-1240 8 456 ) 
4 257 279 (-2048 1024 760 ) (-2048 1024 0 ) (-2048 888 0 ) (-2048 888 760 ) 
4 257 261 (-2048 888 0 ) (-1456 888 0 ) (-1456 888 232 ) (-2048 888 232 ) 
4 257 260 (-1456 888 464 ) (-2048 888 464 ) (-2048 888 232 ) (-1456 888 232 ) 
4 257 259 (-1240 888 232 ) (-1240 888 320 ) (-1448 888 320 ) (-1448 888 232 ) 
4 257 258 (-1240 888 464 ) (-1240 888 760 ) (-2048 888 760 ) (-2048 888 464 ) 
4 258 279 (-2048 888 760 ) (-2048 888 464 ) (-2048 880 464 ) (-2048 880 760 ) 
4 258 277 (-2048 880 760 ) (-2048 880 464 ) (-1456 880 464 ) (-1456 880 760 ) 
4 258 270 (-1456 880 464 ) (-1448 880 464 ) (-1448 880 760 ) (-1456 880 760 ) 
4 258 262 (-1448 880 464 ) (-1240 880 464 ) (-1240 880 760 ) (-1448 880 760 ) 
4 258 260 (-1456 880 464 ) (-2048 880 464 ) (-2048 888 464 ) (-1456 888 464 ) 
4 259 264 (-1448 880 232 ) (-1240 880 232 ) (-1240 880 320 ) (-1448 880 320 ) 
4 260 279 (-2048 888 464 ) (-2048 888 232 ) (-2048 880 232 ) (-2048 880 464 ) 
4 260 277 (-2048 880 464 ) (-2048 880 232 ) (-1456 880 232 ) (-1456 880 464 ) 
4 260 261 (-1456 880 232 ) (-2048 880 232 ) (-2048 888 232 ) (-1456 888 232 ) 
4 261 279 (-2048 888 232 ) (-2048 888 0 ) (-2048 880 0 ) (-2048 880 232 ) 
4 261 277 (-2048 880 232 ) (-2048 880 0 ) (-1456 880 0 ) (-1456 880 232 ) 
4 262 270 (-1448 880 760 ) (-1448 880 464 ) (-1448 8 464 ) (-1448 8 760 ) 
4 262 263 (-1240 8 464 ) (-1240 8 760 ) (-1448 8 760 ) (-1448 8 464 ) 
4 263 406 (-1448 0 760 ) (-1448 0 456 ) (-1240 0 456 ) (-1240 0 760 ) 
4 263 271 (-1448 8 456 ) (-1448 0 456 ) (-1448 0 464 ) (-1448 8 464 ) 
4 263 270 (-1448 0 464 ) (-1448 0 760 ) (-1448 8 760 ) (-1448 8 464 ) 
4 263 266 (-1448 0 456 ) (-1448 8 456 ) (-1240 8 456 ) (-1240 0 456 ) 
4 264 272 (-1448 880 320 ) (-1448 880 232 ) (-1448 756 232 ) (-1448 756 320 ) 
4 264 265 (-1296 756 456 ) (-1448 756 456 ) (-1448 756 96 ) (-1296 756 96 ) 
4 265 272 (-1448 568 232 ) (-1448 568 320 ) (-1448 756 320 ) (-1448 756 232 ) 
4 265 267 (-1448 568 176 ) (-1448 568 0 ) (-1296 568 0 ) (-1296 568 176 ) 
4 266 406 (-1448 0 456 ) (-1448 0 176 ) (-1240 0 176 ) (-1240 0 456 ) 
4 266 276 (-1448 0 176 ) (-1448 0 232 ) (-1448 8 232 ) (-1448 8 176 ) 
4 266 275 (-1448 0 232 ) (-1448 0 320 ) (-1448 8 320 ) (-1448 8 232 ) 
4 266 271 (-1448 0 320 ) (-1448 0 456 ) (-1448 8 456 ) (-1448 8 320 ) 
4 266 268 (-1448 0 176 ) (-1448 8 176 ) (-1240 8 176 ) (-1240 0 176 ) 
4 267 269 (-1448 200 0.120651 ) (-1448 568 0.120651 ) (-1240 568 0.120651 ) (-1240 200 0.120651 ) 
4 268 406 (-1448 0 176 ) (-1448 0 0 ) (-1240 0 0 ) (-1240 0 176 ) 
4 268 276 (-1448 8 0 ) (-1448 0 0 ) (-1448 0 176 ) (-1448 8 176 ) 
4 268 269 (-1448 0 0.120651 ) (-1448 192 0.120651 ) (-1240 192 0.120651 ) (-1240 0 0.120651 ) 
4 270 406 (-1456 0 760 ) (-1456 0 464 ) (-1448 0 464 ) (-1448 0 760 ) 
4 270 277 (-1456 880 760 ) (-1456 880 464 ) (-1456 0 464 ) (-1456 0 760 ) 
4 270 271 (-1456 0 464 ) (-1456 8 464 ) (-1448 8 464 ) (-1448 0 464 ) 
4 271 406 (-1456 0 464 ) (-1456 0 320 ) (-1448 0 320 ) (-1448 0 464 ) 
4 271 277 (-1456 8 320 ) (-1456 0 320 ) (-1456 0 464 ) (-1456 8 464 ) 
4 271 275 (-1456 0 320 ) (-1456 8 320 ) (-1448 8 320 ) (-1448 0 320 ) 
4 272 273 (-1450 880 232 ) (-1450 592 232 ) (-1450 592 320 ) (-1450 880 320 ) 
4 273 274 (-1452 880 232 ) (-1452 592 232 ) (-1452 592 320 ) (-1452 880 320 ) 
4 274 277 (-1456 880 320 ) (-1456 880 232 ) (-1456 544 232 ) (-1456 544 320 ) 
4 275 406 (-1456 0 320 ) (-1456 0 232 ) (-1448 0 232 ) (-1448 0 320 ) 
4 275 277 (-1456 8 232 ) (-1456 0 232 ) (-1456 0 320 ) (-1456 8 320 ) 
4 275 276 (-1456 0 232 ) (-1456 8 232 ) (-1448 8 232 ) (-1448 0 232 ) 
4 276 406 (-1456 0 232 ) (-1456 0 0 ) (-1448 0 0 ) (-1448 0 232 ) 
4 276 277 (-1456 8 0 ) (-1456 0 0 ) (-1456 0 232 ) (-1456 8 232 ) 
4 277 406 (-2048 0 760 ) (-2048 0 0 ) (-1456 0 0 ) (-1456 0 760 ) 
4 277 279 (-2048 0 0 ) (-2048 0 760 ) (-2048 880 760 ) (-2048 880 0 ) 
4 278 279 (-2048 1024 0 ) (-2048 1024 760 ) (-2312 1024 760 ) (-2312 1024 0 ) 
4 279 414 (-2048 0 0 ) (-2048 0 760 ) (-2312 0 760 ) (-2312 0 0 ) 
4 280 281 (1024 -792 760 ) (1024 0 760 ) (1024 0 0 ) (1024 -792 0 ) 
4 281 309 (336 -792 0 ) (208 -792 0 ) (208 -280 0 ) (336 -280 0 ) 
4 281 283 (208 -112 0 ) (208 -792 0 ) (208 -792 760 ) (208 -112 760 ) 
4 281 282 (208 -112 464 ) (208 -112 760 ) (208 0 760 ) (208 0 464 ) 
4 282 304 (184 -112 464 ) (184 -112 760 ) (184 -96 760 ) (184 -96 464 ) 
4 282 301 (184 -96 760 ) (184 -80 760 ) (184 -80 464 ) (184 -96 464 ) 
4 282 284 (184 -80 760 ) (184 0 760 ) (184 0 464 ) (184 -80 464 ) 
4 282 283 (208 -112 464 ) (208 -112 760 ) (184 -112 760 ) (184 -112 464 ) 
4 283 309 (184 -792 0 ) (184 -280 0 ) (208 -280 0 ) (208 -792 0 ) 
4 283 308 (184 -112 0 ) (184 -792 0 ) (184 -792 760 ) (184 -112 760 ) 
4 284 310 (0 0 760 ) (0 0 464 ) (0 -80 464 ) (0 -80 760 ) 
4 284 301 (0 -80 760 ) (0 -80 464 ) (184 -80 464 ) (184 -80 760 ) 
4 285 311 (0 0 440 ) (0 0 342 ) (0 -72 342 ) (0 -72 440 ) 
4 285 287 (0 -72 342 ) (0 0 342 ) (184 0 342 ) (184 -72 342 ) 
4 285 286 (0 -72 342 ) (184 -72 342 ) (184 -72 344 ) (0 -72 344 ) 
4 286 313 (0 -72 342 ) (0 -80 342 ) (0 -80 344 ) (0 -72 344 ) 
4 286 302 (0 -80 344 ) (0 -80 342 ) (184 -80 342 ) (184 -80 344 ) 
4 286 289 (82 -74 342 ) (84 -74 342 ) (84 -78 342 ) (82 -78 342 ) 
4 286 288 (182 -74 342 ) (184 -74 342 ) (184 -78 342 ) (182 -78 342 ) 
4 286 287 (0 -74 342 ) (0 -72 342 ) (184 -72 342 ) (184 -74 342 ) 
4 286 290 (184 -80 342 ) (0 -80 342 ) (0 -78 342 ) (184 -78 342 ) 
4 287 316 (0 -72 218 ) (0 -74 218 ) (0 -74 342 ) (0 -72 342 ) 
4 287 311 (0 0 342 ) (0 0 218 ) (0 -72 218 ) (0 -72 342 ) 
4 287 292 (0 -74 218 ) (0 -72 218 ) (184 -72 218 ) (184 -74 218 ) 
4 287 291 (0 -72 218 ) (0 0 218 ) (184 0 218 ) (184 -72 218 ) 
4 287 289 (82 -74 218 ) (84 -74 218 ) (84 -74 342 ) (82 -74 342 ) 
4 287 288 (182 -74 218 ) (184 -74 218 ) (184 -74 342 ) (182 -74 342 ) 
4 288 292 (182 -74 218 ) (184 -74 218 ) (184 -78 218 ) (182 -78 218 ) 
4 288 290 (182 -78 218 ) (184 -78 218 ) (184 -78 342 ) (182 -78 342 ) 
4 289 292 (82 -74 218 ) (84 -74 218 ) (84 -78 218 ) (82 -78 218 ) 
4 289 290 (82 -78 218 ) (84 -78 218 ) (84 -78 342 ) (82 -78 342 ) 
4 290 329 (0 -78 218 ) (0 -80 218 ) (0 -80 342 ) (0 -78 342 ) 
4 290 302 (0 -80 342 ) (0 -80 218 ) (184 -80 218 ) (184 -80 342 ) 
4 290 292 (184 -80 218 ) (0 -80 218 ) (0 -78 218 ) (184 -78 218 ) 
4 291 311 (0 0 218 ) (0 0 192 ) (0 -72 192 ) (0 -72 218 ) 
4 291 292 (184 -72 216 ) (184 -72 218 ) (0 -72 218 ) (0 -72 216 ) 
4 292 332 (0 -80 216 ) (0 -80 218 ) (0 -72 218 ) (0 -72 216 ) 
4 292 302 (0 -80 218 ) (0 -80 216 ) (184 -80 216 ) (184 -80 218 ) 
4 293 335 (0 0 176 ) (0 0 150 ) (0 -72 150 ) (0 -72 176 ) 
4 293 295 (0 -72 150 ) (0 0 150 ) (184 0 150 ) (184 -72 150 ) 
4 293 294 (0 -72 150 ) (184 -72 150 ) (184 -72 152 ) (0 -72 152 ) 
4 294 336 (0 -72 150 ) (0 -80 150 ) (0 -80 152 ) (0 -72 152 ) 
4 294 303 (0 -80 152 ) (0 -80 150 ) (184 -80 150 ) (184 -80 152 ) 
4 294 297 (82 -74 150 ) (84 -74 150 ) (84 -78 150 ) (82 -78 150 ) 
4 294 296 (182 -74 150 ) (184 -74 150 ) (184 -78 150 ) (182 -78 150 ) 
4 294 295 (0 -74 150 ) (0 -72 150 ) (184 -72 150 ) (184 -74 150 ) 
4 294 298 (184 -80 150 ) (0 -80 150 ) (0 -78 150 ) (184 -78 150 ) 
4 295 337 (0 0 150 ) (0 0 26 ) (0 -74 26 ) (0 -74 150 ) 
4 295 300 (0 -74 26 ) (0 -72 26 ) (184 -72 26 ) (184 -74 26 ) 
4 295 299 (0 -72 26 ) (0 0 26 ) (184 0 26 ) (184 -72 26 ) 
4 295 297 (82 -74 26 ) (84 -74 26 ) (84 -74 150 ) (82 -74 150 ) 
4 295 296 (182 -74 26 ) (184 -74 26 ) (184 -74 150 ) (182 -74 150 ) 
4 296 300 (182 -74 26 ) (184 -74 26 ) (184 -78 26 ) (182 -78 26 ) 
4 296 298 (182 -78 26 ) (184 -78 26 ) (184 -78 150 ) (182 -78 150 ) 
4 297 300 (82 -74 26 ) (84 -74 26 ) (84 -78 26 ) (82 -78 26 ) 
4 297 298 (82 -78 26 ) (84 -78 26 ) (84 -78 150 ) (82 -78 150 ) 
4 298 340 (0 -78 26 ) (0 -80 26 ) (0 -80 150 ) (0 -78 150 ) 
4 298 303 (0 -80 150 ) (0 -80 26 ) (184 -80 26 ) (184 -80 150 ) 
4 298 300 (184 -80 26 ) (0 -80 26 ) (0 -78 26 ) (184 -78 26 ) 
4 299 341 (0 0 26 ) (0 0 0 ) (0 -72 0 ) (0 -72 26 ) 
4 299 300 (184 -72 24 ) (184 -72 26 ) (0 -72 26 ) (0 -72 24 ) 
4 300 342 (0 -80 24 ) (0 -80 26 ) (0 -72 26 ) (0 -72 24 ) 
4 300 303 (0 -80 26 ) (0 -80 24 ) (184 -80 24 ) (184 -80 26 ) 
4 301 365 (0 -96 456 ) (0 -96 760 ) (0 -80 760 ) (0 -80 456 ) 
4 301 304 (184 -96 456 ) (184 -96 760 ) (0 -96 760 ) (0 -96 456 ) 
4 302 366 (0 -96 192 ) (0 -96 360 ) (0 -80 360 ) (0 -80 192 ) 
4 302 305 (184 -96 200 ) (184 -96 360 ) (0 -96 360 ) (0 -96 200 ) 
4 303 367 (0 -80 0 ) (0 -96 0 ) (0 -96 152 ) (0 -80 152 ) 
4 303 306 (0 -96 0 ) (184 -96 0 ) (184 -96 120 ) (0 -96 120 ) 
4 304 372 (0 -112 456 ) (0 -112 760 ) (0 -96 760 ) (0 -96 456 ) 
4 304 308 (184 -112 456 ) (184 -112 760 ) (0 -112 760 ) (0 -112 456 ) 
4 305 374 (0 -104 360 ) (0 -96 360 ) (0 -96 200 ) (0 -104 200 ) 
4 305 376 (0 -112 200 ) (0 -112 360 ) (0 -104 360 ) (0 -104 200 ) 
4 305 308 (184 -112 200 ) (184 -112 360 ) (0 -112 360 ) (0 -112 200 ) 
4 305 307 (184 -112 200 ) (0 -112 200 ) (0 -104 200 ) (184 -104 200 ) 
4 306 375 (0 -96 0 ) (0 -104 0 ) (0 -104 120 ) (0 -96 120 ) 
4 306 307 (0 -104 0 ) (184 -104 0 ) (184 -104 120 ) (0 -104 120 ) 
4 307 376 (0 -104 0 ) (0 -112 0 ) (0 -112 200 ) (0 -104 200 ) 
4 307 308 (0 -112 0 ) (184 -112 0 ) (184 -112 200 ) (0 -112 200 ) 
4 308 385 (0 -280 0 ) (0 -792 0 ) (0 -792 760 ) (0 -280 760 ) 
4 308 376 (0 -112 0 ) (0 -280 0 ) (0 -280 360 ) (0 -112 360 ) 
4 308 373 (0 -280 360 ) (0 -280 456 ) (0 -112 456 ) (0 -112 360 ) 
4 308 372 (0 -280 456 ) (0 -280 760 ) (0 -112 760 ) (0 -112 456 ) 
4 308 309 (0 -792 0 ) (0 -280 0 ) (184 -280 0 ) (184 -792 0 ) 
4 309 385 (0 -280 -8 ) (0 -792 -8 ) (0 -792 0 ) (0 -280 0 ) 
4 310 386 (-1024 0 760 ) (-1024 0 464 ) (-1024 -80 464 ) (-1024 -80 760 ) 
4 310 365 (0 -80 464 ) (0 -80 760 ) (-1024 -80 760 ) (-1024 -80 464 ) 
4 311 333 (-240 -72 216 ) (-240 -72 218 ) (-640 -72 218 ) (-640 -72 216 ) 
4 311 332 (0 -72 216 ) (0 -72 218 ) (-216 -72 218 ) (-216 -72 216 ) 
4 311 317 (-240 -72 342 ) (-640 -72 342 ) (-640 -72 218 ) (-240 -72 218 ) 
4 311 316 (0 -72 218 ) (0 -72 342 ) (-216 -72 342 ) (-216 -72 218 ) 
4 311 313 (0 -72 342 ) (0 -72 344 ) (-216 -72 344 ) (-216 -72 342 ) 
4 311 314 (-240 -72 344 ) (-640 -72 344 ) (-640 -72 342 ) (-240 -72 342 ) 
4 312 387 (-1024 0 440 ) (-1024 0 192 ) (-1024 -72 192 ) (-1024 -72 440 ) 
4 312 334 (-664 -72 216 ) (-664 -72 218 ) (-1024 -72 218 ) (-1024 -72 216 ) 
4 312 318 (-664 -72 342 ) (-1024 -72 342 ) (-1024 -72 218 ) (-664 -72 218 ) 
4 312 315 (-664 -72 344 ) (-1024 -72 344 ) (-1024 -72 342 ) (-664 -72 342 ) 
4 313 366 (0 -80 342 ) (0 -80 344 ) (-216 -80 344 ) (-216 -80 342 ) 
4 313 329 (0 -80 342 ) (-216 -80 342 ) (-216 -78 342 ) (0 -78 342 ) 
4 313 319 (-18 -74 342 ) (-16 -74 342 ) (-16 -78 342 ) (-18 -78 342 ) 
4 313 320 (-118 -74 342 ) (-116 -74 342 ) (-116 -78 342 ) (-118 -78 342 ) 
4 313 316 (-216 -74 342 ) (-216 -72 342 ) (0 -72 342 ) (0 -74 342 ) 
4 314 368 (-240 -80 344 ) (-640 -80 344 ) (-640 -80 342 ) (-240 -80 342 ) 
4 314 330 (-240 -80 342 ) (-640 -80 342 ) (-640 -78 342 ) (-240 -78 342 ) 
4 314 323 (-442 -74 342 ) (-440 -74 342 ) (-440 -78 342 ) (-442 -78 342 ) 
4 314 324 (-542 -74 342 ) (-540 -74 342 ) (-540 -78 342 ) (-542 -78 342 ) 
4 314 322 (-342 -74 342 ) (-340 -74 342 ) (-340 -78 342 ) (-342 -78 342 ) 
4 314 321 (-242 -74 342 ) (-240 -74 342 ) (-240 -78 342 ) (-242 -78 342 ) 
4 314 317 (-640 -74 342 ) (-640 -72 342 ) (-240 -72 342 ) (-240 -74 342 ) 
4 315 389 (-1024 -78 344 ) (-1024 -74 344 ) (-1024 -74 342 ) (-1024 -78 342 ) 
4 315 388 (-1024 -74 344 ) (-1024 -72 344 ) (-1024 -72 342 ) (-1024 -74 342 ) 
4 315 390 (-1024 -80 342 ) (-1024 -80 344 ) (-1024 -78 344 ) (-1024 -78 342 ) 
4 315 370 (-664 -80 344 ) (-1024 -80 344 ) (-1024 -80 342 ) (-664 -80 342 ) 
4 315 331 (-664 -80 342 ) (-1024 -80 342 ) (-1024 -78 342 ) (-664 -78 342 ) 
4 315 328 (-966 -74 342 ) (-964 -74 342 ) (-964 -78 342 ) (-966 -78 342 ) 
4 315 326 (-766 -74 342 ) (-764 -74 342 ) (-764 -78 342 ) (-766 -78 342 ) 
4 315 327 (-866 -74 342 ) (-864 -74 342 ) (-864 -78 342 ) (-866 -78 342 ) 
4 315 325 (-666 -74 342 ) (-664 -74 342 ) (-664 -78 342 ) (-666 -78 342 ) 
4 315 318 (-1024 -74 342 ) (-1024 -72 342 ) (-664 -72 342 ) (-664 -74 342 ) 
4 316 332 (-216 -72 218 ) (0 -72 218 ) (0 -74 218 ) (-216 -74 218 ) 
4 316 319 (-18 -74 218 ) (-16 -74 218 ) (-16 -74 342 ) (-18 -74 342 ) 
4 316 320 (-118 -74 218 ) (-116 -74 218 ) (-116 -74 342 ) (-118 -74 342 ) 
4 317 333 (-640 -72 218 ) (-240 -72 218 ) (-240 -74 218 ) (-640 -74 218 ) 
4 317 323 (-442 -74 218 ) (-440 -74 218 ) (-440 -74 342 ) (-442 -74 342 ) 
4 317 324 (-542 -74 218 ) (-540 -74 218 ) (-540 -74 342 ) (-542 -74 342 ) 
4 317 322 (-342 -74 218 ) (-340 -74 218 ) (-340 -74 342 ) (-342 -74 342 ) 
4 317 321 (-242 -74 218 ) (-240 -74 218 ) (-240 -74 342 ) (-242 -74 342 ) 
4 318 388 (-1024 -74 342 ) (-1024 -72 342 ) (-1024 -72 218 ) (-1024 -74 218 ) 
4 318 334 (-1024 -74 218 ) (-1024 -72 218 ) (-664 -72 218 ) (-664 -74 218 ) 
4 318 328 (-966 -74 218 ) (-964 -74 218 ) (-964 -74 342 ) (-966 -74 342 ) 
4 318 326 (-766 -74 218 ) (-764 -74 218 ) (-764 -74 342 ) (-766 -74 342 ) 
4 318 327 (-866 -74 218 ) (-864 -74 218 ) (-864 -74 342 ) (-866 -74 342 ) 
4 318 325 (-666 -74 218 ) (-664 -74 218 ) (-664 -74 342 ) (-666 -74 342 ) 
4 319 332 (-18 -74 218 ) (-16 -74 218 ) (-16 -78 218 ) (-18 -78 218 ) 
4 319 329 (-18 -78 218 ) (-16 -78 218 ) (-16 -78 342 ) (-18 -78 342 ) 
4 320 332 (-118 -74 218 ) (-116 -74 218 ) (-116 -78 218 ) (-118 -78 218 ) 
4 320 329 (-118 -78 218 ) (-116 -78 218 ) (-116 -78 342 ) (-118 -78 342 ) 
4 321 333 (-242 -74 218 ) (-240 -74 218 ) (-240 -78 218 ) (-242 -78 218 ) 
4 321 330 (-242 -78 218 ) (-240 -78 218 ) (-240 -78 342 ) (-242 -78 342 ) 
4 322 333 (-342 -74 218 ) (-340 -74 218 ) (-340 -78 218 ) (-342 -78 218 ) 
4 322 330 (-342 -78 218 ) (-340 -78 218 ) (-340 -78 342 ) (-342 -78 342 ) 
4 323 333 (-442 -74 218 ) (-440 -74 218 ) (-440 -78 218 ) (-442 -78 218 ) 
4 323 330 (-442 -78 218 ) (-440 -78 218 ) (-440 -78 342 ) (-442 -78 342 ) 
4 324 333 (-542 -74 218 ) (-540 -74 218 ) (-540 -78 218 ) (-542 -78 218 ) 
4 324 330 (-542 -78 218 ) (-540 -78 218 ) (-540 -78 342 ) (-542 -78 342 ) 
4 325 334 (-666 -74 218 ) (-664 -74 218 ) (-664 -78 218 ) (-666 -78 218 ) 
4 325 331 (-666 -78 218 ) (-664 -78 218 ) (-664 -78 342 ) (-666 -78 342 ) 
4 326 334 (-766 -74 218 ) (-764 -74 218 ) (-764 -78 218 ) (-766 -78 218 ) 
4 326 331 (-766 -78 218 ) (-764 -78 218 ) (-764 -78 342 ) (-766 -78 342 ) 
4 327 334 (-866 -74 218 ) (-864 -74 218 ) (-864 -78 218 ) (-866 -78 218 ) 
4 327 331 (-866 -78 218 ) (-864 -78 218 ) (-864 -78 342 ) (-866 -78 342 ) 
4 328 334 (-966 -74 218 ) (-964 -74 218 ) (-964 -78 218 ) (-966 -78 218 ) 
4 328 331 (-966 -78 218 ) (-964 -78 218 ) (-964 -78 342 ) (-966 -78 342 ) 
4 329 366 (0 -80 218 ) (0 -80 342 ) (-216 -80 342 ) (-216 -80 218 ) 
4 329 332 (0 -80 218 ) (-216 -80 218 ) (-216 -78 218 ) (0 -78 218 ) 
4 330 368 (-240 -80 342 ) (-640 -80 342 ) (-640 -80 218 ) (-240 -80 218 ) 
4 330 333 (-240 -80 218 ) (-640 -80 218 ) (-640 -78 218 ) (-240 -78 218 ) 
4 331 390 (-1024 -80 218 ) (-1024 -80 342 ) (-1024 -78 342 ) (-1024 -78 218 ) 
4 331 370 (-664 -80 342 ) (-1024 -80 342 ) (-1024 -80 218 ) (-664 -80 218 ) 
4 331 334 (-664 -80 218 ) (-1024 -80 218 ) (-1024 -78 218 ) (-664 -78 218 ) 
4 332 366 (0 -80 216 ) (0 -80 218 ) (-216 -80 218 ) (-216 -80 216 ) 
4 333 368 (-240 -80 218 ) (-640 -80 218 ) (-640 -80 216 ) (-240 -80 216 ) 
4 334 391 (-1024 -80 216 ) (-1024 -80 218 ) (-1024 -72 218 ) (-1024 -72 216 ) 
4 334 370 (-664 -80 218 ) (-1024 -80 218 ) (-1024 -80 216 ) (-664 -80 216 ) 
4 335 343 (-216 -48 176 ) (-216 0 176 ) (-216 0 150 ) (-216 -48 150 ) 
4 335 337 (-216 -72 150 ) (-216 0 150 ) (0 0 150 ) (0 -72 150 ) 
4 335 336 (-216 -72 152 ) (-216 -72 150 ) (0 -72 150 ) (0 -72 152 ) 
4 336 367 (0 -80 150 ) (0 -80 152 ) (-216 -80 152 ) (-216 -80 150 ) 
4 336 338 (-18 -74 150 ) (-16 -74 150 ) (-16 -78 150 ) (-18 -78 150 ) 
4 336 339 (-118 -74 150 ) (-116 -74 150 ) (-116 -78 150 ) (-118 -78 150 ) 
4 336 337 (-216 -74 150 ) (-216 -72 150 ) (0 -72 150 ) (0 -74 150 ) 
4 336 340 (0 -80 150 ) (-216 -80 150 ) (-216 -78 150 ) (0 -78 150 ) 
4 337 343 (-216 -48 150 ) (-216 0 150 ) (-216 0 26 ) (-216 -48 26 ) 
4 337 342 (-216 -74 26 ) (-216 -72 26 ) (0 -72 26 ) (0 -74 26 ) 
4 337 341 (-216 -72 26 ) (-216 0 26 ) (0 0 26 ) (0 -72 26 ) 
4 337 338 (-18 -74 26 ) (-16 -74 26 ) (-16 -74 150 ) (-18 -74 150 ) 
4 337 339 (-118 -74 26 ) (-116 -74 26 ) (-116 -74 150 ) (-118 -74 150 ) 
4 338 342 (-18 -74 26 ) (-16 -74 26 ) (-16 -78 26 ) (-18 -78 26 ) 
4 338 340 (-18 -78 26 ) (-16 -78 26 ) (-16 -78 150 ) (-18 -78 150 ) 
4 339 342 (-118 -74 26 ) (-116 -74 26 ) (-116 -78 26 ) (-118 -78 26 ) 
4 339 340 (-118 -78 26 ) (-116 -78 26 ) (-116 -78 150 ) (-118 -78 150 ) 
4 340 367 (0 -80 26 ) (0 -80 150 ) (-216 -80 150 ) (-216 -80 26 ) 
4 340 342 (0 -80 26 ) (-216 -80 26 ) (-216 -78 26 ) (0 -78 26 ) 
4 341 343 (-216 0 0 ) (-216 -48 0 ) (-216 -48 26 ) (-216 0 26 ) 
4 341 342 (0 -72 26 ) (-216 -72 26 ) (-216 -72 24 ) (0 -72 24 ) 
4 342 367 (0 -80 24 ) (0 -80 26 ) (-216 -80 26 ) (-216 -80 24 ) 
4 343 352 (-240 0 0 ) (-240 -48 0 ) (-240 -48 26 ) (-240 0 26 ) 
4 343 346 (-240 -48 26 ) (-240 -48 150 ) (-240 0 150 ) (-240 0 26 ) 
4 343 344 (-240 -48 150 ) (-240 -48 176 ) (-240 0 176 ) (-240 0 150 ) 
4 344 354 (-640 -48 176 ) (-640 0 176 ) (-640 0 150 ) (-640 -48 150 ) 
4 344 346 (-640 -72 150 ) (-640 0 150 ) (-240 0 150 ) (-240 -72 150 ) 
4 344 345 (-640 -72 152 ) (-640 -72 150 ) (-240 -72 150 ) (-240 -72 152 ) 
4 345 369 (-640 -80 152 ) (-640 -80 150 ) (-240 -80 150 ) (-240 -80 152 ) 
4 345 350 (-542 -74 150 ) (-540 -74 150 ) (-540 -78 150 ) (-542 -78 150 ) 
4 345 348 (-342 -74 150 ) (-340 -74 150 ) (-340 -78 150 ) (-342 -78 150 ) 
4 345 349 (-442 -74 150 ) (-440 -74 150 ) (-440 -78 150 ) (-442 -78 150 ) 
4 345 347 (-242 -74 150 ) (-240 -74 150 ) (-240 -78 150 ) (-242 -78 150 ) 
4 345 346 (-640 -74 150 ) (-640 -72 150 ) (-240 -72 150 ) (-240 -74 150 ) 
4 345 351 (-640 -80 150 ) (-640 -78 150 ) (-240 -78 150 ) (-240 -80 150 ) 
4 346 354 (-640 -48 150 ) (-640 0 150 ) (-640 0 26 ) (-640 -48 26 ) 
4 346 353 (-640 -74 26 ) (-640 -72 26 ) (-240 -72 26 ) (-240 -74 26 ) 
4 346 352 (-640 -72 26 ) (-640 0 26 ) (-240 0 26 ) (-240 -72 26 ) 
4 346 350 (-542 -74 26 ) (-540 -74 26 ) (-540 -74 150 ) (-542 -74 150 ) 
4 346 348 (-342 -74 26 ) (-340 -74 26 ) (-340 -74 150 ) (-342 -74 150 ) 
4 346 349 (-442 -74 26 ) (-440 -74 26 ) (-440 -74 150 ) (-442 -74 150 ) 
4 346 347 (-242 -74 26 ) (-240 -74 26 ) (-240 -74 150 ) (-242 -74 150 ) 
4 347 353 (-242 -74 26 ) (-240 -74 26 ) (-240 -78 26 ) (-242 -78 26 ) 
4 347 351 (-242 -78 26 ) (-240 -78 26 ) (-240 -78 150 ) (-242 -78 150 ) 
4 348 353 (-342 -74 26 ) (-340 -74 26 ) (-340 -78 26 ) (-342 -78 26 ) 
4 348 351 (-342 -78 26 ) (-340 -78 26 ) (-340 -78 150 ) (-342 -78 150 ) 
4 349 353 (-442 -74 26 ) (-440 -74 26 ) (-440 -78 26 ) (-442 -78 26 ) 
4 349 351 (-442 -78 26 ) (-440 -78 26 ) (-440 -78 150 ) (-442 -78 150 ) 
4 350 353 (-542 -74 26 ) (-540 -74 26 ) (-540 -78 26 ) (-542 -78 26 ) 
4 350 351 (-542 -78 26 ) (-540 -78 26 ) (-540 -78 150 ) (-542 -78 150 ) 
4 351 369 (-640 -80 150 ) (-640 -80 26 ) (-240 -80 26 ) (-240 -80 150 ) 
4 351 353 (-640 -80 26 ) (-640 -78 26 ) (-240 -78 26 ) (-240 -80 26 ) 
4 352 354 (-640 0 0 ) (-640 -48 0 ) (-640 -48 26 ) (-640 0 26 ) 
4 352 353 (-240 -72 24 ) (-240 -72 26 ) (-640 -72 26 ) (-640 -72 24 ) 
4 353 369 (-640 -80 26 ) (-640 -80 24 ) (-240 -80 24 ) (-240 -80 26 ) 
4 354 363 (-664 0 0 ) (-664 -48 0 ) (-664 -48 26 ) (-664 0 26 ) 
4 354 357 (-664 -48 26 ) (-664 -48 150 ) (-664 0 150 ) (-664 0 26 ) 
4 354 355 (-664 -48 150 ) (-664 -48 176 ) (-664 0 176 ) (-664 0 150 ) 
4 355 392 (-1024 0 176 ) (-1024 0 150 ) (-1024 -72 150 ) (-1024 -72 176 ) 
4 355 357 (-664 0 150 ) (-664 -72 150 ) (-1024 -72 150 ) (-1024 0 150 ) 
4 355 356 (-1024 -72 150 ) (-664 -72 150 ) (-664 -72 152 ) (-1024 -72 152 ) 
4 356 394 (-1024 -74 150 ) (-1024 -78 150 ) (-1024 -78 152 ) (-1024 -74 152 ) 
4 356 393 (-1024 -72 150 ) (-1024 -74 150 ) (-1024 -74 152 ) (-1024 -72 152 ) 
4 356 395 (-1024 -78 150 ) (-1024 -80 150 ) (-1024 -80 152 ) (-1024 -78 152 ) 
4 356 371 (-1024 -80 152 ) (-1024 -80 150 ) (-664 -80 150 ) (-664 -80 152 ) 
4 356 360 (-864 -78 150 ) (-866 -78 150 ) (-866 -74 150 ) (-864 -74 150 ) 
4 356 361 (-964 -78 150 ) (-966 -78 150 ) (-966 -74 150 ) (-964 -74 150 ) 
4 356 358 (-664 -74 150 ) (-664 -78 150 ) (-666 -78 150 ) (-666 -74 150 ) 
4 356 359 (-764 -78 150 ) (-766 -78 150 ) (-766 -74 150 ) (-764 -74 150 ) 
4 356 357 (-664 -72 150 ) (-664 -74 150 ) (-1024 -74 150 ) (-1024 -72 150 ) 
4 356 362 (-664 -78 150 ) (-664 -80 150 ) (-1024 -80 150 ) (-1024 -78 150 ) 
4 357 393 (-1024 -72 26 ) (-1024 -74 26 ) (-1024 -74 150 ) (-1024 -72 150 ) 
4 357 392 (-1024 0 150 ) (-1024 0 26 ) (-1024 -72 26 ) (-1024 -72 150 ) 
4 357 364 (-664 -72 26 ) (-664 -74 26 ) (-1024 -74 26 ) (-1024 -72 26 ) 
4 357 363 (-1024 0 26 ) (-664 0 26 ) (-664 -72 26 ) (-1024 -72 26 ) 
4 357 360 (-866 -74 26 ) (-864 -74 26 ) (-864 -74 150 ) (-866 -74 150 ) 
4 357 361 (-966 -74 26 ) (-964 -74 26 ) (-964 -74 150 ) (-966 -74 150 ) 
4 357 358 (-666 -74 26 ) (-664 -74 26 ) (-664 -74 150 ) (-666 -74 150 ) 
4 357 359 (-766 -74 26 ) (-764 -74 26 ) (-764 -74 150 ) (-766 -74 150 ) 
4 358 364 (-664 -74 26 ) (-664 -78 26 ) (-666 -78 26 ) (-666 -74 26 ) 
4 358 362 (-666 -78 26 ) (-664 -78 26 ) (-664 -78 150 ) (-666 -78 150 ) 
4 359 364 (-764 -78 26 ) (-766 -78 26 ) (-766 -74 26 ) (-764 -74 26 ) 
4 359 362 (-766 -78 26 ) (-764 -78 26 ) (-764 -78 150 ) (-766 -78 150 ) 
4 360 364 (-864 -78 26 ) (-866 -78 26 ) (-866 -74 26 ) (-864 -74 26 ) 
4 360 362 (-866 -78 26 ) (-864 -78 26 ) (-864 -78 150 ) (-866 -78 150 ) 
4 361 364 (-964 -78 26 ) (-966 -78 26 ) (-966 -74 26 ) (-964 -74 26 ) 
4 361 362 (-966 -78 26 ) (-964 -78 26 ) (-964 -78 150 ) (-966 -78 150 ) 
4 362 395 (-1024 -78 26 ) (-1024 -80 26 ) (-1024 -80 150 ) (-1024 -78 150 ) 
4 362 371 (-1024 -80 150 ) (-1024 -80 26 ) (-664 -80 26 ) (-664 -80 150 ) 
4 362 364 (-664 -78 26 ) (-664 -80 26 ) (-1024 -80 26 ) (-1024 -78 26 ) 
4 363 392 (-1024 0 26 ) (-1024 0 0 ) (-1024 -72 0 ) (-1024 -72 26 ) 
4 363 364 (-664 -72 24 ) (-664 -72 26 ) (-1024 -72 26 ) (-1024 -72 24 ) 
4 364 396 (-1024 -80 24 ) (-1024 -80 26 ) (-1024 -72 26 ) (-1024 -72 24 ) 
4 364 371 (-1024 -80 26 ) (-1024 -80 24 ) (-664 -80 24 ) (-664 -80 26 ) 
4 365 397 (-1024 -80 760 ) (-1024 -80 456 ) (-1024 -96 456 ) (-1024 -96 760 ) 
4 365 372 (-1024 -96 760 ) (-1024 -96 456 ) (0 -96 456 ) (0 -96 760 ) 
4 366 374 (0 -96 200 ) (0 -96 360 ) (-216 -96 360 ) (-216 -96 200 ) 
4 367 375 (-216 -96 0 ) (0 -96 0 ) (0 -96 120 ) (-216 -96 120 ) 
4 368 378 (-240 -96 200 ) (-240 -96 360 ) (-640 -96 360 ) (-640 -96 200 ) 
4 369 379 (-640 -96 0 ) (-240 -96 0 ) (-240 -96 120 ) (-640 -96 120 ) 
4 370 398 (-1024 -80 360 ) (-1024 -80 192 ) (-1024 -96 192 ) (-1024 -96 360 ) 
4 370 382 (-1024 -96 360 ) (-1024 -96 200 ) (-664 -96 200 ) (-664 -96 360 ) 
4 371 399 (-1024 -80 152 ) (-1024 -80 0 ) (-1024 -96 0 ) (-1024 -96 152 ) 
4 371 383 (-1024 -96 120 ) (-1024 -96 0 ) (-664 -96 0 ) (-664 -96 120 ) 
4 372 404 (-1024 -280 456 ) (-1024 -280 760 ) (-1024 -112 760 ) (-1024 -112 456 ) 
4 372 400 (-1024 -112 760 ) (-1024 -96 760 ) (-1024 -96 456 ) (-1024 -112 456 ) 
4 372 385 (-1024 -280 760 ) (-1024 -280 456 ) (0 -280 456 ) (0 -280 760 ) 
4 372 373 (0 -280 456 ) (-1024 -280 456 ) (-1024 -112 456 ) (0 -112 456 ) 
4 373 404 (-1024 -280 360 ) (-1024 -280 456 ) (-1024 -112 456 ) (-1024 -112 360 ) 
4 373 385 (-1024 -280 456 ) (-1024 -280 360 ) (0 -280 360 ) (0 -280 456 ) 
4 373 384 (-664 -280 360 ) (-1024 -280 360 ) (-1024 -112 360 ) (-664 -112 360 ) 
4 373 381 (-640 -280 360 ) (-664 -280 360 ) (-664 -112 360 ) (-640 -112 360 ) 
4 373 380 (-240 -280 360 ) (-640 -280 360 ) (-640 -112 360 ) (-240 -112 360 ) 
4 373 377 (-216 -280 360 ) (-240 -280 360 ) (-240 -112 360 ) (-216 -112 360 ) 
4 373 376 (0 -280 360 ) (-216 -280 360 ) (-216 -112 360 ) (0 -112 360 ) 
4 374 376 (-216 -104 360 ) (-216 -104 200 ) (0 -104 200 ) (0 -104 360 ) 
4 375 376 (-216 -104 120 ) (-216 -104 0 ) (0 -104 0 ) (0 -104 120 ) 
4 376 385 (-216 -280 0 ) (0 -280 0 ) (0 -280 360 ) (-216 -280 360 ) 
4 376 377 (-216 -280 360 ) (-216 -112 360 ) (-216 -112 0 ) (-216 -280 0 ) 
4 377 385 (-240 -280 0 ) (-216 -280 0 ) (-216 -280 360 ) (-240 -280 360 ) 
4 377 380 (-240 -280 360 ) (-240 -112 360 ) (-240 -112 0 ) (-240 -280 0 ) 
4 378 380 (-640 -104 360 ) (-640 -104 200 ) (-240 -104 200 ) (-240 -104 360 ) 
4 379 380 (-640 -104 120 ) (-640 -104 0 ) (-240 -104 0 ) (-240 -104 120 ) 
4 380 385 (-640 -280 0 ) (-240 -280 0 ) (-240 -280 360 ) (-640 -280 360 ) 
4 380 381 (-640 -280 360 ) (-640 -112 360 ) (-640 -112 0 ) (-640 -280 0 ) 
4 381 385 (-664 -280 0 ) (-640 -280 0 ) (-640 -280 360 ) (-664 -280 360 ) 
4 381 384 (-664 -280 360 ) (-664 -112 360 ) (-664 -112 0 ) (-664 -280 0 ) 
4 382 401 (-1024 -104 360 ) (-1024 -96 360 ) (-1024 -96 200 ) (-1024 -104 200 ) 
4 382 384 (-664 -104 200 ) (-664 -104 360 ) (-1024 -104 360 ) (-1024 -104 200 ) 
4 383 402 (-1024 -96 120 ) (-1024 -96 0 ) (-1024 -104 0 ) (-1024 -104 120 ) 
4 383 384 (-1024 -104 0 ) (-664 -104 0 ) (-664 -104 120 ) (-1024 -104 120 ) 
4 384 404 (-1024 -280 0 ) (-1024 -280 360 ) (-1024 -112 360 ) (-1024 -112 0 ) 
4 384 403 (-1024 -104 200 ) (-1024 -104 0 ) (-1024 -112 0 ) (-1024 -112 200 ) 
4 384 401 (-1024 -112 360 ) (-1024 -104 360 ) (-1024 -104 200 ) (-1024 -112 200 ) 
4 384 385 (-1024 -280 360 ) (-1024 -280 0 ) (-664 -280 0 ) (-664 -280 360 ) 
4 385 413 (-1024 -792 -8 ) (-1024 -792 0 ) (-1024 -280 0 ) (-1024 -280 -8 ) 
4 385 404 (-1024 -792 0 ) (-1024 -792 760 ) (-1024 -280 760 ) (-1024 -280 0 ) 
4 386 405 (-1064 0 760 ) (-1064 0 464 ) (-1064 -80 464 ) (-1064 -80 760 ) 
4 386 397 (-1064 -80 760 ) (-1064 -80 464 ) (-1024 -80 464 ) (-1024 -80 760 ) 
4 387 391 (-1024 -72 216 ) (-1024 -72 218 ) (-1064 -72 218 ) (-1064 -72 216 ) 
4 387 388 (-1024 -72 218 ) (-1024 -72 344 ) (-1064 -72 344 ) (-1064 -72 218 ) 
4 388 391 (-1064 -74 218 ) (-1064 -72 218 ) (-1024 -72 218 ) (-1024 -74 218 ) 
4 388 389 (-1024 -74 342 ) (-1024 -74 344 ) (-1064 -74 344 ) (-1064 -74 342 ) 
4 389 390 (-1024 -78 342 ) (-1024 -78 344 ) (-1064 -78 344 ) (-1064 -78 342 ) 
4 390 398 (-1064 -80 344 ) (-1064 -80 218 ) (-1024 -80 218 ) (-1024 -80 344 ) 
4 390 391 (-1024 -80 218 ) (-1064 -80 218 ) (-1064 -78 218 ) (-1024 -78 218 ) 
4 391 398 (-1064 -80 218 ) (-1064 -80 216 ) (-1024 -80 216 ) (-1024 -80 218 ) 
4 392 396 (-1064 -72 26 ) (-1064 -72 24 ) (-1024 -72 24 ) (-1024 -72 26 ) 
4 392 393 (-1064 -72 152 ) (-1064 -72 26 ) (-1024 -72 26 ) (-1024 -72 152 ) 
4 393 396 (-1064 -74 26 ) (-1064 -72 26 ) (-1024 -72 26 ) (-1024 -74 26 ) 
4 393 394 (-1024 -74 150 ) (-1024 -74 152 ) (-1064 -74 152 ) (-1064 -74 150 ) 
4 394 395 (-1024 -78 150 ) (-1024 -78 152 ) (-1064 -78 152 ) (-1064 -78 150 ) 
4 395 399 (-1064 -80 152 ) (-1064 -80 26 ) (-1024 -80 26 ) (-1024 -80 152 ) 
4 395 396 (-1024 -80 26 ) (-1064 -80 26 ) (-1064 -78 26 ) (-1024 -78 26 ) 
4 396 399 (-1064 -80 26 ) (-1064 -80 24 ) (-1024 -80 24 ) (-1024 -80 26 ) 
4 397 405 (-1064 -96 464 ) (-1064 -96 760 ) (-1064 -80 760 ) (-1064 -80 464 ) 
4 397 400 (-1024 -96 760 ) (-1064 -96 760 ) (-1064 -96 456 ) (-1024 -96 456 ) 
4 398 401 (-1064 -96 360 ) (-1064 -96 200 ) (-1024 -96 200 ) (-1024 -96 360 ) 
4 399 402 (-1064 -96 120 ) (-1064 -96 0 ) (-1024 -96 0 ) (-1024 -96 120 ) 
4 400 405 (-1064 -112 464 ) (-1064 -112 760 ) (-1064 -96 760 ) (-1064 -96 464 ) 
4 400 404 (-1024 -112 760 ) (-1064 -112 760 ) (-1064 -112 456 ) (-1024 -112 456 ) 
4 401 404 (-1064 -112 360 ) (-1064 -112 200 ) (-1024 -112 200 ) (-1024 -112 360 ) 
4 401 403 (-1024 -112 200 ) (-1064 -112 200 ) (-1064 -104 200 ) (-1024 -104 200 ) 
4 402 403 (-1064 -104 120 ) (-1064 -104 0 ) (-1024 -104 0 ) (-1024 -104 120 ) 
4 403 404 (-1064 -112 200 ) (-1064 -112 0 ) (-1024 -112 0 ) (-1024 -112 200 ) 
4 404 413 (-1024 -280 0 ) (-1024 -792 0 ) (-1064 -792 0 ) (-1064 -280 0 ) 
4 404 412 (-1064 -443 0 ) (-1064 -792 0 ) (-1064 -792 760 ) (-1064 -443 760 ) 
4 404 407 (-1064 -112 0 ) (-1064 -443 0 ) (-1064 -443 760 ) (-1064 -112 760 ) 
4 405 407 (-1064 -112 464 ) (-1064 -112 760 ) (-1088 -112 760 ) (-1088 -112 464 ) 
4 405 406 (-1088 -112 464 ) (-1088 -112 760 ) (-1088 0 760 ) (-1088 0 464 ) 
4 406 414 (-2048 0 760 ) (-2048 0 0 ) (-2048 -112 0 ) (-2048 -112 760 ) 
4 406 408 (-1250 -112 0 ) (-1249 -112 0 ) (-1249 -112 760 ) (-1250 -112 760 ) 
4 406 411 (-2048 -112 0 ) (-1250 -112 0 ) (-1250 -112 760 ) (-2048 -112 760 ) 
4 406 407 (-1249 -112 0 ) (-1088 -112 0 ) (-1088 -112 760 ) (-1249 -112 760 ) 
4 407 413 (-1064 -280 0 ) (-1064 -443 0 ) (-1216 -443 0 ) (-1216 -280 0 ) 
4 407 412 (-1249 -443 0 ) (-1064 -443 0 ) (-1064 -443 760 ) (-1249 -443 760 ) 
4 407 409 (-1249 -443 142.296005 ) (-1249 -443 760 ) (-1249 -282 760 ) (-1249 -282 142.296005 ) 
4 407 410 (-1249 -282 0 ) (-1249 -443 0 ) (-1249 -443 2.296090 ) (-1249 -282 2.296090 ) 
4 407 408 (-1249 -112 760 ) (-1249 -112 0 ) (-1249 -282 0 ) (-1249 -282 760 ) 
4 408 409 (-1250 -282 760 ) (-1250 -282 142.296005 ) (-1249 -282 142.296005 ) (-1249 -282 760 ) 
4 408 410 (-1250 -282 2.296090 ) (-1250 -282 0 ) (-1249 -282 0 ) (-1249 -282 2.296090 ) 
4 408 411 (-1250 -112 760 ) (-1250 -112 0 ) (-1250 -282 0 ) (-1250 -282 760 ) 
4 409 412 (-1249 -443 142.296005 ) (-1249 -443 760 ) (-1250 -443 760 ) (-1250 -443 142.296005 ) 
4 409 411 (-1250 -443 142.296005 ) (-1250 -443 760 ) (-1250 -282 760 ) (-1250 -282 142.296005 ) 
4 410 412 (-1250 -443 0 ) (-1249 -443 0 ) (-1249 -443 2.296090 ) (-1250 -443 2.296090 ) 
4 410 411 (-1250 -282 0 ) (-1250 -443 0 ) (-1250 -443 2.296090 ) (-1250 -282 2.296090 ) 
4 411 414 (-2048 -112 0 ) (-2048 -443 0 ) (-2048 -443 760 ) (-2048 -112 760 ) 
4 411 412 (-2048 -443 0 ) (-1250 -443 0 ) (-1250 -443 760 ) (-2048 -443 760 ) 
4 412 414 (-2048 -443 0 ) (-2048 -792 0 ) (-2048 -792 760 ) (-2048 -443 760 ) 
4 412 413 (-1064 -443 0 ) (-1064 -792 0 ) (-1216 -792 0 ) (-1216 -443 0 ) 
